[ 2017-06-13T20:28:21+08:00 ] 127.0.0.1 /Index/home_index/area/%E6%B1%9F%E5%B9%B2%E5%8C%BA/lat/30.25924446/lng/120.21937542
DEBUG: ----REQUEST_METHOD----:GET
SQL: SHOW COLUMNS FROM `tp_config` [ RunTime:0.011430s ]
SQL: SELECT * FROM `tp_config`  [ RunTime:0.016705s ]
SQL: SHOW COLUMNS FROM `tp_page` [ RunTime:0.025137s ]
SQL: SELECT * FROM `tp_page` WHERE ( page_id = 1 ) LIMIT 1   [ RunTime:0.012591s ]
SQL: SHOW COLUMNS FROM `tp_page` [ RunTime:0.014338s ]
SQL: SELECT * FROM `tp_page` WHERE ( page_id = 1 ) LIMIT 1   [ RunTime:0.009129s ]
SQL: SELECT `user_id` FROM `tp_users` WHERE ( user_id = 62179 ) LIMIT 1   [ RunTime:0.011412s ]
SQL: SELECT `qr_code`,`openid`,`qr_code_expire_time` FROM `tp_users` WHERE ( user_id = 62179 AND is_enable = 1 ) LIMIT 1   [ RunTime:0.009044s ]
SQL: SELECT `subscribe`,`openid`,`username` FROM `tp_users` WHERE ( user_id = 62179 AND is_enable = 1 ) LIMIT 1   [ RunTime:0.013059s ]
SQL: SHOW COLUMNS FROM `tp_member` [ RunTime:0.015196s ]
SQL: SELECT `default_user_address_id` FROM `tp_member` WHERE ( member_id = 62179 ) LIMIT 1   [ RunTime:0.017808s ]
SQL: SHOW COLUMNS FROM `tp_user_address` [ RunTime:0.009848s ]
SQL: SELECT `user_address_id` FROM `tp_users` WHERE ( user_id = 62179 AND is_enable = 1 ) LIMIT 1   [ RunTime:0.009348s ]
SQL: SELECT * FROM `tp_user_address` WHERE ( user_address_id = 5 ) LIMIT 1   [ RunTime:0.011413s ]
SQL: SHOW COLUMNS FROM `tp_address_province` [ RunTime:0.013978s ]
SQL: SELECT `province_name` FROM `tp_address_province` WHERE ( province_id = 110000 ) LIMIT 1   [ RunTime:0.009938s ]
SQL: SHOW COLUMNS FROM `tp_address_city` [ RunTime:0.011932s ]
SQL: SELECT `city_name` FROM `tp_address_city` WHERE ( city_id = 110000 ) LIMIT 1   [ RunTime:0.017850s ]
SQL: SHOW COLUMNS FROM `tp_address_area` [ RunTime:0.010425s ]
SQL: SELECT `area_name` FROM `tp_address_area` WHERE ( area_id = 110102 ) LIMIT 1   [ RunTime:0.049511s ]
SQL: SHOW COLUMNS FROM `tp_config` [ RunTime:0.022358s ]
SQL: SELECT `config_value` FROM `tp_config` WHERE ( config_name= "jsapi_ticket" ) LIMIT 1   [ RunTime:0.008643s ]
SQL: SELECT `config_value` FROM `tp_config` WHERE ( config_name= "jsapi_ticket_expire_time" ) LIMIT 1   [ RunTime:0.008674s ]
SQL: SELECT `headimgurl` FROM `tp_users` WHERE ( user_id = 62179 AND is_enable = 1 ) LIMIT 1   [ RunTime:0.017100s ]
SQL: SHOW COLUMNS FROM `tp_config` [ RunTime:0.014102s ]
SQL: SELECT `config_value` FROM `tp_config` WHERE ( config_name= "range" ) LIMIT 1   [ RunTime:0.015570s ]
SQL: SELECT `config_value` FROM `tp_config` WHERE ( config_name= "pre_near_num" ) LIMIT 1   [ RunTime:0.013736s ]
SQL: SHOW COLUMNS FROM `tp_address_area` [ RunTime:0.013693s ]
SQL: SELECT `area_id` FROM `tp_address_area` WHERE ( `area_name` = '江干区' ) LIMIT 1   [ RunTime:0.012450s ]
SQL: SELECT `area_name` FROM `tp_address_area` WHERE ( area_id = 330104 ) LIMIT 1   [ RunTime:0.008816s ]
SQL: SELECT `area_name` FROM `tp_address_area` WHERE ( `area_id` = 330104 ) LIMIT 1   [ RunTime:0.556900s ]
SQL: SHOW COLUMNS FROM `tp_cust_flash` [ RunTime:0.013083s ]
SQL: SELECT * FROM `tp_cust_flash` WHERE ( isuse=1 ) ORDER BY serial ASC LIMIT 3   [ RunTime:0.009633s ]
SQL: SHOW COLUMNS FROM `tp_business_classify` [ RunTime:0.016020s ]
SQL: SELECT * FROM `tp_business_classify` WHERE ( isuse=1 ) ORDER BY serial ASC LIMIT 0, 15   [ RunTime:0.010332s ]
SQL: SHOW COLUMNS FROM `tp_business` [ RunTime:0.022348s ]
SQL: SHOW COLUMNS FROM `tp_business_classify` [ RunTime:0.013022s ]
SQL: SHOW COLUMNS FROM tp_business as b [ RunTime:0.012504s ]
ERR: You have an error in your SQL syntax; check the manual that corresponds to your MySQL server version for the right syntax to use near 'as b' at line 1
 [ SQL语句 ] : SHOW COLUMNS FROM tp_business as b
SQL: SELECT * FROM tp_business as b left JOIN tp_business_classify as s on s.business_classify_id=b.business_classify_id  WHERE ( b.status=1 ) ORDER BY rate desc LIMIT 5   [ RunTime:0.022284s ]
SQL: SELECT * from(SELECT *,ROUND(6378.138 * 2 * ASIN(SQRT(POW(SIN((30.25924446* PI() / 180 - latitude * PI() / 180) / 2),2) + COS(30.25924446 * PI() / 180) * COS(latitude * PI() / 180) * POW(SIN((120.21937542 * PI() / 180 - longitude * PI() / 180) / 2), 2))) * 1000) AS distance from tp_business where status=1 order by distance asc  limit 0,5 ) as busi where industry_id=2 AND distance < 5000 [ RunTime:0.013705s ]
SQL: SELECT * FROM `tp_business` WHERE ( status=1 )  [ RunTime:0.016099s ]
SQL: SELECT * from(SELECT *,ROUND(6378.138 * 2 * ASIN(SQRT(POW(SIN((30.25924446* PI() / 180 - latitude * PI() / 180) / 2),2) + COS(30.25924446 * PI() / 180) * COS(latitude * PI() / 180) * POW(SIN((120.21937542 * PI() / 180 - longitude * PI() / 180) / 2), 2))) * 1000) AS distance from tp_business where status=1 order by distance asc  limit 0,5 ) as busi where  distance < 5000 [ RunTime:0.011732s ]
SQL: SELECT * from(SELECT *,ROUND(6378.138 * 2 * ASIN(SQRT(POW(SIN((30.25924446* PI() / 180 - latitude * PI() / 180) / 2),2) + COS(30.25924446 * PI() / 180) * COS(latitude * PI() / 180) * POW(SIN((120.21937542 * PI() / 180 - longitude * PI() / 180) / 2), 2))) * 1000) AS distance from tp_business where status=1 order by distance asc  limit 1,5 ) as busi where  distance < 15000 [ RunTime:0.013446s ]
SQL: SHOW COLUMNS FROM `tp_order` [ RunTime:0.024796s ]
SQL: SELECT COUNT(*) AS tp_count FROM `tp_order` WHERE ( order_status=1 and business_id=6 ) GROUP BY user_id LIMIT 1   [ RunTime:0.014824s ]
SQL: SELECT COUNT(*) AS tp_count FROM `tp_order` WHERE ( order_status=1 and business_id=5 ) GROUP BY user_id LIMIT 1   [ RunTime:0.008677s ]
SQL: SELECT COUNT(*) AS tp_count FROM `tp_order` WHERE ( order_status=1 and business_id=9 ) GROUP BY user_id LIMIT 1   [ RunTime:0.008523s ]
SQL: SELECT COUNT(*) AS tp_count FROM `tp_order` WHERE ( order_status=1 and business_id=2 ) GROUP BY user_id LIMIT 1   [ RunTime:0.008480s ]
SQL: SELECT COUNT(*) AS tp_count FROM `tp_order` WHERE ( order_status=1 and business_id=18 ) GROUP BY user_id LIMIT 1   [ RunTime:0.008528s ]
SQL: SHOW COLUMNS FROM `tp_hot_goods` [ RunTime:0.011000s ]
ERR: Table 'diandu.tp_hot_goods' doesn't exist
 [ SQL语句 ] : SHOW COLUMNS FROM `tp_hot_goods`
SQL: SHOW COLUMNS FROM `tp_hot_goods` [ RunTime:0.013975s ]
ERR: Table 'diandu.tp_hot_goods' doesn't exist
 [ SQL语句 ] : SHOW COLUMNS FROM `tp_hot_goods`
SQL: SELECT * FROM `tp_hot_goods` WHERE ( isuse=1 and serial=1 ) LIMIT 1   [ RunTime:0.008675s ]
ERR: Table 'diandu.tp_hot_goods' doesn't exist
 [ SQL语句 ] : SELECT * FROM `tp_hot_goods` WHERE ( isuse=1 and serial=1 ) LIMIT 1  
SQL: SELECT * FROM `tp_hot_goods` WHERE ( isuse=1 and serial <> 1 ) ORDER BY serial asc LIMIT 5   [ RunTime:0.009087s ]
ERR: Table 'diandu.tp_hot_goods' doesn't exist
 [ SQL语句 ] : SELECT * FROM `tp_hot_goods` WHERE ( isuse=1 and serial <> 1 ) ORDER BY serial asc LIMIT 5  
SQL: SELECT COUNT(*) AS tp_count FROM `tp_order` WHERE ( order_status=1 and business_id=15 ) LIMIT 1   [ RunTime:0.008592s ]

[ 2017-06-13T20:28:22+08:00 ] 127.0.0.1 /Tpl//Public/mall_home/blue/css/header_footer.css?version=201612002
DEBUG: ----REQUEST_METHOD----:GET
SQL: SHOW COLUMNS FROM `tp_config` [ RunTime:0.010446s ]
SQL: SELECT * FROM `tp_config`  [ RunTime:0.028188s ]
SQL: SHOW COLUMNS FROM `tp_page` [ RunTime:0.021812s ]
SQL: SELECT * FROM `tp_page` WHERE ( page_id = 1 ) LIMIT 1   [ RunTime:0.009297s ]
SQL: SHOW COLUMNS FROM `tp_page` [ RunTime:0.011500s ]
SQL: SELECT * FROM `tp_page` WHERE ( page_id = 1 ) LIMIT 1   [ RunTime:0.013818s ]
SQL: SELECT `user_id` FROM `tp_users` WHERE ( user_id = 62179 ) LIMIT 1   [ RunTime:0.013267s ]
SQL: SELECT `qr_code`,`openid`,`qr_code_expire_time` FROM `tp_users` WHERE ( user_id = 62179 AND is_enable = 1 ) LIMIT 1   [ RunTime:0.009599s ]
SQL: SELECT `subscribe`,`openid`,`username` FROM `tp_users` WHERE ( user_id = 62179 AND is_enable = 1 ) LIMIT 1   [ RunTime:0.012627s ]
SQL: SHOW COLUMNS FROM `tp_member` [ RunTime:0.013630s ]
SQL: SELECT `default_user_address_id` FROM `tp_member` WHERE ( member_id = 62179 ) LIMIT 1   [ RunTime:0.010324s ]
SQL: SHOW COLUMNS FROM `tp_user_address` [ RunTime:0.011369s ]
SQL: SELECT `user_address_id` FROM `tp_users` WHERE ( user_id = 62179 AND is_enable = 1 ) LIMIT 1   [ RunTime:0.009604s ]
SQL: SELECT * FROM `tp_user_address` WHERE ( user_address_id = 5 ) LIMIT 1   [ RunTime:0.009517s ]
SQL: SHOW COLUMNS FROM `tp_address_province` [ RunTime:0.011666s ]
SQL: SELECT `province_name` FROM `tp_address_province` WHERE ( province_id = 110000 ) LIMIT 1   [ RunTime:0.013326s ]
SQL: SHOW COLUMNS FROM `tp_address_city` [ RunTime:0.012248s ]
SQL: SELECT `city_name` FROM `tp_address_city` WHERE ( city_id = 110000 ) LIMIT 1   [ RunTime:0.019184s ]
SQL: SHOW COLUMNS FROM `tp_address_area` [ RunTime:0.052978s ]
SQL: SELECT `area_name` FROM `tp_address_area` WHERE ( area_id = 110102 ) LIMIT 1   [ RunTime:0.013429s ]
SQL: SHOW COLUMNS FROM `tp_config` [ RunTime:0.010056s ]
SQL: SELECT `config_value` FROM `tp_config` WHERE ( config_name= "jsapi_ticket" ) LIMIT 1   [ RunTime:0.009039s ]
SQL: SELECT `config_value` FROM `tp_config` WHERE ( config_name= "jsapi_ticket_expire_time" ) LIMIT 1   [ RunTime:0.009167s ]
SQL: SELECT `headimgurl` FROM `tp_users` WHERE ( user_id = 62179 AND is_enable = 1 ) LIMIT 1   [ RunTime:0.009697s ]

[ 2017-06-13T20:28:23+08:00 ] 127.0.0.1 /
DEBUG: ----REQUEST_METHOD----:GET
SQL: SHOW COLUMNS FROM `tp_config` [ RunTime:0.009424s ]
SQL: SELECT * FROM `tp_config`  [ RunTime:0.013257s ]
SQL: SHOW COLUMNS FROM `tp_page` [ RunTime:0.009736s ]
SQL: SELECT * FROM `tp_page` WHERE ( page_id = 1 ) LIMIT 1   [ RunTime:0.009969s ]
SQL: SHOW COLUMNS FROM `tp_page` [ RunTime:0.043302s ]
SQL: SELECT * FROM `tp_page` WHERE ( page_id = 1 ) LIMIT 1   [ RunTime:0.013228s ]
SQL: SELECT `user_id` FROM `tp_users` WHERE ( user_id = 62179 ) LIMIT 1   [ RunTime:0.030314s ]
SQL: SELECT `qr_code`,`openid`,`qr_code_expire_time` FROM `tp_users` WHERE ( user_id = 62179 AND is_enable = 1 ) LIMIT 1   [ RunTime:0.008743s ]
SQL: SELECT `subscribe`,`openid`,`username` FROM `tp_users` WHERE ( user_id = 62179 AND is_enable = 1 ) LIMIT 1   [ RunTime:0.011417s ]
SQL: SHOW COLUMNS FROM `tp_member` [ RunTime:0.017373s ]
SQL: SELECT `default_user_address_id` FROM `tp_member` WHERE ( member_id = 62179 ) LIMIT 1   [ RunTime:0.026368s ]
SQL: SHOW COLUMNS FROM `tp_user_address` [ RunTime:0.020050s ]
SQL: SELECT `user_address_id` FROM `tp_users` WHERE ( user_id = 62179 AND is_enable = 1 ) LIMIT 1   [ RunTime:0.014865s ]
SQL: SELECT * FROM `tp_user_address` WHERE ( user_address_id = 5 ) LIMIT 1   [ RunTime:0.009098s ]
SQL: SHOW COLUMNS FROM `tp_address_province` [ RunTime:0.009557s ]
SQL: SELECT `province_name` FROM `tp_address_province` WHERE ( province_id = 110000 ) LIMIT 1   [ RunTime:0.009744s ]
SQL: SHOW COLUMNS FROM `tp_address_city` [ RunTime:0.013461s ]
SQL: SELECT `city_name` FROM `tp_address_city` WHERE ( city_id = 110000 ) LIMIT 1   [ RunTime:0.011340s ]
SQL: SHOW COLUMNS FROM `tp_address_area` [ RunTime:0.016537s ]
SQL: SELECT `area_name` FROM `tp_address_area` WHERE ( area_id = 110102 ) LIMIT 1   [ RunTime:0.008853s ]
SQL: SHOW COLUMNS FROM `tp_config` [ RunTime:0.046106s ]
SQL: SELECT `config_value` FROM `tp_config` WHERE ( config_name= "jsapi_ticket" ) LIMIT 1   [ RunTime:0.015600s ]
SQL: SELECT `config_value` FROM `tp_config` WHERE ( config_name= "jsapi_ticket_expire_time" ) LIMIT 1   [ RunTime:0.009077s ]
SQL: SELECT `headimgurl` FROM `tp_users` WHERE ( user_id = 62179 AND is_enable = 1 ) LIMIT 1   [ RunTime:0.009916s ]
SQL: SHOW COLUMNS FROM `tp_config` [ RunTime:0.016528s ]
SQL: SELECT `config_value` FROM `tp_config` WHERE ( config_name= "range" ) LIMIT 1   [ RunTime:0.038782s ]
SQL: SELECT `config_value` FROM `tp_config` WHERE ( config_name= "pre_near_num" ) LIMIT 1   [ RunTime:0.043812s ]

[ 2017-06-13T20:28:25+08:00 ] 127.0.0.1 /Index/home_index
DEBUG: ----REQUEST_METHOD----:GET
SQL: SHOW COLUMNS FROM `tp_config` [ RunTime:0.012571s ]
SQL: SELECT * FROM `tp_config`  [ RunTime:0.010578s ]
SQL: SHOW COLUMNS FROM `tp_page` [ RunTime:0.012332s ]
SQL: SELECT * FROM `tp_page` WHERE ( page_id = 1 ) LIMIT 1   [ RunTime:0.008722s ]
SQL: SHOW COLUMNS FROM `tp_page` [ RunTime:0.012822s ]
SQL: SELECT * FROM `tp_page` WHERE ( page_id = 1 ) LIMIT 1   [ RunTime:0.008679s ]
SQL: SELECT `user_id` FROM `tp_users` WHERE ( user_id = 62179 ) LIMIT 1   [ RunTime:0.008574s ]
SQL: SELECT `qr_code`,`openid`,`qr_code_expire_time` FROM `tp_users` WHERE ( user_id = 62179 AND is_enable = 1 ) LIMIT 1   [ RunTime:0.013709s ]
SQL: SELECT `subscribe`,`openid`,`username` FROM `tp_users` WHERE ( user_id = 62179 AND is_enable = 1 ) LIMIT 1   [ RunTime:0.008407s ]
SQL: SHOW COLUMNS FROM `tp_member` [ RunTime:0.009760s ]
SQL: SELECT `default_user_address_id` FROM `tp_member` WHERE ( member_id = 62179 ) LIMIT 1   [ RunTime:0.008680s ]
SQL: SHOW COLUMNS FROM `tp_user_address` [ RunTime:0.573386s ]
SQL: SELECT `user_address_id` FROM `tp_users` WHERE ( user_id = 62179 AND is_enable = 1 ) LIMIT 1   [ RunTime:0.014055s ]
SQL: SELECT * FROM `tp_user_address` WHERE ( user_address_id = 5 ) LIMIT 1   [ RunTime:0.021923s ]
SQL: SHOW COLUMNS FROM `tp_address_province` [ RunTime:0.009134s ]
SQL: SELECT `province_name` FROM `tp_address_province` WHERE ( province_id = 110000 ) LIMIT 1   [ RunTime:0.010541s ]
SQL: SHOW COLUMNS FROM `tp_address_city` [ RunTime:0.010488s ]
SQL: SELECT `city_name` FROM `tp_address_city` WHERE ( city_id = 110000 ) LIMIT 1   [ RunTime:0.022257s ]
SQL: SHOW COLUMNS FROM `tp_address_area` [ RunTime:0.009598s ]
SQL: SELECT `area_name` FROM `tp_address_area` WHERE ( area_id = 110102 ) LIMIT 1   [ RunTime:0.009438s ]
SQL: SHOW COLUMNS FROM `tp_config` [ RunTime:0.012716s ]
SQL: SELECT `config_value` FROM `tp_config` WHERE ( config_name= "jsapi_ticket" ) LIMIT 1   [ RunTime:0.011351s ]
SQL: SELECT `config_value` FROM `tp_config` WHERE ( config_name= "jsapi_ticket_expire_time" ) LIMIT 1   [ RunTime:0.011681s ]
SQL: SELECT `headimgurl` FROM `tp_users` WHERE ( user_id = 62179 AND is_enable = 1 ) LIMIT 1   [ RunTime:0.008660s ]
SQL: SHOW COLUMNS FROM `tp_config` [ RunTime:0.009434s ]
SQL: SELECT `config_value` FROM `tp_config` WHERE ( config_name= "range" ) LIMIT 1   [ RunTime:0.009335s ]
SQL: SELECT `config_value` FROM `tp_config` WHERE ( config_name= "pre_near_num" ) LIMIT 1   [ RunTime:0.011431s ]
SQL: SHOW COLUMNS FROM `tp_address_area` [ RunTime:0.009170s ]
SQL: SELECT `area_name` FROM `tp_address_area` WHERE ( area_id = 330104 ) LIMIT 1   [ RunTime:0.008198s ]
SQL: SELECT `area_name` FROM `tp_address_area` WHERE ( `area_id` = 330104 ) LIMIT 1   [ RunTime:0.008516s ]
SQL: SHOW COLUMNS FROM `tp_cust_flash` [ RunTime:0.012042s ]
SQL: SELECT * FROM `tp_cust_flash` WHERE ( isuse=1 ) ORDER BY serial ASC LIMIT 3   [ RunTime:0.056325s ]
SQL: SHOW COLUMNS FROM `tp_business_classify` [ RunTime:0.013881s ]
SQL: SELECT * FROM `tp_business_classify` WHERE ( isuse=1 ) ORDER BY serial ASC LIMIT 0, 15   [ RunTime:0.008873s ]
SQL: SHOW COLUMNS FROM `tp_business` [ RunTime:0.010358s ]
SQL: SHOW COLUMNS FROM `tp_business_classify` [ RunTime:0.009397s ]
SQL: SHOW COLUMNS FROM tp_business as b [ RunTime:0.012283s ]
ERR: You have an error in your SQL syntax; check the manual that corresponds to your MySQL server version for the right syntax to use near 'as b' at line 1
 [ SQL语句 ] : SHOW COLUMNS FROM tp_business as b
SQL: SELECT * FROM tp_business as b left JOIN tp_business_classify as s on s.business_classify_id=b.business_classify_id  WHERE ( b.status=1 ) ORDER BY rate desc LIMIT 5   [ RunTime:0.009989s ]
SQL: SELECT * from(SELECT *,ROUND(6378.138 * 2 * ASIN(SQRT(POW(SIN((30.25924446* PI() / 180 - latitude * PI() / 180) / 2),2) + COS(30.25924446 * PI() / 180) * COS(latitude * PI() / 180) * POW(SIN((120.21937542 * PI() / 180 - longitude * PI() / 180) / 2), 2))) * 1000) AS distance from tp_business where status=1 order by distance asc  limit 0,5 ) as busi where industry_id=2 AND distance < 5000 [ RunTime:0.008556s ]
SQL: SELECT * FROM `tp_business` WHERE ( status=1 )  [ RunTime:0.011790s ]
SQL: SELECT * from(SELECT *,ROUND(6378.138 * 2 * ASIN(SQRT(POW(SIN((30.25924446* PI() / 180 - latitude * PI() / 180) / 2),2) + COS(30.25924446 * PI() / 180) * COS(latitude * PI() / 180) * POW(SIN((120.21937542 * PI() / 180 - longitude * PI() / 180) / 2), 2))) * 1000) AS distance from tp_business where status=1 order by distance asc  limit 0,5 ) as busi where  distance < 5000 [ RunTime:0.019182s ]
SQL: SELECT * from(SELECT *,ROUND(6378.138 * 2 * ASIN(SQRT(POW(SIN((30.25924446* PI() / 180 - latitude * PI() / 180) / 2),2) + COS(30.25924446 * PI() / 180) * COS(latitude * PI() / 180) * POW(SIN((120.21937542 * PI() / 180 - longitude * PI() / 180) / 2), 2))) * 1000) AS distance from tp_business where status=1 order by distance asc  limit 1,5 ) as busi where  distance < 15000 [ RunTime:0.010058s ]
SQL: SHOW COLUMNS FROM `tp_order` [ RunTime:0.013287s ]
SQL: SELECT COUNT(*) AS tp_count FROM `tp_order` WHERE ( order_status=1 and business_id=6 ) GROUP BY user_id LIMIT 1   [ RunTime:0.008502s ]
SQL: SELECT COUNT(*) AS tp_count FROM `tp_order` WHERE ( order_status=1 and business_id=5 ) GROUP BY user_id LIMIT 1   [ RunTime:0.008723s ]
SQL: SELECT COUNT(*) AS tp_count FROM `tp_order` WHERE ( order_status=1 and business_id=9 ) GROUP BY user_id LIMIT 1   [ RunTime:0.013194s ]
SQL: SELECT COUNT(*) AS tp_count FROM `tp_order` WHERE ( order_status=1 and business_id=2 ) GROUP BY user_id LIMIT 1   [ RunTime:0.013301s ]
SQL: SELECT COUNT(*) AS tp_count FROM `tp_order` WHERE ( order_status=1 and business_id=18 ) GROUP BY user_id LIMIT 1   [ RunTime:0.018831s ]
SQL: SHOW COLUMNS FROM `tp_hot_goods` [ RunTime:0.010849s ]
ERR: Table 'diandu.tp_hot_goods' doesn't exist
 [ SQL语句 ] : SHOW COLUMNS FROM `tp_hot_goods`
SQL: SHOW COLUMNS FROM `tp_hot_goods` [ RunTime:0.016456s ]
ERR: Table 'diandu.tp_hot_goods' doesn't exist
 [ SQL语句 ] : SHOW COLUMNS FROM `tp_hot_goods`
SQL: SELECT * FROM `tp_hot_goods` WHERE ( isuse=1 and serial=1 ) LIMIT 1   [ RunTime:0.040574s ]
ERR: Table 'diandu.tp_hot_goods' doesn't exist
 [ SQL语句 ] : SELECT * FROM `tp_hot_goods` WHERE ( isuse=1 and serial=1 ) LIMIT 1  
SQL: SELECT * FROM `tp_hot_goods` WHERE ( isuse=1 and serial <> 1 ) ORDER BY serial asc LIMIT 5   [ RunTime:0.016997s ]
ERR: Table 'diandu.tp_hot_goods' doesn't exist
 [ SQL语句 ] : SELECT * FROM `tp_hot_goods` WHERE ( isuse=1 and serial <> 1 ) ORDER BY serial asc LIMIT 5  
SQL: SELECT COUNT(*) AS tp_count FROM `tp_order` WHERE ( order_status=1 and business_id=15 ) LIMIT 1   [ RunTime:0.008181s ]

[ 2017-06-13T20:28:28+08:00 ] 127.0.0.1 /FrontUserCenter/my_order
DEBUG: ----REQUEST_METHOD----:GET
SQL: SHOW COLUMNS FROM `tp_config` [ RunTime:0.008838s ]
SQL: SELECT * FROM `tp_config`  [ RunTime:0.012705s ]
SQL: SHOW COLUMNS FROM `tp_page` [ RunTime:0.009413s ]
SQL: SELECT * FROM `tp_page` WHERE ( page_id = 1 ) LIMIT 1   [ RunTime:0.012359s ]
SQL: SHOW COLUMNS FROM `tp_page` [ RunTime:0.008965s ]
SQL: SELECT * FROM `tp_page` WHERE ( page_id = 1 ) LIMIT 1   [ RunTime:0.008013s ]
SQL: SELECT `user_id` FROM `tp_users` WHERE ( user_id = 62179 ) LIMIT 1   [ RunTime:0.007812s ]
SQL: SELECT `qr_code`,`openid`,`qr_code_expire_time` FROM `tp_users` WHERE ( user_id = 62179 AND is_enable = 1 ) LIMIT 1   [ RunTime:0.008263s ]
SQL: SELECT `subscribe`,`openid`,`username` FROM `tp_users` WHERE ( user_id = 62179 AND is_enable = 1 ) LIMIT 1   [ RunTime:0.008265s ]
SQL: SHOW COLUMNS FROM `tp_member` [ RunTime:0.009183s ]
SQL: SELECT `default_user_address_id` FROM `tp_member` WHERE ( member_id = 62179 ) LIMIT 1   [ RunTime:0.008020s ]
SQL: SHOW COLUMNS FROM `tp_user_address` [ RunTime:0.009826s ]
SQL: SELECT `user_address_id` FROM `tp_users` WHERE ( user_id = 62179 AND is_enable = 1 ) LIMIT 1   [ RunTime:0.014262s ]
SQL: SELECT * FROM `tp_user_address` WHERE ( user_address_id = 5 ) LIMIT 1   [ RunTime:0.018668s ]
SQL: SHOW COLUMNS FROM `tp_address_province` [ RunTime:0.012339s ]
SQL: SELECT `province_name` FROM `tp_address_province` WHERE ( province_id = 110000 ) LIMIT 1   [ RunTime:0.008527s ]
SQL: SHOW COLUMNS FROM `tp_address_city` [ RunTime:0.012645s ]
SQL: SELECT `city_name` FROM `tp_address_city` WHERE ( city_id = 110000 ) LIMIT 1   [ RunTime:0.014617s ]
SQL: SHOW COLUMNS FROM `tp_address_area` [ RunTime:0.009140s ]
SQL: SELECT `area_name` FROM `tp_address_area` WHERE ( area_id = 110102 ) LIMIT 1   [ RunTime:0.009582s ]
SQL: SHOW COLUMNS FROM `tp_config` [ RunTime:0.013455s ]
SQL: SELECT `config_value` FROM `tp_config` WHERE ( config_name= "jsapi_ticket" ) LIMIT 1   [ RunTime:0.008179s ]
SQL: SELECT `config_value` FROM `tp_config` WHERE ( config_name= "jsapi_ticket_expire_time" ) LIMIT 1   [ RunTime:0.008215s ]
SQL: SELECT `headimgurl` FROM `tp_users` WHERE ( user_id = 62179 AND is_enable = 1 ) LIMIT 1   [ RunTime:0.021653s ]
SQL: SELECT COUNT(*) AS tp_count FROM `tp_order` WHERE ( user_id = 62179 AND type = 2 ) LIMIT 1   [ RunTime:0.008298s ]
SQL: SELECT * FROM `tp_order` WHERE ( user_id = 62179 AND type = 2 ) LIMIT 0, 2   [ RunTime:0.010039s ]
SQL: SHOW COLUMNS FROM `tp_business` [ RunTime:0.014156s ]
SQL: SELECT * FROM `tp_business` WHERE ( business_id = 15 ) LIMIT 1   [ RunTime:0.009633s ]
SQL: SELECT COUNT(*) AS tp_count FROM `tp_order_item` WHERE ( order_id = 335 ) LIMIT 1   [ RunTime:0.008500s ]
SQL: SELECT * FROM `tp_order_item` WHERE ( order_id = 335 )  [ RunTime:0.008353s ]
SQL: SHOW COLUMNS FROM `tp_business` [ RunTime:0.010223s ]
SQL: SELECT * FROM `tp_business` WHERE ( business_id = 15 ) LIMIT 1   [ RunTime:0.013181s ]
SQL: SELECT COUNT(*) AS tp_count FROM `tp_order_item` WHERE ( order_id = 336 ) LIMIT 1   [ RunTime:0.008763s ]
SQL: SELECT * FROM `tp_order_item` WHERE ( order_id = 336 )  [ RunTime:0.008472s ]
SQL: SELECT COUNT(*) AS tp_count FROM `tp_order` WHERE ( user_id = 62179 AND type = 1 ) LIMIT 1   [ RunTime:0.008500s ]
SQL: SELECT * FROM `tp_order` WHERE ( user_id = 62179 AND type = 1 ) LIMIT 0, 2   [ RunTime:0.010434s ]
SQL: SHOW COLUMNS FROM `tp_business` [ RunTime:0.010751s ]
SQL: SELECT * FROM `tp_business` WHERE ( business_id = 24 ) LIMIT 1   [ RunTime:0.009464s ]
SQL: SELECT COUNT(*) AS tp_count FROM `tp_order_item` WHERE ( order_id = 183 ) LIMIT 1   [ RunTime:0.008421s ]
SQL: SELECT * FROM `tp_order_item` WHERE ( order_id = 183 )  [ RunTime:0.008700s ]
SQL: SHOW COLUMNS FROM `tp_business` [ RunTime:0.011238s ]
SQL: SELECT * FROM `tp_business` WHERE ( business_id = 24 ) LIMIT 1   [ RunTime:0.047011s ]
SQL: SELECT COUNT(*) AS tp_count FROM `tp_order_item` WHERE ( order_id = 228 ) LIMIT 1   [ RunTime:0.010399s ]
SQL: SELECT * FROM `tp_order_item` WHERE ( order_id = 228 )  [ RunTime:0.008564s ]

[ 2017-06-13T20:28:29+08:00 ] 127.0.0.1 /Tpl//Public/mall_home/blue/css/header_footer.css?version=201612002
DEBUG: ----REQUEST_METHOD----:GET
SQL: SHOW COLUMNS FROM `tp_config` [ RunTime:0.010969s ]
SQL: SELECT * FROM `tp_config`  [ RunTime:0.011006s ]
SQL: SHOW COLUMNS FROM `tp_page` [ RunTime:0.011182s ]
SQL: SELECT * FROM `tp_page` WHERE ( page_id = 1 ) LIMIT 1   [ RunTime:0.016738s ]
SQL: SHOW COLUMNS FROM `tp_page` [ RunTime:0.014086s ]
SQL: SELECT * FROM `tp_page` WHERE ( page_id = 1 ) LIMIT 1   [ RunTime:0.008601s ]
SQL: SELECT `user_id` FROM `tp_users` WHERE ( user_id = 62179 ) LIMIT 1   [ RunTime:0.008516s ]
SQL: SELECT `qr_code`,`openid`,`qr_code_expire_time` FROM `tp_users` WHERE ( user_id = 62179 AND is_enable = 1 ) LIMIT 1   [ RunTime:0.008781s ]
SQL: SELECT `subscribe`,`openid`,`username` FROM `tp_users` WHERE ( user_id = 62179 AND is_enable = 1 ) LIMIT 1   [ RunTime:0.009441s ]
SQL: SHOW COLUMNS FROM `tp_member` [ RunTime:0.044468s ]
SQL: SELECT `default_user_address_id` FROM `tp_member` WHERE ( member_id = 62179 ) LIMIT 1   [ RunTime:0.008377s ]
SQL: SHOW COLUMNS FROM `tp_user_address` [ RunTime:0.011473s ]
SQL: SELECT `user_address_id` FROM `tp_users` WHERE ( user_id = 62179 AND is_enable = 1 ) LIMIT 1   [ RunTime:0.009536s ]
SQL: SELECT * FROM `tp_user_address` WHERE ( user_address_id = 5 ) LIMIT 1   [ RunTime:0.008943s ]
SQL: SHOW COLUMNS FROM `tp_address_province` [ RunTime:0.012429s ]
SQL: SELECT `province_name` FROM `tp_address_province` WHERE ( province_id = 110000 ) LIMIT 1   [ RunTime:0.008762s ]
SQL: SHOW COLUMNS FROM `tp_address_city` [ RunTime:0.009672s ]
SQL: SELECT `city_name` FROM `tp_address_city` WHERE ( city_id = 110000 ) LIMIT 1   [ RunTime:0.009825s ]
SQL: SHOW COLUMNS FROM `tp_address_area` [ RunTime:0.011997s ]
SQL: SELECT `area_name` FROM `tp_address_area` WHERE ( area_id = 110102 ) LIMIT 1   [ RunTime:0.010887s ]
SQL: SHOW COLUMNS FROM `tp_config` [ RunTime:0.008988s ]
SQL: SELECT `config_value` FROM `tp_config` WHERE ( config_name= "jsapi_ticket" ) LIMIT 1   [ RunTime:0.008275s ]
SQL: SELECT `config_value` FROM `tp_config` WHERE ( config_name= "jsapi_ticket_expire_time" ) LIMIT 1   [ RunTime:0.008725s ]
SQL: SELECT `headimgurl` FROM `tp_users` WHERE ( user_id = 62179 AND is_enable = 1 ) LIMIT 1   [ RunTime:0.008296s ]

[ 2017-06-13T20:28:30+08:00 ] 127.0.0.1 /
DEBUG: ----REQUEST_METHOD----:GET
SQL: SHOW COLUMNS FROM `tp_config` [ RunTime:0.013134s ]
SQL: SELECT * FROM `tp_config`  [ RunTime:0.010308s ]
SQL: SHOW COLUMNS FROM `tp_page` [ RunTime:0.019575s ]
SQL: SELECT * FROM `tp_page` WHERE ( page_id = 1 ) LIMIT 1   [ RunTime:0.008674s ]
SQL: SHOW COLUMNS FROM `tp_page` [ RunTime:0.011749s ]
SQL: SELECT * FROM `tp_page` WHERE ( page_id = 1 ) LIMIT 1   [ RunTime:0.014552s ]
SQL: SELECT `user_id` FROM `tp_users` WHERE ( user_id = 62179 ) LIMIT 1   [ RunTime:0.008665s ]
SQL: SELECT `qr_code`,`openid`,`qr_code_expire_time` FROM `tp_users` WHERE ( user_id = 62179 AND is_enable = 1 ) LIMIT 1   [ RunTime:0.010607s ]
SQL: SELECT `subscribe`,`openid`,`username` FROM `tp_users` WHERE ( user_id = 62179 AND is_enable = 1 ) LIMIT 1   [ RunTime:0.021539s ]
SQL: SHOW COLUMNS FROM `tp_member` [ RunTime:0.009803s ]
SQL: SELECT `default_user_address_id` FROM `tp_member` WHERE ( member_id = 62179 ) LIMIT 1   [ RunTime:0.008549s ]
SQL: SHOW COLUMNS FROM `tp_user_address` [ RunTime:0.009844s ]
SQL: SELECT `user_address_id` FROM `tp_users` WHERE ( user_id = 62179 AND is_enable = 1 ) LIMIT 1   [ RunTime:0.011360s ]
SQL: SELECT * FROM `tp_user_address` WHERE ( user_address_id = 5 ) LIMIT 1   [ RunTime:0.016848s ]
SQL: SHOW COLUMNS FROM `tp_address_province` [ RunTime:0.015909s ]
SQL: SELECT `province_name` FROM `tp_address_province` WHERE ( province_id = 110000 ) LIMIT 1   [ RunTime:0.013610s ]
SQL: SHOW COLUMNS FROM `tp_address_city` [ RunTime:0.011606s ]
SQL: SELECT `city_name` FROM `tp_address_city` WHERE ( city_id = 110000 ) LIMIT 1   [ RunTime:0.008705s ]
SQL: SHOW COLUMNS FROM `tp_address_area` [ RunTime:0.011922s ]
SQL: SELECT `area_name` FROM `tp_address_area` WHERE ( area_id = 110102 ) LIMIT 1   [ RunTime:0.008397s ]
SQL: SHOW COLUMNS FROM `tp_config` [ RunTime:0.017048s ]
SQL: SELECT `config_value` FROM `tp_config` WHERE ( config_name= "jsapi_ticket" ) LIMIT 1   [ RunTime:0.008667s ]
SQL: SELECT `config_value` FROM `tp_config` WHERE ( config_name= "jsapi_ticket_expire_time" ) LIMIT 1   [ RunTime:0.009273s ]
SQL: SELECT `headimgurl` FROM `tp_users` WHERE ( user_id = 62179 AND is_enable = 1 ) LIMIT 1   [ RunTime:0.012887s ]
SQL: SHOW COLUMNS FROM `tp_config` [ RunTime:0.010714s ]
SQL: SELECT `config_value` FROM `tp_config` WHERE ( config_name= "range" ) LIMIT 1   [ RunTime:0.009158s ]
SQL: SELECT `config_value` FROM `tp_config` WHERE ( config_name= "pre_near_num" ) LIMIT 1   [ RunTime:0.009721s ]

[ 2017-06-13T20:28:33+08:00 ] 127.0.0.1 /Index/home_index
DEBUG: ----REQUEST_METHOD----:GET
SQL: SHOW COLUMNS FROM `tp_config` [ RunTime:0.009556s ]
SQL: SELECT * FROM `tp_config`  [ RunTime:0.010547s ]
SQL: SHOW COLUMNS FROM `tp_page` [ RunTime:0.021476s ]
SQL: SELECT * FROM `tp_page` WHERE ( page_id = 1 ) LIMIT 1   [ RunTime:0.008980s ]
SQL: SHOW COLUMNS FROM `tp_page` [ RunTime:0.010806s ]
SQL: SELECT * FROM `tp_page` WHERE ( page_id = 1 ) LIMIT 1   [ RunTime:0.461694s ]
SQL: SELECT `user_id` FROM `tp_users` WHERE ( user_id = 62179 ) LIMIT 1   [ RunTime:0.016409s ]
SQL: SELECT `qr_code`,`openid`,`qr_code_expire_time` FROM `tp_users` WHERE ( user_id = 62179 AND is_enable = 1 ) LIMIT 1   [ RunTime:0.008951s ]
SQL: SELECT `subscribe`,`openid`,`username` FROM `tp_users` WHERE ( user_id = 62179 AND is_enable = 1 ) LIMIT 1   [ RunTime:0.008973s ]
SQL: SHOW COLUMNS FROM `tp_member` [ RunTime:0.040442s ]
SQL: SELECT `default_user_address_id` FROM `tp_member` WHERE ( member_id = 62179 ) LIMIT 1   [ RunTime:0.008934s ]
SQL: SHOW COLUMNS FROM `tp_user_address` [ RunTime:0.013236s ]
SQL: SELECT `user_address_id` FROM `tp_users` WHERE ( user_id = 62179 AND is_enable = 1 ) LIMIT 1   [ RunTime:0.017417s ]
SQL: SELECT * FROM `tp_user_address` WHERE ( user_address_id = 5 ) LIMIT 1   [ RunTime:0.022047s ]
SQL: SHOW COLUMNS FROM `tp_address_province` [ RunTime:0.009876s ]
SQL: SELECT `province_name` FROM `tp_address_province` WHERE ( province_id = 110000 ) LIMIT 1   [ RunTime:0.016593s ]
SQL: SHOW COLUMNS FROM `tp_address_city` [ RunTime:0.013833s ]
SQL: SELECT `city_name` FROM `tp_address_city` WHERE ( city_id = 110000 ) LIMIT 1   [ RunTime:0.010131s ]
SQL: SHOW COLUMNS FROM `tp_address_area` [ RunTime:0.009986s ]
SQL: SELECT `area_name` FROM `tp_address_area` WHERE ( area_id = 110102 ) LIMIT 1   [ RunTime:0.010385s ]
SQL: SHOW COLUMNS FROM `tp_config` [ RunTime:0.009146s ]
SQL: SELECT `config_value` FROM `tp_config` WHERE ( config_name= "jsapi_ticket" ) LIMIT 1   [ RunTime:0.040758s ]
SQL: SELECT `config_value` FROM `tp_config` WHERE ( config_name= "jsapi_ticket_expire_time" ) LIMIT 1   [ RunTime:0.012147s ]
SQL: SELECT `headimgurl` FROM `tp_users` WHERE ( user_id = 62179 AND is_enable = 1 ) LIMIT 1   [ RunTime:0.008657s ]
SQL: SHOW COLUMNS FROM `tp_config` [ RunTime:0.009547s ]
SQL: SELECT `config_value` FROM `tp_config` WHERE ( config_name= "range" ) LIMIT 1   [ RunTime:0.009543s ]
SQL: SELECT `config_value` FROM `tp_config` WHERE ( config_name= "pre_near_num" ) LIMIT 1   [ RunTime:0.016180s ]
SQL: SHOW COLUMNS FROM `tp_address_area` [ RunTime:0.240782s ]
SQL: SELECT `area_name` FROM `tp_address_area` WHERE ( area_id = 330104 ) LIMIT 1   [ RunTime:0.014036s ]
SQL: SELECT `area_name` FROM `tp_address_area` WHERE ( `area_id` = 330104 ) LIMIT 1   [ RunTime:0.017162s ]
SQL: SHOW COLUMNS FROM `tp_cust_flash` [ RunTime:0.015521s ]
SQL: SELECT * FROM `tp_cust_flash` WHERE ( isuse=1 ) ORDER BY serial ASC LIMIT 3   [ RunTime:0.037412s ]
SQL: SHOW COLUMNS FROM `tp_business_classify` [ RunTime:0.023798s ]
SQL: SELECT * FROM `tp_business_classify` WHERE ( isuse=1 ) ORDER BY serial ASC LIMIT 0, 15   [ RunTime:0.018444s ]
SQL: SHOW COLUMNS FROM `tp_business` [ RunTime:0.011553s ]
SQL: SHOW COLUMNS FROM `tp_business_classify` [ RunTime:0.036870s ]
SQL: SHOW COLUMNS FROM tp_business as b [ RunTime:0.014331s ]
ERR: You have an error in your SQL syntax; check the manual that corresponds to your MySQL server version for the right syntax to use near 'as b' at line 1
 [ SQL语句 ] : SHOW COLUMNS FROM tp_business as b
SQL: SELECT * FROM tp_business as b left JOIN tp_business_classify as s on s.business_classify_id=b.business_classify_id  WHERE ( b.status=1 ) ORDER BY rate desc LIMIT 5   [ RunTime:0.011936s ]
SQL: SELECT * from(SELECT *,ROUND(6378.138 * 2 * ASIN(SQRT(POW(SIN((30.25924446* PI() / 180 - latitude * PI() / 180) / 2),2) + COS(30.25924446 * PI() / 180) * COS(latitude * PI() / 180) * POW(SIN((120.21937542 * PI() / 180 - longitude * PI() / 180) / 2), 2))) * 1000) AS distance from tp_business where status=1 order by distance asc  limit 0,5 ) as busi where industry_id=2 AND distance < 5000 [ RunTime:0.010216s ]
SQL: SELECT * FROM `tp_business` WHERE ( status=1 )  [ RunTime:0.017771s ]
SQL: SELECT * from(SELECT *,ROUND(6378.138 * 2 * ASIN(SQRT(POW(SIN((30.25924446* PI() / 180 - latitude * PI() / 180) / 2),2) + COS(30.25924446 * PI() / 180) * COS(latitude * PI() / 180) * POW(SIN((120.21937542 * PI() / 180 - longitude * PI() / 180) / 2), 2))) * 1000) AS distance from tp_business where status=1 order by distance asc  limit 0,5 ) as busi where  distance < 5000 [ RunTime:0.467608s ]
SQL: SELECT * from(SELECT *,ROUND(6378.138 * 2 * ASIN(SQRT(POW(SIN((30.25924446* PI() / 180 - latitude * PI() / 180) / 2),2) + COS(30.25924446 * PI() / 180) * COS(latitude * PI() / 180) * POW(SIN((120.21937542 * PI() / 180 - longitude * PI() / 180) / 2), 2))) * 1000) AS distance from tp_business where status=1 order by distance asc  limit 1,5 ) as busi where  distance < 15000 [ RunTime:0.014901s ]
SQL: SHOW COLUMNS FROM `tp_order` [ RunTime:0.017924s ]
SQL: SELECT COUNT(*) AS tp_count FROM `tp_order` WHERE ( order_status=1 and business_id=6 ) GROUP BY user_id LIMIT 1   [ RunTime:0.041928s ]
SQL: SELECT COUNT(*) AS tp_count FROM `tp_order` WHERE ( order_status=1 and business_id=5 ) GROUP BY user_id LIMIT 1   [ RunTime:0.016354s ]
SQL: SELECT COUNT(*) AS tp_count FROM `tp_order` WHERE ( order_status=1 and business_id=9 ) GROUP BY user_id LIMIT 1   [ RunTime:0.009908s ]
SQL: SELECT COUNT(*) AS tp_count FROM `tp_order` WHERE ( order_status=1 and business_id=2 ) GROUP BY user_id LIMIT 1   [ RunTime:0.010546s ]
SQL: SELECT COUNT(*) AS tp_count FROM `tp_order` WHERE ( order_status=1 and business_id=18 ) GROUP BY user_id LIMIT 1   [ RunTime:0.010437s ]
SQL: SHOW COLUMNS FROM `tp_hot_goods` [ RunTime:0.012578s ]
ERR: Table 'diandu.tp_hot_goods' doesn't exist
 [ SQL语句 ] : SHOW COLUMNS FROM `tp_hot_goods`
SQL: SHOW COLUMNS FROM `tp_hot_goods` [ RunTime:0.008791s ]
ERR: Table 'diandu.tp_hot_goods' doesn't exist
 [ SQL语句 ] : SHOW COLUMNS FROM `tp_hot_goods`
SQL: SELECT * FROM `tp_hot_goods` WHERE ( isuse=1 and serial=1 ) LIMIT 1   [ RunTime:0.008854s ]
ERR: Table 'diandu.tp_hot_goods' doesn't exist
 [ SQL语句 ] : SELECT * FROM `tp_hot_goods` WHERE ( isuse=1 and serial=1 ) LIMIT 1  
SQL: SELECT * FROM `tp_hot_goods` WHERE ( isuse=1 and serial <> 1 ) ORDER BY serial asc LIMIT 5   [ RunTime:0.018824s ]
ERR: Table 'diandu.tp_hot_goods' doesn't exist
 [ SQL语句 ] : SELECT * FROM `tp_hot_goods` WHERE ( isuse=1 and serial <> 1 ) ORDER BY serial asc LIMIT 5  
SQL: SELECT COUNT(*) AS tp_count FROM `tp_order` WHERE ( order_status=1 and business_id=15 ) LIMIT 1   [ RunTime:0.020064s ]

[ 2017-06-13T20:28:35+08:00 ] 127.0.0.1 /FrontUserCenter/my_order
DEBUG: ----REQUEST_METHOD----:POST_AJAX
DEBUG: ----POST----:Array
(
    [TakeOutFirstRow] => 2
    [type] => take_out
)

SQL: SHOW COLUMNS FROM `tp_config` [ RunTime:0.013652s ]
SQL: SELECT * FROM `tp_config`  [ RunTime:0.010431s ]
SQL: SHOW COLUMNS FROM `tp_page` [ RunTime:0.009561s ]
SQL: SELECT * FROM `tp_page` WHERE ( page_id = 1 ) LIMIT 1   [ RunTime:0.015869s ]
SQL: SHOW COLUMNS FROM `tp_page` [ RunTime:0.010279s ]
SQL: SELECT * FROM `tp_page` WHERE ( page_id = 1 ) LIMIT 1   [ RunTime:0.014218s ]
SQL: SELECT `user_id` FROM `tp_users` WHERE ( user_id = 62179 ) LIMIT 1   [ RunTime:0.008492s ]
SQL: SELECT `qr_code`,`openid`,`qr_code_expire_time` FROM `tp_users` WHERE ( user_id = 62179 AND is_enable = 1 ) LIMIT 1   [ RunTime:0.044633s ]
SQL: SELECT `subscribe`,`openid`,`username` FROM `tp_users` WHERE ( user_id = 62179 AND is_enable = 1 ) LIMIT 1   [ RunTime:0.010479s ]
SQL: SHOW COLUMNS FROM `tp_member` [ RunTime:0.014468s ]
SQL: SELECT `default_user_address_id` FROM `tp_member` WHERE ( member_id = 62179 ) LIMIT 1   [ RunTime:0.008598s ]
SQL: SHOW COLUMNS FROM `tp_user_address` [ RunTime:0.009886s ]
SQL: SELECT `user_address_id` FROM `tp_users` WHERE ( user_id = 62179 AND is_enable = 1 ) LIMIT 1   [ RunTime:0.011470s ]
SQL: SELECT * FROM `tp_user_address` WHERE ( user_address_id = 5 ) LIMIT 1   [ RunTime:0.008797s ]
SQL: SHOW COLUMNS FROM `tp_address_province` [ RunTime:0.009644s ]
SQL: SELECT `province_name` FROM `tp_address_province` WHERE ( province_id = 110000 ) LIMIT 1   [ RunTime:0.010909s ]
SQL: SHOW COLUMNS FROM `tp_address_city` [ RunTime:0.010390s ]
SQL: SELECT `city_name` FROM `tp_address_city` WHERE ( city_id = 110000 ) LIMIT 1   [ RunTime:0.008208s ]
SQL: SHOW COLUMNS FROM `tp_address_area` [ RunTime:0.009458s ]
SQL: SELECT `area_name` FROM `tp_address_area` WHERE ( area_id = 110102 ) LIMIT 1   [ RunTime:0.010327s ]
SQL: SHOW COLUMNS FROM `tp_config` [ RunTime:0.009361s ]
SQL: SELECT `config_value` FROM `tp_config` WHERE ( config_name= "jsapi_ticket" ) LIMIT 1   [ RunTime:0.009146s ]
SQL: SELECT `config_value` FROM `tp_config` WHERE ( config_name= "jsapi_ticket_expire_time" ) LIMIT 1   [ RunTime:0.043291s ]
SQL: SELECT `headimgurl` FROM `tp_users` WHERE ( user_id = 62179 AND is_enable = 1 ) LIMIT 1   [ RunTime:0.009171s ]
SQL: SELECT COUNT(*) AS tp_count FROM `tp_order` WHERE ( user_id = 62179 AND type = 2 ) LIMIT 1   [ RunTime:0.012862s ]
SQL: SELECT * FROM `tp_order` WHERE ( user_id = 62179 AND type = 2 ) LIMIT 2, 2   [ RunTime:0.024626s ]
SQL: SHOW COLUMNS FROM `tp_business` [ RunTime:0.018515s ]
SQL: SELECT * FROM `tp_business` WHERE ( business_id = 15 ) LIMIT 1   [ RunTime:0.010719s ]
SQL: SELECT COUNT(*) AS tp_count FROM `tp_order_item` WHERE ( order_id = 338 ) LIMIT 1   [ RunTime:0.010545s ]
SQL: SELECT * FROM `tp_order_item` WHERE ( order_id = 338 )  [ RunTime:0.015965s ]
SQL: SHOW COLUMNS FROM `tp_business` [ RunTime:0.010529s ]
SQL: SELECT * FROM `tp_business` WHERE ( business_id = 15 ) LIMIT 1   [ RunTime:0.014191s ]
SQL: SELECT COUNT(*) AS tp_count FROM `tp_order_item` WHERE ( order_id = 339 ) LIMIT 1   [ RunTime:0.008305s ]
SQL: SELECT * FROM `tp_order_item` WHERE ( order_id = 339 )  [ RunTime:0.008773s ]

[ 2017-06-13T20:30:02+08:00 ] 127.0.0.1 /FrontUserCenter/my_order
DEBUG: ----REQUEST_METHOD----:GET
SQL: SHOW COLUMNS FROM `tp_config` [ RunTime:0.009899s ]
SQL: SELECT * FROM `tp_config`  [ RunTime:0.014922s ]
SQL: SHOW COLUMNS FROM `tp_page` [ RunTime:0.010329s ]
SQL: SELECT * FROM `tp_page` WHERE ( page_id = 1 ) LIMIT 1   [ RunTime:0.009009s ]
SQL: SHOW COLUMNS FROM `tp_page` [ RunTime:0.012132s ]
SQL: SELECT * FROM `tp_page` WHERE ( page_id = 1 ) LIMIT 1   [ RunTime:0.009336s ]
SQL: SELECT `user_id` FROM `tp_users` WHERE ( user_id = 62179 ) LIMIT 1   [ RunTime:0.009717s ]
SQL: SELECT `qr_code`,`openid`,`qr_code_expire_time` FROM `tp_users` WHERE ( user_id = 62179 AND is_enable = 1 ) LIMIT 1   [ RunTime:0.009419s ]
SQL: SELECT `subscribe`,`openid`,`username` FROM `tp_users` WHERE ( user_id = 62179 AND is_enable = 1 ) LIMIT 1   [ RunTime:0.044475s ]
SQL: SHOW COLUMNS FROM `tp_member` [ RunTime:0.016469s ]
SQL: SELECT `default_user_address_id` FROM `tp_member` WHERE ( member_id = 62179 ) LIMIT 1   [ RunTime:0.031138s ]
SQL: SHOW COLUMNS FROM `tp_user_address` [ RunTime:0.010315s ]
SQL: SELECT `user_address_id` FROM `tp_users` WHERE ( user_id = 62179 AND is_enable = 1 ) LIMIT 1   [ RunTime:0.010383s ]
SQL: SELECT * FROM `tp_user_address` WHERE ( user_address_id = 5 ) LIMIT 1   [ RunTime:0.009372s ]
SQL: SHOW COLUMNS FROM `tp_address_province` [ RunTime:0.010825s ]
SQL: SELECT `province_name` FROM `tp_address_province` WHERE ( province_id = 110000 ) LIMIT 1   [ RunTime:0.012611s ]
SQL: SHOW COLUMNS FROM `tp_address_city` [ RunTime:0.010805s ]
SQL: SELECT `city_name` FROM `tp_address_city` WHERE ( city_id = 110000 ) LIMIT 1   [ RunTime:0.009212s ]
SQL: SHOW COLUMNS FROM `tp_address_area` [ RunTime:0.010075s ]
SQL: SELECT `area_name` FROM `tp_address_area` WHERE ( area_id = 110102 ) LIMIT 1   [ RunTime:0.009227s ]
SQL: SHOW COLUMNS FROM `tp_config` [ RunTime:0.011833s ]
SQL: SELECT `config_value` FROM `tp_config` WHERE ( config_name= "jsapi_ticket" ) LIMIT 1   [ RunTime:0.009145s ]
SQL: SELECT `config_value` FROM `tp_config` WHERE ( config_name= "jsapi_ticket_expire_time" ) LIMIT 1   [ RunTime:0.009027s ]
SQL: SELECT `headimgurl` FROM `tp_users` WHERE ( user_id = 62179 AND is_enable = 1 ) LIMIT 1   [ RunTime:0.009139s ]
SQL: SELECT COUNT(*) AS tp_count FROM `tp_order` WHERE ( user_id = 62179 AND type = 2 ) LIMIT 1   [ RunTime:0.012825s ]
SQL: SELECT * FROM `tp_order` WHERE ( user_id = 62179 AND type = 2 ) ORDER BY addtime desc LIMIT 0, 2   [ RunTime:0.010688s ]
SQL: SHOW COLUMNS FROM `tp_business` [ RunTime:0.011093s ]
SQL: SELECT * FROM `tp_business` WHERE ( business_id = 15 ) LIMIT 1   [ RunTime:0.009887s ]
SQL: SELECT COUNT(*) AS tp_count FROM `tp_order_item` WHERE ( order_id = 405 ) LIMIT 1   [ RunTime:0.010995s ]
SQL: SELECT * FROM `tp_order_item` WHERE ( order_id = 405 )  [ RunTime:0.036409s ]
SQL: SHOW COLUMNS FROM `tp_business` [ RunTime:0.015105s ]
SQL: SELECT * FROM `tp_business` WHERE ( business_id = 15 ) LIMIT 1   [ RunTime:0.010838s ]
SQL: SELECT COUNT(*) AS tp_count FROM `tp_order_item` WHERE ( order_id = 404 ) LIMIT 1   [ RunTime:0.010595s ]
SQL: SELECT * FROM `tp_order_item` WHERE ( order_id = 404 )  [ RunTime:0.012341s ]
SQL: SELECT COUNT(*) AS tp_count FROM `tp_order` WHERE ( user_id = 62179 AND type = 1 ) LIMIT 1   [ RunTime:0.009487s ]
SQL: SELECT * FROM `tp_order` WHERE ( user_id = 62179 AND type = 1 ) LIMIT 0, 2   [ RunTime:0.010202s ]
SQL: SHOW COLUMNS FROM `tp_business` [ RunTime:0.012201s ]
SQL: SELECT * FROM `tp_business` WHERE ( business_id = 24 ) LIMIT 1   [ RunTime:0.015892s ]
SQL: SELECT COUNT(*) AS tp_count FROM `tp_order_item` WHERE ( order_id = 183 ) LIMIT 1   [ RunTime:0.009028s ]
SQL: SELECT * FROM `tp_order_item` WHERE ( order_id = 183 )  [ RunTime:0.009542s ]
SQL: SHOW COLUMNS FROM `tp_business` [ RunTime:0.011556s ]
SQL: SELECT * FROM `tp_business` WHERE ( business_id = 24 ) LIMIT 1   [ RunTime:0.010172s ]
SQL: SELECT COUNT(*) AS tp_count FROM `tp_order_item` WHERE ( order_id = 228 ) LIMIT 1   [ RunTime:0.008937s ]
SQL: SELECT * FROM `tp_order_item` WHERE ( order_id = 228 )  [ RunTime:0.009280s ]

[ 2017-06-13T20:30:03+08:00 ] 127.0.0.1 /Tpl//Public/mall_home/blue/css/header_footer.css?version=201612002
DEBUG: ----REQUEST_METHOD----:GET
SQL: SHOW COLUMNS FROM `tp_config` [ RunTime:0.012939s ]
SQL: SELECT * FROM `tp_config`  [ RunTime:0.009249s ]
SQL: SHOW COLUMNS FROM `tp_page` [ RunTime:0.009718s ]
SQL: SELECT * FROM `tp_page` WHERE ( page_id = 1 ) LIMIT 1   [ RunTime:0.008149s ]
SQL: SHOW COLUMNS FROM `tp_page` [ RunTime:0.008592s ]
SQL: SELECT * FROM `tp_page` WHERE ( page_id = 1 ) LIMIT 1   [ RunTime:0.008225s ]
SQL: SELECT `user_id` FROM `tp_users` WHERE ( user_id = 62179 ) LIMIT 1   [ RunTime:0.008304s ]
SQL: SELECT `qr_code`,`openid`,`qr_code_expire_time` FROM `tp_users` WHERE ( user_id = 62179 AND is_enable = 1 ) LIMIT 1   [ RunTime:0.008873s ]
SQL: SELECT `subscribe`,`openid`,`username` FROM `tp_users` WHERE ( user_id = 62179 AND is_enable = 1 ) LIMIT 1   [ RunTime:0.012029s ]
SQL: SHOW COLUMNS FROM `tp_member` [ RunTime:0.009573s ]
SQL: SELECT `default_user_address_id` FROM `tp_member` WHERE ( member_id = 62179 ) LIMIT 1   [ RunTime:0.008790s ]
SQL: SHOW COLUMNS FROM `tp_user_address` [ RunTime:0.010062s ]
SQL: SELECT `user_address_id` FROM `tp_users` WHERE ( user_id = 62179 AND is_enable = 1 ) LIMIT 1   [ RunTime:0.009515s ]
SQL: SELECT * FROM `tp_user_address` WHERE ( user_address_id = 5 ) LIMIT 1   [ RunTime:0.040925s ]
SQL: SHOW COLUMNS FROM `tp_address_province` [ RunTime:0.009746s ]
SQL: SELECT `province_name` FROM `tp_address_province` WHERE ( province_id = 110000 ) LIMIT 1   [ RunTime:0.008384s ]
SQL: SHOW COLUMNS FROM `tp_address_city` [ RunTime:0.008946s ]
SQL: SELECT `city_name` FROM `tp_address_city` WHERE ( city_id = 110000 ) LIMIT 1   [ RunTime:0.008096s ]
SQL: SHOW COLUMNS FROM `tp_address_area` [ RunTime:0.009021s ]
SQL: SELECT `area_name` FROM `tp_address_area` WHERE ( area_id = 110102 ) LIMIT 1   [ RunTime:0.011752s ]
SQL: SHOW COLUMNS FROM `tp_config` [ RunTime:0.014955s ]
SQL: SELECT `config_value` FROM `tp_config` WHERE ( config_name= "jsapi_ticket" ) LIMIT 1   [ RunTime:0.009534s ]
SQL: SELECT `config_value` FROM `tp_config` WHERE ( config_name= "jsapi_ticket_expire_time" ) LIMIT 1   [ RunTime:0.008209s ]
SQL: SELECT `headimgurl` FROM `tp_users` WHERE ( user_id = 62179 AND is_enable = 1 ) LIMIT 1   [ RunTime:0.008431s ]

[ 2017-06-13T20:30:03+08:00 ] 127.0.0.1 /
DEBUG: ----REQUEST_METHOD----:GET
SQL: SHOW COLUMNS FROM `tp_config` [ RunTime:0.009275s ]
SQL: SELECT * FROM `tp_config`  [ RunTime:0.009560s ]
SQL: SHOW COLUMNS FROM `tp_page` [ RunTime:0.009523s ]
SQL: SELECT * FROM `tp_page` WHERE ( page_id = 1 ) LIMIT 1   [ RunTime:0.010848s ]
SQL: SHOW COLUMNS FROM `tp_page` [ RunTime:0.010150s ]
SQL: SELECT * FROM `tp_page` WHERE ( page_id = 1 ) LIMIT 1   [ RunTime:0.008182s ]
SQL: SELECT `user_id` FROM `tp_users` WHERE ( user_id = 62179 ) LIMIT 1   [ RunTime:0.008039s ]
SQL: SELECT `qr_code`,`openid`,`qr_code_expire_time` FROM `tp_users` WHERE ( user_id = 62179 AND is_enable = 1 ) LIMIT 1   [ RunTime:0.022046s ]
SQL: SELECT `subscribe`,`openid`,`username` FROM `tp_users` WHERE ( user_id = 62179 AND is_enable = 1 ) LIMIT 1   [ RunTime:0.009360s ]
SQL: SHOW COLUMNS FROM `tp_member` [ RunTime:0.009569s ]
SQL: SELECT `default_user_address_id` FROM `tp_member` WHERE ( member_id = 62179 ) LIMIT 1   [ RunTime:0.009287s ]
SQL: SHOW COLUMNS FROM `tp_user_address` [ RunTime:0.011053s ]
SQL: SELECT `user_address_id` FROM `tp_users` WHERE ( user_id = 62179 AND is_enable = 1 ) LIMIT 1   [ RunTime:0.008262s ]
SQL: SELECT * FROM `tp_user_address` WHERE ( user_address_id = 5 ) LIMIT 1   [ RunTime:0.008746s ]
SQL: SHOW COLUMNS FROM `tp_address_province` [ RunTime:0.009086s ]
SQL: SELECT `province_name` FROM `tp_address_province` WHERE ( province_id = 110000 ) LIMIT 1   [ RunTime:0.010586s ]
SQL: SHOW COLUMNS FROM `tp_address_city` [ RunTime:0.009288s ]
SQL: SELECT `city_name` FROM `tp_address_city` WHERE ( city_id = 110000 ) LIMIT 1   [ RunTime:0.008471s ]
SQL: SHOW COLUMNS FROM `tp_address_area` [ RunTime:0.008987s ]
SQL: SELECT `area_name` FROM `tp_address_area` WHERE ( area_id = 110102 ) LIMIT 1   [ RunTime:0.008099s ]
SQL: SHOW COLUMNS FROM `tp_config` [ RunTime:0.009579s ]
SQL: SELECT `config_value` FROM `tp_config` WHERE ( config_name= "jsapi_ticket" ) LIMIT 1   [ RunTime:0.008059s ]
SQL: SELECT `config_value` FROM `tp_config` WHERE ( config_name= "jsapi_ticket_expire_time" ) LIMIT 1   [ RunTime:0.008738s ]
SQL: SELECT `headimgurl` FROM `tp_users` WHERE ( user_id = 62179 AND is_enable = 1 ) LIMIT 1   [ RunTime:0.008238s ]
SQL: SHOW COLUMNS FROM `tp_config` [ RunTime:0.009138s ]
SQL: SELECT `config_value` FROM `tp_config` WHERE ( config_name= "range" ) LIMIT 1   [ RunTime:0.012155s ]
SQL: SELECT `config_value` FROM `tp_config` WHERE ( config_name= "pre_near_num" ) LIMIT 1   [ RunTime:0.012031s ]

[ 2017-06-13T20:30:04+08:00 ] 127.0.0.1 /Index/home_index
DEBUG: ----REQUEST_METHOD----:GET
SQL: SHOW COLUMNS FROM `tp_config` [ RunTime:0.009367s ]
SQL: SELECT * FROM `tp_config`  [ RunTime:0.009489s ]
SQL: SHOW COLUMNS FROM `tp_page` [ RunTime:0.012378s ]
SQL: SELECT * FROM `tp_page` WHERE ( page_id = 1 ) LIMIT 1   [ RunTime:0.008666s ]
SQL: SHOW COLUMNS FROM `tp_page` [ RunTime:0.016089s ]
SQL: SELECT * FROM `tp_page` WHERE ( page_id = 1 ) LIMIT 1   [ RunTime:0.008740s ]
SQL: SELECT `user_id` FROM `tp_users` WHERE ( user_id = 62179 ) LIMIT 1   [ RunTime:0.009158s ]
SQL: SELECT `qr_code`,`openid`,`qr_code_expire_time` FROM `tp_users` WHERE ( user_id = 62179 AND is_enable = 1 ) LIMIT 1   [ RunTime:0.010093s ]
SQL: SELECT `subscribe`,`openid`,`username` FROM `tp_users` WHERE ( user_id = 62179 AND is_enable = 1 ) LIMIT 1   [ RunTime:0.009650s ]
SQL: SHOW COLUMNS FROM `tp_member` [ RunTime:0.010048s ]
SQL: SELECT `default_user_address_id` FROM `tp_member` WHERE ( member_id = 62179 ) LIMIT 1   [ RunTime:0.010626s ]
SQL: SHOW COLUMNS FROM `tp_user_address` [ RunTime:0.033400s ]
SQL: SELECT `user_address_id` FROM `tp_users` WHERE ( user_id = 62179 AND is_enable = 1 ) LIMIT 1   [ RunTime:0.013046s ]
SQL: SELECT * FROM `tp_user_address` WHERE ( user_address_id = 5 ) LIMIT 1   [ RunTime:0.008906s ]
SQL: SHOW COLUMNS FROM `tp_address_province` [ RunTime:0.009610s ]
SQL: SELECT `province_name` FROM `tp_address_province` WHERE ( province_id = 110000 ) LIMIT 1   [ RunTime:0.008434s ]
SQL: SHOW COLUMNS FROM `tp_address_city` [ RunTime:0.009566s ]
SQL: SELECT `city_name` FROM `tp_address_city` WHERE ( city_id = 110000 ) LIMIT 1   [ RunTime:0.008429s ]
SQL: SHOW COLUMNS FROM `tp_address_area` [ RunTime:0.010179s ]
SQL: SELECT `area_name` FROM `tp_address_area` WHERE ( area_id = 110102 ) LIMIT 1   [ RunTime:0.008960s ]
SQL: SHOW COLUMNS FROM `tp_config` [ RunTime:0.010176s ]
SQL: SELECT `config_value` FROM `tp_config` WHERE ( config_name= "jsapi_ticket" ) LIMIT 1   [ RunTime:0.011632s ]
SQL: SELECT `config_value` FROM `tp_config` WHERE ( config_name= "jsapi_ticket_expire_time" ) LIMIT 1   [ RunTime:0.011831s ]
SQL: SELECT `headimgurl` FROM `tp_users` WHERE ( user_id = 62179 AND is_enable = 1 ) LIMIT 1   [ RunTime:0.008626s ]
SQL: SHOW COLUMNS FROM `tp_config` [ RunTime:0.009671s ]
SQL: SELECT `config_value` FROM `tp_config` WHERE ( config_name= "range" ) LIMIT 1   [ RunTime:0.008536s ]
SQL: SELECT `config_value` FROM `tp_config` WHERE ( config_name= "pre_near_num" ) LIMIT 1   [ RunTime:0.012165s ]
SQL: SHOW COLUMNS FROM `tp_address_area` [ RunTime:0.009852s ]
SQL: SELECT `area_name` FROM `tp_address_area` WHERE ( area_id = 330104 ) LIMIT 1   [ RunTime:0.008399s ]
SQL: SELECT `area_name` FROM `tp_address_area` WHERE ( `area_id` = 330104 ) LIMIT 1   [ RunTime:0.009336s ]
SQL: SHOW COLUMNS FROM `tp_cust_flash` [ RunTime:0.010028s ]
SQL: SELECT * FROM `tp_cust_flash` WHERE ( isuse=1 ) ORDER BY serial ASC LIMIT 3   [ RunTime:0.008666s ]
SQL: SHOW COLUMNS FROM `tp_business_classify` [ RunTime:0.009728s ]
SQL: SELECT * FROM `tp_business_classify` WHERE ( isuse=1 ) ORDER BY serial ASC LIMIT 0, 15   [ RunTime:0.009281s ]
SQL: SHOW COLUMNS FROM `tp_business` [ RunTime:0.010653s ]
SQL: SHOW COLUMNS FROM `tp_business_classify` [ RunTime:0.009250s ]
SQL: SHOW COLUMNS FROM tp_business as b [ RunTime:0.008257s ]
ERR: You have an error in your SQL syntax; check the manual that corresponds to your MySQL server version for the right syntax to use near 'as b' at line 1
 [ SQL语句 ] : SHOW COLUMNS FROM tp_business as b
SQL: SELECT * FROM tp_business as b left JOIN tp_business_classify as s on s.business_classify_id=b.business_classify_id  WHERE ( b.status=1 ) ORDER BY rate desc LIMIT 5   [ RunTime:0.012584s ]
SQL: SELECT * from(SELECT *,ROUND(6378.138 * 2 * ASIN(SQRT(POW(SIN((30.25924446* PI() / 180 - latitude * PI() / 180) / 2),2) + COS(30.25924446 * PI() / 180) * COS(latitude * PI() / 180) * POW(SIN((120.21937542 * PI() / 180 - longitude * PI() / 180) / 2), 2))) * 1000) AS distance from tp_business where status=1 order by distance asc  limit 0,5 ) as busi where industry_id=2 AND distance < 5000 [ RunTime:0.013681s ]
SQL: SELECT * FROM `tp_business` WHERE ( status=1 )  [ RunTime:0.010347s ]
SQL: SELECT * from(SELECT *,ROUND(6378.138 * 2 * ASIN(SQRT(POW(SIN((30.25924446* PI() / 180 - latitude * PI() / 180) / 2),2) + COS(30.25924446 * PI() / 180) * COS(latitude * PI() / 180) * POW(SIN((120.21937542 * PI() / 180 - longitude * PI() / 180) / 2), 2))) * 1000) AS distance from tp_business where status=1 order by distance asc  limit 0,5 ) as busi where  distance < 5000 [ RunTime:0.008669s ]
SQL: SELECT * from(SELECT *,ROUND(6378.138 * 2 * ASIN(SQRT(POW(SIN((30.25924446* PI() / 180 - latitude * PI() / 180) / 2),2) + COS(30.25924446 * PI() / 180) * COS(latitude * PI() / 180) * POW(SIN((120.21937542 * PI() / 180 - longitude * PI() / 180) / 2), 2))) * 1000) AS distance from tp_business where status=1 order by distance asc  limit 1,5 ) as busi where  distance < 15000 [ RunTime:0.016451s ]
SQL: SHOW COLUMNS FROM `tp_order` [ RunTime:0.012053s ]
SQL: SELECT COUNT(*) AS tp_count FROM `tp_order` WHERE ( order_status=1 and business_id=6 ) GROUP BY user_id LIMIT 1   [ RunTime:0.008459s ]
SQL: SELECT COUNT(*) AS tp_count FROM `tp_order` WHERE ( order_status=1 and business_id=5 ) GROUP BY user_id LIMIT 1   [ RunTime:0.008643s ]
SQL: SELECT COUNT(*) AS tp_count FROM `tp_order` WHERE ( order_status=1 and business_id=9 ) GROUP BY user_id LIMIT 1   [ RunTime:0.008508s ]
SQL: SELECT COUNT(*) AS tp_count FROM `tp_order` WHERE ( order_status=1 and business_id=2 ) GROUP BY user_id LIMIT 1   [ RunTime:0.011092s ]
SQL: SELECT COUNT(*) AS tp_count FROM `tp_order` WHERE ( order_status=1 and business_id=18 ) GROUP BY user_id LIMIT 1   [ RunTime:0.008233s ]
SQL: SHOW COLUMNS FROM `tp_hot_goods` [ RunTime:0.008973s ]
ERR: Table 'diandu.tp_hot_goods' doesn't exist
 [ SQL语句 ] : SHOW COLUMNS FROM `tp_hot_goods`
SQL: SHOW COLUMNS FROM `tp_hot_goods` [ RunTime:0.009087s ]
ERR: Table 'diandu.tp_hot_goods' doesn't exist
 [ SQL语句 ] : SHOW COLUMNS FROM `tp_hot_goods`
SQL: SELECT * FROM `tp_hot_goods` WHERE ( isuse=1 and serial=1 ) LIMIT 1   [ RunTime:0.009175s ]
ERR: Table 'diandu.tp_hot_goods' doesn't exist
 [ SQL语句 ] : SELECT * FROM `tp_hot_goods` WHERE ( isuse=1 and serial=1 ) LIMIT 1  
SQL: SELECT * FROM `tp_hot_goods` WHERE ( isuse=1 and serial <> 1 ) ORDER BY serial asc LIMIT 5   [ RunTime:0.008508s ]
ERR: Table 'diandu.tp_hot_goods' doesn't exist
 [ SQL语句 ] : SELECT * FROM `tp_hot_goods` WHERE ( isuse=1 and serial <> 1 ) ORDER BY serial asc LIMIT 5  
SQL: SELECT COUNT(*) AS tp_count FROM `tp_order` WHERE ( order_status=1 and business_id=15 ) LIMIT 1   [ RunTime:0.008393s ]

[ 2017-06-13T20:30:08+08:00 ] 127.0.0.1 /FrontUserCenter/my_order
DEBUG: ----REQUEST_METHOD----:POST_AJAX
DEBUG: ----POST----:Array
(
    [TakeOutFirstRow] => 2
    [type] => take_out
)

SQL: SHOW COLUMNS FROM `tp_config` [ RunTime:0.011597s ]
SQL: SELECT * FROM `tp_config`  [ RunTime:0.010209s ]
SQL: SHOW COLUMNS FROM `tp_page` [ RunTime:0.045624s ]
SQL: SELECT * FROM `tp_page` WHERE ( page_id = 1 ) LIMIT 1   [ RunTime:0.014341s ]
SQL: SHOW COLUMNS FROM `tp_page` [ RunTime:0.009941s ]
SQL: SELECT * FROM `tp_page` WHERE ( page_id = 1 ) LIMIT 1   [ RunTime:0.008845s ]
SQL: SELECT `user_id` FROM `tp_users` WHERE ( user_id = 62179 ) LIMIT 1   [ RunTime:0.008699s ]
SQL: SELECT `qr_code`,`openid`,`qr_code_expire_time` FROM `tp_users` WHERE ( user_id = 62179 AND is_enable = 1 ) LIMIT 1   [ RunTime:0.012840s ]
SQL: SELECT `subscribe`,`openid`,`username` FROM `tp_users` WHERE ( user_id = 62179 AND is_enable = 1 ) LIMIT 1   [ RunTime:0.009020s ]
SQL: SHOW COLUMNS FROM `tp_member` [ RunTime:0.027057s ]
SQL: SELECT `default_user_address_id` FROM `tp_member` WHERE ( member_id = 62179 ) LIMIT 1   [ RunTime:0.009310s ]
SQL: SHOW COLUMNS FROM `tp_user_address` [ RunTime:0.010411s ]
SQL: SELECT `user_address_id` FROM `tp_users` WHERE ( user_id = 62179 AND is_enable = 1 ) LIMIT 1   [ RunTime:0.008694s ]
SQL: SELECT * FROM `tp_user_address` WHERE ( user_address_id = 5 ) LIMIT 1   [ RunTime:0.008798s ]
SQL: SHOW COLUMNS FROM `tp_address_province` [ RunTime:0.013033s ]
SQL: SELECT `province_name` FROM `tp_address_province` WHERE ( province_id = 110000 ) LIMIT 1   [ RunTime:0.008941s ]
SQL: SHOW COLUMNS FROM `tp_address_city` [ RunTime:0.009479s ]
SQL: SELECT `city_name` FROM `tp_address_city` WHERE ( city_id = 110000 ) LIMIT 1   [ RunTime:0.008882s ]
SQL: SHOW COLUMNS FROM `tp_address_area` [ RunTime:0.009312s ]
SQL: SELECT `area_name` FROM `tp_address_area` WHERE ( area_id = 110102 ) LIMIT 1   [ RunTime:0.009212s ]
SQL: SHOW COLUMNS FROM `tp_config` [ RunTime:0.009269s ]
SQL: SELECT `config_value` FROM `tp_config` WHERE ( config_name= "jsapi_ticket" ) LIMIT 1   [ RunTime:0.008880s ]
SQL: SELECT `config_value` FROM `tp_config` WHERE ( config_name= "jsapi_ticket_expire_time" ) LIMIT 1   [ RunTime:0.008872s ]
SQL: SELECT `headimgurl` FROM `tp_users` WHERE ( user_id = 62179 AND is_enable = 1 ) LIMIT 1   [ RunTime:0.015394s ]
SQL: SELECT COUNT(*) AS tp_count FROM `tp_order` WHERE ( user_id = 62179 AND type = 2 ) LIMIT 1   [ RunTime:0.008746s ]
SQL: SELECT * FROM `tp_order` WHERE ( user_id = 62179 AND type = 2 ) ORDER BY addtime desc LIMIT 2, 2   [ RunTime:0.009745s ]
SQL: SHOW COLUMNS FROM `tp_business` [ RunTime:0.013823s ]
SQL: SELECT * FROM `tp_business` WHERE ( business_id = 15 ) LIMIT 1   [ RunTime:0.009081s ]
SQL: SELECT COUNT(*) AS tp_count FROM `tp_order_item` WHERE ( order_id = 403 ) LIMIT 1   [ RunTime:0.008256s ]
SQL: SELECT * FROM `tp_order_item` WHERE ( order_id = 403 )  [ RunTime:0.008778s ]
SQL: SHOW COLUMNS FROM `tp_business` [ RunTime:0.014700s ]
SQL: SELECT * FROM `tp_business` WHERE ( business_id = 15 ) LIMIT 1   [ RunTime:0.014416s ]
SQL: SELECT COUNT(*) AS tp_count FROM `tp_order_item` WHERE ( order_id = 402 ) LIMIT 1   [ RunTime:0.015365s ]
SQL: SELECT * FROM `tp_order_item` WHERE ( order_id = 402 )  [ RunTime:0.010669s ]

[ 2017-06-13T20:30:09+08:00 ] 127.0.0.1 /FrontUserCenter/my_order
DEBUG: ----REQUEST_METHOD----:POST_AJAX
DEBUG: ----POST----:Array
(
    [TakeOutFirstRow] => 4
    [type] => take_out
)

SQL: SHOW COLUMNS FROM `tp_config` [ RunTime:0.008946s ]
SQL: SELECT * FROM `tp_config`  [ RunTime:0.009522s ]
SQL: SHOW COLUMNS FROM `tp_page` [ RunTime:0.009282s ]
SQL: SELECT * FROM `tp_page` WHERE ( page_id = 1 ) LIMIT 1   [ RunTime:0.008305s ]
SQL: SHOW COLUMNS FROM `tp_page` [ RunTime:0.010180s ]
SQL: SELECT * FROM `tp_page` WHERE ( page_id = 1 ) LIMIT 1   [ RunTime:0.008335s ]
SQL: SELECT `user_id` FROM `tp_users` WHERE ( user_id = 62179 ) LIMIT 1   [ RunTime:0.008471s ]
SQL: SELECT `qr_code`,`openid`,`qr_code_expire_time` FROM `tp_users` WHERE ( user_id = 62179 AND is_enable = 1 ) LIMIT 1   [ RunTime:0.008223s ]
SQL: SELECT `subscribe`,`openid`,`username` FROM `tp_users` WHERE ( user_id = 62179 AND is_enable = 1 ) LIMIT 1   [ RunTime:0.008251s ]
SQL: SHOW COLUMNS FROM `tp_member` [ RunTime:0.009703s ]
SQL: SELECT `default_user_address_id` FROM `tp_member` WHERE ( member_id = 62179 ) LIMIT 1   [ RunTime:0.008058s ]
SQL: SHOW COLUMNS FROM `tp_user_address` [ RunTime:0.009481s ]
SQL: SELECT `user_address_id` FROM `tp_users` WHERE ( user_id = 62179 AND is_enable = 1 ) LIMIT 1   [ RunTime:0.008212s ]
SQL: SELECT * FROM `tp_user_address` WHERE ( user_address_id = 5 ) LIMIT 1   [ RunTime:0.009161s ]
SQL: SHOW COLUMNS FROM `tp_address_province` [ RunTime:0.009105s ]
SQL: SELECT `province_name` FROM `tp_address_province` WHERE ( province_id = 110000 ) LIMIT 1   [ RunTime:0.008345s ]
SQL: SHOW COLUMNS FROM `tp_address_city` [ RunTime:0.012837s ]
SQL: SELECT `city_name` FROM `tp_address_city` WHERE ( city_id = 110000 ) LIMIT 1   [ RunTime:0.008835s ]
SQL: SHOW COLUMNS FROM `tp_address_area` [ RunTime:0.009585s ]
SQL: SELECT `area_name` FROM `tp_address_area` WHERE ( area_id = 110102 ) LIMIT 1   [ RunTime:0.008155s ]
SQL: SHOW COLUMNS FROM `tp_config` [ RunTime:0.008819s ]
SQL: SELECT `config_value` FROM `tp_config` WHERE ( config_name= "jsapi_ticket" ) LIMIT 1   [ RunTime:0.008222s ]
SQL: SELECT `config_value` FROM `tp_config` WHERE ( config_name= "jsapi_ticket_expire_time" ) LIMIT 1   [ RunTime:0.011140s ]
SQL: SELECT `headimgurl` FROM `tp_users` WHERE ( user_id = 62179 AND is_enable = 1 ) LIMIT 1   [ RunTime:0.008214s ]
SQL: SELECT COUNT(*) AS tp_count FROM `tp_order` WHERE ( user_id = 62179 AND type = 2 ) LIMIT 1   [ RunTime:0.009170s ]
SQL: SELECT * FROM `tp_order` WHERE ( user_id = 62179 AND type = 2 ) ORDER BY addtime desc LIMIT 4, 2   [ RunTime:0.012515s ]
SQL: SHOW COLUMNS FROM `tp_business` [ RunTime:0.015995s ]
SQL: SELECT * FROM `tp_business` WHERE ( business_id = 15 ) LIMIT 1   [ RunTime:0.012516s ]
SQL: SELECT COUNT(*) AS tp_count FROM `tp_order_item` WHERE ( order_id = 401 ) LIMIT 1   [ RunTime:0.008627s ]
SQL: SELECT * FROM `tp_order_item` WHERE ( order_id = 401 )  [ RunTime:0.008632s ]
SQL: SHOW COLUMNS FROM `tp_business` [ RunTime:0.011023s ]
SQL: SELECT * FROM `tp_business` WHERE ( business_id = 15 ) LIMIT 1   [ RunTime:0.009458s ]
SQL: SELECT COUNT(*) AS tp_count FROM `tp_order_item` WHERE ( order_id = 399 ) LIMIT 1   [ RunTime:0.008634s ]
SQL: SELECT * FROM `tp_order_item` WHERE ( order_id = 399 )  [ RunTime:0.008903s ]

[ 2017-06-13T20:30:11+08:00 ] 127.0.0.1 /FrontUserCenter/my_order
DEBUG: ----REQUEST_METHOD----:POST_AJAX
DEBUG: ----POST----:Array
(
    [TakeOutFirstRow] => 6
    [type] => take_out
)

SQL: SHOW COLUMNS FROM `tp_config` [ RunTime:0.013123s ]
SQL: SELECT * FROM `tp_config`  [ RunTime:0.009036s ]
SQL: SHOW COLUMNS FROM `tp_page` [ RunTime:0.009102s ]
SQL: SELECT * FROM `tp_page` WHERE ( page_id = 1 ) LIMIT 1   [ RunTime:0.008451s ]
SQL: SHOW COLUMNS FROM `tp_page` [ RunTime:0.009064s ]
SQL: SELECT * FROM `tp_page` WHERE ( page_id = 1 ) LIMIT 1   [ RunTime:0.009243s ]
SQL: SELECT `user_id` FROM `tp_users` WHERE ( user_id = 62179 ) LIMIT 1   [ RunTime:0.036529s ]
SQL: SELECT `qr_code`,`openid`,`qr_code_expire_time` FROM `tp_users` WHERE ( user_id = 62179 AND is_enable = 1 ) LIMIT 1   [ RunTime:0.011835s ]
SQL: SELECT `subscribe`,`openid`,`username` FROM `tp_users` WHERE ( user_id = 62179 AND is_enable = 1 ) LIMIT 1   [ RunTime:0.008073s ]
SQL: SHOW COLUMNS FROM `tp_member` [ RunTime:0.009297s ]
SQL: SELECT `default_user_address_id` FROM `tp_member` WHERE ( member_id = 62179 ) LIMIT 1   [ RunTime:0.008276s ]
SQL: SHOW COLUMNS FROM `tp_user_address` [ RunTime:0.009154s ]
SQL: SELECT `user_address_id` FROM `tp_users` WHERE ( user_id = 62179 AND is_enable = 1 ) LIMIT 1   [ RunTime:0.008265s ]
SQL: SELECT * FROM `tp_user_address` WHERE ( user_address_id = 5 ) LIMIT 1   [ RunTime:0.008684s ]
SQL: SHOW COLUMNS FROM `tp_address_province` [ RunTime:0.008705s ]
SQL: SELECT `province_name` FROM `tp_address_province` WHERE ( province_id = 110000 ) LIMIT 1   [ RunTime:0.007949s ]
SQL: SHOW COLUMNS FROM `tp_address_city` [ RunTime:0.015598s ]
SQL: SELECT `city_name` FROM `tp_address_city` WHERE ( city_id = 110000 ) LIMIT 1   [ RunTime:0.008982s ]
SQL: SHOW COLUMNS FROM `tp_address_area` [ RunTime:0.010007s ]
SQL: SELECT `area_name` FROM `tp_address_area` WHERE ( area_id = 110102 ) LIMIT 1   [ RunTime:0.007815s ]
SQL: SHOW COLUMNS FROM `tp_config` [ RunTime:0.008553s ]
SQL: SELECT `config_value` FROM `tp_config` WHERE ( config_name= "jsapi_ticket" ) LIMIT 1   [ RunTime:0.007878s ]
SQL: SELECT `config_value` FROM `tp_config` WHERE ( config_name= "jsapi_ticket_expire_time" ) LIMIT 1   [ RunTime:0.041985s ]
SQL: SELECT `headimgurl` FROM `tp_users` WHERE ( user_id = 62179 AND is_enable = 1 ) LIMIT 1   [ RunTime:0.008577s ]
SQL: SELECT COUNT(*) AS tp_count FROM `tp_order` WHERE ( user_id = 62179 AND type = 2 ) LIMIT 1   [ RunTime:0.008025s ]
SQL: SELECT * FROM `tp_order` WHERE ( user_id = 62179 AND type = 2 ) ORDER BY addtime desc LIMIT 6, 2   [ RunTime:0.009780s ]
SQL: SHOW COLUMNS FROM `tp_business` [ RunTime:0.010063s ]
SQL: SELECT * FROM `tp_business` WHERE ( business_id = 15 ) LIMIT 1   [ RunTime:0.008802s ]
SQL: SELECT COUNT(*) AS tp_count FROM `tp_order_item` WHERE ( order_id = 398 ) LIMIT 1   [ RunTime:0.009924s ]
SQL: SELECT * FROM `tp_order_item` WHERE ( order_id = 398 )  [ RunTime:0.053060s ]
SQL: SHOW COLUMNS FROM `tp_business` [ RunTime:0.010034s ]
SQL: SELECT * FROM `tp_business` WHERE ( business_id = 15 ) LIMIT 1   [ RunTime:0.010635s ]
SQL: SELECT COUNT(*) AS tp_count FROM `tp_order_item` WHERE ( order_id = 397 ) LIMIT 1   [ RunTime:0.007921s ]
SQL: SELECT * FROM `tp_order_item` WHERE ( order_id = 397 )  [ RunTime:0.009293s ]

