[ 2017-07-03T18:04:03+08:00 ] 127.0.0.1 /FrontMerchantOrder/get_ali_param
DEBUG: ----REQUEST_METHOD----:POST_AJAX
DEBUG: ----POST----:Array
(
    [coin_num] => 10
    [order_id] => 1530
    [ali_user_id] => 2088702413039694
    [business_id] => 16
)

SQL: SHOW COLUMNS FROM `tp_config` [ RunTime:0.008462s ]
SQL: SELECT * FROM `tp_config`  [ RunTime:0.008990s ]
SQL: SHOW COLUMNS FROM `tp_page` [ RunTime:0.010080s ]
SQL: SELECT * FROM `tp_page` WHERE ( page_id = 1 ) LIMIT 1   [ RunTime:0.009071s ]
SQL: SHOW COLUMNS FROM `tp_page` [ RunTime:0.016365s ]
SQL: SELECT * FROM `tp_page` WHERE ( page_id = 1 ) LIMIT 1   [ RunTime:0.008142s ]
SQL: SELECT `user_id` FROM `tp_users` WHERE ( user_id = 62819 ) LIMIT 1   [ RunTime:0.007930s ]
SQL: SELECT `qr_code`,`openid`,`qr_code_expire_time` FROM `tp_users` WHERE ( user_id = 62819 AND is_enable = 1 ) LIMIT 1   [ RunTime:0.008135s ]
SQL: UPDATE `tp_users` SET `ticket`=null,`qr_code`='/Uploads/2017-07/2017-07-03/62819.jpg',`qr_code_expire_time`=1499681042 WHERE ( user_id = 62819 ) [ RunTime:0.011002s ]
SQL: SELECT `subscribe`,`openid`,`username` FROM `tp_users` WHERE ( user_id = 62819 AND is_enable = 1 ) LIMIT 1   [ RunTime:0.008051s ]
SQL: SHOW COLUMNS FROM `tp_member` [ RunTime:0.010459s ]
SQL: SELECT `default_user_address_id` FROM `tp_member` WHERE ( member_id = 62819 ) LIMIT 1   [ RunTime:0.007491s ]
SQL: SHOW COLUMNS FROM `tp_user_address` [ RunTime:0.008693s ]
SQL: SELECT `user_address_id` FROM `tp_users` WHERE ( user_id = 62819 AND is_enable = 1 ) LIMIT 1   [ RunTime:0.007770s ]
SQL: SELECT * FROM `tp_user_address` WHERE ( user_address_id =  ) LIMIT 1   [ RunTime:0.011349s ]
ERR: You have an error in your SQL syntax; check the manual that corresponds to your MySQL server version for the right syntax to use near ') LIMIT 1' at line 1
 [ SQL语句 ] : SELECT * FROM `tp_user_address` WHERE ( user_address_id =  ) LIMIT 1  
SQL: SHOW COLUMNS FROM `tp_address_province` [ RunTime:0.030078s ]
SQL: SELECT `province_name` FROM `tp_address_province` WHERE ( province_id = 0 ) LIMIT 1   [ RunTime:0.008868s ]
SQL: SHOW COLUMNS FROM `tp_address_city` [ RunTime:0.008924s ]
SQL: SELECT `city_name` FROM `tp_address_city` WHERE ( city_id = 0 ) LIMIT 1   [ RunTime:0.009832s ]
SQL: SHOW COLUMNS FROM `tp_config` [ RunTime:0.028444s ]
SQL: SELECT `config_value` FROM `tp_config` WHERE ( config_name= "jsapi_ticket" ) LIMIT 1   [ RunTime:0.007876s ]
SQL: SELECT `config_value` FROM `tp_config` WHERE ( config_name= "jsapi_ticket_expire_time" ) LIMIT 1   [ RunTime:0.007798s ]
SQL: SELECT `headimgurl` FROM `tp_users` WHERE ( user_id = 62819 AND is_enable = 1 ) LIMIT 1   [ RunTime:0.009036s ]
SQL: SELECT `pay_amount`,`total_amount`,`express_fee`,`user_address_id`,`voucher_code`,`business_id` FROM `tp_order` WHERE ( order_id = 1530 ) LIMIT 1   [ RunTime:0.007817s ]
SQL: SHOW COLUMNS FROM `tp_business` [ RunTime:0.009326s ]
SQL: SELECT * FROM `tp_business` WHERE ( business_id = 16 ) LIMIT 1   [ RunTime:0.009711s ]

[ 2017-07-03T18:35:55+08:00 ] 127.0.0.1 /FrontMerchantOrder/buy_bill/business_id/16
DEBUG: ----REQUEST_METHOD----:GET
SQL: SHOW COLUMNS FROM `tp_config` [ RunTime:0.008951s ]
SQL: SELECT * FROM `tp_config`  [ RunTime:0.008819s ]
SQL: SHOW COLUMNS FROM `tp_page` [ RunTime:0.008769s ]
SQL: SELECT * FROM `tp_page` WHERE ( page_id = 1 ) LIMIT 1   [ RunTime:0.008291s ]
SQL: SHOW COLUMNS FROM `tp_page` [ RunTime:0.008952s ]
SQL: SELECT * FROM `tp_page` WHERE ( page_id = 1 ) LIMIT 1   [ RunTime:0.008893s ]
SQL: SELECT `user_id` FROM `tp_users` WHERE ( user_id = 62819 ) LIMIT 1   [ RunTime:0.026641s ]
SQL: SELECT `subscribe`,`openid`,`username` FROM `tp_users` WHERE ( user_id = 62819 AND is_enable = 1 ) LIMIT 1   [ RunTime:0.062870s ]
SQL: SHOW COLUMNS FROM `tp_member` [ RunTime:0.014484s ]
SQL: SELECT `default_user_address_id` FROM `tp_member` WHERE ( member_id = 62819 ) LIMIT 1   [ RunTime:0.014591s ]
SQL: SHOW COLUMNS FROM `tp_user_address` [ RunTime:0.016068s ]
SQL: SELECT `user_address_id` FROM `tp_users` WHERE ( user_id = 62819 AND is_enable = 1 ) LIMIT 1   [ RunTime:0.013494s ]
SQL: SELECT * FROM `tp_user_address` WHERE ( user_address_id =  ) LIMIT 1   [ RunTime:0.015855s ]
ERR: You have an error in your SQL syntax; check the manual that corresponds to your MySQL server version for the right syntax to use near ') LIMIT 1' at line 1
 [ SQL语句 ] : SELECT * FROM `tp_user_address` WHERE ( user_address_id =  ) LIMIT 1  
SQL: SHOW COLUMNS FROM `tp_address_province` [ RunTime:0.018223s ]
SQL: SELECT `province_name` FROM `tp_address_province` WHERE ( province_id = 0 ) LIMIT 1   [ RunTime:0.015938s ]
SQL: SHOW COLUMNS FROM `tp_address_city` [ RunTime:0.015232s ]
SQL: SELECT `city_name` FROM `tp_address_city` WHERE ( city_id = 0 ) LIMIT 1   [ RunTime:0.018645s ]
SQL: SHOW COLUMNS FROM `tp_config` [ RunTime:0.010270s ]
SQL: SELECT `config_value` FROM `tp_config` WHERE ( config_name= "jsapi_ticket" ) LIMIT 1   [ RunTime:0.008805s ]
SQL: SELECT `config_value` FROM `tp_config` WHERE ( config_name= "jsapi_ticket_expire_time" ) LIMIT 1   [ RunTime:0.010715s ]
SQL: SELECT `headimgurl` FROM `tp_users` WHERE ( user_id = 62819 AND is_enable = 1 ) LIMIT 1   [ RunTime:0.008713s ]
SQL: SHOW COLUMNS FROM `tp_discount_minus` [ RunTime:0.020679s ]
SQL: SELECT * FROM `tp_discount_minus` WHERE ( merchant_id=16 AND isuse='1' AND ( scope='1' or scope='0' ) ) LIMIT 1   [ RunTime:0.051577s ]
SQL: SHOW COLUMNS FROM `tp_vouchers` [ RunTime:0.017491s ]
SQL: SELECT * FROM `tp_vouchers` WHERE ( merchant_id=16 AND isuse='1' AND ( scope='1' or scope='0' ) ) LIMIT 1   [ RunTime:0.015804s ]
SQL: SHOW COLUMNS FROM `tp_business` [ RunTime:0.013984s ]
SQL: SELECT * FROM `tp_business` WHERE ( business_id='16' ) LIMIT 1   [ RunTime:0.018757s ]
SQL: SELECT `first_agent_id` FROM `tp_users` WHERE ( user_id='62819' ) LIMIT 1   [ RunTime:0.016813s ]
SQL: SHOW COLUMNS FROM `tp_discount_minus` [ RunTime:0.017370s ]
SQL: SELECT `discount_minus_id`,`num`,`amount_limit` FROM `tp_discount_minus` WHERE merchant_id=16 AND isuse='1' AND (scope='1' or scope='0') AND 1499078154 > start_time AND 1499078154
         < end_time  ORDER BY amount_limit ASC  [ RunTime:0.009040s ]
SQL: SELECT `discount_minus_id`,`num`,`amount_limit` FROM `tp_discount_minus` WHERE merchant_id='0' AND isuse='1' AND (scope='1' or scope='0')  AND 1499078154 > start_time AND 1499078154
         < end_time   [ RunTime:0.024539s ]
SQL: SHOW COLUMNS FROM `tp_user_vouchers` [ RunTime:0.021525s ]
SQL: SELECT `vouchers_id` FROM `tp_user_vouchers` WHERE user_id=62819 AND merchant_id=16 AND isuse='1' AND (scope='1' or scope='0')  LIMIT 0, 15   [ RunTime:0.009978s ]
SQL: SHOW COLUMNS FROM `tp_vouchers` [ RunTime:0.027090s ]

[ 2017-07-03T18:35:56+08:00 ] 127.0.0.1 /Tpl//Public/mall_home/blue/css/header_footer.css?version=201612002
DEBUG: ----REQUEST_METHOD----:GET
SQL: SHOW COLUMNS FROM `tp_config` [ RunTime:0.023753s ]
SQL: SELECT * FROM `tp_config`  [ RunTime:0.018055s ]
SQL: SHOW COLUMNS FROM `tp_page` [ RunTime:0.009569s ]
SQL: SELECT * FROM `tp_page` WHERE ( page_id = 1 ) LIMIT 1   [ RunTime:0.007886s ]
SQL: SHOW COLUMNS FROM `tp_page` [ RunTime:0.009580s ]
SQL: SELECT * FROM `tp_page` WHERE ( page_id = 1 ) LIMIT 1   [ RunTime:0.007970s ]
SQL: SELECT `user_id` FROM `tp_users` WHERE ( user_id = 62819 ) LIMIT 1   [ RunTime:0.010048s ]
SQL: SELECT `qr_code`,`openid`,`qr_code_expire_time` FROM `tp_users` WHERE ( user_id = 62819 AND is_enable = 1 ) LIMIT 1   [ RunTime:0.011506s ]
SQL: UPDATE `tp_users` SET `ticket`=null,`qr_code`='/Uploads/2017-07/2017-07-03/62819.jpg',`qr_code_expire_time`=1499682955 WHERE ( user_id = 62819 ) [ RunTime:0.011502s ]
SQL: SELECT `subscribe`,`openid`,`username` FROM `tp_users` WHERE ( user_id = 62819 AND is_enable = 1 ) LIMIT 1   [ RunTime:0.010494s ]
SQL: SHOW COLUMNS FROM `tp_member` [ RunTime:0.013686s ]
SQL: SELECT `default_user_address_id` FROM `tp_member` WHERE ( member_id = 62819 ) LIMIT 1   [ RunTime:0.007824s ]
SQL: SHOW COLUMNS FROM `tp_user_address` [ RunTime:0.010465s ]
SQL: SELECT `user_address_id` FROM `tp_users` WHERE ( user_id = 62819 AND is_enable = 1 ) LIMIT 1   [ RunTime:0.008068s ]
SQL: SELECT * FROM `tp_user_address` WHERE ( user_address_id =  ) LIMIT 1   [ RunTime:0.014567s ]
ERR: You have an error in your SQL syntax; check the manual that corresponds to your MySQL server version for the right syntax to use near ') LIMIT 1' at line 1
 [ SQL语句 ] : SELECT * FROM `tp_user_address` WHERE ( user_address_id =  ) LIMIT 1  
SQL: SHOW COLUMNS FROM `tp_address_province` [ RunTime:0.019825s ]
SQL: SELECT `province_name` FROM `tp_address_province` WHERE ( province_id = 0 ) LIMIT 1   [ RunTime:0.009568s ]
SQL: SHOW COLUMNS FROM `tp_address_city` [ RunTime:0.017542s ]
SQL: SELECT `city_name` FROM `tp_address_city` WHERE ( city_id = 0 ) LIMIT 1   [ RunTime:0.011791s ]
SQL: SHOW COLUMNS FROM `tp_config` [ RunTime:0.012532s ]
SQL: SELECT `config_value` FROM `tp_config` WHERE ( config_name= "jsapi_ticket" ) LIMIT 1   [ RunTime:0.007965s ]
SQL: SELECT `config_value` FROM `tp_config` WHERE ( config_name= "jsapi_ticket_expire_time" ) LIMIT 1   [ RunTime:0.008059s ]
SQL: SELECT `headimgurl` FROM `tp_users` WHERE ( user_id = 62819 AND is_enable = 1 ) LIMIT 1   [ RunTime:0.008300s ]

[ 2017-07-03T18:35:57+08:00 ] 127.0.0.1 /
DEBUG: ----REQUEST_METHOD----:GET
SQL: SHOW COLUMNS FROM `tp_config` [ RunTime:0.012027s ]
SQL: SELECT * FROM `tp_config`  [ RunTime:0.015002s ]
SQL: SHOW COLUMNS FROM `tp_page` [ RunTime:0.013872s ]
SQL: SELECT * FROM `tp_page` WHERE ( page_id = 1 ) LIMIT 1   [ RunTime:0.024890s ]
SQL: SHOW COLUMNS FROM `tp_page` [ RunTime:0.020530s ]
SQL: SELECT * FROM `tp_page` WHERE ( page_id = 1 ) LIMIT 1   [ RunTime:0.012115s ]
SQL: SELECT `user_id` FROM `tp_users` WHERE ( user_id = 62819 ) LIMIT 1   [ RunTime:0.013606s ]
SQL: SELECT `qr_code`,`openid`,`qr_code_expire_time` FROM `tp_users` WHERE ( user_id = 62819 AND is_enable = 1 ) LIMIT 1   [ RunTime:0.012737s ]
SQL: UPDATE `tp_users` SET `ticket`=null,`qr_code`='/Uploads/2017-07/2017-07-03/62819.jpg',`qr_code_expire_time`=1499682956 WHERE ( user_id = 62819 ) [ RunTime:0.012102s ]
SQL: SELECT `subscribe`,`openid`,`username` FROM `tp_users` WHERE ( user_id = 62819 AND is_enable = 1 ) LIMIT 1   [ RunTime:0.008247s ]
SQL: SHOW COLUMNS FROM `tp_member` [ RunTime:0.014563s ]
SQL: SELECT `default_user_address_id` FROM `tp_member` WHERE ( member_id = 62819 ) LIMIT 1   [ RunTime:0.013479s ]
SQL: SHOW COLUMNS FROM `tp_user_address` [ RunTime:0.018247s ]
SQL: SELECT `user_address_id` FROM `tp_users` WHERE ( user_id = 62819 AND is_enable = 1 ) LIMIT 1   [ RunTime:0.023038s ]
SQL: SELECT * FROM `tp_user_address` WHERE ( user_address_id =  ) LIMIT 1   [ RunTime:0.009981s ]
ERR: You have an error in your SQL syntax; check the manual that corresponds to your MySQL server version for the right syntax to use near ') LIMIT 1' at line 1
 [ SQL语句 ] : SELECT * FROM `tp_user_address` WHERE ( user_address_id =  ) LIMIT 1  
SQL: SHOW COLUMNS FROM `tp_address_province` [ RunTime:0.011893s ]
SQL: SELECT `province_name` FROM `tp_address_province` WHERE ( province_id = 0 ) LIMIT 1   [ RunTime:0.012049s ]
SQL: SHOW COLUMNS FROM `tp_address_city` [ RunTime:0.010073s ]
SQL: SELECT `city_name` FROM `tp_address_city` WHERE ( city_id = 0 ) LIMIT 1   [ RunTime:0.019437s ]
SQL: SHOW COLUMNS FROM `tp_config` [ RunTime:0.009355s ]
SQL: SELECT `config_value` FROM `tp_config` WHERE ( config_name= "jsapi_ticket" ) LIMIT 1   [ RunTime:0.008937s ]
SQL: SELECT `config_value` FROM `tp_config` WHERE ( config_name= "jsapi_ticket_expire_time" ) LIMIT 1   [ RunTime:0.020382s ]
SQL: SELECT `headimgurl` FROM `tp_users` WHERE ( user_id = 62819 AND is_enable = 1 ) LIMIT 1   [ RunTime:0.014538s ]
SQL: SHOW COLUMNS FROM `tp_config` [ RunTime:0.011095s ]
SQL: SELECT `config_value` FROM `tp_config` WHERE ( config_name= "range" ) LIMIT 1   [ RunTime:0.012802s ]
SQL: SELECT `config_value` FROM `tp_config` WHERE ( config_name= "pre_near_num" ) LIMIT 1   [ RunTime:0.016820s ]

[ 2017-07-03T18:35:58+08:00 ] 127.0.0.1 /Index/home_index
DEBUG: ----REQUEST_METHOD----:GET
SQL: SHOW COLUMNS FROM `tp_config` [ RunTime:0.008380s ]
SQL: SELECT * FROM `tp_config`  [ RunTime:0.009471s ]
SQL: SHOW COLUMNS FROM `tp_page` [ RunTime:0.008751s ]
SQL: SELECT * FROM `tp_page` WHERE ( page_id = 1 ) LIMIT 1   [ RunTime:0.010823s ]
SQL: SHOW COLUMNS FROM `tp_page` [ RunTime:0.019429s ]
SQL: SELECT * FROM `tp_page` WHERE ( page_id = 1 ) LIMIT 1   [ RunTime:0.025847s ]
SQL: SELECT `user_id` FROM `tp_users` WHERE ( user_id = 62819 ) LIMIT 1   [ RunTime:0.009994s ]
SQL: SELECT `qr_code`,`openid`,`qr_code_expire_time` FROM `tp_users` WHERE ( user_id = 62819 AND is_enable = 1 ) LIMIT 1   [ RunTime:0.016391s ]
SQL: UPDATE `tp_users` SET `ticket`=null,`qr_code`='/Uploads/2017-07/2017-07-03/62819.jpg',`qr_code_expire_time`=1499682957 WHERE ( user_id = 62819 ) [ RunTime:0.008431s ]
SQL: SELECT `subscribe`,`openid`,`username` FROM `tp_users` WHERE ( user_id = 62819 AND is_enable = 1 ) LIMIT 1   [ RunTime:0.008852s ]
SQL: SHOW COLUMNS FROM `tp_member` [ RunTime:0.026895s ]
SQL: SELECT `default_user_address_id` FROM `tp_member` WHERE ( member_id = 62819 ) LIMIT 1   [ RunTime:0.008920s ]
SQL: SHOW COLUMNS FROM `tp_user_address` [ RunTime:0.008638s ]
SQL: SELECT `user_address_id` FROM `tp_users` WHERE ( user_id = 62819 AND is_enable = 1 ) LIMIT 1   [ RunTime:0.011670s ]
SQL: SELECT * FROM `tp_user_address` WHERE ( user_address_id =  ) LIMIT 1   [ RunTime:0.007487s ]
ERR: You have an error in your SQL syntax; check the manual that corresponds to your MySQL server version for the right syntax to use near ') LIMIT 1' at line 1
 [ SQL语句 ] : SELECT * FROM `tp_user_address` WHERE ( user_address_id =  ) LIMIT 1  
SQL: SHOW COLUMNS FROM `tp_address_province` [ RunTime:0.008350s ]
SQL: SELECT `province_name` FROM `tp_address_province` WHERE ( province_id = 0 ) LIMIT 1   [ RunTime:0.007289s ]
SQL: SHOW COLUMNS FROM `tp_address_city` [ RunTime:0.007999s ]
SQL: SELECT `city_name` FROM `tp_address_city` WHERE ( city_id = 0 ) LIMIT 1   [ RunTime:0.007819s ]
SQL: SHOW COLUMNS FROM `tp_config` [ RunTime:0.008331s ]
SQL: SELECT `config_value` FROM `tp_config` WHERE ( config_name= "jsapi_ticket" ) LIMIT 1   [ RunTime:0.007157s ]
SQL: SELECT `config_value` FROM `tp_config` WHERE ( config_name= "jsapi_ticket_expire_time" ) LIMIT 1   [ RunTime:0.011667s ]
SQL: SELECT `headimgurl` FROM `tp_users` WHERE ( user_id = 62819 AND is_enable = 1 ) LIMIT 1   [ RunTime:0.029200s ]
SQL: SHOW COLUMNS FROM `tp_config` [ RunTime:0.012216s ]
SQL: SELECT `config_value` FROM `tp_config` WHERE ( config_name= "range" ) LIMIT 1   [ RunTime:0.010952s ]
SQL: SELECT `config_value` FROM `tp_config` WHERE ( config_name= "pre_near_num" ) LIMIT 1   [ RunTime:0.008448s ]
SQL: SHOW COLUMNS FROM `tp_address_area` [ RunTime:0.009085s ]
SQL: SELECT `area_name` FROM `tp_address_area` WHERE ( area_id = 330104 ) LIMIT 1   [ RunTime:0.007359s ]
SQL: SHOW COLUMNS FROM `tp_address_area` [ RunTime:0.010159s ]
SQL: SELECT `area_name` FROM `tp_address_area` WHERE ( `area_id` = 330104 ) LIMIT 1   [ RunTime:0.007549s ]
SQL: SHOW COLUMNS FROM `tp_cust_flash` [ RunTime:0.008267s ]
SQL: SELECT * FROM `tp_cust_flash` WHERE ( isuse=1 ) ORDER BY serial ASC LIMIT 3   [ RunTime:0.013148s ]
SQL: SHOW COLUMNS FROM `tp_business_classify` [ RunTime:0.021798s ]
SQL: SELECT * FROM `tp_business_classify` WHERE ( isuse=1 ) ORDER BY serial ASC LIMIT 0, 15   [ RunTime:0.018372s ]
SQL: SHOW COLUMNS FROM `tp_business` [ RunTime:0.010863s ]
SQL: SELECT * from(SELECT *,ROUND(6378.138 * 2 * ASIN(SQRT(POW(SIN((30.25924446* PI() / 180 - latitude * PI() / 180) / 2),2) + COS(30.25924446 * PI() / 180) * COS(latitude * PI() / 180) * POW(SIN((120.21937542 * PI() / 180 - longitude * PI() / 180) / 2), 2))) * 1000) AS distance from tp_business where status=1 order by distance asc  ) as busi where business_classify_id=25 [ RunTime:0.010179s ]
SQL: SHOW COLUMNS FROM `tp_business_classify` [ RunTime:0.009909s ]
SQL: SHOW COLUMNS FROM tp_business as b [ RunTime:0.009874s ]
ERR: You have an error in your SQL syntax; check the manual that corresponds to your MySQL server version for the right syntax to use near 'as b' at line 1
 [ SQL语句 ] : SHOW COLUMNS FROM tp_business as b
SQL: SELECT * FROM tp_business as b left JOIN tp_business_classify as s on s.business_classify_id=b.business_classify_id  WHERE ( b.status=1 ) ORDER BY rate desc LIMIT 5   [ RunTime:0.015554s ]
SQL: SELECT * from(SELECT *,ROUND(6378.138 * 2 * ASIN(SQRT(POW(SIN((30.25924446* PI() / 180 - latitude * PI() / 180) / 2),2) + COS(30.25924446 * PI() / 180) * COS(latitude * PI() / 180) * POW(SIN((120.21937542 * PI() / 180 - longitude * PI() / 180) / 2), 2))) * 1000) AS distance from tp_business where status=1 AND is_open=1 AND business_classify_id=25 order by distance asc  limit 0,5 ) as busi where business_classify_id=25 AND distance < 10000000 [ RunTime:0.018838s ]
SQL: SELECT * FROM `tp_business` WHERE ( status=1 and is_open=1 and business_classify_id!=25 )  [ RunTime:0.011292s ]
SQL: SELECT * from(SELECT *,ROUND(6378.138 * 2 * ASIN(SQRT(POW(SIN((30.25924446* PI() / 180 - latitude * PI() / 180) / 2),2) + COS(30.25924446 * PI() / 180) * COS(latitude * PI() / 180) * POW(SIN((120.21937542 * PI() / 180 - longitude * PI() / 180) / 2), 2))) * 1000) AS distance from tp_business where status=1 AND is_open=1 AND business_classify_id!=25 order by distance asc  limit 0,5 ) as busi where distance < 10000000 [ RunTime:0.010443s ]
SQL: SHOW COLUMNS FROM `tp_order` [ RunTime:0.014663s ]
SQL: SELECT COUNT(*) AS tp_count FROM `tp_order` WHERE ( order_status=1 and business_id=11 ) LIMIT 1   [ RunTime:0.011077s ]
SQL: SELECT COUNT(*) AS tp_count FROM `tp_order` WHERE ( order_status=1 and business_id=16 ) LIMIT 1   [ RunTime:0.010788s ]
SQL: SELECT COUNT(*) AS tp_count FROM `tp_order` WHERE ( order_status=1 and business_id=17 ) LIMIT 1   [ RunTime:0.008743s ]
SQL: SELECT COUNT(*) AS tp_count FROM `tp_order` WHERE ( order_status=1 and business_id=5 ) LIMIT 1   [ RunTime:0.010021s ]
SQL: SELECT COUNT(*) AS tp_count FROM `tp_order` WHERE ( order_status=1 and business_id=6 ) LIMIT 1   [ RunTime:0.009061s ]
SQL: SHOW COLUMNS FROM `tp_user_address` [ RunTime:0.015102s ]
SQL: SELECT * from(SELECT *,ROUND(6378.138 * 2 * ASIN(SQRT(POW(SIN((30.25924446* PI() / 180 - latitude * PI() / 180) / 2),2) + COS(30.25924446 * PI() / 180) * COS(latitude * PI() / 180) * POW(SIN((120.21937542 * PI() / 180 - longitude * PI() / 180) / 2), 2))) * 1000) AS distance from tp_user_address where user_id = 62819 order by distance asc  ) as address [ RunTime:0.013019s ]

[ 2017-07-03T18:39:15+08:00 ] 127.0.0.1 /FrontMerchantOrder/buy_bill/business_id/16
DEBUG: ----REQUEST_METHOD----:GET
SQL: SHOW COLUMNS FROM `tp_config` [ RunTime:0.029806s ]
SQL: SELECT * FROM `tp_config`  [ RunTime:0.035758s ]
SQL: SHOW COLUMNS FROM `tp_page` [ RunTime:0.022103s ]
SQL: SELECT * FROM `tp_page` WHERE ( page_id = 1 ) LIMIT 1   [ RunTime:0.023981s ]
SQL: SHOW COLUMNS FROM `tp_page` [ RunTime:0.029192s ]
SQL: SELECT * FROM `tp_page` WHERE ( page_id = 1 ) LIMIT 1   [ RunTime:0.017201s ]
SQL: SELECT `user_id` FROM `tp_users` WHERE ( user_id = 62819 ) LIMIT 1   [ RunTime:0.024602s ]
SQL: SELECT `subscribe`,`openid`,`username` FROM `tp_users` WHERE ( user_id = 62819 AND is_enable = 1 ) LIMIT 1   [ RunTime:0.021028s ]
SQL: SHOW COLUMNS FROM `tp_member` [ RunTime:0.060388s ]
SQL: SELECT `default_user_address_id` FROM `tp_member` WHERE ( member_id = 62819 ) LIMIT 1   [ RunTime:0.042072s ]
SQL: SHOW COLUMNS FROM `tp_user_address` [ RunTime:0.036776s ]
SQL: SELECT `user_address_id` FROM `tp_users` WHERE ( user_id = 62819 AND is_enable = 1 ) LIMIT 1   [ RunTime:0.028998s ]
SQL: SELECT * FROM `tp_user_address` WHERE ( user_address_id =  ) LIMIT 1   [ RunTime:0.025210s ]
ERR: You have an error in your SQL syntax; check the manual that corresponds to your MySQL server version for the right syntax to use near ') LIMIT 1' at line 1
 [ SQL语句 ] : SELECT * FROM `tp_user_address` WHERE ( user_address_id =  ) LIMIT 1  
SQL: SHOW COLUMNS FROM `tp_address_province` [ RunTime:0.042638s ]
SQL: SELECT `province_name` FROM `tp_address_province` WHERE ( province_id = 0 ) LIMIT 1   [ RunTime:0.025323s ]
SQL: SHOW COLUMNS FROM `tp_address_city` [ RunTime:0.030191s ]
SQL: SELECT `city_name` FROM `tp_address_city` WHERE ( city_id = 0 ) LIMIT 1   [ RunTime:0.087635s ]
SQL: SHOW COLUMNS FROM `tp_config` [ RunTime:0.045620s ]
SQL: SELECT `config_value` FROM `tp_config` WHERE ( config_name= "jsapi_ticket" ) LIMIT 1   [ RunTime:0.019921s ]
SQL: SELECT `config_value` FROM `tp_config` WHERE ( config_name= "jsapi_ticket_expire_time" ) LIMIT 1   [ RunTime:0.025369s ]
SQL: SELECT `headimgurl` FROM `tp_users` WHERE ( user_id = 62819 AND is_enable = 1 ) LIMIT 1   [ RunTime:0.028496s ]
SQL: SHOW COLUMNS FROM `tp_discount_minus` [ RunTime:0.040810s ]
SQL: SELECT * FROM `tp_discount_minus` WHERE ( merchant_id=16 AND isuse='1' AND ( scope='1' or scope='0' ) ) LIMIT 1   [ RunTime:0.023009s ]
SQL: SHOW COLUMNS FROM `tp_vouchers` [ RunTime:0.040388s ]
SQL: SELECT * FROM `tp_vouchers` WHERE ( merchant_id=16 AND isuse='1' AND ( scope='1' or scope='0' ) ) LIMIT 1   [ RunTime:0.043947s ]
SQL: SHOW COLUMNS FROM `tp_business` [ RunTime:0.038147s ]
SQL: SELECT * FROM `tp_business` WHERE ( business_id='16' ) LIMIT 1   [ RunTime:0.027790s ]
SQL: SELECT `first_agent_id` FROM `tp_users` WHERE ( user_id='62819' ) LIMIT 1   [ RunTime:0.026322s ]
SQL: SHOW COLUMNS FROM `tp_discount_minus` [ RunTime:0.018043s ]
SQL: SELECT `discount_minus_id`,`num`,`amount_limit` FROM `tp_discount_minus` WHERE merchant_id=16 AND isuse='1' AND (scope='1' or scope='0') AND 1499078354 > start_time AND 1499078354
         < end_time  ORDER BY amount_limit ASC  [ RunTime:0.032967s ]
SQL: SELECT `discount_minus_id`,`num`,`amount_limit` FROM `tp_discount_minus` WHERE merchant_id='0' AND isuse='1' AND (scope='1' or scope='0')  AND 1499078354 > start_time AND 1499078354
         < end_time   [ RunTime:0.032210s ]
SQL: SHOW COLUMNS FROM `tp_user_vouchers` [ RunTime:0.033169s ]
SQL: SELECT `vouchers_id` FROM `tp_user_vouchers` WHERE user_id=62819 AND merchant_id=16 AND isuse='1' AND (scope='1' or scope='0')  LIMIT 0, 15   [ RunTime:0.025389s ]
SQL: SHOW COLUMNS FROM `tp_vouchers` [ RunTime:0.034734s ]

[ 2017-07-03T18:39:16+08:00 ] 127.0.0.1 /Tpl//Public/mall_home/blue/css/header_footer.css?version=201612002
DEBUG: ----REQUEST_METHOD----:GET
SQL: SHOW COLUMNS FROM `tp_config` [ RunTime:0.009704s ]
SQL: SELECT * FROM `tp_config`  [ RunTime:0.011252s ]
SQL: SHOW COLUMNS FROM `tp_page` [ RunTime:0.008961s ]
SQL: SELECT * FROM `tp_page` WHERE ( page_id = 1 ) LIMIT 1   [ RunTime:0.013285s ]
SQL: SHOW COLUMNS FROM `tp_page` [ RunTime:0.012704s ]
SQL: SELECT * FROM `tp_page` WHERE ( page_id = 1 ) LIMIT 1   [ RunTime:0.008282s ]
SQL: SELECT `user_id` FROM `tp_users` WHERE ( user_id = 62819 ) LIMIT 1   [ RunTime:0.011066s ]
SQL: SELECT `qr_code`,`openid`,`qr_code_expire_time` FROM `tp_users` WHERE ( user_id = 62819 AND is_enable = 1 ) LIMIT 1   [ RunTime:0.019234s ]
SQL: UPDATE `tp_users` SET `ticket`=null,`qr_code`='/Uploads/2017-07/2017-07-03/62819.jpg',`qr_code_expire_time`=1499683156 WHERE ( user_id = 62819 ) [ RunTime:0.009256s ]
SQL: SELECT `subscribe`,`openid`,`username` FROM `tp_users` WHERE ( user_id = 62819 AND is_enable = 1 ) LIMIT 1   [ RunTime:0.009394s ]
SQL: SHOW COLUMNS FROM `tp_member` [ RunTime:0.008447s ]
SQL: SELECT `default_user_address_id` FROM `tp_member` WHERE ( member_id = 62819 ) LIMIT 1   [ RunTime:0.008913s ]
SQL: SHOW COLUMNS FROM `tp_user_address` [ RunTime:0.008839s ]
SQL: SELECT `user_address_id` FROM `tp_users` WHERE ( user_id = 62819 AND is_enable = 1 ) LIMIT 1   [ RunTime:0.015502s ]
SQL: SELECT * FROM `tp_user_address` WHERE ( user_address_id =  ) LIMIT 1   [ RunTime:0.008495s ]
ERR: You have an error in your SQL syntax; check the manual that corresponds to your MySQL server version for the right syntax to use near ') LIMIT 1' at line 1
 [ SQL语句 ] : SELECT * FROM `tp_user_address` WHERE ( user_address_id =  ) LIMIT 1  
SQL: SHOW COLUMNS FROM `tp_address_province` [ RunTime:0.013731s ]
SQL: SELECT `province_name` FROM `tp_address_province` WHERE ( province_id = 0 ) LIMIT 1   [ RunTime:0.012317s ]
SQL: SHOW COLUMNS FROM `tp_address_city` [ RunTime:0.008410s ]
SQL: SELECT `city_name` FROM `tp_address_city` WHERE ( city_id = 0 ) LIMIT 1   [ RunTime:0.008233s ]
SQL: SHOW COLUMNS FROM `tp_config` [ RunTime:0.017099s ]
SQL: SELECT `config_value` FROM `tp_config` WHERE ( config_name= "jsapi_ticket" ) LIMIT 1   [ RunTime:0.018026s ]
SQL: SELECT `config_value` FROM `tp_config` WHERE ( config_name= "jsapi_ticket_expire_time" ) LIMIT 1   [ RunTime:0.012316s ]
SQL: SELECT `headimgurl` FROM `tp_users` WHERE ( user_id = 62819 AND is_enable = 1 ) LIMIT 1   [ RunTime:0.014034s ]

[ 2017-07-03T18:39:17+08:00 ] 127.0.0.1 /
DEBUG: ----REQUEST_METHOD----:GET
SQL: SHOW COLUMNS FROM `tp_config` [ RunTime:0.011156s ]
SQL: SELECT * FROM `tp_config`  [ RunTime:0.010496s ]
SQL: SHOW COLUMNS FROM `tp_page` [ RunTime:0.012577s ]
SQL: SELECT * FROM `tp_page` WHERE ( page_id = 1 ) LIMIT 1   [ RunTime:0.009735s ]
SQL: SHOW COLUMNS FROM `tp_page` [ RunTime:0.010594s ]
SQL: SELECT * FROM `tp_page` WHERE ( page_id = 1 ) LIMIT 1   [ RunTime:0.008483s ]
SQL: SELECT `user_id` FROM `tp_users` WHERE ( user_id = 62819 ) LIMIT 1   [ RunTime:0.013935s ]
SQL: SELECT `qr_code`,`openid`,`qr_code_expire_time` FROM `tp_users` WHERE ( user_id = 62819 AND is_enable = 1 ) LIMIT 1   [ RunTime:0.027835s ]
SQL: UPDATE `tp_users` SET `ticket`=null,`qr_code`='/Uploads/2017-07/2017-07-03/62819.jpg',`qr_code_expire_time`=1499683156 WHERE ( user_id = 62819 ) [ RunTime:0.008531s ]
SQL: SELECT `subscribe`,`openid`,`username` FROM `tp_users` WHERE ( user_id = 62819 AND is_enable = 1 ) LIMIT 1   [ RunTime:0.008632s ]
SQL: SHOW COLUMNS FROM `tp_member` [ RunTime:0.011789s ]
SQL: SELECT `default_user_address_id` FROM `tp_member` WHERE ( member_id = 62819 ) LIMIT 1   [ RunTime:0.008197s ]
SQL: SHOW COLUMNS FROM `tp_user_address` [ RunTime:0.008442s ]
SQL: SELECT `user_address_id` FROM `tp_users` WHERE ( user_id = 62819 AND is_enable = 1 ) LIMIT 1   [ RunTime:0.010563s ]
SQL: SELECT * FROM `tp_user_address` WHERE ( user_address_id =  ) LIMIT 1   [ RunTime:0.008355s ]
ERR: You have an error in your SQL syntax; check the manual that corresponds to your MySQL server version for the right syntax to use near ') LIMIT 1' at line 1
 [ SQL语句 ] : SELECT * FROM `tp_user_address` WHERE ( user_address_id =  ) LIMIT 1  
SQL: SHOW COLUMNS FROM `tp_address_province` [ RunTime:0.011455s ]
SQL: SELECT `province_name` FROM `tp_address_province` WHERE ( province_id = 0 ) LIMIT 1   [ RunTime:0.012453s ]
SQL: SHOW COLUMNS FROM `tp_address_city` [ RunTime:0.010373s ]
SQL: SELECT `city_name` FROM `tp_address_city` WHERE ( city_id = 0 ) LIMIT 1   [ RunTime:0.009864s ]
SQL: SHOW COLUMNS FROM `tp_config` [ RunTime:0.010078s ]
SQL: SELECT `config_value` FROM `tp_config` WHERE ( config_name= "jsapi_ticket" ) LIMIT 1   [ RunTime:0.011760s ]
SQL: SELECT `config_value` FROM `tp_config` WHERE ( config_name= "jsapi_ticket_expire_time" ) LIMIT 1   [ RunTime:0.010474s ]
SQL: SELECT `headimgurl` FROM `tp_users` WHERE ( user_id = 62819 AND is_enable = 1 ) LIMIT 1   [ RunTime:0.013078s ]
SQL: SHOW COLUMNS FROM `tp_config` [ RunTime:0.017084s ]
SQL: SELECT `config_value` FROM `tp_config` WHERE ( config_name= "range" ) LIMIT 1   [ RunTime:0.025397s ]
SQL: SELECT `config_value` FROM `tp_config` WHERE ( config_name= "pre_near_num" ) LIMIT 1   [ RunTime:0.009548s ]

[ 2017-07-03T18:39:18+08:00 ] 127.0.0.1 /Index/home_index
DEBUG: ----REQUEST_METHOD----:GET
SQL: SHOW COLUMNS FROM `tp_config` [ RunTime:0.009931s ]
SQL: SELECT * FROM `tp_config`  [ RunTime:0.009545s ]
SQL: SHOW COLUMNS FROM `tp_page` [ RunTime:0.009249s ]
SQL: SELECT * FROM `tp_page` WHERE ( page_id = 1 ) LIMIT 1   [ RunTime:0.008512s ]
SQL: SHOW COLUMNS FROM `tp_page` [ RunTime:0.008885s ]
SQL: SELECT * FROM `tp_page` WHERE ( page_id = 1 ) LIMIT 1   [ RunTime:0.008256s ]
SQL: SELECT `user_id` FROM `tp_users` WHERE ( user_id = 62819 ) LIMIT 1   [ RunTime:0.008127s ]
SQL: SELECT `qr_code`,`openid`,`qr_code_expire_time` FROM `tp_users` WHERE ( user_id = 62819 AND is_enable = 1 ) LIMIT 1   [ RunTime:0.018970s ]
SQL: UPDATE `tp_users` SET `ticket`=null,`qr_code`='/Uploads/2017-07/2017-07-03/62819.jpg',`qr_code_expire_time`=1499683157 WHERE ( user_id = 62819 ) [ RunTime:0.013913s ]
SQL: SELECT `subscribe`,`openid`,`username` FROM `tp_users` WHERE ( user_id = 62819 AND is_enable = 1 ) LIMIT 1   [ RunTime:0.013622s ]
SQL: SHOW COLUMNS FROM `tp_member` [ RunTime:0.011958s ]
SQL: SELECT `default_user_address_id` FROM `tp_member` WHERE ( member_id = 62819 ) LIMIT 1   [ RunTime:0.011680s ]
SQL: SHOW COLUMNS FROM `tp_user_address` [ RunTime:0.014525s ]
SQL: SELECT `user_address_id` FROM `tp_users` WHERE ( user_id = 62819 AND is_enable = 1 ) LIMIT 1   [ RunTime:0.009484s ]
SQL: SELECT * FROM `tp_user_address` WHERE ( user_address_id =  ) LIMIT 1   [ RunTime:0.008930s ]
ERR: You have an error in your SQL syntax; check the manual that corresponds to your MySQL server version for the right syntax to use near ') LIMIT 1' at line 1
 [ SQL语句 ] : SELECT * FROM `tp_user_address` WHERE ( user_address_id =  ) LIMIT 1  
SQL: SHOW COLUMNS FROM `tp_address_province` [ RunTime:0.010717s ]
SQL: SELECT `province_name` FROM `tp_address_province` WHERE ( province_id = 0 ) LIMIT 1   [ RunTime:0.011481s ]
SQL: SHOW COLUMNS FROM `tp_address_city` [ RunTime:0.009187s ]
SQL: SELECT `city_name` FROM `tp_address_city` WHERE ( city_id = 0 ) LIMIT 1   [ RunTime:0.009399s ]
SQL: SHOW COLUMNS FROM `tp_config` [ RunTime:0.014681s ]
SQL: SELECT `config_value` FROM `tp_config` WHERE ( config_name= "jsapi_ticket" ) LIMIT 1   [ RunTime:0.015539s ]
SQL: SELECT `config_value` FROM `tp_config` WHERE ( config_name= "jsapi_ticket_expire_time" ) LIMIT 1   [ RunTime:0.010030s ]
SQL: SELECT `headimgurl` FROM `tp_users` WHERE ( user_id = 62819 AND is_enable = 1 ) LIMIT 1   [ RunTime:0.019642s ]
SQL: SHOW COLUMNS FROM `tp_config` [ RunTime:0.024500s ]
SQL: SELECT `config_value` FROM `tp_config` WHERE ( config_name= "range" ) LIMIT 1   [ RunTime:0.011954s ]
SQL: SELECT `config_value` FROM `tp_config` WHERE ( config_name= "pre_near_num" ) LIMIT 1   [ RunTime:0.008194s ]
SQL: SHOW COLUMNS FROM `tp_address_area` [ RunTime:0.012373s ]
SQL: SELECT `area_name` FROM `tp_address_area` WHERE ( area_id = 330104 ) LIMIT 1   [ RunTime:0.008224s ]
SQL: SHOW COLUMNS FROM `tp_address_area` [ RunTime:0.011842s ]
SQL: SELECT `area_name` FROM `tp_address_area` WHERE ( `area_id` = 330104 ) LIMIT 1   [ RunTime:0.008283s ]
SQL: SHOW COLUMNS FROM `tp_cust_flash` [ RunTime:0.009418s ]
SQL: SELECT * FROM `tp_cust_flash` WHERE ( isuse=1 ) ORDER BY serial ASC LIMIT 3   [ RunTime:0.015693s ]
SQL: SHOW COLUMNS FROM `tp_business_classify` [ RunTime:0.022351s ]
SQL: SELECT * FROM `tp_business_classify` WHERE ( isuse=1 ) ORDER BY serial ASC LIMIT 0, 15   [ RunTime:0.034132s ]
SQL: SHOW COLUMNS FROM `tp_business` [ RunTime:0.016570s ]
SQL: SELECT * from(SELECT *,ROUND(6378.138 * 2 * ASIN(SQRT(POW(SIN((30.25924446* PI() / 180 - latitude * PI() / 180) / 2),2) + COS(30.25924446 * PI() / 180) * COS(latitude * PI() / 180) * POW(SIN((120.21937542 * PI() / 180 - longitude * PI() / 180) / 2), 2))) * 1000) AS distance from tp_business where status=1 order by distance asc  ) as busi where business_classify_id=25 [ RunTime:0.009776s ]
SQL: SHOW COLUMNS FROM `tp_business_classify` [ RunTime:0.047490s ]
SQL: SHOW COLUMNS FROM tp_business as b [ RunTime:0.012657s ]
ERR: You have an error in your SQL syntax; check the manual that corresponds to your MySQL server version for the right syntax to use near 'as b' at line 1
 [ SQL语句 ] : SHOW COLUMNS FROM tp_business as b
SQL: SELECT * FROM tp_business as b left JOIN tp_business_classify as s on s.business_classify_id=b.business_classify_id  WHERE ( b.status=1 ) ORDER BY rate desc LIMIT 5   [ RunTime:0.032643s ]
SQL: SELECT * from(SELECT *,ROUND(6378.138 * 2 * ASIN(SQRT(POW(SIN((30.25924446* PI() / 180 - latitude * PI() / 180) / 2),2) + COS(30.25924446 * PI() / 180) * COS(latitude * PI() / 180) * POW(SIN((120.21937542 * PI() / 180 - longitude * PI() / 180) / 2), 2))) * 1000) AS distance from tp_business where status=1 AND is_open=1 AND business_classify_id=25 order by distance asc  limit 0,5 ) as busi where business_classify_id=25 AND distance < 10000000 [ RunTime:0.012413s ]
SQL: SELECT * FROM `tp_business` WHERE ( status=1 and is_open=1 and business_classify_id!=25 )  [ RunTime:0.014186s ]
SQL: SELECT * from(SELECT *,ROUND(6378.138 * 2 * ASIN(SQRT(POW(SIN((30.25924446* PI() / 180 - latitude * PI() / 180) / 2),2) + COS(30.25924446 * PI() / 180) * COS(latitude * PI() / 180) * POW(SIN((120.21937542 * PI() / 180 - longitude * PI() / 180) / 2), 2))) * 1000) AS distance from tp_business where status=1 AND is_open=1 AND business_classify_id!=25 order by distance asc  limit 0,5 ) as busi where distance < 10000000 [ RunTime:0.011883s ]
SQL: SHOW COLUMNS FROM `tp_order` [ RunTime:0.021413s ]
SQL: SELECT COUNT(*) AS tp_count FROM `tp_order` WHERE ( order_status=1 and business_id=11 ) LIMIT 1   [ RunTime:0.009574s ]
SQL: SELECT COUNT(*) AS tp_count FROM `tp_order` WHERE ( order_status=1 and business_id=16 ) LIMIT 1   [ RunTime:0.011374s ]
SQL: SELECT COUNT(*) AS tp_count FROM `tp_order` WHERE ( order_status=1 and business_id=17 ) LIMIT 1   [ RunTime:0.011080s ]
SQL: SELECT COUNT(*) AS tp_count FROM `tp_order` WHERE ( order_status=1 and business_id=5 ) LIMIT 1   [ RunTime:0.008988s ]
SQL: SELECT COUNT(*) AS tp_count FROM `tp_order` WHERE ( order_status=1 and business_id=6 ) LIMIT 1   [ RunTime:0.010498s ]
SQL: SHOW COLUMNS FROM `tp_user_address` [ RunTime:0.012162s ]
SQL: SELECT * from(SELECT *,ROUND(6378.138 * 2 * ASIN(SQRT(POW(SIN((30.25924446* PI() / 180 - latitude * PI() / 180) / 2),2) + COS(30.25924446 * PI() / 180) * COS(latitude * PI() / 180) * POW(SIN((120.21937542 * PI() / 180 - longitude * PI() / 180) / 2), 2))) * 1000) AS distance from tp_user_address where user_id = 62819 order by distance asc  ) as address [ RunTime:0.011962s ]

