[ 2017-07-01T16:32:40+08:00 ] 127.0.0.1 /Public/Js/acp/acpcomm.js?version=201612002
DEBUG: ----REQUEST_METHOD----:GET

[ 2017-07-01T16:32:42+08:00 ] 127.0.0.1 /AcpDeposit/get_deposit_apply_list/mod_id/3
DEBUG: ----REQUEST_METHOD----:GET
SQL: SHOW COLUMNS FROM `tp_config` [ RunTime:0.008683s ]
SQL: SELECT * FROM `tp_config`  [ RunTime:0.009771s ]
SQL: SHOW COLUMNS FROM `tp_users` [ RunTime:0.009599s ]
SQL: SELECT * FROM `tp_users` LEFT JOIN  tp_users_group on tp_users.group_id = tp_users_group.group_id WHERE ( tp_users.user_id = 1 )  [ RunTime:0.009516s ]
SQL: SHOW COLUMNS FROM `tp_deposit_apply` [ RunTime:0.009386s ]
SQL: SELECT COUNT(*) AS tp_count FROM `tp_deposit_apply` WHERE ( 1 ) LIMIT 1   [ RunTime:0.011547s ]
SQL: SELECT * FROM `tp_deposit_apply` WHERE 1 ORDER BY  addtime DESC LIMIT 0, 10   [ RunTime:0.008956s ]
SQL: SELECT `role_type`,`realname`,`mobile` FROM `tp_users` WHERE ( user_id = 62881 AND is_enable = 1 ) LIMIT 1   [ RunTime:0.007654s ]
SQL: SHOW COLUMNS FROM `tp_address_province` [ RunTime:0.008593s ]
SQL: SELECT `province_name` FROM `tp_address_province` WHERE ( province_id = 0 ) LIMIT 1   [ RunTime:0.008237s ]
SQL: SHOW COLUMNS FROM `tp_address_city` [ RunTime:0.008150s ]
SQL: SELECT `city_name` FROM `tp_address_city` WHERE ( city_id = 0 ) LIMIT 1   [ RunTime:0.007803s ]
SQL: SELECT `openid` FROM `tp_users` WHERE ( user_id = 62881 AND is_enable = 1 ) LIMIT 1   [ RunTime:0.007562s ]
SQL: SHOW COLUMNS FROM `tp_bank_card` [ RunTime:0.008364s ]
SQL: SELECT * FROM `tp_bank_card` WHERE ( bank_card_id='62' ) LIMIT 1   [ RunTime:0.007963s ]
SQL: SELECT `role_type`,`realname`,`mobile` FROM `tp_users` WHERE ( user_id = 62885 AND is_enable = 1 ) LIMIT 1   [ RunTime:0.012620s ]
SQL: SELECT `province_name` FROM `tp_address_province` WHERE ( province_id = 0 ) LIMIT 1   [ RunTime:0.009151s ]
SQL: SELECT `city_name` FROM `tp_address_city` WHERE ( city_id = 0 ) LIMIT 1   [ RunTime:0.008326s ]
SQL: SELECT `openid` FROM `tp_users` WHERE ( user_id = 62885 AND is_enable = 1 ) LIMIT 1   [ RunTime:0.008101s ]
SQL: SELECT * FROM `tp_bank_card` WHERE ( bank_card_id='66' ) LIMIT 1   [ RunTime:0.008223s ]
SQL: SELECT `role_type`,`realname`,`mobile` FROM `tp_users` WHERE ( user_id = 62885 AND is_enable = 1 ) LIMIT 1   [ RunTime:0.010026s ]
SQL: SELECT `province_name` FROM `tp_address_province` WHERE ( province_id = 0 ) LIMIT 1   [ RunTime:0.009628s ]
SQL: SELECT `city_name` FROM `tp_address_city` WHERE ( city_id = 0 ) LIMIT 1   [ RunTime:0.008157s ]
SQL: SELECT `openid` FROM `tp_users` WHERE ( user_id = 62885 AND is_enable = 1 ) LIMIT 1   [ RunTime:0.008424s ]
SQL: SELECT * FROM `tp_bank_card` WHERE ( bank_card_id='66' ) LIMIT 1   [ RunTime:0.008341s ]
SQL: SELECT `role_type`,`realname`,`mobile` FROM `tp_users` WHERE ( user_id = 62819 AND is_enable = 1 ) LIMIT 1   [ RunTime:0.013735s ]
SQL: SELECT `province_name` FROM `tp_address_province` WHERE ( province_id = 0 ) LIMIT 1   [ RunTime:0.008552s ]
SQL: SELECT `city_name` FROM `tp_address_city` WHERE ( city_id = 0 ) LIMIT 1   [ RunTime:0.007975s ]
SQL: SELECT `openid` FROM `tp_users` WHERE ( user_id = 62819 AND is_enable = 1 ) LIMIT 1   [ RunTime:0.010142s ]
SQL: SELECT * FROM `tp_bank_card` WHERE ( bank_card_id='43' ) LIMIT 1   [ RunTime:0.008395s ]
SQL: SELECT `role_type`,`realname`,`mobile` FROM `tp_users` WHERE ( user_id = 62813 AND is_enable = 1 ) LIMIT 1   [ RunTime:0.009835s ]
SQL: SELECT `province_name` FROM `tp_address_province` WHERE ( province_id = 0 ) LIMIT 1   [ RunTime:0.008205s ]
SQL: SELECT `city_name` FROM `tp_address_city` WHERE ( city_id = 0 ) LIMIT 1   [ RunTime:0.008747s ]
SQL: SELECT `openid` FROM `tp_users` WHERE ( user_id = 62813 AND is_enable = 1 ) LIMIT 1   [ RunTime:0.009137s ]
SQL: SELECT * FROM `tp_bank_card` WHERE ( bank_card_id='44' ) LIMIT 1   [ RunTime:0.013285s ]
SQL: SELECT `role_type`,`realname`,`mobile` FROM `tp_users` WHERE ( user_id = 62813 AND is_enable = 1 ) LIMIT 1   [ RunTime:0.008330s ]
SQL: SELECT `province_name` FROM `tp_address_province` WHERE ( province_id = 0 ) LIMIT 1   [ RunTime:0.008487s ]
SQL: SELECT `city_name` FROM `tp_address_city` WHERE ( city_id = 0 ) LIMIT 1   [ RunTime:0.008537s ]
SQL: SELECT `openid` FROM `tp_users` WHERE ( user_id = 62813 AND is_enable = 1 ) LIMIT 1   [ RunTime:0.010252s ]
SQL: SELECT * FROM `tp_bank_card` WHERE ( bank_card_id='44' ) LIMIT 1   [ RunTime:0.009172s ]
SQL: SELECT `role_type`,`realname`,`mobile` FROM `tp_users` WHERE ( user_id = 62816 AND is_enable = 1 ) LIMIT 1   [ RunTime:0.008229s ]
SQL: SELECT `province_name` FROM `tp_address_province` WHERE ( province_id = 0 ) LIMIT 1   [ RunTime:0.009115s ]
SQL: SELECT `city_name` FROM `tp_address_city` WHERE ( city_id = 0 ) LIMIT 1   [ RunTime:0.009343s ]
SQL: SELECT `openid` FROM `tp_users` WHERE ( user_id = 62816 AND is_enable = 1 ) LIMIT 1   [ RunTime:0.008581s ]
SQL: SELECT * FROM `tp_bank_card` WHERE ( bank_card_id='65' ) LIMIT 1   [ RunTime:0.010175s ]
SQL: SELECT `role_type`,`realname`,`mobile` FROM `tp_users` WHERE ( user_id = 62816 AND is_enable = 1 ) LIMIT 1   [ RunTime:0.008436s ]
SQL: SELECT `province_name` FROM `tp_address_province` WHERE ( province_id = 0 ) LIMIT 1   [ RunTime:0.008840s ]
SQL: SELECT `city_name` FROM `tp_address_city` WHERE ( city_id = 0 ) LIMIT 1   [ RunTime:0.009214s ]
SQL: SELECT `openid` FROM `tp_users` WHERE ( user_id = 62816 AND is_enable = 1 ) LIMIT 1   [ RunTime:0.027254s ]
SQL: SELECT * FROM `tp_bank_card` WHERE ( bank_card_id='65' ) LIMIT 1   [ RunTime:0.008219s ]
SQL: SELECT `role_type`,`realname`,`mobile` FROM `tp_users` WHERE ( user_id = 62816 AND is_enable = 1 ) LIMIT 1   [ RunTime:0.008255s ]
SQL: SELECT `province_name` FROM `tp_address_province` WHERE ( province_id = 0 ) LIMIT 1   [ RunTime:0.014065s ]
SQL: SELECT `city_name` FROM `tp_address_city` WHERE ( city_id = 0 ) LIMIT 1   [ RunTime:0.008712s ]
SQL: SELECT `openid` FROM `tp_users` WHERE ( user_id = 62816 AND is_enable = 1 ) LIMIT 1   [ RunTime:0.009956s ]
SQL: SELECT * FROM `tp_bank_card` WHERE ( bank_card_id='65' ) LIMIT 1   [ RunTime:0.008296s ]
SQL: SELECT `role_type`,`realname`,`mobile` FROM `tp_users` WHERE ( user_id = 62813 AND is_enable = 1 ) LIMIT 1   [ RunTime:0.011132s ]
SQL: SELECT `province_name` FROM `tp_address_province` WHERE ( province_id = 0 ) LIMIT 1   [ RunTime:0.009718s ]
SQL: SELECT `city_name` FROM `tp_address_city` WHERE ( city_id = 0 ) LIMIT 1   [ RunTime:0.007964s ]
SQL: SELECT `openid` FROM `tp_users` WHERE ( user_id = 62813 AND is_enable = 1 ) LIMIT 1   [ RunTime:0.010459s ]
SQL: SELECT * FROM `tp_bank_card` WHERE ( bank_card_id='44' ) LIMIT 1   [ RunTime:0.026301s ]
SQL: SELECT `nickname`,`openid` FROM `tp_users` WHERE ( user_id = 62881 AND is_enable = 1 ) LIMIT 1   [ RunTime:0.009422s ]
SQL: SELECT `nickname`,`openid` FROM `tp_users` WHERE ( user_id = 62885 AND is_enable = 1 ) LIMIT 1   [ RunTime:0.008117s ]
SQL: SELECT `nickname`,`openid` FROM `tp_users` WHERE ( user_id = 62885 AND is_enable = 1 ) LIMIT 1   [ RunTime:0.008662s ]
SQL: SELECT `nickname`,`openid` FROM `tp_users` WHERE ( user_id = 62819 AND is_enable = 1 ) LIMIT 1   [ RunTime:0.008198s ]
SQL: SELECT `nickname`,`openid` FROM `tp_users` WHERE ( user_id = 62813 AND is_enable = 1 ) LIMIT 1   [ RunTime:0.008286s ]
SQL: SELECT `nickname`,`openid` FROM `tp_users` WHERE ( user_id = 62813 AND is_enable = 1 ) LIMIT 1   [ RunTime:0.008004s ]
SQL: SELECT `nickname`,`openid` FROM `tp_users` WHERE ( user_id = 62816 AND is_enable = 1 ) LIMIT 1   [ RunTime:0.008732s ]
SQL: SELECT `nickname`,`openid` FROM `tp_users` WHERE ( user_id = 62816 AND is_enable = 1 ) LIMIT 1   [ RunTime:0.008037s ]
SQL: SELECT `nickname`,`openid` FROM `tp_users` WHERE ( user_id = 62816 AND is_enable = 1 ) LIMIT 1   [ RunTime:0.012054s ]
SQL: SELECT `nickname`,`openid` FROM `tp_users` WHERE ( user_id = 62813 AND is_enable = 1 ) LIMIT 1   [ RunTime:0.008550s ]

[ 2017-07-01T16:32:42+08:00 ] 127.0.0.1 /Public/Js/acp/acpcomm.js?version=201612002
DEBUG: ----REQUEST_METHOD----:GET

[ 2017-07-01T16:39:22+08:00 ] 127.0.0.1 /AcpFinance/get_account_log/mod_id/3
DEBUG: ----REQUEST_METHOD----:GET
SQL: SHOW COLUMNS FROM `tp_config` [ RunTime:0.012870s ]
SQL: SELECT * FROM `tp_config`  [ RunTime:0.009873s ]
SQL: SHOW COLUMNS FROM `tp_users` [ RunTime:0.011403s ]
SQL: SELECT * FROM `tp_users` LEFT JOIN  tp_users_group on tp_users.group_id = tp_users_group.group_id WHERE ( tp_users.user_id = 1 )  [ RunTime:0.010214s ]
SQL: SELECT COUNT(*) AS tp_count FROM `tp_account` LIMIT 1   [ RunTime:0.007668s ]
SQL: SELECT `user_id`,`proof`,`addtime`,`change_type`,`amount_in`,`amount_out`,`amount_after_pay`,`remark`,`amount_before_pay` FROM `tp_account` ORDER BY account_id desc LIMIT 0, 10   [ RunTime:0.008280s ]
SQL: SELECT `username` FROM `tp_users` WHERE ( user_id = 62881 ) LIMIT 1   [ RunTime:0.009083s ]
SQL: SELECT `username` FROM `tp_users` WHERE ( user_id = 1 ) LIMIT 1   [ RunTime:0.008171s ]
SQL: SELECT `username` FROM `tp_users` WHERE ( user_id = 62182 ) LIMIT 1   [ RunTime:0.017083s ]
SQL: SELECT `username` FROM `tp_users` WHERE ( user_id = 62180 ) LIMIT 1   [ RunTime:0.008166s ]
SQL: SELECT `username` FROM `tp_users` WHERE ( user_id = 62160 ) LIMIT 1   [ RunTime:0.007737s ]
SQL: SELECT `username` FROM `tp_users` WHERE ( user_id = 62160 ) LIMIT 1   [ RunTime:0.007520s ]
SQL: SELECT `username` FROM `tp_users` WHERE ( user_id = 62169 ) LIMIT 1   [ RunTime:0.007574s ]
SQL: SELECT `username` FROM `tp_users` WHERE ( user_id = 1 ) LIMIT 1   [ RunTime:0.007341s ]
SQL: SELECT `username` FROM `tp_users` WHERE ( user_id = 62819 ) LIMIT 1   [ RunTime:0.007919s ]
SQL: SELECT `username` FROM `tp_users` WHERE ( user_id = 62819 ) LIMIT 1   [ RunTime:0.008681s ]

[ 2017-07-01T16:39:22+08:00 ] 127.0.0.1 /Public/Js/acp/acpcomm.js?version=201612002
DEBUG: ----REQUEST_METHOD----:GET

[ 2017-07-01T16:46:54+08:00 ] 127.0.0.1 /AcpDeposit/get_deposit_apply_list/mod_id/3
DEBUG: ----REQUEST_METHOD----:GET
SQL: SHOW COLUMNS FROM `tp_config` [ RunTime:0.010261s ]
SQL: SELECT * FROM `tp_config`  [ RunTime:0.013218s ]
SQL: SHOW COLUMNS FROM `tp_users` [ RunTime:0.013611s ]
SQL: SELECT * FROM `tp_users` LEFT JOIN  tp_users_group on tp_users.group_id = tp_users_group.group_id WHERE ( tp_users.user_id = 1 )  [ RunTime:0.015463s ]
SQL: SHOW COLUMNS FROM `tp_deposit_apply` [ RunTime:0.009178s ]
SQL: SELECT COUNT(*) AS tp_count FROM `tp_deposit_apply` WHERE ( 1 ) LIMIT 1   [ RunTime:0.008125s ]
SQL: SELECT * FROM `tp_deposit_apply` WHERE 1 ORDER BY  addtime DESC LIMIT 0, 10   [ RunTime:0.008946s ]
SQL: SELECT `role_type`,`realname`,`mobile` FROM `tp_users` WHERE ( user_id = 62881 AND is_enable = 1 ) LIMIT 1   [ RunTime:0.008280s ]
SQL: SHOW COLUMNS FROM `tp_address_province` [ RunTime:0.008997s ]
SQL: SELECT `province_name` FROM `tp_address_province` WHERE ( province_id = 0 ) LIMIT 1   [ RunTime:0.008350s ]
SQL: SHOW COLUMNS FROM `tp_address_city` [ RunTime:0.009656s ]
SQL: SELECT `city_name` FROM `tp_address_city` WHERE ( city_id = 0 ) LIMIT 1   [ RunTime:0.008831s ]
SQL: SELECT `openid` FROM `tp_users` WHERE ( user_id = 62881 AND is_enable = 1 ) LIMIT 1   [ RunTime:0.008761s ]
SQL: SHOW COLUMNS FROM `tp_bank_card` [ RunTime:0.008808s ]
SQL: SELECT * FROM `tp_bank_card` WHERE ( bank_card_id='62' ) LIMIT 1   [ RunTime:0.008206s ]
SQL: SELECT `role_type`,`realname`,`mobile` FROM `tp_users` WHERE ( user_id = 62885 AND is_enable = 1 ) LIMIT 1   [ RunTime:0.008930s ]
SQL: SELECT `province_name` FROM `tp_address_province` WHERE ( province_id = 0 ) LIMIT 1   [ RunTime:0.008938s ]
SQL: SELECT `city_name` FROM `tp_address_city` WHERE ( city_id = 0 ) LIMIT 1   [ RunTime:0.008533s ]
SQL: SELECT `openid` FROM `tp_users` WHERE ( user_id = 62885 AND is_enable = 1 ) LIMIT 1   [ RunTime:0.008651s ]
SQL: SELECT * FROM `tp_bank_card` WHERE ( bank_card_id='66' ) LIMIT 1   [ RunTime:0.008484s ]
SQL: SELECT `role_type`,`realname`,`mobile` FROM `tp_users` WHERE ( user_id = 62885 AND is_enable = 1 ) LIMIT 1   [ RunTime:0.008143s ]
SQL: SELECT `province_name` FROM `tp_address_province` WHERE ( province_id = 0 ) LIMIT 1   [ RunTime:0.008009s ]
SQL: SELECT `city_name` FROM `tp_address_city` WHERE ( city_id = 0 ) LIMIT 1   [ RunTime:0.011226s ]
SQL: SELECT `openid` FROM `tp_users` WHERE ( user_id = 62885 AND is_enable = 1 ) LIMIT 1   [ RunTime:0.010062s ]
SQL: SELECT * FROM `tp_bank_card` WHERE ( bank_card_id='66' ) LIMIT 1   [ RunTime:0.008369s ]
SQL: SELECT `role_type`,`realname`,`mobile` FROM `tp_users` WHERE ( user_id = 62819 AND is_enable = 1 ) LIMIT 1   [ RunTime:0.008413s ]
SQL: SELECT `province_name` FROM `tp_address_province` WHERE ( province_id = 0 ) LIMIT 1   [ RunTime:0.008332s ]
SQL: SELECT `city_name` FROM `tp_address_city` WHERE ( city_id = 0 ) LIMIT 1   [ RunTime:0.008519s ]
SQL: SELECT `openid` FROM `tp_users` WHERE ( user_id = 62819 AND is_enable = 1 ) LIMIT 1   [ RunTime:0.008187s ]
SQL: SELECT * FROM `tp_bank_card` WHERE ( bank_card_id='43' ) LIMIT 1   [ RunTime:0.008281s ]
SQL: SELECT `role_type`,`realname`,`mobile` FROM `tp_users` WHERE ( user_id = 62813 AND is_enable = 1 ) LIMIT 1   [ RunTime:0.008588s ]
SQL: SELECT `province_name` FROM `tp_address_province` WHERE ( province_id = 0 ) LIMIT 1   [ RunTime:0.008284s ]
SQL: SELECT `city_name` FROM `tp_address_city` WHERE ( city_id = 0 ) LIMIT 1   [ RunTime:0.010595s ]
SQL: SELECT `openid` FROM `tp_users` WHERE ( user_id = 62813 AND is_enable = 1 ) LIMIT 1   [ RunTime:0.008286s ]
SQL: SELECT * FROM `tp_bank_card` WHERE ( bank_card_id='44' ) LIMIT 1   [ RunTime:0.013810s ]
SQL: SELECT `role_type`,`realname`,`mobile` FROM `tp_users` WHERE ( user_id = 62813 AND is_enable = 1 ) LIMIT 1   [ RunTime:0.010547s ]
SQL: SELECT `province_name` FROM `tp_address_province` WHERE ( province_id = 0 ) LIMIT 1   [ RunTime:0.017632s ]
SQL: SELECT `city_name` FROM `tp_address_city` WHERE ( city_id = 0 ) LIMIT 1   [ RunTime:0.009320s ]
SQL: SELECT `openid` FROM `tp_users` WHERE ( user_id = 62813 AND is_enable = 1 ) LIMIT 1   [ RunTime:0.016104s ]
SQL: SELECT * FROM `tp_bank_card` WHERE ( bank_card_id='44' ) LIMIT 1   [ RunTime:0.009021s ]
SQL: SELECT `role_type`,`realname`,`mobile` FROM `tp_users` WHERE ( user_id = 62816 AND is_enable = 1 ) LIMIT 1   [ RunTime:0.010575s ]
SQL: SELECT `province_name` FROM `tp_address_province` WHERE ( province_id = 0 ) LIMIT 1   [ RunTime:0.008087s ]
SQL: SELECT `city_name` FROM `tp_address_city` WHERE ( city_id = 0 ) LIMIT 1   [ RunTime:0.008948s ]
SQL: SELECT `openid` FROM `tp_users` WHERE ( user_id = 62816 AND is_enable = 1 ) LIMIT 1   [ RunTime:0.009535s ]
SQL: SELECT * FROM `tp_bank_card` WHERE ( bank_card_id='65' ) LIMIT 1   [ RunTime:0.008275s ]
SQL: SELECT `role_type`,`realname`,`mobile` FROM `tp_users` WHERE ( user_id = 62816 AND is_enable = 1 ) LIMIT 1   [ RunTime:0.009751s ]
SQL: SELECT `province_name` FROM `tp_address_province` WHERE ( province_id = 0 ) LIMIT 1   [ RunTime:0.008281s ]
SQL: SELECT `city_name` FROM `tp_address_city` WHERE ( city_id = 0 ) LIMIT 1   [ RunTime:0.014494s ]
SQL: SELECT `openid` FROM `tp_users` WHERE ( user_id = 62816 AND is_enable = 1 ) LIMIT 1   [ RunTime:0.008398s ]
SQL: SELECT * FROM `tp_bank_card` WHERE ( bank_card_id='65' ) LIMIT 1   [ RunTime:0.008312s ]
SQL: SELECT `role_type`,`realname`,`mobile` FROM `tp_users` WHERE ( user_id = 62816 AND is_enable = 1 ) LIMIT 1   [ RunTime:0.012644s ]
SQL: SELECT `province_name` FROM `tp_address_province` WHERE ( province_id = 0 ) LIMIT 1   [ RunTime:0.012998s ]
SQL: SELECT `city_name` FROM `tp_address_city` WHERE ( city_id = 0 ) LIMIT 1   [ RunTime:0.009088s ]
SQL: SELECT `openid` FROM `tp_users` WHERE ( user_id = 62816 AND is_enable = 1 ) LIMIT 1   [ RunTime:0.008140s ]
SQL: SELECT * FROM `tp_bank_card` WHERE ( bank_card_id='65' ) LIMIT 1   [ RunTime:0.008182s ]
SQL: SELECT `role_type`,`realname`,`mobile` FROM `tp_users` WHERE ( user_id = 62813 AND is_enable = 1 ) LIMIT 1   [ RunTime:0.010261s ]
SQL: SELECT `province_name` FROM `tp_address_province` WHERE ( province_id = 0 ) LIMIT 1   [ RunTime:0.008579s ]
SQL: SELECT `city_name` FROM `tp_address_city` WHERE ( city_id = 0 ) LIMIT 1   [ RunTime:0.009957s ]
SQL: SELECT `openid` FROM `tp_users` WHERE ( user_id = 62813 AND is_enable = 1 ) LIMIT 1   [ RunTime:0.008198s ]
SQL: SELECT * FROM `tp_bank_card` WHERE ( bank_card_id='44' ) LIMIT 1   [ RunTime:0.008975s ]
SQL: SELECT `nickname`,`openid` FROM `tp_users` WHERE ( user_id = 62881 AND is_enable = 1 ) LIMIT 1   [ RunTime:0.008139s ]
SQL: SELECT `nickname`,`openid` FROM `tp_users` WHERE ( user_id = 62885 AND is_enable = 1 ) LIMIT 1   [ RunTime:0.008586s ]
SQL: SELECT `nickname`,`openid` FROM `tp_users` WHERE ( user_id = 62885 AND is_enable = 1 ) LIMIT 1   [ RunTime:0.008596s ]
SQL: SELECT `nickname`,`openid` FROM `tp_users` WHERE ( user_id = 62819 AND is_enable = 1 ) LIMIT 1   [ RunTime:0.008727s ]
SQL: SELECT `nickname`,`openid` FROM `tp_users` WHERE ( user_id = 62813 AND is_enable = 1 ) LIMIT 1   [ RunTime:0.008143s ]
SQL: SELECT `nickname`,`openid` FROM `tp_users` WHERE ( user_id = 62813 AND is_enable = 1 ) LIMIT 1   [ RunTime:0.008495s ]
SQL: SELECT `nickname`,`openid` FROM `tp_users` WHERE ( user_id = 62816 AND is_enable = 1 ) LIMIT 1   [ RunTime:0.008271s ]
SQL: SELECT `nickname`,`openid` FROM `tp_users` WHERE ( user_id = 62816 AND is_enable = 1 ) LIMIT 1   [ RunTime:0.008338s ]
SQL: SELECT `nickname`,`openid` FROM `tp_users` WHERE ( user_id = 62816 AND is_enable = 1 ) LIMIT 1   [ RunTime:0.009120s ]
SQL: SELECT `nickname`,`openid` FROM `tp_users` WHERE ( user_id = 62813 AND is_enable = 1 ) LIMIT 1   [ RunTime:0.008844s ]

[ 2017-07-01T16:46:54+08:00 ] 127.0.0.1 /Public/Js/acp/acpcomm.js?version=201612002
DEBUG: ----REQUEST_METHOD----:GET

[ 2017-07-01T16:46:55+08:00 ] 127.0.0.1 /AcpDeposit/get_deposit_apply_list/mod_id/3
DEBUG: ----REQUEST_METHOD----:GET
SQL: SHOW COLUMNS FROM `tp_config` [ RunTime:0.009112s ]
SQL: SELECT * FROM `tp_config`  [ RunTime:0.008796s ]
SQL: SHOW COLUMNS FROM `tp_users` [ RunTime:0.009275s ]
SQL: SELECT * FROM `tp_users` LEFT JOIN  tp_users_group on tp_users.group_id = tp_users_group.group_id WHERE ( tp_users.user_id = 1 )  [ RunTime:0.009540s ]
SQL: SHOW COLUMNS FROM `tp_deposit_apply` [ RunTime:0.008343s ]
SQL: SELECT COUNT(*) AS tp_count FROM `tp_deposit_apply` WHERE ( 1 ) LIMIT 1   [ RunTime:0.007781s ]
SQL: SELECT * FROM `tp_deposit_apply` WHERE 1 ORDER BY  addtime DESC LIMIT 0, 10   [ RunTime:0.007891s ]
SQL: SELECT `role_type`,`realname`,`mobile` FROM `tp_users` WHERE ( user_id = 62881 AND is_enable = 1 ) LIMIT 1   [ RunTime:0.007646s ]
SQL: SHOW COLUMNS FROM `tp_address_province` [ RunTime:0.008147s ]
SQL: SELECT `province_name` FROM `tp_address_province` WHERE ( province_id = 0 ) LIMIT 1   [ RunTime:0.010202s ]
SQL: SHOW COLUMNS FROM `tp_address_city` [ RunTime:0.011215s ]
SQL: SELECT `city_name` FROM `tp_address_city` WHERE ( city_id = 0 ) LIMIT 1   [ RunTime:0.007613s ]
SQL: SELECT `openid` FROM `tp_users` WHERE ( user_id = 62881 AND is_enable = 1 ) LIMIT 1   [ RunTime:0.019014s ]
SQL: SHOW COLUMNS FROM `tp_bank_card` [ RunTime:0.008606s ]
SQL: SELECT * FROM `tp_bank_card` WHERE ( bank_card_id='62' ) LIMIT 1   [ RunTime:0.007816s ]
SQL: SELECT `role_type`,`realname`,`mobile` FROM `tp_users` WHERE ( user_id = 62885 AND is_enable = 1 ) LIMIT 1   [ RunTime:0.007700s ]
SQL: SELECT `province_name` FROM `tp_address_province` WHERE ( province_id = 0 ) LIMIT 1   [ RunTime:0.007801s ]
SQL: SELECT `city_name` FROM `tp_address_city` WHERE ( city_id = 0 ) LIMIT 1   [ RunTime:0.007944s ]
SQL: SELECT `openid` FROM `tp_users` WHERE ( user_id = 62885 AND is_enable = 1 ) LIMIT 1   [ RunTime:0.007511s ]
SQL: SELECT * FROM `tp_bank_card` WHERE ( bank_card_id='66' ) LIMIT 1   [ RunTime:0.007797s ]
SQL: SELECT `role_type`,`realname`,`mobile` FROM `tp_users` WHERE ( user_id = 62885 AND is_enable = 1 ) LIMIT 1   [ RunTime:0.008208s ]
SQL: SELECT `province_name` FROM `tp_address_province` WHERE ( province_id = 0 ) LIMIT 1   [ RunTime:0.008169s ]
SQL: SELECT `city_name` FROM `tp_address_city` WHERE ( city_id = 0 ) LIMIT 1   [ RunTime:0.007571s ]
SQL: SELECT `openid` FROM `tp_users` WHERE ( user_id = 62885 AND is_enable = 1 ) LIMIT 1   [ RunTime:0.007773s ]
SQL: SELECT * FROM `tp_bank_card` WHERE ( bank_card_id='66' ) LIMIT 1   [ RunTime:0.007842s ]
SQL: SELECT `role_type`,`realname`,`mobile` FROM `tp_users` WHERE ( user_id = 62819 AND is_enable = 1 ) LIMIT 1   [ RunTime:0.007752s ]
SQL: SELECT `province_name` FROM `tp_address_province` WHERE ( province_id = 0 ) LIMIT 1   [ RunTime:0.011513s ]
SQL: SELECT `city_name` FROM `tp_address_city` WHERE ( city_id = 0 ) LIMIT 1   [ RunTime:0.008806s ]
SQL: SELECT `openid` FROM `tp_users` WHERE ( user_id = 62819 AND is_enable = 1 ) LIMIT 1   [ RunTime:0.009689s ]
SQL: SELECT * FROM `tp_bank_card` WHERE ( bank_card_id='43' ) LIMIT 1   [ RunTime:0.009149s ]
SQL: SELECT `role_type`,`realname`,`mobile` FROM `tp_users` WHERE ( user_id = 62813 AND is_enable = 1 ) LIMIT 1   [ RunTime:0.008192s ]
SQL: SELECT `province_name` FROM `tp_address_province` WHERE ( province_id = 0 ) LIMIT 1   [ RunTime:0.007524s ]
SQL: SELECT `city_name` FROM `tp_address_city` WHERE ( city_id = 0 ) LIMIT 1   [ RunTime:0.008257s ]
SQL: SELECT `openid` FROM `tp_users` WHERE ( user_id = 62813 AND is_enable = 1 ) LIMIT 1   [ RunTime:0.007713s ]
SQL: SELECT * FROM `tp_bank_card` WHERE ( bank_card_id='44' ) LIMIT 1   [ RunTime:0.008907s ]
SQL: SELECT `role_type`,`realname`,`mobile` FROM `tp_users` WHERE ( user_id = 62813 AND is_enable = 1 ) LIMIT 1   [ RunTime:0.007815s ]
SQL: SELECT `province_name` FROM `tp_address_province` WHERE ( province_id = 0 ) LIMIT 1   [ RunTime:0.008940s ]
SQL: SELECT `city_name` FROM `tp_address_city` WHERE ( city_id = 0 ) LIMIT 1   [ RunTime:0.007862s ]
SQL: SELECT `openid` FROM `tp_users` WHERE ( user_id = 62813 AND is_enable = 1 ) LIMIT 1   [ RunTime:0.008395s ]
SQL: SELECT * FROM `tp_bank_card` WHERE ( bank_card_id='44' ) LIMIT 1   [ RunTime:0.009793s ]
SQL: SELECT `role_type`,`realname`,`mobile` FROM `tp_users` WHERE ( user_id = 62816 AND is_enable = 1 ) LIMIT 1   [ RunTime:0.008722s ]
SQL: SELECT `province_name` FROM `tp_address_province` WHERE ( province_id = 0 ) LIMIT 1   [ RunTime:0.007861s ]
SQL: SELECT `city_name` FROM `tp_address_city` WHERE ( city_id = 0 ) LIMIT 1   [ RunTime:0.007386s ]
SQL: SELECT `openid` FROM `tp_users` WHERE ( user_id = 62816 AND is_enable = 1 ) LIMIT 1   [ RunTime:0.007485s ]
SQL: SELECT * FROM `tp_bank_card` WHERE ( bank_card_id='65' ) LIMIT 1   [ RunTime:0.007804s ]
SQL: SELECT `role_type`,`realname`,`mobile` FROM `tp_users` WHERE ( user_id = 62816 AND is_enable = 1 ) LIMIT 1   [ RunTime:0.007850s ]
SQL: SELECT `province_name` FROM `tp_address_province` WHERE ( province_id = 0 ) LIMIT 1   [ RunTime:0.007651s ]
SQL: SELECT `city_name` FROM `tp_address_city` WHERE ( city_id = 0 ) LIMIT 1   [ RunTime:0.007611s ]
SQL: SELECT `openid` FROM `tp_users` WHERE ( user_id = 62816 AND is_enable = 1 ) LIMIT 1   [ RunTime:0.007577s ]
SQL: SELECT * FROM `tp_bank_card` WHERE ( bank_card_id='65' ) LIMIT 1   [ RunTime:0.007698s ]
SQL: SELECT `role_type`,`realname`,`mobile` FROM `tp_users` WHERE ( user_id = 62816 AND is_enable = 1 ) LIMIT 1   [ RunTime:0.008194s ]
SQL: SELECT `province_name` FROM `tp_address_province` WHERE ( province_id = 0 ) LIMIT 1   [ RunTime:0.007584s ]
SQL: SELECT `city_name` FROM `tp_address_city` WHERE ( city_id = 0 ) LIMIT 1   [ RunTime:0.007500s ]
SQL: SELECT `openid` FROM `tp_users` WHERE ( user_id = 62816 AND is_enable = 1 ) LIMIT 1   [ RunTime:0.007745s ]
SQL: SELECT * FROM `tp_bank_card` WHERE ( bank_card_id='65' ) LIMIT 1   [ RunTime:0.007974s ]
SQL: SELECT `role_type`,`realname`,`mobile` FROM `tp_users` WHERE ( user_id = 62813 AND is_enable = 1 ) LIMIT 1   [ RunTime:0.008033s ]
SQL: SELECT `province_name` FROM `tp_address_province` WHERE ( province_id = 0 ) LIMIT 1   [ RunTime:0.009078s ]
SQL: SELECT `city_name` FROM `tp_address_city` WHERE ( city_id = 0 ) LIMIT 1   [ RunTime:0.007930s ]
SQL: SELECT `openid` FROM `tp_users` WHERE ( user_id = 62813 AND is_enable = 1 ) LIMIT 1   [ RunTime:0.008024s ]
SQL: SELECT * FROM `tp_bank_card` WHERE ( bank_card_id='44' ) LIMIT 1   [ RunTime:0.008211s ]
SQL: SELECT `nickname`,`openid` FROM `tp_users` WHERE ( user_id = 62881 AND is_enable = 1 ) LIMIT 1   [ RunTime:0.007740s ]
SQL: SELECT `nickname`,`openid` FROM `tp_users` WHERE ( user_id = 62885 AND is_enable = 1 ) LIMIT 1   [ RunTime:0.008107s ]
SQL: SELECT `nickname`,`openid` FROM `tp_users` WHERE ( user_id = 62885 AND is_enable = 1 ) LIMIT 1   [ RunTime:0.007663s ]
SQL: SELECT `nickname`,`openid` FROM `tp_users` WHERE ( user_id = 62819 AND is_enable = 1 ) LIMIT 1   [ RunTime:0.007901s ]
SQL: SELECT `nickname`,`openid` FROM `tp_users` WHERE ( user_id = 62813 AND is_enable = 1 ) LIMIT 1   [ RunTime:0.007652s ]
SQL: SELECT `nickname`,`openid` FROM `tp_users` WHERE ( user_id = 62813 AND is_enable = 1 ) LIMIT 1   [ RunTime:0.007579s ]
SQL: SELECT `nickname`,`openid` FROM `tp_users` WHERE ( user_id = 62816 AND is_enable = 1 ) LIMIT 1   [ RunTime:0.008074s ]
SQL: SELECT `nickname`,`openid` FROM `tp_users` WHERE ( user_id = 62816 AND is_enable = 1 ) LIMIT 1   [ RunTime:0.007818s ]
SQL: SELECT `nickname`,`openid` FROM `tp_users` WHERE ( user_id = 62816 AND is_enable = 1 ) LIMIT 1   [ RunTime:0.008369s ]
SQL: SELECT `nickname`,`openid` FROM `tp_users` WHERE ( user_id = 62813 AND is_enable = 1 ) LIMIT 1   [ RunTime:0.008149s ]

[ 2017-07-01T16:46:55+08:00 ] 127.0.0.1 /Public/Js/acp/acpcomm.js?version=201612002
DEBUG: ----REQUEST_METHOD----:GET

[ 2017-07-01T16:46:57+08:00 ] 127.0.0.1 /AcpDeposit/get_deposit_apply_list/mod_id/3
DEBUG: ----REQUEST_METHOD----:GET
SQL: SHOW COLUMNS FROM `tp_config` [ RunTime:0.008856s ]
SQL: SELECT * FROM `tp_config`  [ RunTime:0.009099s ]
SQL: SHOW COLUMNS FROM `tp_users` [ RunTime:0.011384s ]
SQL: SELECT * FROM `tp_users` LEFT JOIN  tp_users_group on tp_users.group_id = tp_users_group.group_id WHERE ( tp_users.user_id = 1 )  [ RunTime:0.009905s ]
SQL: SHOW COLUMNS FROM `tp_deposit_apply` [ RunTime:0.008318s ]
SQL: SELECT COUNT(*) AS tp_count FROM `tp_deposit_apply` WHERE ( 1 ) LIMIT 1   [ RunTime:0.008980s ]
SQL: SELECT * FROM `tp_deposit_apply` WHERE 1 ORDER BY  addtime DESC LIMIT 0, 10   [ RunTime:0.008483s ]
SQL: SELECT `role_type`,`realname`,`mobile` FROM `tp_users` WHERE ( user_id = 62881 AND is_enable = 1 ) LIMIT 1   [ RunTime:0.008196s ]
SQL: SHOW COLUMNS FROM `tp_address_province` [ RunTime:0.009321s ]
SQL: SELECT `province_name` FROM `tp_address_province` WHERE ( province_id = 0 ) LIMIT 1   [ RunTime:0.009465s ]
SQL: SHOW COLUMNS FROM `tp_address_city` [ RunTime:0.012399s ]
SQL: SELECT `city_name` FROM `tp_address_city` WHERE ( city_id = 0 ) LIMIT 1   [ RunTime:0.008285s ]
SQL: SELECT `openid` FROM `tp_users` WHERE ( user_id = 62881 AND is_enable = 1 ) LIMIT 1   [ RunTime:0.010383s ]
SQL: SHOW COLUMNS FROM `tp_bank_card` [ RunTime:0.009212s ]
SQL: SELECT * FROM `tp_bank_card` WHERE ( bank_card_id='62' ) LIMIT 1   [ RunTime:0.010811s ]
SQL: SELECT `role_type`,`realname`,`mobile` FROM `tp_users` WHERE ( user_id = 62885 AND is_enable = 1 ) LIMIT 1   [ RunTime:0.008390s ]
SQL: SELECT `province_name` FROM `tp_address_province` WHERE ( province_id = 0 ) LIMIT 1   [ RunTime:0.008274s ]
SQL: SELECT `city_name` FROM `tp_address_city` WHERE ( city_id = 0 ) LIMIT 1   [ RunTime:0.007762s ]
SQL: SELECT `openid` FROM `tp_users` WHERE ( user_id = 62885 AND is_enable = 1 ) LIMIT 1   [ RunTime:0.008006s ]
SQL: SELECT * FROM `tp_bank_card` WHERE ( bank_card_id='66' ) LIMIT 1   [ RunTime:0.008193s ]
SQL: SELECT `role_type`,`realname`,`mobile` FROM `tp_users` WHERE ( user_id = 62885 AND is_enable = 1 ) LIMIT 1   [ RunTime:0.008045s ]
SQL: SELECT `province_name` FROM `tp_address_province` WHERE ( province_id = 0 ) LIMIT 1   [ RunTime:0.009355s ]
SQL: SELECT `city_name` FROM `tp_address_city` WHERE ( city_id = 0 ) LIMIT 1   [ RunTime:0.007682s ]
SQL: SELECT `openid` FROM `tp_users` WHERE ( user_id = 62885 AND is_enable = 1 ) LIMIT 1   [ RunTime:0.007977s ]
SQL: SELECT * FROM `tp_bank_card` WHERE ( bank_card_id='66' ) LIMIT 1   [ RunTime:0.008035s ]
SQL: SELECT `role_type`,`realname`,`mobile` FROM `tp_users` WHERE ( user_id = 62819 AND is_enable = 1 ) LIMIT 1   [ RunTime:0.008325s ]
SQL: SELECT `province_name` FROM `tp_address_province` WHERE ( province_id = 0 ) LIMIT 1   [ RunTime:0.011735s ]
SQL: SELECT `city_name` FROM `tp_address_city` WHERE ( city_id = 0 ) LIMIT 1   [ RunTime:0.007893s ]
SQL: SELECT `openid` FROM `tp_users` WHERE ( user_id = 62819 AND is_enable = 1 ) LIMIT 1   [ RunTime:0.008225s ]
SQL: SELECT * FROM `tp_bank_card` WHERE ( bank_card_id='43' ) LIMIT 1   [ RunTime:0.008024s ]
SQL: SELECT `role_type`,`realname`,`mobile` FROM `tp_users` WHERE ( user_id = 62813 AND is_enable = 1 ) LIMIT 1   [ RunTime:0.009480s ]
SQL: SELECT `province_name` FROM `tp_address_province` WHERE ( province_id = 0 ) LIMIT 1   [ RunTime:0.008003s ]
SQL: SELECT `city_name` FROM `tp_address_city` WHERE ( city_id = 0 ) LIMIT 1   [ RunTime:0.008276s ]
SQL: SELECT `openid` FROM `tp_users` WHERE ( user_id = 62813 AND is_enable = 1 ) LIMIT 1   [ RunTime:0.007890s ]
SQL: SELECT * FROM `tp_bank_card` WHERE ( bank_card_id='44' ) LIMIT 1   [ RunTime:0.008750s ]
SQL: SELECT `role_type`,`realname`,`mobile` FROM `tp_users` WHERE ( user_id = 62813 AND is_enable = 1 ) LIMIT 1   [ RunTime:0.008125s ]
SQL: SELECT `province_name` FROM `tp_address_province` WHERE ( province_id = 0 ) LIMIT 1   [ RunTime:0.012752s ]
SQL: SELECT `city_name` FROM `tp_address_city` WHERE ( city_id = 0 ) LIMIT 1   [ RunTime:0.007972s ]
SQL: SELECT `openid` FROM `tp_users` WHERE ( user_id = 62813 AND is_enable = 1 ) LIMIT 1   [ RunTime:0.007957s ]
SQL: SELECT * FROM `tp_bank_card` WHERE ( bank_card_id='44' ) LIMIT 1   [ RunTime:0.008639s ]
SQL: SELECT `role_type`,`realname`,`mobile` FROM `tp_users` WHERE ( user_id = 62816 AND is_enable = 1 ) LIMIT 1   [ RunTime:0.008147s ]
SQL: SELECT `province_name` FROM `tp_address_province` WHERE ( province_id = 0 ) LIMIT 1   [ RunTime:0.007879s ]
SQL: SELECT `city_name` FROM `tp_address_city` WHERE ( city_id = 0 ) LIMIT 1   [ RunTime:0.007969s ]
SQL: SELECT `openid` FROM `tp_users` WHERE ( user_id = 62816 AND is_enable = 1 ) LIMIT 1   [ RunTime:0.007924s ]
SQL: SELECT * FROM `tp_bank_card` WHERE ( bank_card_id='65' ) LIMIT 1   [ RunTime:0.008896s ]
SQL: SELECT `role_type`,`realname`,`mobile` FROM `tp_users` WHERE ( user_id = 62816 AND is_enable = 1 ) LIMIT 1   [ RunTime:0.008025s ]
SQL: SELECT `province_name` FROM `tp_address_province` WHERE ( province_id = 0 ) LIMIT 1   [ RunTime:0.008643s ]
SQL: SELECT `city_name` FROM `tp_address_city` WHERE ( city_id = 0 ) LIMIT 1   [ RunTime:0.011085s ]
SQL: SELECT `openid` FROM `tp_users` WHERE ( user_id = 62816 AND is_enable = 1 ) LIMIT 1   [ RunTime:0.008195s ]
SQL: SELECT * FROM `tp_bank_card` WHERE ( bank_card_id='65' ) LIMIT 1   [ RunTime:0.007973s ]
SQL: SELECT `role_type`,`realname`,`mobile` FROM `tp_users` WHERE ( user_id = 62816 AND is_enable = 1 ) LIMIT 1   [ RunTime:0.008312s ]
SQL: SELECT `province_name` FROM `tp_address_province` WHERE ( province_id = 0 ) LIMIT 1   [ RunTime:0.008599s ]
SQL: SELECT `city_name` FROM `tp_address_city` WHERE ( city_id = 0 ) LIMIT 1   [ RunTime:0.008021s ]
SQL: SELECT `openid` FROM `tp_users` WHERE ( user_id = 62816 AND is_enable = 1 ) LIMIT 1   [ RunTime:0.008349s ]
SQL: SELECT * FROM `tp_bank_card` WHERE ( bank_card_id='65' ) LIMIT 1   [ RunTime:0.008006s ]
SQL: SELECT `role_type`,`realname`,`mobile` FROM `tp_users` WHERE ( user_id = 62813 AND is_enable = 1 ) LIMIT 1   [ RunTime:0.009386s ]
SQL: SELECT `province_name` FROM `tp_address_province` WHERE ( province_id = 0 ) LIMIT 1   [ RunTime:0.010799s ]
SQL: SELECT `city_name` FROM `tp_address_city` WHERE ( city_id = 0 ) LIMIT 1   [ RunTime:0.009129s ]
SQL: SELECT `openid` FROM `tp_users` WHERE ( user_id = 62813 AND is_enable = 1 ) LIMIT 1   [ RunTime:0.008009s ]
SQL: SELECT * FROM `tp_bank_card` WHERE ( bank_card_id='44' ) LIMIT 1   [ RunTime:0.007895s ]
SQL: SELECT `nickname`,`openid` FROM `tp_users` WHERE ( user_id = 62881 AND is_enable = 1 ) LIMIT 1   [ RunTime:0.008208s ]
SQL: SELECT `nickname`,`openid` FROM `tp_users` WHERE ( user_id = 62885 AND is_enable = 1 ) LIMIT 1   [ RunTime:0.007962s ]
SQL: SELECT `nickname`,`openid` FROM `tp_users` WHERE ( user_id = 62885 AND is_enable = 1 ) LIMIT 1   [ RunTime:0.008355s ]
SQL: SELECT `nickname`,`openid` FROM `tp_users` WHERE ( user_id = 62819 AND is_enable = 1 ) LIMIT 1   [ RunTime:0.008072s ]
SQL: SELECT `nickname`,`openid` FROM `tp_users` WHERE ( user_id = 62813 AND is_enable = 1 ) LIMIT 1   [ RunTime:0.008074s ]
SQL: SELECT `nickname`,`openid` FROM `tp_users` WHERE ( user_id = 62813 AND is_enable = 1 ) LIMIT 1   [ RunTime:0.008068s ]
SQL: SELECT `nickname`,`openid` FROM `tp_users` WHERE ( user_id = 62816 AND is_enable = 1 ) LIMIT 1   [ RunTime:0.008401s ]
SQL: SELECT `nickname`,`openid` FROM `tp_users` WHERE ( user_id = 62816 AND is_enable = 1 ) LIMIT 1   [ RunTime:0.008111s ]
SQL: SELECT `nickname`,`openid` FROM `tp_users` WHERE ( user_id = 62816 AND is_enable = 1 ) LIMIT 1   [ RunTime:0.011792s ]
SQL: SELECT `nickname`,`openid` FROM `tp_users` WHERE ( user_id = 62813 AND is_enable = 1 ) LIMIT 1   [ RunTime:0.008329s ]

[ 2017-07-01T16:46:57+08:00 ] 127.0.0.1 /Public/Js/acp/acpcomm.js?version=201612002
DEBUG: ----REQUEST_METHOD----:GET

[ 2017-07-01T16:50:47+08:00 ] 127.0.0.1 /AcpDeposit/get_deposit_apply_list/mod_id/3
DEBUG: ----REQUEST_METHOD----:GET
SQL: SHOW COLUMNS FROM `tp_config` [ RunTime:0.010109s ]
SQL: SELECT * FROM `tp_config`  [ RunTime:0.010134s ]
SQL: SHOW COLUMNS FROM `tp_users` [ RunTime:0.010399s ]
SQL: SELECT * FROM `tp_users` LEFT JOIN  tp_users_group on tp_users.group_id = tp_users_group.group_id WHERE ( tp_users.user_id = 1 )  [ RunTime:0.013755s ]
SQL: SHOW COLUMNS FROM `tp_deposit_apply` [ RunTime:0.009080s ]
SQL: SELECT COUNT(*) AS tp_count FROM `tp_deposit_apply` WHERE ( 1 ) LIMIT 1   [ RunTime:0.009837s ]
SQL: SELECT * FROM `tp_deposit_apply` WHERE 1 ORDER BY  addtime DESC LIMIT 0, 10   [ RunTime:0.008531s ]
SQL: SELECT `role_type`,`realname`,`mobile` FROM `tp_users` WHERE ( user_id = 62881 AND is_enable = 1 ) LIMIT 1   [ RunTime:0.007984s ]
SQL: SHOW COLUMNS FROM `tp_address_province` [ RunTime:0.008294s ]
SQL: SELECT `province_name` FROM `tp_address_province` WHERE ( province_id = 0 ) LIMIT 1   [ RunTime:0.007537s ]
SQL: SHOW COLUMNS FROM `tp_address_city` [ RunTime:0.008278s ]
SQL: SELECT `city_name` FROM `tp_address_city` WHERE ( city_id = 0 ) LIMIT 1   [ RunTime:0.007637s ]
SQL: SELECT `openid` FROM `tp_users` WHERE ( user_id = 62881 AND is_enable = 1 ) LIMIT 1   [ RunTime:0.007891s ]
SQL: SHOW COLUMNS FROM `tp_bank_card` [ RunTime:0.017610s ]
SQL: SELECT * FROM `tp_bank_card` WHERE ( bank_card_id='62' ) LIMIT 1   [ RunTime:0.008210s ]
SQL: SELECT `role_type`,`realname`,`mobile` FROM `tp_users` WHERE ( user_id = 62885 AND is_enable = 1 ) LIMIT 1   [ RunTime:0.007836s ]
SQL: SELECT `province_name` FROM `tp_address_province` WHERE ( province_id = 0 ) LIMIT 1   [ RunTime:0.008956s ]
SQL: SELECT `city_name` FROM `tp_address_city` WHERE ( city_id = 0 ) LIMIT 1   [ RunTime:0.007816s ]
SQL: SELECT `openid` FROM `tp_users` WHERE ( user_id = 62885 AND is_enable = 1 ) LIMIT 1   [ RunTime:0.007543s ]
SQL: SELECT * FROM `tp_bank_card` WHERE ( bank_card_id='66' ) LIMIT 1   [ RunTime:0.007638s ]
SQL: SELECT `role_type`,`realname`,`mobile` FROM `tp_users` WHERE ( user_id = 62885 AND is_enable = 1 ) LIMIT 1   [ RunTime:0.009082s ]
SQL: SELECT `province_name` FROM `tp_address_province` WHERE ( province_id = 0 ) LIMIT 1   [ RunTime:0.008695s ]
SQL: SELECT `city_name` FROM `tp_address_city` WHERE ( city_id = 0 ) LIMIT 1   [ RunTime:0.007687s ]
SQL: SELECT `openid` FROM `tp_users` WHERE ( user_id = 62885 AND is_enable = 1 ) LIMIT 1   [ RunTime:0.013539s ]
SQL: SELECT * FROM `tp_bank_card` WHERE ( bank_card_id='66' ) LIMIT 1   [ RunTime:0.007939s ]
SQL: SELECT `role_type`,`realname`,`mobile` FROM `tp_users` WHERE ( user_id = 62819 AND is_enable = 1 ) LIMIT 1   [ RunTime:0.008104s ]
SQL: SELECT `province_name` FROM `tp_address_province` WHERE ( province_id = 0 ) LIMIT 1   [ RunTime:0.007852s ]
SQL: SELECT `city_name` FROM `tp_address_city` WHERE ( city_id = 0 ) LIMIT 1   [ RunTime:0.007717s ]
SQL: SELECT `openid` FROM `tp_users` WHERE ( user_id = 62819 AND is_enable = 1 ) LIMIT 1   [ RunTime:0.008686s ]
SQL: SELECT * FROM `tp_bank_card` WHERE ( bank_card_id='43' ) LIMIT 1   [ RunTime:0.007751s ]
SQL: SELECT `role_type`,`realname`,`mobile` FROM `tp_users` WHERE ( user_id = 62813 AND is_enable = 1 ) LIMIT 1   [ RunTime:0.007769s ]
SQL: SELECT `province_name` FROM `tp_address_province` WHERE ( province_id = 0 ) LIMIT 1   [ RunTime:0.007901s ]
SQL: SELECT `city_name` FROM `tp_address_city` WHERE ( city_id = 0 ) LIMIT 1   [ RunTime:0.009653s ]
SQL: SELECT `openid` FROM `tp_users` WHERE ( user_id = 62813 AND is_enable = 1 ) LIMIT 1   [ RunTime:0.007542s ]
SQL: SELECT * FROM `tp_bank_card` WHERE ( bank_card_id='44' ) LIMIT 1   [ RunTime:0.010735s ]
SQL: SELECT `role_type`,`realname`,`mobile` FROM `tp_users` WHERE ( user_id = 62813 AND is_enable = 1 ) LIMIT 1   [ RunTime:0.008296s ]
SQL: SELECT `province_name` FROM `tp_address_province` WHERE ( province_id = 0 ) LIMIT 1   [ RunTime:0.007905s ]
SQL: SELECT `city_name` FROM `tp_address_city` WHERE ( city_id = 0 ) LIMIT 1   [ RunTime:0.007570s ]
SQL: SELECT `openid` FROM `tp_users` WHERE ( user_id = 62813 AND is_enable = 1 ) LIMIT 1   [ RunTime:0.007737s ]
SQL: SELECT * FROM `tp_bank_card` WHERE ( bank_card_id='44' ) LIMIT 1   [ RunTime:0.007737s ]
SQL: SELECT `role_type`,`realname`,`mobile` FROM `tp_users` WHERE ( user_id = 62816 AND is_enable = 1 ) LIMIT 1   [ RunTime:0.007788s ]
SQL: SELECT `province_name` FROM `tp_address_province` WHERE ( province_id = 0 ) LIMIT 1   [ RunTime:0.007593s ]
SQL: SELECT `city_name` FROM `tp_address_city` WHERE ( city_id = 0 ) LIMIT 1   [ RunTime:0.007750s ]
SQL: SELECT `openid` FROM `tp_users` WHERE ( user_id = 62816 AND is_enable = 1 ) LIMIT 1   [ RunTime:0.008089s ]
SQL: SELECT * FROM `tp_bank_card` WHERE ( bank_card_id='65' ) LIMIT 1   [ RunTime:0.008720s ]
SQL: SELECT `role_type`,`realname`,`mobile` FROM `tp_users` WHERE ( user_id = 62816 AND is_enable = 1 ) LIMIT 1   [ RunTime:0.007901s ]
SQL: SELECT `province_name` FROM `tp_address_province` WHERE ( province_id = 0 ) LIMIT 1   [ RunTime:0.018110s ]
SQL: SELECT `city_name` FROM `tp_address_city` WHERE ( city_id = 0 ) LIMIT 1   [ RunTime:0.010745s ]
SQL: SELECT `openid` FROM `tp_users` WHERE ( user_id = 62816 AND is_enable = 1 ) LIMIT 1   [ RunTime:0.008245s ]
SQL: SELECT * FROM `tp_bank_card` WHERE ( bank_card_id='65' ) LIMIT 1   [ RunTime:0.016024s ]
SQL: SELECT `role_type`,`realname`,`mobile` FROM `tp_users` WHERE ( user_id = 62816 AND is_enable = 1 ) LIMIT 1   [ RunTime:0.008026s ]
SQL: SELECT `province_name` FROM `tp_address_province` WHERE ( province_id = 0 ) LIMIT 1   [ RunTime:0.007813s ]
SQL: SELECT `city_name` FROM `tp_address_city` WHERE ( city_id = 0 ) LIMIT 1   [ RunTime:0.008950s ]
SQL: SELECT `openid` FROM `tp_users` WHERE ( user_id = 62816 AND is_enable = 1 ) LIMIT 1   [ RunTime:0.007679s ]
SQL: SELECT * FROM `tp_bank_card` WHERE ( bank_card_id='65' ) LIMIT 1   [ RunTime:0.010880s ]
SQL: SELECT `role_type`,`realname`,`mobile` FROM `tp_users` WHERE ( user_id = 62813 AND is_enable = 1 ) LIMIT 1   [ RunTime:0.007858s ]
SQL: SELECT `province_name` FROM `tp_address_province` WHERE ( province_id = 0 ) LIMIT 1   [ RunTime:0.008063s ]
SQL: SELECT `city_name` FROM `tp_address_city` WHERE ( city_id = 0 ) LIMIT 1   [ RunTime:0.007763s ]
SQL: SELECT `openid` FROM `tp_users` WHERE ( user_id = 62813 AND is_enable = 1 ) LIMIT 1   [ RunTime:0.007610s ]
SQL: SELECT * FROM `tp_bank_card` WHERE ( bank_card_id='44' ) LIMIT 1   [ RunTime:0.009099s ]
SQL: SELECT `nickname`,`openid` FROM `tp_users` WHERE ( user_id = 62881 AND is_enable = 1 ) LIMIT 1   [ RunTime:0.007925s ]
SQL: SELECT `nickname`,`openid` FROM `tp_users` WHERE ( user_id = 62885 AND is_enable = 1 ) LIMIT 1   [ RunTime:0.008176s ]
SQL: SELECT `nickname`,`openid` FROM `tp_users` WHERE ( user_id = 62885 AND is_enable = 1 ) LIMIT 1   [ RunTime:0.007641s ]
SQL: SELECT `nickname`,`openid` FROM `tp_users` WHERE ( user_id = 62819 AND is_enable = 1 ) LIMIT 1   [ RunTime:0.009296s ]
SQL: SELECT `nickname`,`openid` FROM `tp_users` WHERE ( user_id = 62813 AND is_enable = 1 ) LIMIT 1   [ RunTime:0.007763s ]
SQL: SELECT `nickname`,`openid` FROM `tp_users` WHERE ( user_id = 62813 AND is_enable = 1 ) LIMIT 1   [ RunTime:0.009241s ]
SQL: SELECT `nickname`,`openid` FROM `tp_users` WHERE ( user_id = 62816 AND is_enable = 1 ) LIMIT 1   [ RunTime:0.009616s ]
SQL: SELECT `nickname`,`openid` FROM `tp_users` WHERE ( user_id = 62816 AND is_enable = 1 ) LIMIT 1   [ RunTime:0.008138s ]
SQL: SELECT `nickname`,`openid` FROM `tp_users` WHERE ( user_id = 62816 AND is_enable = 1 ) LIMIT 1   [ RunTime:0.007890s ]
SQL: SELECT `nickname`,`openid` FROM `tp_users` WHERE ( user_id = 62813 AND is_enable = 1 ) LIMIT 1   [ RunTime:0.007743s ]

[ 2017-07-01T16:50:47+08:00 ] 127.0.0.1 /Public/Js/acp/acpcomm.js?version=201612002
DEBUG: ----REQUEST_METHOD----:GET

[ 2017-07-01T16:51:19+08:00 ] 127.0.0.1 /AcpDeposit/agent_deposit
DEBUG: ----REQUEST_METHOD----:POST_AJAX
DEBUG: ----POST----:Array
(
    [ids] => 67
)

SQL: SHOW COLUMNS FROM `tp_config` [ RunTime:0.008801s ]
SQL: SELECT * FROM `tp_config`  [ RunTime:0.009042s ]
SQL: SHOW COLUMNS FROM `tp_users` [ RunTime:0.011877s ]
SQL: SELECT * FROM `tp_users` LEFT JOIN  tp_users_group on tp_users.group_id = tp_users_group.group_id WHERE ( tp_users.user_id = 1 )  [ RunTime:0.010597s ]
SQL: SHOW COLUMNS FROM `tp_bank` [ RunTime:0.008661s ]
SQL: SHOW COLUMNS FROM `tp_deposit_apply` [ RunTime:0.008059s ]
SQL: SELECT `bank_card_id`,`money`,`state`,`user_id` FROM `tp_deposit_apply` WHERE ( deposit_apply_id = 67 ) LIMIT 1   [ RunTime:0.008018s ]
SQL: SELECT `frozen_money` FROM `tp_users` WHERE ( user_id = 62881 AND is_enable = 1 ) LIMIT 1   [ RunTime:0.013450s ]
SQL: SHOW COLUMNS FROM `tp_bank_card` [ RunTime:0.009668s ]
SQL: SELECT * FROM `tp_bank_card` WHERE ( bank_card_id = 62 ) LIMIT 1   [ RunTime:0.008552s ]
SQL: SHOW COLUMNS FROM `tp_bank` [ RunTime:0.014511s ]
SQL: SELECT `bank_name`,`cdtbrd` FROM `tp_bank` WHERE ( bank_id = 5 ) LIMIT 1   [ RunTime:0.024165s ]
SQL: UPDATE `tp_deposit_apply` SET `admin_remark`='接口异常，可能是前置机未开启，若不是该原因，请联系开发人员解决false' WHERE ( deposit_apply_id = 67 ) [ RunTime:0.009731s ]

[ 2017-07-01T16:51:19+08:00 ] 127.0.0.1 /Public/Js/acp/acpcomm.js?version=201612002
DEBUG: ----REQUEST_METHOD----:GET

[ 2017-07-01T16:51:22+08:00 ] 127.0.0.1 /AcpDeposit/get_deposit_apply_list/mod_id/3
DEBUG: ----REQUEST_METHOD----:GET
SQL: SHOW COLUMNS FROM `tp_config` [ RunTime:0.010626s ]
SQL: SELECT * FROM `tp_config`  [ RunTime:0.012365s ]
SQL: SHOW COLUMNS FROM `tp_users` [ RunTime:0.014612s ]
SQL: SELECT * FROM `tp_users` LEFT JOIN  tp_users_group on tp_users.group_id = tp_users_group.group_id WHERE ( tp_users.user_id = 1 )  [ RunTime:0.011934s ]
SQL: SHOW COLUMNS FROM `tp_deposit_apply` [ RunTime:0.011510s ]
SQL: SELECT COUNT(*) AS tp_count FROM `tp_deposit_apply` WHERE ( 1 ) LIMIT 1   [ RunTime:0.008583s ]
SQL: SELECT * FROM `tp_deposit_apply` WHERE 1 ORDER BY  addtime DESC LIMIT 0, 10   [ RunTime:0.010488s ]
SQL: SELECT `role_type`,`realname`,`mobile` FROM `tp_users` WHERE ( user_id = 62881 AND is_enable = 1 ) LIMIT 1   [ RunTime:0.014519s ]
SQL: SHOW COLUMNS FROM `tp_address_province` [ RunTime:0.009000s ]
SQL: SELECT `province_name` FROM `tp_address_province` WHERE ( province_id = 0 ) LIMIT 1   [ RunTime:0.014755s ]
SQL: SHOW COLUMNS FROM `tp_address_city` [ RunTime:0.009269s ]
SQL: SELECT `city_name` FROM `tp_address_city` WHERE ( city_id = 0 ) LIMIT 1   [ RunTime:0.009119s ]
SQL: SELECT `openid` FROM `tp_users` WHERE ( user_id = 62881 AND is_enable = 1 ) LIMIT 1   [ RunTime:0.017820s ]
SQL: SHOW COLUMNS FROM `tp_bank_card` [ RunTime:0.008329s ]
SQL: SELECT * FROM `tp_bank_card` WHERE ( bank_card_id='62' ) LIMIT 1   [ RunTime:0.008907s ]
SQL: SELECT `role_type`,`realname`,`mobile` FROM `tp_users` WHERE ( user_id = 62885 AND is_enable = 1 ) LIMIT 1   [ RunTime:0.007660s ]
SQL: SELECT `province_name` FROM `tp_address_province` WHERE ( province_id = 0 ) LIMIT 1   [ RunTime:0.010481s ]
SQL: SELECT `city_name` FROM `tp_address_city` WHERE ( city_id = 0 ) LIMIT 1   [ RunTime:0.008043s ]
SQL: SELECT `openid` FROM `tp_users` WHERE ( user_id = 62885 AND is_enable = 1 ) LIMIT 1   [ RunTime:0.011788s ]
SQL: SELECT * FROM `tp_bank_card` WHERE ( bank_card_id='66' ) LIMIT 1   [ RunTime:0.009210s ]
SQL: SELECT `role_type`,`realname`,`mobile` FROM `tp_users` WHERE ( user_id = 62885 AND is_enable = 1 ) LIMIT 1   [ RunTime:0.007875s ]
SQL: SELECT `province_name` FROM `tp_address_province` WHERE ( province_id = 0 ) LIMIT 1   [ RunTime:0.007908s ]
SQL: SELECT `city_name` FROM `tp_address_city` WHERE ( city_id = 0 ) LIMIT 1   [ RunTime:0.009366s ]
SQL: SELECT `openid` FROM `tp_users` WHERE ( user_id = 62885 AND is_enable = 1 ) LIMIT 1   [ RunTime:0.008170s ]
SQL: SELECT * FROM `tp_bank_card` WHERE ( bank_card_id='66' ) LIMIT 1   [ RunTime:0.008479s ]
SQL: SELECT `role_type`,`realname`,`mobile` FROM `tp_users` WHERE ( user_id = 62819 AND is_enable = 1 ) LIMIT 1   [ RunTime:0.007769s ]
SQL: SELECT `province_name` FROM `tp_address_province` WHERE ( province_id = 0 ) LIMIT 1   [ RunTime:0.007953s ]
SQL: SELECT `city_name` FROM `tp_address_city` WHERE ( city_id = 0 ) LIMIT 1   [ RunTime:0.011109s ]
SQL: SELECT `openid` FROM `tp_users` WHERE ( user_id = 62819 AND is_enable = 1 ) LIMIT 1   [ RunTime:0.007669s ]
SQL: SELECT * FROM `tp_bank_card` WHERE ( bank_card_id='43' ) LIMIT 1   [ RunTime:0.009934s ]
SQL: SELECT `role_type`,`realname`,`mobile` FROM `tp_users` WHERE ( user_id = 62813 AND is_enable = 1 ) LIMIT 1   [ RunTime:0.007802s ]
SQL: SELECT `province_name` FROM `tp_address_province` WHERE ( province_id = 0 ) LIMIT 1   [ RunTime:0.008420s ]
SQL: SELECT `city_name` FROM `tp_address_city` WHERE ( city_id = 0 ) LIMIT 1   [ RunTime:0.010769s ]
SQL: SELECT `openid` FROM `tp_users` WHERE ( user_id = 62813 AND is_enable = 1 ) LIMIT 1   [ RunTime:0.007058s ]
SQL: SELECT * FROM `tp_bank_card` WHERE ( bank_card_id='44' ) LIMIT 1   [ RunTime:0.008553s ]
SQL: SELECT `role_type`,`realname`,`mobile` FROM `tp_users` WHERE ( user_id = 62813 AND is_enable = 1 ) LIMIT 1   [ RunTime:0.007972s ]
SQL: SELECT `province_name` FROM `tp_address_province` WHERE ( province_id = 0 ) LIMIT 1   [ RunTime:0.008866s ]
SQL: SELECT `city_name` FROM `tp_address_city` WHERE ( city_id = 0 ) LIMIT 1   [ RunTime:0.009286s ]
SQL: SELECT `openid` FROM `tp_users` WHERE ( user_id = 62813 AND is_enable = 1 ) LIMIT 1   [ RunTime:0.009750s ]
SQL: SELECT * FROM `tp_bank_card` WHERE ( bank_card_id='44' ) LIMIT 1   [ RunTime:0.008183s ]
SQL: SELECT `role_type`,`realname`,`mobile` FROM `tp_users` WHERE ( user_id = 62816 AND is_enable = 1 ) LIMIT 1   [ RunTime:0.009633s ]
SQL: SELECT `province_name` FROM `tp_address_province` WHERE ( province_id = 0 ) LIMIT 1   [ RunTime:0.008162s ]
SQL: SELECT `city_name` FROM `tp_address_city` WHERE ( city_id = 0 ) LIMIT 1   [ RunTime:0.008401s ]
SQL: SELECT `openid` FROM `tp_users` WHERE ( user_id = 62816 AND is_enable = 1 ) LIMIT 1   [ RunTime:0.008139s ]
SQL: SELECT * FROM `tp_bank_card` WHERE ( bank_card_id='65' ) LIMIT 1   [ RunTime:0.008176s ]
SQL: SELECT `role_type`,`realname`,`mobile` FROM `tp_users` WHERE ( user_id = 62816 AND is_enable = 1 ) LIMIT 1   [ RunTime:0.009760s ]
SQL: SELECT `province_name` FROM `tp_address_province` WHERE ( province_id = 0 ) LIMIT 1   [ RunTime:0.011737s ]
SQL: SELECT `city_name` FROM `tp_address_city` WHERE ( city_id = 0 ) LIMIT 1   [ RunTime:0.008254s ]
SQL: SELECT `openid` FROM `tp_users` WHERE ( user_id = 62816 AND is_enable = 1 ) LIMIT 1   [ RunTime:0.008333s ]
SQL: SELECT * FROM `tp_bank_card` WHERE ( bank_card_id='65' ) LIMIT 1   [ RunTime:0.008372s ]
SQL: SELECT `role_type`,`realname`,`mobile` FROM `tp_users` WHERE ( user_id = 62816 AND is_enable = 1 ) LIMIT 1   [ RunTime:0.008613s ]
SQL: SELECT `province_name` FROM `tp_address_province` WHERE ( province_id = 0 ) LIMIT 1   [ RunTime:0.011312s ]
SQL: SELECT `city_name` FROM `tp_address_city` WHERE ( city_id = 0 ) LIMIT 1   [ RunTime:0.015725s ]
SQL: SELECT `openid` FROM `tp_users` WHERE ( user_id = 62816 AND is_enable = 1 ) LIMIT 1   [ RunTime:0.010431s ]
SQL: SELECT * FROM `tp_bank_card` WHERE ( bank_card_id='65' ) LIMIT 1   [ RunTime:0.008550s ]
SQL: SELECT `role_type`,`realname`,`mobile` FROM `tp_users` WHERE ( user_id = 62813 AND is_enable = 1 ) LIMIT 1   [ RunTime:0.009997s ]
SQL: SELECT `province_name` FROM `tp_address_province` WHERE ( province_id = 0 ) LIMIT 1   [ RunTime:0.025114s ]
SQL: SELECT `city_name` FROM `tp_address_city` WHERE ( city_id = 0 ) LIMIT 1   [ RunTime:0.009010s ]
SQL: SELECT `openid` FROM `tp_users` WHERE ( user_id = 62813 AND is_enable = 1 ) LIMIT 1   [ RunTime:0.007705s ]
SQL: SELECT * FROM `tp_bank_card` WHERE ( bank_card_id='44' ) LIMIT 1   [ RunTime:0.007869s ]
SQL: SELECT `nickname`,`openid` FROM `tp_users` WHERE ( user_id = 62881 AND is_enable = 1 ) LIMIT 1   [ RunTime:0.008064s ]
SQL: SELECT `nickname`,`openid` FROM `tp_users` WHERE ( user_id = 62885 AND is_enable = 1 ) LIMIT 1   [ RunTime:0.008057s ]
SQL: SELECT `nickname`,`openid` FROM `tp_users` WHERE ( user_id = 62885 AND is_enable = 1 ) LIMIT 1   [ RunTime:0.008281s ]
SQL: SELECT `nickname`,`openid` FROM `tp_users` WHERE ( user_id = 62819 AND is_enable = 1 ) LIMIT 1   [ RunTime:0.008099s ]
SQL: SELECT `nickname`,`openid` FROM `tp_users` WHERE ( user_id = 62813 AND is_enable = 1 ) LIMIT 1   [ RunTime:0.007856s ]
SQL: SELECT `nickname`,`openid` FROM `tp_users` WHERE ( user_id = 62813 AND is_enable = 1 ) LIMIT 1   [ RunTime:0.008675s ]
SQL: SELECT `nickname`,`openid` FROM `tp_users` WHERE ( user_id = 62816 AND is_enable = 1 ) LIMIT 1   [ RunTime:0.008069s ]
SQL: SELECT `nickname`,`openid` FROM `tp_users` WHERE ( user_id = 62816 AND is_enable = 1 ) LIMIT 1   [ RunTime:0.007867s ]
SQL: SELECT `nickname`,`openid` FROM `tp_users` WHERE ( user_id = 62816 AND is_enable = 1 ) LIMIT 1   [ RunTime:0.007765s ]
SQL: SELECT `nickname`,`openid` FROM `tp_users` WHERE ( user_id = 62813 AND is_enable = 1 ) LIMIT 1   [ RunTime:0.007734s ]

[ 2017-07-01T16:51:22+08:00 ] 127.0.0.1 /Public/Js/acp/acpcomm.js?version=201612002
DEBUG: ----REQUEST_METHOD----:GET

[ 2017-07-01T16:52:18+08:00 ] 127.0.0.1 /AcpDeposit/get_deposit_apply_list/mod_id/3
DEBUG: ----REQUEST_METHOD----:GET
SQL: SHOW COLUMNS FROM `tp_config` [ RunTime:0.008574s ]
SQL: SELECT * FROM `tp_config`  [ RunTime:0.008821s ]
SQL: SHOW COLUMNS FROM `tp_users` [ RunTime:0.009496s ]
SQL: SELECT * FROM `tp_users` LEFT JOIN  tp_users_group on tp_users.group_id = tp_users_group.group_id WHERE ( tp_users.user_id = 1 )  [ RunTime:0.009783s ]
SQL: SHOW COLUMNS FROM `tp_deposit_apply` [ RunTime:0.008830s ]
SQL: SELECT COUNT(*) AS tp_count FROM `tp_deposit_apply` WHERE ( 1 ) LIMIT 1   [ RunTime:0.007742s ]
SQL: SELECT * FROM `tp_deposit_apply` WHERE 1 ORDER BY  addtime DESC LIMIT 0, 10   [ RunTime:0.007863s ]
SQL: SELECT `role_type`,`realname`,`mobile` FROM `tp_users` WHERE ( user_id = 62881 AND is_enable = 1 ) LIMIT 1   [ RunTime:0.007742s ]
SQL: SHOW COLUMNS FROM `tp_address_province` [ RunTime:0.008438s ]
SQL: SELECT `province_name` FROM `tp_address_province` WHERE ( province_id = 0 ) LIMIT 1   [ RunTime:0.007537s ]
SQL: SHOW COLUMNS FROM `tp_address_city` [ RunTime:0.008102s ]
SQL: SELECT `city_name` FROM `tp_address_city` WHERE ( city_id = 0 ) LIMIT 1   [ RunTime:0.008075s ]
SQL: SELECT `openid` FROM `tp_users` WHERE ( user_id = 62881 AND is_enable = 1 ) LIMIT 1   [ RunTime:0.008436s ]
SQL: SHOW COLUMNS FROM `tp_bank_card` [ RunTime:0.008606s ]
SQL: SELECT * FROM `tp_bank_card` WHERE ( bank_card_id='62' ) LIMIT 1   [ RunTime:0.008134s ]
SQL: SELECT `role_type`,`realname`,`mobile` FROM `tp_users` WHERE ( user_id = 62885 AND is_enable = 1 ) LIMIT 1   [ RunTime:0.008752s ]
SQL: SELECT `province_name` FROM `tp_address_province` WHERE ( province_id = 0 ) LIMIT 1   [ RunTime:0.007811s ]
SQL: SELECT `city_name` FROM `tp_address_city` WHERE ( city_id = 0 ) LIMIT 1   [ RunTime:0.016713s ]
SQL: SELECT `openid` FROM `tp_users` WHERE ( user_id = 62885 AND is_enable = 1 ) LIMIT 1   [ RunTime:0.008330s ]
SQL: SELECT * FROM `tp_bank_card` WHERE ( bank_card_id='66' ) LIMIT 1   [ RunTime:0.008932s ]
SQL: SELECT `role_type`,`realname`,`mobile` FROM `tp_users` WHERE ( user_id = 62885 AND is_enable = 1 ) LIMIT 1   [ RunTime:0.008298s ]
SQL: SELECT `province_name` FROM `tp_address_province` WHERE ( province_id = 0 ) LIMIT 1   [ RunTime:0.008488s ]
SQL: SELECT `city_name` FROM `tp_address_city` WHERE ( city_id = 0 ) LIMIT 1   [ RunTime:0.008200s ]
SQL: SELECT `openid` FROM `tp_users` WHERE ( user_id = 62885 AND is_enable = 1 ) LIMIT 1   [ RunTime:0.007712s ]
SQL: SELECT * FROM `tp_bank_card` WHERE ( bank_card_id='66' ) LIMIT 1   [ RunTime:0.008194s ]
SQL: SELECT `role_type`,`realname`,`mobile` FROM `tp_users` WHERE ( user_id = 62819 AND is_enable = 1 ) LIMIT 1   [ RunTime:0.008322s ]
SQL: SELECT `province_name` FROM `tp_address_province` WHERE ( province_id = 0 ) LIMIT 1   [ RunTime:0.009368s ]
SQL: SELECT `city_name` FROM `tp_address_city` WHERE ( city_id = 0 ) LIMIT 1   [ RunTime:0.013673s ]
SQL: SELECT `openid` FROM `tp_users` WHERE ( user_id = 62819 AND is_enable = 1 ) LIMIT 1   [ RunTime:0.008941s ]
SQL: SELECT * FROM `tp_bank_card` WHERE ( bank_card_id='43' ) LIMIT 1   [ RunTime:0.010770s ]
SQL: SELECT `role_type`,`realname`,`mobile` FROM `tp_users` WHERE ( user_id = 62813 AND is_enable = 1 ) LIMIT 1   [ RunTime:0.010063s ]
SQL: SELECT `province_name` FROM `tp_address_province` WHERE ( province_id = 0 ) LIMIT 1   [ RunTime:0.008295s ]
SQL: SELECT `city_name` FROM `tp_address_city` WHERE ( city_id = 0 ) LIMIT 1   [ RunTime:0.008022s ]
SQL: SELECT `openid` FROM `tp_users` WHERE ( user_id = 62813 AND is_enable = 1 ) LIMIT 1   [ RunTime:0.008348s ]
SQL: SELECT * FROM `tp_bank_card` WHERE ( bank_card_id='44' ) LIMIT 1   [ RunTime:0.008761s ]
SQL: SELECT `role_type`,`realname`,`mobile` FROM `tp_users` WHERE ( user_id = 62813 AND is_enable = 1 ) LIMIT 1   [ RunTime:0.008263s ]
SQL: SELECT `province_name` FROM `tp_address_province` WHERE ( province_id = 0 ) LIMIT 1   [ RunTime:0.007944s ]
SQL: SELECT `city_name` FROM `tp_address_city` WHERE ( city_id = 0 ) LIMIT 1   [ RunTime:0.008996s ]
SQL: SELECT `openid` FROM `tp_users` WHERE ( user_id = 62813 AND is_enable = 1 ) LIMIT 1   [ RunTime:0.008342s ]
SQL: SELECT * FROM `tp_bank_card` WHERE ( bank_card_id='44' ) LIMIT 1   [ RunTime:0.008098s ]
SQL: SELECT `role_type`,`realname`,`mobile` FROM `tp_users` WHERE ( user_id = 62816 AND is_enable = 1 ) LIMIT 1   [ RunTime:0.008802s ]
SQL: SELECT `province_name` FROM `tp_address_province` WHERE ( province_id = 0 ) LIMIT 1   [ RunTime:0.008801s ]
SQL: SELECT `city_name` FROM `tp_address_city` WHERE ( city_id = 0 ) LIMIT 1   [ RunTime:0.010083s ]
SQL: SELECT `openid` FROM `tp_users` WHERE ( user_id = 62816 AND is_enable = 1 ) LIMIT 1   [ RunTime:0.008189s ]
SQL: SELECT * FROM `tp_bank_card` WHERE ( bank_card_id='65' ) LIMIT 1   [ RunTime:0.009013s ]
SQL: SELECT `role_type`,`realname`,`mobile` FROM `tp_users` WHERE ( user_id = 62816 AND is_enable = 1 ) LIMIT 1   [ RunTime:0.009375s ]
SQL: SELECT `province_name` FROM `tp_address_province` WHERE ( province_id = 0 ) LIMIT 1   [ RunTime:0.011879s ]
SQL: SELECT `city_name` FROM `tp_address_city` WHERE ( city_id = 0 ) LIMIT 1   [ RunTime:0.008322s ]
SQL: SELECT `openid` FROM `tp_users` WHERE ( user_id = 62816 AND is_enable = 1 ) LIMIT 1   [ RunTime:0.008952s ]
SQL: SELECT * FROM `tp_bank_card` WHERE ( bank_card_id='65' ) LIMIT 1   [ RunTime:0.009470s ]
SQL: SELECT `role_type`,`realname`,`mobile` FROM `tp_users` WHERE ( user_id = 62816 AND is_enable = 1 ) LIMIT 1   [ RunTime:0.012488s ]
SQL: SELECT `province_name` FROM `tp_address_province` WHERE ( province_id = 0 ) LIMIT 1   [ RunTime:0.008541s ]
SQL: SELECT `city_name` FROM `tp_address_city` WHERE ( city_id = 0 ) LIMIT 1   [ RunTime:0.008550s ]
SQL: SELECT `openid` FROM `tp_users` WHERE ( user_id = 62816 AND is_enable = 1 ) LIMIT 1   [ RunTime:0.008099s ]
SQL: SELECT * FROM `tp_bank_card` WHERE ( bank_card_id='65' ) LIMIT 1   [ RunTime:0.009170s ]
SQL: SELECT `role_type`,`realname`,`mobile` FROM `tp_users` WHERE ( user_id = 62813 AND is_enable = 1 ) LIMIT 1   [ RunTime:0.009773s ]
SQL: SELECT `province_name` FROM `tp_address_province` WHERE ( province_id = 0 ) LIMIT 1   [ RunTime:0.012644s ]
SQL: SELECT `city_name` FROM `tp_address_city` WHERE ( city_id = 0 ) LIMIT 1   [ RunTime:0.007936s ]
SQL: SELECT `openid` FROM `tp_users` WHERE ( user_id = 62813 AND is_enable = 1 ) LIMIT 1   [ RunTime:0.008202s ]
SQL: SELECT * FROM `tp_bank_card` WHERE ( bank_card_id='44' ) LIMIT 1   [ RunTime:0.008411s ]
SQL: SELECT `nickname`,`openid` FROM `tp_users` WHERE ( user_id = 62881 AND is_enable = 1 ) LIMIT 1   [ RunTime:0.008325s ]
SQL: SELECT `nickname`,`openid` FROM `tp_users` WHERE ( user_id = 62885 AND is_enable = 1 ) LIMIT 1   [ RunTime:0.008314s ]
SQL: SELECT `nickname`,`openid` FROM `tp_users` WHERE ( user_id = 62885 AND is_enable = 1 ) LIMIT 1   [ RunTime:0.008111s ]
SQL: SELECT `nickname`,`openid` FROM `tp_users` WHERE ( user_id = 62819 AND is_enable = 1 ) LIMIT 1   [ RunTime:0.008126s ]
SQL: SELECT `nickname`,`openid` FROM `tp_users` WHERE ( user_id = 62813 AND is_enable = 1 ) LIMIT 1   [ RunTime:0.009008s ]
SQL: SELECT `nickname`,`openid` FROM `tp_users` WHERE ( user_id = 62813 AND is_enable = 1 ) LIMIT 1   [ RunTime:0.009628s ]
SQL: SELECT `nickname`,`openid` FROM `tp_users` WHERE ( user_id = 62816 AND is_enable = 1 ) LIMIT 1   [ RunTime:0.009524s ]
SQL: SELECT `nickname`,`openid` FROM `tp_users` WHERE ( user_id = 62816 AND is_enable = 1 ) LIMIT 1   [ RunTime:0.008575s ]
SQL: SELECT `nickname`,`openid` FROM `tp_users` WHERE ( user_id = 62816 AND is_enable = 1 ) LIMIT 1   [ RunTime:0.008046s ]
SQL: SELECT `nickname`,`openid` FROM `tp_users` WHERE ( user_id = 62813 AND is_enable = 1 ) LIMIT 1   [ RunTime:0.007995s ]

[ 2017-07-01T16:52:18+08:00 ] 127.0.0.1 /Public/Js/acp/acpcomm.js?version=201612002
DEBUG: ----REQUEST_METHOD----:GET

[ 2017-07-01T17:15:20+08:00 ] 127.0.0.1 /acp
DEBUG: ----REQUEST_METHOD----:GET
SQL: SHOW COLUMNS FROM `tp_config` [ RunTime:0.009062s ]
SQL: SELECT * FROM `tp_config`  [ RunTime:0.009313s ]
SQL: SHOW COLUMNS FROM `tp_users` [ RunTime:0.010586s ]
SQL: SELECT * FROM `tp_users` LEFT JOIN  tp_users_group on tp_users.group_id = tp_users_group.group_id WHERE ( tp_users.user_id = 1 )  [ RunTime:0.009269s ]

[ 2017-07-01T17:15:21+08:00 ] 127.0.0.1 /AcpConfig/set_password
DEBUG: ----REQUEST_METHOD----:GET
SQL: SHOW COLUMNS FROM `tp_config` [ RunTime:0.013430s ]
SQL: SELECT * FROM `tp_config`  [ RunTime:0.009101s ]
SQL: SHOW COLUMNS FROM `tp_users` [ RunTime:0.011629s ]
SQL: SELECT * FROM `tp_users` LEFT JOIN  tp_users_group on tp_users.group_id = tp_users_group.group_id WHERE ( tp_users.user_id = 1 )  [ RunTime:0.014034s ]

[ 2017-07-01T17:15:21+08:00 ] 127.0.0.1 /Public/Js/acp/acpcomm.js?version=201612002
DEBUG: ----REQUEST_METHOD----:GET

[ 2017-07-01T17:15:27+08:00 ] 127.0.0.1 /AcpOrder/get_delivered_order_list/mod_id/2
DEBUG: ----REQUEST_METHOD----:GET
SQL: SHOW COLUMNS FROM `tp_config` [ RunTime:0.008374s ]
SQL: SELECT * FROM `tp_config`  [ RunTime:0.010312s ]
SQL: SHOW COLUMNS FROM `tp_users` [ RunTime:0.016745s ]
SQL: SELECT * FROM `tp_users` LEFT JOIN  tp_users_group on tp_users.group_id = tp_users_group.group_id WHERE ( tp_users.user_id = 1 )  [ RunTime:0.028812s ]
SQL: SELECT COUNT(*) AS tp_count FROM `tp_order` WHERE ( isuse = 1 AND order_status = 2 ) LIMIT 1   [ RunTime:0.020057s ]
SQL: SELECT * FROM `tp_order` WHERE ( isuse = 1 AND order_status = 2 ) ORDER BY  addtime DESC LIMIT 0, 10   [ RunTime:0.011022s ]
SQL: SELECT `pay_name` FROM `tp_payway` WHERE ( pay_tag = 'wxpay' ) LIMIT 1   [ RunTime:0.008033s ]
SQL: SELECT `pay_name` FROM `tp_payway` WHERE ( pay_tag = 'wxpay' ) LIMIT 1   [ RunTime:0.008504s ]
SQL: SELECT `pay_name` FROM `tp_payway` WHERE ( pay_tag = 'wxpay' ) LIMIT 1   [ RunTime:0.010305s ]
SQL: SELECT `pay_name` FROM `tp_payway` WHERE ( pay_tag = 'wxpay' ) LIMIT 1   [ RunTime:0.008044s ]
SQL: SELECT `pay_name` FROM `tp_payway` WHERE ( pay_tag = 'wxpay' ) LIMIT 1   [ RunTime:0.008675s ]
SQL: SELECT `pay_name` FROM `tp_payway` WHERE ( pay_tag = 'wxpay' ) LIMIT 1   [ RunTime:0.013417s ]
SQL: SHOW COLUMNS FROM `tp_business` [ RunTime:0.010481s ]
SQL: SELECT `business_name` FROM `tp_business` WHERE ( business_id = 62 ) LIMIT 1   [ RunTime:0.008329s ]
SQL: SELECT `business_name` FROM `tp_business` WHERE ( business_id = 62 ) LIMIT 1   [ RunTime:0.008135s ]
SQL: SELECT `business_name` FROM `tp_business` WHERE ( business_id = 60 ) LIMIT 1   [ RunTime:0.008711s ]
SQL: SELECT `business_name` FROM `tp_business` WHERE ( business_id = 62 ) LIMIT 1   [ RunTime:0.008174s ]
SQL: SELECT `business_name` FROM `tp_business` WHERE ( business_id = 53 ) LIMIT 1   [ RunTime:0.008159s ]
SQL: SELECT `business_name` FROM `tp_business` WHERE ( business_id = 15 ) LIMIT 1   [ RunTime:0.013873s ]
SQL: SHOW COLUMNS FROM `tp_shipping_company` [ RunTime:0.011786s ]
SQL: SELECT * FROM `tp_shipping_company` WHERE ( isuse=1 ) ORDER BY serial  [ RunTime:0.009433s ]

[ 2017-07-01T17:15:27+08:00 ] 127.0.0.1 /Public/Js/acp/acpcomm.js?version=201612002
DEBUG: ----REQUEST_METHOD----:GET

[ 2017-07-01T17:15:36+08:00 ] 127.0.0.1 /AcpDeposit/get_deposit_apply_list/mod_id/3
DEBUG: ----REQUEST_METHOD----:GET
SQL: SHOW COLUMNS FROM `tp_config` [ RunTime:0.009668s ]
SQL: SELECT * FROM `tp_config`  [ RunTime:0.013855s ]
SQL: SHOW COLUMNS FROM `tp_users` [ RunTime:0.010066s ]
SQL: SELECT * FROM `tp_users` LEFT JOIN  tp_users_group on tp_users.group_id = tp_users_group.group_id WHERE ( tp_users.user_id = 1 )  [ RunTime:0.010163s ]
SQL: SHOW COLUMNS FROM `tp_deposit_apply` [ RunTime:0.008427s ]
SQL: SELECT COUNT(*) AS tp_count FROM `tp_deposit_apply` WHERE ( 1 ) LIMIT 1   [ RunTime:0.007510s ]
SQL: SELECT * FROM `tp_deposit_apply` WHERE 1 ORDER BY  addtime DESC LIMIT 0, 10   [ RunTime:0.007443s ]
SQL: SELECT `role_type`,`realname`,`mobile` FROM `tp_users` WHERE ( user_id = 62881 AND is_enable = 1 ) LIMIT 1   [ RunTime:0.007361s ]
SQL: SHOW COLUMNS FROM `tp_address_province` [ RunTime:0.007901s ]
SQL: SELECT `province_name` FROM `tp_address_province` WHERE ( province_id = 0 ) LIMIT 1   [ RunTime:0.010124s ]
SQL: SHOW COLUMNS FROM `tp_address_city` [ RunTime:0.012619s ]
SQL: SELECT `city_name` FROM `tp_address_city` WHERE ( city_id = 0 ) LIMIT 1   [ RunTime:0.007294s ]
SQL: SELECT `openid` FROM `tp_users` WHERE ( user_id = 62881 AND is_enable = 1 ) LIMIT 1   [ RunTime:0.007275s ]
SQL: SHOW COLUMNS FROM `tp_bank_card` [ RunTime:0.008329s ]
SQL: SELECT * FROM `tp_bank_card` WHERE ( bank_card_id='62' ) LIMIT 1   [ RunTime:0.007407s ]
SQL: SELECT `role_type`,`realname`,`mobile` FROM `tp_users` WHERE ( user_id = 62885 AND is_enable = 1 ) LIMIT 1   [ RunTime:0.007380s ]
SQL: SELECT `province_name` FROM `tp_address_province` WHERE ( province_id = 0 ) LIMIT 1   [ RunTime:0.007161s ]
SQL: SELECT `city_name` FROM `tp_address_city` WHERE ( city_id = 0 ) LIMIT 1   [ RunTime:0.007225s ]
SQL: SELECT `openid` FROM `tp_users` WHERE ( user_id = 62885 AND is_enable = 1 ) LIMIT 1   [ RunTime:0.007524s ]
SQL: SELECT * FROM `tp_bank_card` WHERE ( bank_card_id='66' ) LIMIT 1   [ RunTime:0.007740s ]
SQL: SELECT `role_type`,`realname`,`mobile` FROM `tp_users` WHERE ( user_id = 62885 AND is_enable = 1 ) LIMIT 1   [ RunTime:0.007293s ]
SQL: SELECT `province_name` FROM `tp_address_province` WHERE ( province_id = 0 ) LIMIT 1   [ RunTime:0.007832s ]
SQL: SELECT `city_name` FROM `tp_address_city` WHERE ( city_id = 0 ) LIMIT 1   [ RunTime:0.007355s ]
SQL: SELECT `openid` FROM `tp_users` WHERE ( user_id = 62885 AND is_enable = 1 ) LIMIT 1   [ RunTime:0.009971s ]
SQL: SELECT * FROM `tp_bank_card` WHERE ( bank_card_id='66' ) LIMIT 1   [ RunTime:0.007509s ]
SQL: SELECT `role_type`,`realname`,`mobile` FROM `tp_users` WHERE ( user_id = 62819 AND is_enable = 1 ) LIMIT 1   [ RunTime:0.007588s ]
SQL: SELECT `province_name` FROM `tp_address_province` WHERE ( province_id = 0 ) LIMIT 1   [ RunTime:0.007525s ]
SQL: SELECT `city_name` FROM `tp_address_city` WHERE ( city_id = 0 ) LIMIT 1   [ RunTime:0.008465s ]
SQL: SELECT `openid` FROM `tp_users` WHERE ( user_id = 62819 AND is_enable = 1 ) LIMIT 1   [ RunTime:0.007467s ]
SQL: SELECT * FROM `tp_bank_card` WHERE ( bank_card_id='43' ) LIMIT 1   [ RunTime:0.007642s ]
SQL: SELECT `role_type`,`realname`,`mobile` FROM `tp_users` WHERE ( user_id = 62813 AND is_enable = 1 ) LIMIT 1   [ RunTime:0.007719s ]
SQL: SELECT `province_name` FROM `tp_address_province` WHERE ( province_id = 0 ) LIMIT 1   [ RunTime:0.007666s ]
SQL: SELECT `city_name` FROM `tp_address_city` WHERE ( city_id = 0 ) LIMIT 1   [ RunTime:0.009050s ]
SQL: SELECT `openid` FROM `tp_users` WHERE ( user_id = 62813 AND is_enable = 1 ) LIMIT 1   [ RunTime:0.007608s ]
SQL: SELECT * FROM `tp_bank_card` WHERE ( bank_card_id='44' ) LIMIT 1   [ RunTime:0.012334s ]
SQL: SELECT `role_type`,`realname`,`mobile` FROM `tp_users` WHERE ( user_id = 62813 AND is_enable = 1 ) LIMIT 1   [ RunTime:0.007629s ]
SQL: SELECT `province_name` FROM `tp_address_province` WHERE ( province_id = 0 ) LIMIT 1   [ RunTime:0.007506s ]
SQL: SELECT `city_name` FROM `tp_address_city` WHERE ( city_id = 0 ) LIMIT 1   [ RunTime:0.007588s ]
SQL: SELECT `openid` FROM `tp_users` WHERE ( user_id = 62813 AND is_enable = 1 ) LIMIT 1   [ RunTime:0.007780s ]
SQL: SELECT * FROM `tp_bank_card` WHERE ( bank_card_id='44' ) LIMIT 1   [ RunTime:0.007583s ]
SQL: SELECT `role_type`,`realname`,`mobile` FROM `tp_users` WHERE ( user_id = 62816 AND is_enable = 1 ) LIMIT 1   [ RunTime:0.007834s ]
SQL: SELECT `province_name` FROM `tp_address_province` WHERE ( province_id = 0 ) LIMIT 1   [ RunTime:0.007767s ]
SQL: SELECT `city_name` FROM `tp_address_city` WHERE ( city_id = 0 ) LIMIT 1   [ RunTime:0.011331s ]
SQL: SELECT `openid` FROM `tp_users` WHERE ( user_id = 62816 AND is_enable = 1 ) LIMIT 1   [ RunTime:0.007577s ]
SQL: SELECT * FROM `tp_bank_card` WHERE ( bank_card_id='65' ) LIMIT 1   [ RunTime:0.007957s ]
SQL: SELECT `role_type`,`realname`,`mobile` FROM `tp_users` WHERE ( user_id = 62816 AND is_enable = 1 ) LIMIT 1   [ RunTime:0.008021s ]
SQL: SELECT `province_name` FROM `tp_address_province` WHERE ( province_id = 0 ) LIMIT 1   [ RunTime:0.008029s ]
SQL: SELECT `city_name` FROM `tp_address_city` WHERE ( city_id = 0 ) LIMIT 1   [ RunTime:0.010029s ]
SQL: SELECT `openid` FROM `tp_users` WHERE ( user_id = 62816 AND is_enable = 1 ) LIMIT 1   [ RunTime:0.007749s ]
SQL: SELECT * FROM `tp_bank_card` WHERE ( bank_card_id='65' ) LIMIT 1   [ RunTime:0.009295s ]
SQL: SELECT `role_type`,`realname`,`mobile` FROM `tp_users` WHERE ( user_id = 62816 AND is_enable = 1 ) LIMIT 1   [ RunTime:0.007944s ]
SQL: SELECT `province_name` FROM `tp_address_province` WHERE ( province_id = 0 ) LIMIT 1   [ RunTime:0.007415s ]
SQL: SELECT `city_name` FROM `tp_address_city` WHERE ( city_id = 0 ) LIMIT 1   [ RunTime:0.007634s ]
SQL: SELECT `openid` FROM `tp_users` WHERE ( user_id = 62816 AND is_enable = 1 ) LIMIT 1   [ RunTime:0.010508s ]
SQL: SELECT * FROM `tp_bank_card` WHERE ( bank_card_id='65' ) LIMIT 1   [ RunTime:0.008078s ]
SQL: SELECT `role_type`,`realname`,`mobile` FROM `tp_users` WHERE ( user_id = 62813 AND is_enable = 1 ) LIMIT 1   [ RunTime:0.013527s ]
SQL: SELECT `province_name` FROM `tp_address_province` WHERE ( province_id = 0 ) LIMIT 1   [ RunTime:0.009838s ]
SQL: SELECT `city_name` FROM `tp_address_city` WHERE ( city_id = 0 ) LIMIT 1   [ RunTime:0.007970s ]
SQL: SELECT `openid` FROM `tp_users` WHERE ( user_id = 62813 AND is_enable = 1 ) LIMIT 1   [ RunTime:0.007530s ]
SQL: SELECT * FROM `tp_bank_card` WHERE ( bank_card_id='44' ) LIMIT 1   [ RunTime:0.007606s ]
SQL: SELECT `nickname`,`openid` FROM `tp_users` WHERE ( user_id = 62881 AND is_enable = 1 ) LIMIT 1   [ RunTime:0.007600s ]
SQL: SELECT `nickname`,`openid` FROM `tp_users` WHERE ( user_id = 62885 AND is_enable = 1 ) LIMIT 1   [ RunTime:0.008216s ]
SQL: SELECT `nickname`,`openid` FROM `tp_users` WHERE ( user_id = 62885 AND is_enable = 1 ) LIMIT 1   [ RunTime:0.008558s ]
SQL: SELECT `nickname`,`openid` FROM `tp_users` WHERE ( user_id = 62819 AND is_enable = 1 ) LIMIT 1   [ RunTime:0.007728s ]
SQL: SELECT `nickname`,`openid` FROM `tp_users` WHERE ( user_id = 62813 AND is_enable = 1 ) LIMIT 1   [ RunTime:0.007681s ]
SQL: SELECT `nickname`,`openid` FROM `tp_users` WHERE ( user_id = 62813 AND is_enable = 1 ) LIMIT 1   [ RunTime:0.007633s ]
SQL: SELECT `nickname`,`openid` FROM `tp_users` WHERE ( user_id = 62816 AND is_enable = 1 ) LIMIT 1   [ RunTime:0.011413s ]
SQL: SELECT `nickname`,`openid` FROM `tp_users` WHERE ( user_id = 62816 AND is_enable = 1 ) LIMIT 1   [ RunTime:0.008066s ]
SQL: SELECT `nickname`,`openid` FROM `tp_users` WHERE ( user_id = 62816 AND is_enable = 1 ) LIMIT 1   [ RunTime:0.007643s ]
SQL: SELECT `nickname`,`openid` FROM `tp_users` WHERE ( user_id = 62813 AND is_enable = 1 ) LIMIT 1   [ RunTime:0.008082s ]

[ 2017-07-01T17:15:36+08:00 ] 127.0.0.1 /Public/Js/acp/acpcomm.js?version=201612002
DEBUG: ----REQUEST_METHOD----:GET

[ 2017-07-01T17:18:17+08:00 ] 127.0.0.1 /AcpDeposit/get_deposit_apply_list/mod_id/3
DEBUG: ----REQUEST_METHOD----:GET
SQL: SHOW COLUMNS FROM `tp_config` [ RunTime:0.008733s ]
SQL: SELECT * FROM `tp_config`  [ RunTime:0.013863s ]
SQL: SHOW COLUMNS FROM `tp_users` [ RunTime:0.009790s ]
SQL: SELECT * FROM `tp_users` LEFT JOIN  tp_users_group on tp_users.group_id = tp_users_group.group_id WHERE ( tp_users.user_id = 1 )  [ RunTime:0.010233s ]
SQL: SHOW COLUMNS FROM `tp_deposit_apply` [ RunTime:0.008264s ]
SQL: SELECT COUNT(*) AS tp_count FROM `tp_deposit_apply` WHERE ( 1 ) LIMIT 1   [ RunTime:0.007346s ]
SQL: SELECT * FROM `tp_deposit_apply` WHERE 1 ORDER BY  addtime DESC LIMIT 0, 10   [ RunTime:0.007874s ]
SQL: SELECT `role_type`,`realname`,`mobile` FROM `tp_users` WHERE ( user_id = 62881 AND is_enable = 1 ) LIMIT 1   [ RunTime:0.007843s ]
SQL: SHOW COLUMNS FROM `tp_address_province` [ RunTime:0.008250s ]
SQL: SELECT `province_name` FROM `tp_address_province` WHERE ( province_id = 0 ) LIMIT 1   [ RunTime:0.007751s ]
SQL: SHOW COLUMNS FROM `tp_address_city` [ RunTime:0.008059s ]
SQL: SELECT `city_name` FROM `tp_address_city` WHERE ( city_id = 0 ) LIMIT 1   [ RunTime:0.007628s ]
SQL: SELECT `openid` FROM `tp_users` WHERE ( user_id = 62881 AND is_enable = 1 ) LIMIT 1   [ RunTime:0.007652s ]
SQL: SHOW COLUMNS FROM `tp_bank_card` [ RunTime:0.008052s ]
SQL: SELECT * FROM `tp_bank_card` WHERE ( bank_card_id='62' ) LIMIT 1   [ RunTime:0.007524s ]
SQL: SELECT `role_type`,`realname`,`mobile` FROM `tp_users` WHERE ( user_id = 62885 AND is_enable = 1 ) LIMIT 1   [ RunTime:0.008388s ]
SQL: SELECT `province_name` FROM `tp_address_province` WHERE ( province_id = 0 ) LIMIT 1   [ RunTime:0.007774s ]
SQL: SELECT `city_name` FROM `tp_address_city` WHERE ( city_id = 0 ) LIMIT 1   [ RunTime:0.006856s ]
SQL: SELECT `openid` FROM `tp_users` WHERE ( user_id = 62885 AND is_enable = 1 ) LIMIT 1   [ RunTime:0.007609s ]
SQL: SELECT * FROM `tp_bank_card` WHERE ( bank_card_id='66' ) LIMIT 1   [ RunTime:0.008009s ]
SQL: SELECT `role_type`,`realname`,`mobile` FROM `tp_users` WHERE ( user_id = 62885 AND is_enable = 1 ) LIMIT 1   [ RunTime:0.007842s ]
SQL: SELECT `province_name` FROM `tp_address_province` WHERE ( province_id = 0 ) LIMIT 1   [ RunTime:0.008287s ]
SQL: SELECT `city_name` FROM `tp_address_city` WHERE ( city_id = 0 ) LIMIT 1   [ RunTime:0.007533s ]
SQL: SELECT `openid` FROM `tp_users` WHERE ( user_id = 62885 AND is_enable = 1 ) LIMIT 1   [ RunTime:0.009141s ]
SQL: SELECT * FROM `tp_bank_card` WHERE ( bank_card_id='66' ) LIMIT 1   [ RunTime:0.007607s ]
SQL: SELECT `role_type`,`realname`,`mobile` FROM `tp_users` WHERE ( user_id = 62819 AND is_enable = 1 ) LIMIT 1   [ RunTime:0.007757s ]
SQL: SELECT `province_name` FROM `tp_address_province` WHERE ( province_id = 0 ) LIMIT 1   [ RunTime:0.007902s ]
SQL: SELECT `city_name` FROM `tp_address_city` WHERE ( city_id = 0 ) LIMIT 1   [ RunTime:0.008362s ]
SQL: SELECT `openid` FROM `tp_users` WHERE ( user_id = 62819 AND is_enable = 1 ) LIMIT 1   [ RunTime:0.007745s ]
SQL: SELECT * FROM `tp_bank_card` WHERE ( bank_card_id='43' ) LIMIT 1   [ RunTime:0.007818s ]
SQL: SELECT `role_type`,`realname`,`mobile` FROM `tp_users` WHERE ( user_id = 62813 AND is_enable = 1 ) LIMIT 1   [ RunTime:0.007849s ]
SQL: SELECT `province_name` FROM `tp_address_province` WHERE ( province_id = 0 ) LIMIT 1   [ RunTime:0.008478s ]
SQL: SELECT `city_name` FROM `tp_address_city` WHERE ( city_id = 0 ) LIMIT 1   [ RunTime:0.007507s ]
SQL: SELECT `openid` FROM `tp_users` WHERE ( user_id = 62813 AND is_enable = 1 ) LIMIT 1   [ RunTime:0.009219s ]
SQL: SELECT * FROM `tp_bank_card` WHERE ( bank_card_id='44' ) LIMIT 1   [ RunTime:0.008997s ]
SQL: SELECT `role_type`,`realname`,`mobile` FROM `tp_users` WHERE ( user_id = 62813 AND is_enable = 1 ) LIMIT 1   [ RunTime:0.013580s ]
SQL: SELECT `province_name` FROM `tp_address_province` WHERE ( province_id = 0 ) LIMIT 1   [ RunTime:0.009358s ]
SQL: SELECT `city_name` FROM `tp_address_city` WHERE ( city_id = 0 ) LIMIT 1   [ RunTime:0.007725s ]
SQL: SELECT `openid` FROM `tp_users` WHERE ( user_id = 62813 AND is_enable = 1 ) LIMIT 1   [ RunTime:0.007816s ]
SQL: SELECT * FROM `tp_bank_card` WHERE ( bank_card_id='44' ) LIMIT 1   [ RunTime:0.007567s ]
SQL: SELECT `role_type`,`realname`,`mobile` FROM `tp_users` WHERE ( user_id = 62816 AND is_enable = 1 ) LIMIT 1   [ RunTime:0.007942s ]
SQL: SELECT `province_name` FROM `tp_address_province` WHERE ( province_id = 0 ) LIMIT 1   [ RunTime:0.007380s ]
SQL: SELECT `city_name` FROM `tp_address_city` WHERE ( city_id = 0 ) LIMIT 1   [ RunTime:0.009991s ]
SQL: SELECT `openid` FROM `tp_users` WHERE ( user_id = 62816 AND is_enable = 1 ) LIMIT 1   [ RunTime:0.008362s ]
SQL: SELECT * FROM `tp_bank_card` WHERE ( bank_card_id='65' ) LIMIT 1   [ RunTime:0.008218s ]
SQL: SELECT `role_type`,`realname`,`mobile` FROM `tp_users` WHERE ( user_id = 62816 AND is_enable = 1 ) LIMIT 1   [ RunTime:0.007875s ]
SQL: SELECT `province_name` FROM `tp_address_province` WHERE ( province_id = 0 ) LIMIT 1   [ RunTime:0.008440s ]
SQL: SELECT `city_name` FROM `tp_address_city` WHERE ( city_id = 0 ) LIMIT 1   [ RunTime:0.007611s ]
SQL: SELECT `openid` FROM `tp_users` WHERE ( user_id = 62816 AND is_enable = 1 ) LIMIT 1   [ RunTime:0.007943s ]
SQL: SELECT * FROM `tp_bank_card` WHERE ( bank_card_id='65' ) LIMIT 1   [ RunTime:0.007461s ]
SQL: SELECT `role_type`,`realname`,`mobile` FROM `tp_users` WHERE ( user_id = 62816 AND is_enable = 1 ) LIMIT 1   [ RunTime:0.007593s ]
SQL: SELECT `province_name` FROM `tp_address_province` WHERE ( province_id = 0 ) LIMIT 1   [ RunTime:0.008425s ]
SQL: SELECT `city_name` FROM `tp_address_city` WHERE ( city_id = 0 ) LIMIT 1   [ RunTime:0.007719s ]
SQL: SELECT `openid` FROM `tp_users` WHERE ( user_id = 62816 AND is_enable = 1 ) LIMIT 1   [ RunTime:0.007844s ]
SQL: SELECT * FROM `tp_bank_card` WHERE ( bank_card_id='65' ) LIMIT 1   [ RunTime:0.008760s ]
SQL: SELECT `role_type`,`realname`,`mobile` FROM `tp_users` WHERE ( user_id = 62813 AND is_enable = 1 ) LIMIT 1   [ RunTime:0.007808s ]
SQL: SELECT `province_name` FROM `tp_address_province` WHERE ( province_id = 0 ) LIMIT 1   [ RunTime:0.007562s ]
SQL: SELECT `city_name` FROM `tp_address_city` WHERE ( city_id = 0 ) LIMIT 1   [ RunTime:0.007464s ]
SQL: SELECT `openid` FROM `tp_users` WHERE ( user_id = 62813 AND is_enable = 1 ) LIMIT 1   [ RunTime:0.011806s ]
SQL: SELECT * FROM `tp_bank_card` WHERE ( bank_card_id='44' ) LIMIT 1   [ RunTime:0.009212s ]
SQL: SELECT `nickname`,`openid` FROM `tp_users` WHERE ( user_id = 62881 AND is_enable = 1 ) LIMIT 1   [ RunTime:0.007854s ]
SQL: SELECT `nickname`,`openid` FROM `tp_users` WHERE ( user_id = 62885 AND is_enable = 1 ) LIMIT 1   [ RunTime:0.007695s ]
SQL: SELECT `nickname`,`openid` FROM `tp_users` WHERE ( user_id = 62885 AND is_enable = 1 ) LIMIT 1   [ RunTime:0.008536s ]
SQL: SELECT `nickname`,`openid` FROM `tp_users` WHERE ( user_id = 62819 AND is_enable = 1 ) LIMIT 1   [ RunTime:0.008119s ]
SQL: SELECT `nickname`,`openid` FROM `tp_users` WHERE ( user_id = 62813 AND is_enable = 1 ) LIMIT 1   [ RunTime:0.007771s ]
SQL: SELECT `nickname`,`openid` FROM `tp_users` WHERE ( user_id = 62813 AND is_enable = 1 ) LIMIT 1   [ RunTime:0.007588s ]
SQL: SELECT `nickname`,`openid` FROM `tp_users` WHERE ( user_id = 62816 AND is_enable = 1 ) LIMIT 1   [ RunTime:0.007904s ]
SQL: SELECT `nickname`,`openid` FROM `tp_users` WHERE ( user_id = 62816 AND is_enable = 1 ) LIMIT 1   [ RunTime:0.007537s ]
SQL: SELECT `nickname`,`openid` FROM `tp_users` WHERE ( user_id = 62816 AND is_enable = 1 ) LIMIT 1   [ RunTime:0.007690s ]
SQL: SELECT `nickname`,`openid` FROM `tp_users` WHERE ( user_id = 62813 AND is_enable = 1 ) LIMIT 1   [ RunTime:0.007593s ]

[ 2017-07-01T17:18:17+08:00 ] 127.0.0.1 /Public/Js/acp/acpcomm.js?version=201612002
DEBUG: ----REQUEST_METHOD----:GET

[ 2017-07-01T17:18:19+08:00 ] 127.0.0.1 /AcpDeposit/agent_deposit
DEBUG: ----REQUEST_METHOD----:POST_AJAX
DEBUG: ----POST----:Array
(
    [ids] => 67
)

SQL: SHOW COLUMNS FROM `tp_config` [ RunTime:0.009026s ]
SQL: SELECT * FROM `tp_config`  [ RunTime:0.009055s ]
SQL: SHOW COLUMNS FROM `tp_users` [ RunTime:0.016889s ]
SQL: SELECT * FROM `tp_users` LEFT JOIN  tp_users_group on tp_users.group_id = tp_users_group.group_id WHERE ( tp_users.user_id = 1 )  [ RunTime:0.013451s ]
SQL: SHOW COLUMNS FROM `tp_bank` [ RunTime:0.008421s ]
SQL: SHOW COLUMNS FROM `tp_deposit_apply` [ RunTime:0.008970s ]
SQL: SELECT `bank_card_id`,`money`,`state`,`user_id` FROM `tp_deposit_apply` WHERE ( deposit_apply_id = 67 ) LIMIT 1   [ RunTime:0.013615s ]
SQL: SELECT `frozen_money` FROM `tp_users` WHERE ( user_id = 62881 AND is_enable = 1 ) LIMIT 1   [ RunTime:0.007707s ]
SQL: SHOW COLUMNS FROM `tp_bank_card` [ RunTime:0.014441s ]
SQL: SELECT * FROM `tp_bank_card` WHERE ( bank_card_id = 62 ) LIMIT 1   [ RunTime:0.013499s ]
SQL: SHOW COLUMNS FROM `tp_bank` [ RunTime:0.008460s ]
SQL: SELECT `bank_name`,`cdtbrd` FROM `tp_bank` WHERE ( bank_id = 5 ) LIMIT 1   [ RunTime:0.008411s ]
SQL: UPDATE `tp_deposit_apply` SET `admin_remark`='接口异常，招行返回结果：SDKM035 非法地址,禁止访问!' WHERE ( deposit_apply_id = 67 ) [ RunTime:0.008892s ]

[ 2017-07-01T17:18:21+08:00 ] 127.0.0.1 /AcpDeposit/get_deposit_apply_list/mod_id/3
DEBUG: ----REQUEST_METHOD----:GET
SQL: SHOW COLUMNS FROM `tp_config` [ RunTime:0.009716s ]
SQL: SELECT * FROM `tp_config`  [ RunTime:0.009041s ]
SQL: SHOW COLUMNS FROM `tp_users` [ RunTime:0.009791s ]
SQL: SELECT * FROM `tp_users` LEFT JOIN  tp_users_group on tp_users.group_id = tp_users_group.group_id WHERE ( tp_users.user_id = 1 )  [ RunTime:0.012230s ]
SQL: SHOW COLUMNS FROM `tp_deposit_apply` [ RunTime:0.010849s ]
SQL: SELECT COUNT(*) AS tp_count FROM `tp_deposit_apply` WHERE ( 1 ) LIMIT 1   [ RunTime:0.008027s ]
SQL: SELECT * FROM `tp_deposit_apply` WHERE 1 ORDER BY  addtime DESC LIMIT 0, 10   [ RunTime:0.008676s ]
SQL: SELECT `role_type`,`realname`,`mobile` FROM `tp_users` WHERE ( user_id = 62881 AND is_enable = 1 ) LIMIT 1   [ RunTime:0.007669s ]
SQL: SHOW COLUMNS FROM `tp_address_province` [ RunTime:0.009440s ]
SQL: SELECT `province_name` FROM `tp_address_province` WHERE ( province_id = 0 ) LIMIT 1   [ RunTime:0.007766s ]
SQL: SHOW COLUMNS FROM `tp_address_city` [ RunTime:0.009002s ]
SQL: SELECT `city_name` FROM `tp_address_city` WHERE ( city_id = 0 ) LIMIT 1   [ RunTime:0.008098s ]
SQL: SELECT `openid` FROM `tp_users` WHERE ( user_id = 62881 AND is_enable = 1 ) LIMIT 1   [ RunTime:0.007926s ]
SQL: SHOW COLUMNS FROM `tp_bank_card` [ RunTime:0.008694s ]
SQL: SELECT * FROM `tp_bank_card` WHERE ( bank_card_id='62' ) LIMIT 1   [ RunTime:0.012644s ]
SQL: SELECT `role_type`,`realname`,`mobile` FROM `tp_users` WHERE ( user_id = 62885 AND is_enable = 1 ) LIMIT 1   [ RunTime:0.008123s ]
SQL: SELECT `province_name` FROM `tp_address_province` WHERE ( province_id = 0 ) LIMIT 1   [ RunTime:0.007848s ]
SQL: SELECT `city_name` FROM `tp_address_city` WHERE ( city_id = 0 ) LIMIT 1   [ RunTime:0.007907s ]
SQL: SELECT `openid` FROM `tp_users` WHERE ( user_id = 62885 AND is_enable = 1 ) LIMIT 1   [ RunTime:0.008270s ]
SQL: SELECT * FROM `tp_bank_card` WHERE ( bank_card_id='66' ) LIMIT 1   [ RunTime:0.008123s ]
SQL: SELECT `role_type`,`realname`,`mobile` FROM `tp_users` WHERE ( user_id = 62885 AND is_enable = 1 ) LIMIT 1   [ RunTime:0.008492s ]
SQL: SELECT `province_name` FROM `tp_address_province` WHERE ( province_id = 0 ) LIMIT 1   [ RunTime:0.008989s ]
SQL: SELECT `city_name` FROM `tp_address_city` WHERE ( city_id = 0 ) LIMIT 1   [ RunTime:0.008108s ]
SQL: SELECT `openid` FROM `tp_users` WHERE ( user_id = 62885 AND is_enable = 1 ) LIMIT 1   [ RunTime:0.008150s ]
SQL: SELECT * FROM `tp_bank_card` WHERE ( bank_card_id='66' ) LIMIT 1   [ RunTime:0.008069s ]
SQL: SELECT `role_type`,`realname`,`mobile` FROM `tp_users` WHERE ( user_id = 62819 AND is_enable = 1 ) LIMIT 1   [ RunTime:0.008058s ]
SQL: SELECT `province_name` FROM `tp_address_province` WHERE ( province_id = 0 ) LIMIT 1   [ RunTime:0.008050s ]
SQL: SELECT `city_name` FROM `tp_address_city` WHERE ( city_id = 0 ) LIMIT 1   [ RunTime:0.009137s ]
SQL: SELECT `openid` FROM `tp_users` WHERE ( user_id = 62819 AND is_enable = 1 ) LIMIT 1   [ RunTime:0.008227s ]
SQL: SELECT * FROM `tp_bank_card` WHERE ( bank_card_id='43' ) LIMIT 1   [ RunTime:0.008290s ]
SQL: SELECT `role_type`,`realname`,`mobile` FROM `tp_users` WHERE ( user_id = 62813 AND is_enable = 1 ) LIMIT 1   [ RunTime:0.009361s ]
SQL: SELECT `province_name` FROM `tp_address_province` WHERE ( province_id = 0 ) LIMIT 1   [ RunTime:0.008424s ]
SQL: SELECT `city_name` FROM `tp_address_city` WHERE ( city_id = 0 ) LIMIT 1   [ RunTime:0.007946s ]
SQL: SELECT `openid` FROM `tp_users` WHERE ( user_id = 62813 AND is_enable = 1 ) LIMIT 1   [ RunTime:0.010271s ]
SQL: SELECT * FROM `tp_bank_card` WHERE ( bank_card_id='44' ) LIMIT 1   [ RunTime:0.008059s ]
SQL: SELECT `role_type`,`realname`,`mobile` FROM `tp_users` WHERE ( user_id = 62813 AND is_enable = 1 ) LIMIT 1   [ RunTime:0.009195s ]
SQL: SELECT `province_name` FROM `tp_address_province` WHERE ( province_id = 0 ) LIMIT 1   [ RunTime:0.007780s ]
SQL: SELECT `city_name` FROM `tp_address_city` WHERE ( city_id = 0 ) LIMIT 1   [ RunTime:0.009334s ]
SQL: SELECT `openid` FROM `tp_users` WHERE ( user_id = 62813 AND is_enable = 1 ) LIMIT 1   [ RunTime:0.007983s ]
SQL: SELECT * FROM `tp_bank_card` WHERE ( bank_card_id='44' ) LIMIT 1   [ RunTime:0.008106s ]
SQL: SELECT `role_type`,`realname`,`mobile` FROM `tp_users` WHERE ( user_id = 62816 AND is_enable = 1 ) LIMIT 1   [ RunTime:0.007999s ]
SQL: SELECT `province_name` FROM `tp_address_province` WHERE ( province_id = 0 ) LIMIT 1   [ RunTime:0.007903s ]
SQL: SELECT `city_name` FROM `tp_address_city` WHERE ( city_id = 0 ) LIMIT 1   [ RunTime:0.008039s ]
SQL: SELECT `openid` FROM `tp_users` WHERE ( user_id = 62816 AND is_enable = 1 ) LIMIT 1   [ RunTime:0.008513s ]
SQL: SELECT * FROM `tp_bank_card` WHERE ( bank_card_id='65' ) LIMIT 1   [ RunTime:0.008192s ]
SQL: SELECT `role_type`,`realname`,`mobile` FROM `tp_users` WHERE ( user_id = 62816 AND is_enable = 1 ) LIMIT 1   [ RunTime:0.008065s ]
SQL: SELECT `province_name` FROM `tp_address_province` WHERE ( province_id = 0 ) LIMIT 1   [ RunTime:0.008040s ]
SQL: SELECT `city_name` FROM `tp_address_city` WHERE ( city_id = 0 ) LIMIT 1   [ RunTime:0.008038s ]
SQL: SELECT `openid` FROM `tp_users` WHERE ( user_id = 62816 AND is_enable = 1 ) LIMIT 1   [ RunTime:0.007976s ]
SQL: SELECT * FROM `tp_bank_card` WHERE ( bank_card_id='65' ) LIMIT 1   [ RunTime:0.009865s ]
SQL: SELECT `role_type`,`realname`,`mobile` FROM `tp_users` WHERE ( user_id = 62816 AND is_enable = 1 ) LIMIT 1   [ RunTime:0.008466s ]
SQL: SELECT `province_name` FROM `tp_address_province` WHERE ( province_id = 0 ) LIMIT 1   [ RunTime:0.008043s ]
SQL: SELECT `city_name` FROM `tp_address_city` WHERE ( city_id = 0 ) LIMIT 1   [ RunTime:0.008411s ]
SQL: SELECT `openid` FROM `tp_users` WHERE ( user_id = 62816 AND is_enable = 1 ) LIMIT 1   [ RunTime:0.007829s ]
SQL: SELECT * FROM `tp_bank_card` WHERE ( bank_card_id='65' ) LIMIT 1   [ RunTime:0.008328s ]
SQL: SELECT `role_type`,`realname`,`mobile` FROM `tp_users` WHERE ( user_id = 62813 AND is_enable = 1 ) LIMIT 1   [ RunTime:0.007896s ]
SQL: SELECT `province_name` FROM `tp_address_province` WHERE ( province_id = 0 ) LIMIT 1   [ RunTime:0.008232s ]
SQL: SELECT `city_name` FROM `tp_address_city` WHERE ( city_id = 0 ) LIMIT 1   [ RunTime:0.011746s ]
SQL: SELECT `openid` FROM `tp_users` WHERE ( user_id = 62813 AND is_enable = 1 ) LIMIT 1   [ RunTime:0.008335s ]
SQL: SELECT * FROM `tp_bank_card` WHERE ( bank_card_id='44' ) LIMIT 1   [ RunTime:0.009322s ]
SQL: SELECT `nickname`,`openid` FROM `tp_users` WHERE ( user_id = 62881 AND is_enable = 1 ) LIMIT 1   [ RunTime:0.016251s ]
SQL: SELECT `nickname`,`openid` FROM `tp_users` WHERE ( user_id = 62885 AND is_enable = 1 ) LIMIT 1   [ RunTime:0.009758s ]
SQL: SELECT `nickname`,`openid` FROM `tp_users` WHERE ( user_id = 62885 AND is_enable = 1 ) LIMIT 1   [ RunTime:0.008454s ]
SQL: SELECT `nickname`,`openid` FROM `tp_users` WHERE ( user_id = 62819 AND is_enable = 1 ) LIMIT 1   [ RunTime:0.009164s ]
SQL: SELECT `nickname`,`openid` FROM `tp_users` WHERE ( user_id = 62813 AND is_enable = 1 ) LIMIT 1   [ RunTime:0.008290s ]
SQL: SELECT `nickname`,`openid` FROM `tp_users` WHERE ( user_id = 62813 AND is_enable = 1 ) LIMIT 1   [ RunTime:0.008681s ]
SQL: SELECT `nickname`,`openid` FROM `tp_users` WHERE ( user_id = 62816 AND is_enable = 1 ) LIMIT 1   [ RunTime:0.010373s ]
SQL: SELECT `nickname`,`openid` FROM `tp_users` WHERE ( user_id = 62816 AND is_enable = 1 ) LIMIT 1   [ RunTime:0.008969s ]
SQL: SELECT `nickname`,`openid` FROM `tp_users` WHERE ( user_id = 62816 AND is_enable = 1 ) LIMIT 1   [ RunTime:0.008318s ]
SQL: SELECT `nickname`,`openid` FROM `tp_users` WHERE ( user_id = 62813 AND is_enable = 1 ) LIMIT 1   [ RunTime:0.012913s ]

[ 2017-07-01T17:18:21+08:00 ] 127.0.0.1 /Public/Js/acp/acpcomm.js?version=201612002
DEBUG: ----REQUEST_METHOD----:GET

[ 2017-07-01T17:18:41+08:00 ] 127.0.0.1 /AcpDeposit/get_deposit_apply_list/mod_id/3
DEBUG: ----REQUEST_METHOD----:GET
SQL: SHOW COLUMNS FROM `tp_config` [ RunTime:0.009053s ]
SQL: SELECT * FROM `tp_config`  [ RunTime:0.008294s ]
SQL: SHOW COLUMNS FROM `tp_users` [ RunTime:0.009906s ]
SQL: SELECT * FROM `tp_users` LEFT JOIN  tp_users_group on tp_users.group_id = tp_users_group.group_id WHERE ( tp_users.user_id = 1 )  [ RunTime:0.010227s ]
SQL: SHOW COLUMNS FROM `tp_deposit_apply` [ RunTime:0.008900s ]
SQL: SELECT COUNT(*) AS tp_count FROM `tp_deposit_apply` WHERE ( 1 ) LIMIT 1   [ RunTime:0.007350s ]
SQL: SELECT * FROM `tp_deposit_apply` WHERE 1 ORDER BY  addtime DESC LIMIT 0, 10   [ RunTime:0.008218s ]
SQL: SELECT `role_type`,`realname`,`mobile` FROM `tp_users` WHERE ( user_id = 62881 AND is_enable = 1 ) LIMIT 1   [ RunTime:0.007934s ]
SQL: SHOW COLUMNS FROM `tp_address_province` [ RunTime:0.007854s ]
SQL: SELECT `province_name` FROM `tp_address_province` WHERE ( province_id = 0 ) LIMIT 1   [ RunTime:0.010378s ]
SQL: SHOW COLUMNS FROM `tp_address_city` [ RunTime:0.008343s ]
SQL: SELECT `city_name` FROM `tp_address_city` WHERE ( city_id = 0 ) LIMIT 1   [ RunTime:0.007646s ]
SQL: SELECT `openid` FROM `tp_users` WHERE ( user_id = 62881 AND is_enable = 1 ) LIMIT 1   [ RunTime:0.007573s ]
SQL: SHOW COLUMNS FROM `tp_bank_card` [ RunTime:0.012728s ]
SQL: SELECT * FROM `tp_bank_card` WHERE ( bank_card_id='62' ) LIMIT 1   [ RunTime:0.010126s ]
SQL: SELECT `role_type`,`realname`,`mobile` FROM `tp_users` WHERE ( user_id = 62885 AND is_enable = 1 ) LIMIT 1   [ RunTime:0.007614s ]
SQL: SELECT `province_name` FROM `tp_address_province` WHERE ( province_id = 0 ) LIMIT 1   [ RunTime:0.016070s ]
SQL: SELECT `city_name` FROM `tp_address_city` WHERE ( city_id = 0 ) LIMIT 1   [ RunTime:0.007555s ]
SQL: SELECT `openid` FROM `tp_users` WHERE ( user_id = 62885 AND is_enable = 1 ) LIMIT 1   [ RunTime:0.007970s ]
SQL: SELECT * FROM `tp_bank_card` WHERE ( bank_card_id='66' ) LIMIT 1   [ RunTime:0.008546s ]
SQL: SELECT `role_type`,`realname`,`mobile` FROM `tp_users` WHERE ( user_id = 62885 AND is_enable = 1 ) LIMIT 1   [ RunTime:0.008252s ]
SQL: SELECT `province_name` FROM `tp_address_province` WHERE ( province_id = 0 ) LIMIT 1   [ RunTime:0.007400s ]
SQL: SELECT `city_name` FROM `tp_address_city` WHERE ( city_id = 0 ) LIMIT 1   [ RunTime:0.007496s ]
SQL: SELECT `openid` FROM `tp_users` WHERE ( user_id = 62885 AND is_enable = 1 ) LIMIT 1   [ RunTime:0.007903s ]
SQL: SELECT * FROM `tp_bank_card` WHERE ( bank_card_id='66' ) LIMIT 1   [ RunTime:0.007781s ]
SQL: SELECT `role_type`,`realname`,`mobile` FROM `tp_users` WHERE ( user_id = 62819 AND is_enable = 1 ) LIMIT 1   [ RunTime:0.007917s ]
SQL: SELECT `province_name` FROM `tp_address_province` WHERE ( province_id = 0 ) LIMIT 1   [ RunTime:0.007561s ]
SQL: SELECT `city_name` FROM `tp_address_city` WHERE ( city_id = 0 ) LIMIT 1   [ RunTime:0.008320s ]
SQL: SELECT `openid` FROM `tp_users` WHERE ( user_id = 62819 AND is_enable = 1 ) LIMIT 1   [ RunTime:0.007618s ]
SQL: SELECT * FROM `tp_bank_card` WHERE ( bank_card_id='43' ) LIMIT 1   [ RunTime:0.007783s ]
SQL: SELECT `role_type`,`realname`,`mobile` FROM `tp_users` WHERE ( user_id = 62813 AND is_enable = 1 ) LIMIT 1   [ RunTime:0.007735s ]
SQL: SELECT `province_name` FROM `tp_address_province` WHERE ( province_id = 0 ) LIMIT 1   [ RunTime:0.008202s ]
SQL: SELECT `city_name` FROM `tp_address_city` WHERE ( city_id = 0 ) LIMIT 1   [ RunTime:0.008326s ]
SQL: SELECT `openid` FROM `tp_users` WHERE ( user_id = 62813 AND is_enable = 1 ) LIMIT 1   [ RunTime:0.008234s ]
SQL: SELECT * FROM `tp_bank_card` WHERE ( bank_card_id='44' ) LIMIT 1   [ RunTime:0.007606s ]
SQL: SELECT `role_type`,`realname`,`mobile` FROM `tp_users` WHERE ( user_id = 62813 AND is_enable = 1 ) LIMIT 1   [ RunTime:0.007916s ]
SQL: SELECT `province_name` FROM `tp_address_province` WHERE ( province_id = 0 ) LIMIT 1   [ RunTime:0.007674s ]
SQL: SELECT `city_name` FROM `tp_address_city` WHERE ( city_id = 0 ) LIMIT 1   [ RunTime:0.007570s ]
SQL: SELECT `openid` FROM `tp_users` WHERE ( user_id = 62813 AND is_enable = 1 ) LIMIT 1   [ RunTime:0.007983s ]
SQL: SELECT * FROM `tp_bank_card` WHERE ( bank_card_id='44' ) LIMIT 1   [ RunTime:0.009227s ]
SQL: SELECT `role_type`,`realname`,`mobile` FROM `tp_users` WHERE ( user_id = 62816 AND is_enable = 1 ) LIMIT 1   [ RunTime:0.007862s ]
SQL: SELECT `province_name` FROM `tp_address_province` WHERE ( province_id = 0 ) LIMIT 1   [ RunTime:0.007620s ]
SQL: SELECT `city_name` FROM `tp_address_city` WHERE ( city_id = 0 ) LIMIT 1   [ RunTime:0.007240s ]
SQL: SELECT `openid` FROM `tp_users` WHERE ( user_id = 62816 AND is_enable = 1 ) LIMIT 1   [ RunTime:0.012559s ]
SQL: SELECT * FROM `tp_bank_card` WHERE ( bank_card_id='65' ) LIMIT 1   [ RunTime:0.007578s ]
SQL: SELECT `role_type`,`realname`,`mobile` FROM `tp_users` WHERE ( user_id = 62816 AND is_enable = 1 ) LIMIT 1   [ RunTime:0.007710s ]
SQL: SELECT `province_name` FROM `tp_address_province` WHERE ( province_id = 0 ) LIMIT 1   [ RunTime:0.007761s ]
SQL: SELECT `city_name` FROM `tp_address_city` WHERE ( city_id = 0 ) LIMIT 1   [ RunTime:0.008117s ]
SQL: SELECT `openid` FROM `tp_users` WHERE ( user_id = 62816 AND is_enable = 1 ) LIMIT 1   [ RunTime:0.007750s ]
SQL: SELECT * FROM `tp_bank_card` WHERE ( bank_card_id='65' ) LIMIT 1   [ RunTime:0.008576s ]
SQL: SELECT `role_type`,`realname`,`mobile` FROM `tp_users` WHERE ( user_id = 62816 AND is_enable = 1 ) LIMIT 1   [ RunTime:0.007803s ]
SQL: SELECT `province_name` FROM `tp_address_province` WHERE ( province_id = 0 ) LIMIT 1   [ RunTime:0.021287s ]
SQL: SELECT `city_name` FROM `tp_address_city` WHERE ( city_id = 0 ) LIMIT 1   [ RunTime:0.007566s ]
SQL: SELECT `openid` FROM `tp_users` WHERE ( user_id = 62816 AND is_enable = 1 ) LIMIT 1   [ RunTime:0.007742s ]
SQL: SELECT * FROM `tp_bank_card` WHERE ( bank_card_id='65' ) LIMIT 1   [ RunTime:0.007758s ]
SQL: SELECT `role_type`,`realname`,`mobile` FROM `tp_users` WHERE ( user_id = 62813 AND is_enable = 1 ) LIMIT 1   [ RunTime:0.007696s ]
SQL: SELECT `province_name` FROM `tp_address_province` WHERE ( province_id = 0 ) LIMIT 1   [ RunTime:0.017304s ]
SQL: SELECT `city_name` FROM `tp_address_city` WHERE ( city_id = 0 ) LIMIT 1   [ RunTime:0.012419s ]
SQL: SELECT `openid` FROM `tp_users` WHERE ( user_id = 62813 AND is_enable = 1 ) LIMIT 1   [ RunTime:0.007621s ]
SQL: SELECT * FROM `tp_bank_card` WHERE ( bank_card_id='44' ) LIMIT 1   [ RunTime:0.007955s ]
SQL: SELECT `nickname`,`openid` FROM `tp_users` WHERE ( user_id = 62881 AND is_enable = 1 ) LIMIT 1   [ RunTime:0.013021s ]
SQL: SELECT `nickname`,`openid` FROM `tp_users` WHERE ( user_id = 62885 AND is_enable = 1 ) LIMIT 1   [ RunTime:0.007923s ]
SQL: SELECT `nickname`,`openid` FROM `tp_users` WHERE ( user_id = 62885 AND is_enable = 1 ) LIMIT 1   [ RunTime:0.008051s ]
SQL: SELECT `nickname`,`openid` FROM `tp_users` WHERE ( user_id = 62819 AND is_enable = 1 ) LIMIT 1   [ RunTime:0.008026s ]
SQL: SELECT `nickname`,`openid` FROM `tp_users` WHERE ( user_id = 62813 AND is_enable = 1 ) LIMIT 1   [ RunTime:0.007603s ]
SQL: SELECT `nickname`,`openid` FROM `tp_users` WHERE ( user_id = 62813 AND is_enable = 1 ) LIMIT 1   [ RunTime:0.007575s ]
SQL: SELECT `nickname`,`openid` FROM `tp_users` WHERE ( user_id = 62816 AND is_enable = 1 ) LIMIT 1   [ RunTime:0.007869s ]
SQL: SELECT `nickname`,`openid` FROM `tp_users` WHERE ( user_id = 62816 AND is_enable = 1 ) LIMIT 1   [ RunTime:0.008004s ]
SQL: SELECT `nickname`,`openid` FROM `tp_users` WHERE ( user_id = 62816 AND is_enable = 1 ) LIMIT 1   [ RunTime:0.007944s ]
SQL: SELECT `nickname`,`openid` FROM `tp_users` WHERE ( user_id = 62813 AND is_enable = 1 ) LIMIT 1   [ RunTime:0.007671s ]

[ 2017-07-01T17:18:41+08:00 ] 127.0.0.1 /Public/Js/acp/acpcomm.js?version=201612002
DEBUG: ----REQUEST_METHOD----:GET

