[ 2017-07-04T20:55:44+08:00 ] 127.0.0.1 /Public/Js/acp/acpcomm.js?version=201612002
DEBUG: ----REQUEST_METHOD----:GET

[ 2017-07-04T20:56:17+08:00 ] 127.0.0.1 /AcpDeposit/get_deposit_apply_list/mod_id/3
DEBUG: ----REQUEST_METHOD----:GET
SQL: SHOW COLUMNS FROM `tp_config` [ RunTime:0.009538s ]
SQL: SELECT * FROM `tp_config`  [ RunTime:0.009029s ]
SQL: SHOW COLUMNS FROM `tp_users` [ RunTime:0.012079s ]
SQL: SELECT * FROM `tp_users` LEFT JOIN  tp_users_group on tp_users.group_id = tp_users_group.group_id WHERE ( tp_users.user_id = 1 )  [ RunTime:0.009896s ]
SQL: SHOW COLUMNS FROM `tp_deposit_apply` [ RunTime:0.009496s ]
SQL: SELECT COUNT(*) AS tp_count FROM `tp_deposit_apply` WHERE ( state = 0 ) LIMIT 1   [ RunTime:0.007763s ]
SQL: SELECT * FROM `tp_deposit_apply` WHERE state = 0 ORDER BY  addtime DESC LIMIT 0, 10   [ RunTime:0.012610s ]
SQL: SELECT `role_type`,`realname`,`mobile` FROM `tp_users` WHERE ( user_id = 62819 AND is_enable = 1 ) LIMIT 1   [ RunTime:0.008425s ]
SQL: SHOW COLUMNS FROM `tp_address_province` [ RunTime:0.008815s ]
SQL: SELECT `province_name` FROM `tp_address_province` WHERE ( province_id = 0 ) LIMIT 1   [ RunTime:0.008710s ]
SQL: SHOW COLUMNS FROM `tp_address_city` [ RunTime:0.008406s ]
SQL: SELECT `city_name` FROM `tp_address_city` WHERE ( city_id = 0 ) LIMIT 1   [ RunTime:0.010513s ]
SQL: SELECT `openid` FROM `tp_users` WHERE ( user_id = 62819 AND is_enable = 1 ) LIMIT 1   [ RunTime:0.009790s ]
SQL: SHOW COLUMNS FROM `tp_bank_card` [ RunTime:0.009451s ]
SQL: SELECT * FROM `tp_bank_card` WHERE ( bank_card_id='43' ) LIMIT 1   [ RunTime:0.008500s ]
SQL: SELECT `role_type`,`realname`,`mobile` FROM `tp_users` WHERE ( user_id = 62819 AND is_enable = 1 ) LIMIT 1   [ RunTime:0.014535s ]
SQL: SELECT `province_name` FROM `tp_address_province` WHERE ( province_id = 0 ) LIMIT 1   [ RunTime:0.008901s ]
SQL: SELECT `city_name` FROM `tp_address_city` WHERE ( city_id = 0 ) LIMIT 1   [ RunTime:0.008087s ]
SQL: SELECT `openid` FROM `tp_users` WHERE ( user_id = 62819 AND is_enable = 1 ) LIMIT 1   [ RunTime:0.008447s ]
SQL: SELECT * FROM `tp_bank_card` WHERE ( bank_card_id='43' ) LIMIT 1   [ RunTime:0.010174s ]
SQL: SELECT `role_type`,`realname`,`mobile` FROM `tp_users` WHERE ( user_id = 62819 AND is_enable = 1 ) LIMIT 1   [ RunTime:0.010647s ]
SQL: SELECT `province_name` FROM `tp_address_province` WHERE ( province_id = 0 ) LIMIT 1   [ RunTime:0.008304s ]
SQL: SELECT `city_name` FROM `tp_address_city` WHERE ( city_id = 0 ) LIMIT 1   [ RunTime:0.007844s ]
SQL: SELECT `openid` FROM `tp_users` WHERE ( user_id = 62819 AND is_enable = 1 ) LIMIT 1   [ RunTime:0.007836s ]
SQL: SELECT * FROM `tp_bank_card` WHERE ( bank_card_id='43' ) LIMIT 1   [ RunTime:0.008179s ]
SQL: SELECT `role_type`,`realname`,`mobile` FROM `tp_users` WHERE ( user_id = 62819 AND is_enable = 1 ) LIMIT 1   [ RunTime:0.010676s ]
SQL: SELECT `province_name` FROM `tp_address_province` WHERE ( province_id = 0 ) LIMIT 1   [ RunTime:0.009004s ]
SQL: SELECT `city_name` FROM `tp_address_city` WHERE ( city_id = 0 ) LIMIT 1   [ RunTime:0.007910s ]
SQL: SELECT `openid` FROM `tp_users` WHERE ( user_id = 62819 AND is_enable = 1 ) LIMIT 1   [ RunTime:0.008102s ]
SQL: SELECT * FROM `tp_bank_card` WHERE ( bank_card_id='43' ) LIMIT 1   [ RunTime:0.008000s ]
SQL: SELECT `role_type`,`realname`,`mobile` FROM `tp_users` WHERE ( user_id = 62819 AND is_enable = 1 ) LIMIT 1   [ RunTime:0.008436s ]
SQL: SELECT `province_name` FROM `tp_address_province` WHERE ( province_id = 0 ) LIMIT 1   [ RunTime:0.008514s ]
SQL: SELECT `city_name` FROM `tp_address_city` WHERE ( city_id = 0 ) LIMIT 1   [ RunTime:0.008022s ]
SQL: SELECT `openid` FROM `tp_users` WHERE ( user_id = 62819 AND is_enable = 1 ) LIMIT 1   [ RunTime:0.007869s ]
SQL: SELECT * FROM `tp_bank_card` WHERE ( bank_card_id='43' ) LIMIT 1   [ RunTime:0.011721s ]
SQL: SELECT `role_type`,`realname`,`mobile` FROM `tp_users` WHERE ( user_id = 62819 AND is_enable = 1 ) LIMIT 1   [ RunTime:0.015200s ]
SQL: SELECT `province_name` FROM `tp_address_province` WHERE ( province_id = 0 ) LIMIT 1   [ RunTime:0.008218s ]
SQL: SELECT `city_name` FROM `tp_address_city` WHERE ( city_id = 0 ) LIMIT 1   [ RunTime:0.011242s ]
SQL: SELECT `openid` FROM `tp_users` WHERE ( user_id = 62819 AND is_enable = 1 ) LIMIT 1   [ RunTime:0.025389s ]
SQL: SELECT * FROM `tp_bank_card` WHERE ( bank_card_id='43' ) LIMIT 1   [ RunTime:0.008497s ]
SQL: SELECT `role_type`,`realname`,`mobile` FROM `tp_users` WHERE ( user_id = 62819 AND is_enable = 1 ) LIMIT 1   [ RunTime:0.008739s ]
SQL: SELECT `province_name` FROM `tp_address_province` WHERE ( province_id = 0 ) LIMIT 1   [ RunTime:0.009816s ]
SQL: SELECT `city_name` FROM `tp_address_city` WHERE ( city_id = 0 ) LIMIT 1   [ RunTime:0.010437s ]
SQL: SELECT `openid` FROM `tp_users` WHERE ( user_id = 62819 AND is_enable = 1 ) LIMIT 1   [ RunTime:0.016017s ]
SQL: SELECT * FROM `tp_bank_card` WHERE ( bank_card_id='43' ) LIMIT 1   [ RunTime:0.009083s ]
SQL: SELECT `role_type`,`realname`,`mobile` FROM `tp_users` WHERE ( user_id = 62813 AND is_enable = 1 ) LIMIT 1   [ RunTime:0.010840s ]
SQL: SELECT `province_name` FROM `tp_address_province` WHERE ( province_id = 0 ) LIMIT 1   [ RunTime:0.010001s ]
SQL: SELECT `city_name` FROM `tp_address_city` WHERE ( city_id = 0 ) LIMIT 1   [ RunTime:0.010079s ]
SQL: SELECT `openid` FROM `tp_users` WHERE ( user_id = 62813 AND is_enable = 1 ) LIMIT 1   [ RunTime:0.013822s ]
SQL: SELECT * FROM `tp_bank_card` WHERE ( bank_card_id='44' ) LIMIT 1   [ RunTime:0.008939s ]
SQL: SELECT `role_type`,`realname`,`mobile` FROM `tp_users` WHERE ( user_id = 62819 AND is_enable = 1 ) LIMIT 1   [ RunTime:0.007982s ]
SQL: SELECT `province_name` FROM `tp_address_province` WHERE ( province_id = 0 ) LIMIT 1   [ RunTime:0.007867s ]
SQL: SELECT `city_name` FROM `tp_address_city` WHERE ( city_id = 0 ) LIMIT 1   [ RunTime:0.009557s ]
SQL: SELECT `openid` FROM `tp_users` WHERE ( user_id = 62819 AND is_enable = 1 ) LIMIT 1   [ RunTime:0.009292s ]
SQL: SELECT * FROM `tp_bank_card` WHERE ( bank_card_id='43' ) LIMIT 1   [ RunTime:0.008013s ]
SQL: SELECT `role_type`,`realname`,`mobile` FROM `tp_users` WHERE ( user_id = 62816 AND is_enable = 1 ) LIMIT 1   [ RunTime:0.008157s ]
SQL: SELECT `province_name` FROM `tp_address_province` WHERE ( province_id = 0 ) LIMIT 1   [ RunTime:0.008104s ]
SQL: SELECT `city_name` FROM `tp_address_city` WHERE ( city_id = 0 ) LIMIT 1   [ RunTime:0.008327s ]
SQL: SELECT `openid` FROM `tp_users` WHERE ( user_id = 62816 AND is_enable = 1 ) LIMIT 1   [ RunTime:0.026675s ]
SQL: SELECT * FROM `tp_bank_card` WHERE ( bank_card_id='65' ) LIMIT 1   [ RunTime:0.010135s ]
SQL: SELECT `nickname`,`openid` FROM `tp_users` WHERE ( user_id = 62819 AND is_enable = 1 ) LIMIT 1   [ RunTime:0.010174s ]
SQL: SELECT `nickname`,`openid` FROM `tp_users` WHERE ( user_id = 62819 AND is_enable = 1 ) LIMIT 1   [ RunTime:0.017147s ]
SQL: SELECT `nickname`,`openid` FROM `tp_users` WHERE ( user_id = 62819 AND is_enable = 1 ) LIMIT 1   [ RunTime:0.007930s ]
SQL: SELECT `nickname`,`openid` FROM `tp_users` WHERE ( user_id = 62819 AND is_enable = 1 ) LIMIT 1   [ RunTime:0.009231s ]
SQL: SELECT `nickname`,`openid` FROM `tp_users` WHERE ( user_id = 62819 AND is_enable = 1 ) LIMIT 1   [ RunTime:0.008481s ]
SQL: SELECT `nickname`,`openid` FROM `tp_users` WHERE ( user_id = 62819 AND is_enable = 1 ) LIMIT 1   [ RunTime:0.007681s ]
SQL: SELECT `nickname`,`openid` FROM `tp_users` WHERE ( user_id = 62819 AND is_enable = 1 ) LIMIT 1   [ RunTime:0.007754s ]
SQL: SELECT `nickname`,`openid` FROM `tp_users` WHERE ( user_id = 62813 AND is_enable = 1 ) LIMIT 1   [ RunTime:0.008624s ]
SQL: SELECT `nickname`,`openid` FROM `tp_users` WHERE ( user_id = 62819 AND is_enable = 1 ) LIMIT 1   [ RunTime:0.008859s ]
SQL: SELECT `nickname`,`openid` FROM `tp_users` WHERE ( user_id = 62816 AND is_enable = 1 ) LIMIT 1   [ RunTime:0.008300s ]

[ 2017-07-04T20:56:18+08:00 ] 127.0.0.1 /AcpDeposit/get_deposit_apply_list/mod_id/3
DEBUG: ----REQUEST_METHOD----:GET
SQL: SHOW COLUMNS FROM `tp_config` [ RunTime:0.015767s ]
SQL: SELECT * FROM `tp_config`  [ RunTime:0.030855s ]
SQL: SHOW COLUMNS FROM `tp_users` [ RunTime:0.011171s ]
SQL: SELECT * FROM `tp_users` LEFT JOIN  tp_users_group on tp_users.group_id = tp_users_group.group_id WHERE ( tp_users.user_id = 1 )  [ RunTime:0.010937s ]
SQL: SHOW COLUMNS FROM `tp_deposit_apply` [ RunTime:0.010042s ]
SQL: SELECT COUNT(*) AS tp_count FROM `tp_deposit_apply` WHERE ( state = 0 ) LIMIT 1   [ RunTime:0.009139s ]
SQL: SELECT * FROM `tp_deposit_apply` WHERE state = 0 ORDER BY  addtime DESC LIMIT 0, 10   [ RunTime:0.009910s ]
SQL: SELECT `role_type`,`realname`,`mobile` FROM `tp_users` WHERE ( user_id = 62819 AND is_enable = 1 ) LIMIT 1   [ RunTime:0.008699s ]
SQL: SHOW COLUMNS FROM `tp_address_province` [ RunTime:0.010175s ]
SQL: SELECT `province_name` FROM `tp_address_province` WHERE ( province_id = 0 ) LIMIT 1   [ RunTime:0.020610s ]
SQL: SHOW COLUMNS FROM `tp_address_city` [ RunTime:0.009920s ]
SQL: SELECT `city_name` FROM `tp_address_city` WHERE ( city_id = 0 ) LIMIT 1   [ RunTime:0.009755s ]
SQL: SELECT `openid` FROM `tp_users` WHERE ( user_id = 62819 AND is_enable = 1 ) LIMIT 1   [ RunTime:0.009464s ]
SQL: SHOW COLUMNS FROM `tp_bank_card` [ RunTime:0.010279s ]
SQL: SELECT * FROM `tp_bank_card` WHERE ( bank_card_id='43' ) LIMIT 1   [ RunTime:0.009637s ]
SQL: SELECT `role_type`,`realname`,`mobile` FROM `tp_users` WHERE ( user_id = 62819 AND is_enable = 1 ) LIMIT 1   [ RunTime:0.011496s ]
SQL: SELECT `province_name` FROM `tp_address_province` WHERE ( province_id = 0 ) LIMIT 1   [ RunTime:0.039062s ]
SQL: SELECT `city_name` FROM `tp_address_city` WHERE ( city_id = 0 ) LIMIT 1   [ RunTime:0.031146s ]
SQL: SELECT `openid` FROM `tp_users` WHERE ( user_id = 62819 AND is_enable = 1 ) LIMIT 1   [ RunTime:0.038440s ]
SQL: SELECT * FROM `tp_bank_card` WHERE ( bank_card_id='43' ) LIMIT 1   [ RunTime:0.012279s ]
SQL: SELECT `role_type`,`realname`,`mobile` FROM `tp_users` WHERE ( user_id = 62819 AND is_enable = 1 ) LIMIT 1   [ RunTime:0.018262s ]
SQL: SELECT `province_name` FROM `tp_address_province` WHERE ( province_id = 0 ) LIMIT 1   [ RunTime:0.009179s ]
SQL: SELECT `city_name` FROM `tp_address_city` WHERE ( city_id = 0 ) LIMIT 1   [ RunTime:0.009037s ]
SQL: SELECT `openid` FROM `tp_users` WHERE ( user_id = 62819 AND is_enable = 1 ) LIMIT 1   [ RunTime:0.011347s ]
SQL: SELECT * FROM `tp_bank_card` WHERE ( bank_card_id='43' ) LIMIT 1   [ RunTime:0.009651s ]
SQL: SELECT `role_type`,`realname`,`mobile` FROM `tp_users` WHERE ( user_id = 62819 AND is_enable = 1 ) LIMIT 1   [ RunTime:0.009339s ]
SQL: SELECT `province_name` FROM `tp_address_province` WHERE ( province_id = 0 ) LIMIT 1   [ RunTime:0.020385s ]
SQL: SELECT `city_name` FROM `tp_address_city` WHERE ( city_id = 0 ) LIMIT 1   [ RunTime:0.024213s ]
SQL: SELECT `openid` FROM `tp_users` WHERE ( user_id = 62819 AND is_enable = 1 ) LIMIT 1   [ RunTime:0.024720s ]
SQL: SELECT * FROM `tp_bank_card` WHERE ( bank_card_id='43' ) LIMIT 1   [ RunTime:0.010019s ]
SQL: SELECT `role_type`,`realname`,`mobile` FROM `tp_users` WHERE ( user_id = 62819 AND is_enable = 1 ) LIMIT 1   [ RunTime:0.022401s ]
SQL: SELECT `province_name` FROM `tp_address_province` WHERE ( province_id = 0 ) LIMIT 1   [ RunTime:0.018299s ]
SQL: SELECT `city_name` FROM `tp_address_city` WHERE ( city_id = 0 ) LIMIT 1   [ RunTime:0.010521s ]
SQL: SELECT `openid` FROM `tp_users` WHERE ( user_id = 62819 AND is_enable = 1 ) LIMIT 1   [ RunTime:0.009578s ]
SQL: SELECT * FROM `tp_bank_card` WHERE ( bank_card_id='43' ) LIMIT 1   [ RunTime:0.009756s ]
SQL: SELECT `role_type`,`realname`,`mobile` FROM `tp_users` WHERE ( user_id = 62819 AND is_enable = 1 ) LIMIT 1   [ RunTime:0.008698s ]
SQL: SELECT `province_name` FROM `tp_address_province` WHERE ( province_id = 0 ) LIMIT 1   [ RunTime:0.017068s ]
SQL: SELECT `city_name` FROM `tp_address_city` WHERE ( city_id = 0 ) LIMIT 1   [ RunTime:0.009612s ]
SQL: SELECT `openid` FROM `tp_users` WHERE ( user_id = 62819 AND is_enable = 1 ) LIMIT 1   [ RunTime:0.009500s ]
SQL: SELECT * FROM `tp_bank_card` WHERE ( bank_card_id='43' ) LIMIT 1   [ RunTime:0.013414s ]
SQL: SELECT `role_type`,`realname`,`mobile` FROM `tp_users` WHERE ( user_id = 62819 AND is_enable = 1 ) LIMIT 1   [ RunTime:0.009580s ]
SQL: SELECT `province_name` FROM `tp_address_province` WHERE ( province_id = 0 ) LIMIT 1   [ RunTime:0.008744s ]
SQL: SELECT `city_name` FROM `tp_address_city` WHERE ( city_id = 0 ) LIMIT 1   [ RunTime:0.009032s ]
SQL: SELECT `openid` FROM `tp_users` WHERE ( user_id = 62819 AND is_enable = 1 ) LIMIT 1   [ RunTime:0.008791s ]
SQL: SELECT * FROM `tp_bank_card` WHERE ( bank_card_id='43' ) LIMIT 1   [ RunTime:0.009070s ]
SQL: SELECT `role_type`,`realname`,`mobile` FROM `tp_users` WHERE ( user_id = 62813 AND is_enable = 1 ) LIMIT 1   [ RunTime:0.011270s ]
SQL: SELECT `province_name` FROM `tp_address_province` WHERE ( province_id = 0 ) LIMIT 1   [ RunTime:0.026595s ]
SQL: SELECT `city_name` FROM `tp_address_city` WHERE ( city_id = 0 ) LIMIT 1   [ RunTime:0.011550s ]
SQL: SELECT `openid` FROM `tp_users` WHERE ( user_id = 62813 AND is_enable = 1 ) LIMIT 1   [ RunTime:0.012295s ]
SQL: SELECT * FROM `tp_bank_card` WHERE ( bank_card_id='44' ) LIMIT 1   [ RunTime:0.008634s ]
SQL: SELECT `role_type`,`realname`,`mobile` FROM `tp_users` WHERE ( user_id = 62819 AND is_enable = 1 ) LIMIT 1   [ RunTime:0.009378s ]
SQL: SELECT `province_name` FROM `tp_address_province` WHERE ( province_id = 0 ) LIMIT 1   [ RunTime:0.010479s ]
SQL: SELECT `city_name` FROM `tp_address_city` WHERE ( city_id = 0 ) LIMIT 1   [ RunTime:0.009392s ]
SQL: SELECT `openid` FROM `tp_users` WHERE ( user_id = 62819 AND is_enable = 1 ) LIMIT 1   [ RunTime:0.018410s ]
SQL: SELECT * FROM `tp_bank_card` WHERE ( bank_card_id='43' ) LIMIT 1   [ RunTime:0.019775s ]
SQL: SELECT `role_type`,`realname`,`mobile` FROM `tp_users` WHERE ( user_id = 62816 AND is_enable = 1 ) LIMIT 1   [ RunTime:0.009633s ]
SQL: SELECT `province_name` FROM `tp_address_province` WHERE ( province_id = 0 ) LIMIT 1   [ RunTime:0.009987s ]
SQL: SELECT `city_name` FROM `tp_address_city` WHERE ( city_id = 0 ) LIMIT 1   [ RunTime:0.009790s ]
SQL: SELECT `openid` FROM `tp_users` WHERE ( user_id = 62816 AND is_enable = 1 ) LIMIT 1   [ RunTime:0.008631s ]
SQL: SELECT * FROM `tp_bank_card` WHERE ( bank_card_id='65' ) LIMIT 1   [ RunTime:0.009691s ]
SQL: SELECT `nickname`,`openid` FROM `tp_users` WHERE ( user_id = 62819 AND is_enable = 1 ) LIMIT 1   [ RunTime:0.009028s ]
SQL: SELECT `nickname`,`openid` FROM `tp_users` WHERE ( user_id = 62819 AND is_enable = 1 ) LIMIT 1   [ RunTime:0.015090s ]
SQL: SELECT `nickname`,`openid` FROM `tp_users` WHERE ( user_id = 62819 AND is_enable = 1 ) LIMIT 1   [ RunTime:0.009946s ]
SQL: SELECT `nickname`,`openid` FROM `tp_users` WHERE ( user_id = 62819 AND is_enable = 1 ) LIMIT 1   [ RunTime:0.011737s ]
SQL: SELECT `nickname`,`openid` FROM `tp_users` WHERE ( user_id = 62819 AND is_enable = 1 ) LIMIT 1   [ RunTime:0.010723s ]
SQL: SELECT `nickname`,`openid` FROM `tp_users` WHERE ( user_id = 62819 AND is_enable = 1 ) LIMIT 1   [ RunTime:0.008453s ]
SQL: SELECT `nickname`,`openid` FROM `tp_users` WHERE ( user_id = 62819 AND is_enable = 1 ) LIMIT 1   [ RunTime:0.023395s ]
SQL: SELECT `nickname`,`openid` FROM `tp_users` WHERE ( user_id = 62813 AND is_enable = 1 ) LIMIT 1   [ RunTime:0.014630s ]
SQL: SELECT `nickname`,`openid` FROM `tp_users` WHERE ( user_id = 62819 AND is_enable = 1 ) LIMIT 1   [ RunTime:0.008688s ]
SQL: SELECT `nickname`,`openid` FROM `tp_users` WHERE ( user_id = 62816 AND is_enable = 1 ) LIMIT 1   [ RunTime:0.010341s ]

[ 2017-07-04T20:56:19+08:00 ] 127.0.0.1 /AcpDeposit/get_deposit_apply_list/mod_id/3
DEBUG: ----REQUEST_METHOD----:GET
SQL: SHOW COLUMNS FROM `tp_config` [ RunTime:0.018633s ]
SQL: SELECT * FROM `tp_config`  [ RunTime:0.009261s ]
SQL: SHOW COLUMNS FROM `tp_users` [ RunTime:0.010763s ]
SQL: SELECT * FROM `tp_users` LEFT JOIN  tp_users_group on tp_users.group_id = tp_users_group.group_id WHERE ( tp_users.user_id = 1 )  [ RunTime:0.037079s ]
SQL: SHOW COLUMNS FROM `tp_deposit_apply` [ RunTime:0.027069s ]
SQL: SELECT COUNT(*) AS tp_count FROM `tp_deposit_apply` WHERE ( state = 0 ) LIMIT 1   [ RunTime:0.011140s ]
SQL: SELECT * FROM `tp_deposit_apply` WHERE state = 0 ORDER BY  addtime DESC LIMIT 0, 10   [ RunTime:0.027212s ]
SQL: SELECT `role_type`,`realname`,`mobile` FROM `tp_users` WHERE ( user_id = 62819 AND is_enable = 1 ) LIMIT 1   [ RunTime:0.024521s ]
SQL: SHOW COLUMNS FROM `tp_address_province` [ RunTime:0.010716s ]
SQL: SELECT `province_name` FROM `tp_address_province` WHERE ( province_id = 0 ) LIMIT 1   [ RunTime:0.016649s ]
SQL: SHOW COLUMNS FROM `tp_address_city` [ RunTime:0.012693s ]
SQL: SELECT `city_name` FROM `tp_address_city` WHERE ( city_id = 0 ) LIMIT 1   [ RunTime:0.014316s ]
SQL: SELECT `openid` FROM `tp_users` WHERE ( user_id = 62819 AND is_enable = 1 ) LIMIT 1   [ RunTime:0.010584s ]
SQL: SHOW COLUMNS FROM `tp_bank_card` [ RunTime:0.043897s ]
SQL: SELECT * FROM `tp_bank_card` WHERE ( bank_card_id='43' ) LIMIT 1   [ RunTime:0.019749s ]
SQL: SELECT `role_type`,`realname`,`mobile` FROM `tp_users` WHERE ( user_id = 62819 AND is_enable = 1 ) LIMIT 1   [ RunTime:0.008638s ]
SQL: SELECT `province_name` FROM `tp_address_province` WHERE ( province_id = 0 ) LIMIT 1   [ RunTime:0.009065s ]
SQL: SELECT `city_name` FROM `tp_address_city` WHERE ( city_id = 0 ) LIMIT 1   [ RunTime:0.009631s ]
SQL: SELECT `openid` FROM `tp_users` WHERE ( user_id = 62819 AND is_enable = 1 ) LIMIT 1   [ RunTime:0.009712s ]
SQL: SELECT * FROM `tp_bank_card` WHERE ( bank_card_id='43' ) LIMIT 1   [ RunTime:0.014316s ]
SQL: SELECT `role_type`,`realname`,`mobile` FROM `tp_users` WHERE ( user_id = 62819 AND is_enable = 1 ) LIMIT 1   [ RunTime:0.017836s ]
SQL: SELECT `province_name` FROM `tp_address_province` WHERE ( province_id = 0 ) LIMIT 1   [ RunTime:0.009085s ]
SQL: SELECT `city_name` FROM `tp_address_city` WHERE ( city_id = 0 ) LIMIT 1   [ RunTime:0.009176s ]
SQL: SELECT `openid` FROM `tp_users` WHERE ( user_id = 62819 AND is_enable = 1 ) LIMIT 1   [ RunTime:0.009048s ]
SQL: SELECT * FROM `tp_bank_card` WHERE ( bank_card_id='43' ) LIMIT 1   [ RunTime:0.009515s ]
SQL: SELECT `role_type`,`realname`,`mobile` FROM `tp_users` WHERE ( user_id = 62819 AND is_enable = 1 ) LIMIT 1   [ RunTime:0.009056s ]
SQL: SELECT `province_name` FROM `tp_address_province` WHERE ( province_id = 0 ) LIMIT 1   [ RunTime:0.008995s ]
SQL: SELECT `city_name` FROM `tp_address_city` WHERE ( city_id = 0 ) LIMIT 1   [ RunTime:0.008793s ]
SQL: SELECT `openid` FROM `tp_users` WHERE ( user_id = 62819 AND is_enable = 1 ) LIMIT 1   [ RunTime:0.010443s ]
SQL: SELECT * FROM `tp_bank_card` WHERE ( bank_card_id='43' ) LIMIT 1   [ RunTime:0.009385s ]
SQL: SELECT `role_type`,`realname`,`mobile` FROM `tp_users` WHERE ( user_id = 62819 AND is_enable = 1 ) LIMIT 1   [ RunTime:0.009096s ]
SQL: SELECT `province_name` FROM `tp_address_province` WHERE ( province_id = 0 ) LIMIT 1   [ RunTime:0.009216s ]
SQL: SELECT `city_name` FROM `tp_address_city` WHERE ( city_id = 0 ) LIMIT 1   [ RunTime:0.009830s ]
SQL: SELECT `openid` FROM `tp_users` WHERE ( user_id = 62819 AND is_enable = 1 ) LIMIT 1   [ RunTime:0.010245s ]
SQL: SELECT * FROM `tp_bank_card` WHERE ( bank_card_id='43' ) LIMIT 1   [ RunTime:0.010140s ]
SQL: SELECT `role_type`,`realname`,`mobile` FROM `tp_users` WHERE ( user_id = 62819 AND is_enable = 1 ) LIMIT 1   [ RunTime:0.011038s ]
SQL: SELECT `province_name` FROM `tp_address_province` WHERE ( province_id = 0 ) LIMIT 1   [ RunTime:0.020341s ]
SQL: SELECT `city_name` FROM `tp_address_city` WHERE ( city_id = 0 ) LIMIT 1   [ RunTime:0.009108s ]
SQL: SELECT `openid` FROM `tp_users` WHERE ( user_id = 62819 AND is_enable = 1 ) LIMIT 1   [ RunTime:0.011221s ]
SQL: SELECT * FROM `tp_bank_card` WHERE ( bank_card_id='43' ) LIMIT 1   [ RunTime:0.010254s ]
SQL: SELECT `role_type`,`realname`,`mobile` FROM `tp_users` WHERE ( user_id = 62819 AND is_enable = 1 ) LIMIT 1   [ RunTime:0.009550s ]
SQL: SELECT `province_name` FROM `tp_address_province` WHERE ( province_id = 0 ) LIMIT 1   [ RunTime:0.014848s ]
SQL: SELECT `city_name` FROM `tp_address_city` WHERE ( city_id = 0 ) LIMIT 1   [ RunTime:0.008407s ]
SQL: SELECT `openid` FROM `tp_users` WHERE ( user_id = 62819 AND is_enable = 1 ) LIMIT 1   [ RunTime:0.009230s ]
SQL: SELECT * FROM `tp_bank_card` WHERE ( bank_card_id='43' ) LIMIT 1   [ RunTime:0.016416s ]
SQL: SELECT `role_type`,`realname`,`mobile` FROM `tp_users` WHERE ( user_id = 62813 AND is_enable = 1 ) LIMIT 1   [ RunTime:0.008643s ]
SQL: SELECT `province_name` FROM `tp_address_province` WHERE ( province_id = 0 ) LIMIT 1   [ RunTime:0.008524s ]
SQL: SELECT `city_name` FROM `tp_address_city` WHERE ( city_id = 0 ) LIMIT 1   [ RunTime:0.008529s ]
SQL: SELECT `openid` FROM `tp_users` WHERE ( user_id = 62813 AND is_enable = 1 ) LIMIT 1   [ RunTime:0.010978s ]
SQL: SELECT * FROM `tp_bank_card` WHERE ( bank_card_id='44' ) LIMIT 1   [ RunTime:0.008984s ]
SQL: SELECT `role_type`,`realname`,`mobile` FROM `tp_users` WHERE ( user_id = 62819 AND is_enable = 1 ) LIMIT 1   [ RunTime:0.008405s ]
SQL: SELECT `province_name` FROM `tp_address_province` WHERE ( province_id = 0 ) LIMIT 1   [ RunTime:0.008651s ]
SQL: SELECT `city_name` FROM `tp_address_city` WHERE ( city_id = 0 ) LIMIT 1   [ RunTime:0.008364s ]
SQL: SELECT `openid` FROM `tp_users` WHERE ( user_id = 62819 AND is_enable = 1 ) LIMIT 1   [ RunTime:0.008439s ]
SQL: SELECT * FROM `tp_bank_card` WHERE ( bank_card_id='43' ) LIMIT 1   [ RunTime:0.011768s ]
SQL: SELECT `role_type`,`realname`,`mobile` FROM `tp_users` WHERE ( user_id = 62816 AND is_enable = 1 ) LIMIT 1   [ RunTime:0.009277s ]
SQL: SELECT `province_name` FROM `tp_address_province` WHERE ( province_id = 0 ) LIMIT 1   [ RunTime:0.008379s ]
SQL: SELECT `city_name` FROM `tp_address_city` WHERE ( city_id = 0 ) LIMIT 1   [ RunTime:0.008605s ]
SQL: SELECT `openid` FROM `tp_users` WHERE ( user_id = 62816 AND is_enable = 1 ) LIMIT 1   [ RunTime:0.008592s ]
SQL: SELECT * FROM `tp_bank_card` WHERE ( bank_card_id='65' ) LIMIT 1   [ RunTime:0.008749s ]
SQL: SELECT `nickname`,`openid` FROM `tp_users` WHERE ( user_id = 62819 AND is_enable = 1 ) LIMIT 1   [ RunTime:0.011504s ]
SQL: SELECT `nickname`,`openid` FROM `tp_users` WHERE ( user_id = 62819 AND is_enable = 1 ) LIMIT 1   [ RunTime:0.008407s ]
SQL: SELECT `nickname`,`openid` FROM `tp_users` WHERE ( user_id = 62819 AND is_enable = 1 ) LIMIT 1   [ RunTime:0.008476s ]
SQL: SELECT `nickname`,`openid` FROM `tp_users` WHERE ( user_id = 62819 AND is_enable = 1 ) LIMIT 1   [ RunTime:0.008690s ]
SQL: SELECT `nickname`,`openid` FROM `tp_users` WHERE ( user_id = 62819 AND is_enable = 1 ) LIMIT 1   [ RunTime:0.012627s ]
SQL: SELECT `nickname`,`openid` FROM `tp_users` WHERE ( user_id = 62819 AND is_enable = 1 ) LIMIT 1   [ RunTime:0.008678s ]
SQL: SELECT `nickname`,`openid` FROM `tp_users` WHERE ( user_id = 62819 AND is_enable = 1 ) LIMIT 1   [ RunTime:0.008688s ]
SQL: SELECT `nickname`,`openid` FROM `tp_users` WHERE ( user_id = 62813 AND is_enable = 1 ) LIMIT 1   [ RunTime:0.009463s ]
SQL: SELECT `nickname`,`openid` FROM `tp_users` WHERE ( user_id = 62819 AND is_enable = 1 ) LIMIT 1   [ RunTime:0.010354s ]
SQL: SELECT `nickname`,`openid` FROM `tp_users` WHERE ( user_id = 62816 AND is_enable = 1 ) LIMIT 1   [ RunTime:0.008711s ]

[ 2017-07-04T20:56:19+08:00 ] 127.0.0.1 /Public/Js/acp/acpcomm.js?version=201612002
DEBUG: ----REQUEST_METHOD----:GET

[ 2017-07-04T20:56:53+08:00 ] 127.0.0.1 /AcpDeposit/get_deposit_apply_list/mod_id/3
DEBUG: ----REQUEST_METHOD----:GET
SQL: SHOW COLUMNS FROM `tp_config` [ RunTime:0.009830s ]
SQL: SELECT * FROM `tp_config`  [ RunTime:0.009663s ]
SQL: SHOW COLUMNS FROM `tp_users` [ RunTime:0.010748s ]
SQL: SELECT * FROM `tp_users` LEFT JOIN  tp_users_group on tp_users.group_id = tp_users_group.group_id WHERE ( tp_users.user_id = 1 )  [ RunTime:0.010370s ]
SQL: SHOW COLUMNS FROM `tp_deposit_apply` [ RunTime:0.008812s ]
SQL: SELECT COUNT(*) AS tp_count FROM `tp_deposit_apply` WHERE ( state = 0 ) LIMIT 1   [ RunTime:0.008212s ]
SQL: SELECT * FROM `tp_deposit_apply` WHERE state = 0 ORDER BY  addtime DESC LIMIT 0, 10   [ RunTime:0.009655s ]
SQL: SELECT `role_type`,`realname`,`mobile` FROM `tp_users` WHERE ( user_id = 62819 AND is_enable = 1 ) LIMIT 1   [ RunTime:0.008487s ]
SQL: SHOW COLUMNS FROM `tp_address_province` [ RunTime:0.008538s ]
SQL: SELECT `province_name` FROM `tp_address_province` WHERE ( province_id = 0 ) LIMIT 1   [ RunTime:0.008278s ]
SQL: SHOW COLUMNS FROM `tp_address_city` [ RunTime:0.009461s ]
SQL: SELECT `city_name` FROM `tp_address_city` WHERE ( city_id = 0 ) LIMIT 1   [ RunTime:0.009013s ]
SQL: SELECT `openid` FROM `tp_users` WHERE ( user_id = 62819 AND is_enable = 1 ) LIMIT 1   [ RunTime:0.007897s ]
SQL: SHOW COLUMNS FROM `tp_bank_card` [ RunTime:0.009155s ]
SQL: SELECT * FROM `tp_bank_card` WHERE ( bank_card_id='43' ) LIMIT 1   [ RunTime:0.007907s ]
SQL: SELECT `role_type`,`realname`,`mobile` FROM `tp_users` WHERE ( user_id = 62819 AND is_enable = 1 ) LIMIT 1   [ RunTime:0.008115s ]
SQL: SELECT `province_name` FROM `tp_address_province` WHERE ( province_id = 0 ) LIMIT 1   [ RunTime:0.007852s ]
SQL: SELECT `city_name` FROM `tp_address_city` WHERE ( city_id = 0 ) LIMIT 1   [ RunTime:0.010283s ]
SQL: SELECT `openid` FROM `tp_users` WHERE ( user_id = 62819 AND is_enable = 1 ) LIMIT 1   [ RunTime:0.007870s ]
SQL: SELECT * FROM `tp_bank_card` WHERE ( bank_card_id='43' ) LIMIT 1   [ RunTime:0.007840s ]
SQL: SELECT `role_type`,`realname`,`mobile` FROM `tp_users` WHERE ( user_id = 62819 AND is_enable = 1 ) LIMIT 1   [ RunTime:0.008271s ]
SQL: SELECT `province_name` FROM `tp_address_province` WHERE ( province_id = 0 ) LIMIT 1   [ RunTime:0.008303s ]
SQL: SELECT `city_name` FROM `tp_address_city` WHERE ( city_id = 0 ) LIMIT 1   [ RunTime:0.011538s ]
SQL: SELECT `openid` FROM `tp_users` WHERE ( user_id = 62819 AND is_enable = 1 ) LIMIT 1   [ RunTime:0.008569s ]
SQL: SELECT * FROM `tp_bank_card` WHERE ( bank_card_id='43' ) LIMIT 1   [ RunTime:0.008407s ]
SQL: SELECT `role_type`,`realname`,`mobile` FROM `tp_users` WHERE ( user_id = 62819 AND is_enable = 1 ) LIMIT 1   [ RunTime:0.008589s ]
SQL: SELECT `province_name` FROM `tp_address_province` WHERE ( province_id = 0 ) LIMIT 1   [ RunTime:0.008643s ]
SQL: SELECT `city_name` FROM `tp_address_city` WHERE ( city_id = 0 ) LIMIT 1   [ RunTime:0.009296s ]
SQL: SELECT `openid` FROM `tp_users` WHERE ( user_id = 62819 AND is_enable = 1 ) LIMIT 1   [ RunTime:0.008649s ]
SQL: SELECT * FROM `tp_bank_card` WHERE ( bank_card_id='43' ) LIMIT 1   [ RunTime:0.008279s ]
SQL: SELECT `role_type`,`realname`,`mobile` FROM `tp_users` WHERE ( user_id = 62819 AND is_enable = 1 ) LIMIT 1   [ RunTime:0.008188s ]
SQL: SELECT `province_name` FROM `tp_address_province` WHERE ( province_id = 0 ) LIMIT 1   [ RunTime:0.008386s ]
SQL: SELECT `city_name` FROM `tp_address_city` WHERE ( city_id = 0 ) LIMIT 1   [ RunTime:0.010852s ]
SQL: SELECT `openid` FROM `tp_users` WHERE ( user_id = 62819 AND is_enable = 1 ) LIMIT 1   [ RunTime:0.008048s ]
SQL: SELECT * FROM `tp_bank_card` WHERE ( bank_card_id='43' ) LIMIT 1   [ RunTime:0.009274s ]
SQL: SELECT `role_type`,`realname`,`mobile` FROM `tp_users` WHERE ( user_id = 62819 AND is_enable = 1 ) LIMIT 1   [ RunTime:0.008251s ]
SQL: SELECT `province_name` FROM `tp_address_province` WHERE ( province_id = 0 ) LIMIT 1   [ RunTime:0.007996s ]
SQL: SELECT `city_name` FROM `tp_address_city` WHERE ( city_id = 0 ) LIMIT 1   [ RunTime:0.007942s ]
SQL: SELECT `openid` FROM `tp_users` WHERE ( user_id = 62819 AND is_enable = 1 ) LIMIT 1   [ RunTime:0.007909s ]
SQL: SELECT * FROM `tp_bank_card` WHERE ( bank_card_id='43' ) LIMIT 1   [ RunTime:0.008125s ]
SQL: SELECT `role_type`,`realname`,`mobile` FROM `tp_users` WHERE ( user_id = 62819 AND is_enable = 1 ) LIMIT 1   [ RunTime:0.009496s ]
SQL: SELECT `province_name` FROM `tp_address_province` WHERE ( province_id = 0 ) LIMIT 1   [ RunTime:0.008177s ]
SQL: SELECT `city_name` FROM `tp_address_city` WHERE ( city_id = 0 ) LIMIT 1   [ RunTime:0.014046s ]
SQL: SELECT `openid` FROM `tp_users` WHERE ( user_id = 62819 AND is_enable = 1 ) LIMIT 1   [ RunTime:0.007864s ]
SQL: SELECT * FROM `tp_bank_card` WHERE ( bank_card_id='43' ) LIMIT 1   [ RunTime:0.008184s ]
SQL: SELECT `role_type`,`realname`,`mobile` FROM `tp_users` WHERE ( user_id = 62819 AND is_enable = 1 ) LIMIT 1   [ RunTime:0.008255s ]
SQL: SELECT `province_name` FROM `tp_address_province` WHERE ( province_id = 0 ) LIMIT 1   [ RunTime:0.008012s ]
SQL: SELECT `city_name` FROM `tp_address_city` WHERE ( city_id = 0 ) LIMIT 1   [ RunTime:0.008628s ]
SQL: SELECT `openid` FROM `tp_users` WHERE ( user_id = 62819 AND is_enable = 1 ) LIMIT 1   [ RunTime:0.008069s ]
SQL: SELECT * FROM `tp_bank_card` WHERE ( bank_card_id='43' ) LIMIT 1   [ RunTime:0.010709s ]
SQL: SELECT `role_type`,`realname`,`mobile` FROM `tp_users` WHERE ( user_id = 62813 AND is_enable = 1 ) LIMIT 1   [ RunTime:0.008413s ]
SQL: SELECT `province_name` FROM `tp_address_province` WHERE ( province_id = 0 ) LIMIT 1   [ RunTime:0.007950s ]
SQL: SELECT `city_name` FROM `tp_address_city` WHERE ( city_id = 0 ) LIMIT 1   [ RunTime:0.008019s ]
SQL: SELECT `openid` FROM `tp_users` WHERE ( user_id = 62813 AND is_enable = 1 ) LIMIT 1   [ RunTime:0.015823s ]
SQL: SELECT * FROM `tp_bank_card` WHERE ( bank_card_id='44' ) LIMIT 1   [ RunTime:0.008297s ]
SQL: SELECT `role_type`,`realname`,`mobile` FROM `tp_users` WHERE ( user_id = 62819 AND is_enable = 1 ) LIMIT 1   [ RunTime:0.008095s ]
SQL: SELECT `province_name` FROM `tp_address_province` WHERE ( province_id = 0 ) LIMIT 1   [ RunTime:0.007842s ]
SQL: SELECT `city_name` FROM `tp_address_city` WHERE ( city_id = 0 ) LIMIT 1   [ RunTime:0.007943s ]
SQL: SELECT `openid` FROM `tp_users` WHERE ( user_id = 62819 AND is_enable = 1 ) LIMIT 1   [ RunTime:0.009000s ]
SQL: SELECT * FROM `tp_bank_card` WHERE ( bank_card_id='43' ) LIMIT 1   [ RunTime:0.008106s ]
SQL: SELECT `nickname`,`openid` FROM `tp_users` WHERE ( user_id = 62819 AND is_enable = 1 ) LIMIT 1   [ RunTime:0.008554s ]
SQL: SELECT `nickname`,`openid` FROM `tp_users` WHERE ( user_id = 62819 AND is_enable = 1 ) LIMIT 1   [ RunTime:0.008342s ]
SQL: SELECT `nickname`,`openid` FROM `tp_users` WHERE ( user_id = 62819 AND is_enable = 1 ) LIMIT 1   [ RunTime:0.008141s ]
SQL: SELECT `nickname`,`openid` FROM `tp_users` WHERE ( user_id = 62819 AND is_enable = 1 ) LIMIT 1   [ RunTime:0.012383s ]
SQL: SELECT `nickname`,`openid` FROM `tp_users` WHERE ( user_id = 62819 AND is_enable = 1 ) LIMIT 1   [ RunTime:0.007515s ]
SQL: SELECT `nickname`,`openid` FROM `tp_users` WHERE ( user_id = 62819 AND is_enable = 1 ) LIMIT 1   [ RunTime:0.008107s ]
SQL: SELECT `nickname`,`openid` FROM `tp_users` WHERE ( user_id = 62819 AND is_enable = 1 ) LIMIT 1   [ RunTime:0.007961s ]
SQL: SELECT `nickname`,`openid` FROM `tp_users` WHERE ( user_id = 62819 AND is_enable = 1 ) LIMIT 1   [ RunTime:0.008006s ]
SQL: SELECT `nickname`,`openid` FROM `tp_users` WHERE ( user_id = 62813 AND is_enable = 1 ) LIMIT 1   [ RunTime:0.008352s ]
SQL: SELECT `nickname`,`openid` FROM `tp_users` WHERE ( user_id = 62819 AND is_enable = 1 ) LIMIT 1   [ RunTime:0.008069s ]

[ 2017-07-04T20:56:53+08:00 ] 127.0.0.1 /Public/Js/acp/acpcomm.js?version=201612002
DEBUG: ----REQUEST_METHOD----:GET

[ 2017-07-04T20:57:36+08:00 ] 127.0.0.1 /AcpDeposit/get_deposit_apply_list/mod_id/3
DEBUG: ----REQUEST_METHOD----:GET
SQL: SHOW COLUMNS FROM `tp_config` [ RunTime:0.009334s ]
SQL: SELECT * FROM `tp_config`  [ RunTime:0.011954s ]
SQL: SHOW COLUMNS FROM `tp_users` [ RunTime:0.011013s ]
SQL: SELECT * FROM `tp_users` LEFT JOIN  tp_users_group on tp_users.group_id = tp_users_group.group_id WHERE ( tp_users.user_id = 1 )  [ RunTime:0.010361s ]
SQL: SHOW COLUMNS FROM `tp_deposit_apply` [ RunTime:0.011512s ]
SQL: SELECT COUNT(*) AS tp_count FROM `tp_deposit_apply` WHERE ( state = 0 ) LIMIT 1   [ RunTime:0.008161s ]
SQL: SELECT * FROM `tp_deposit_apply` WHERE state = 0 ORDER BY  addtime DESC LIMIT 0, 10   [ RunTime:0.008421s ]
SQL: SELECT `role_type`,`realname`,`mobile` FROM `tp_users` WHERE ( user_id = 62819 AND is_enable = 1 ) LIMIT 1   [ RunTime:0.011074s ]
SQL: SHOW COLUMNS FROM `tp_address_province` [ RunTime:0.011046s ]
SQL: SELECT `province_name` FROM `tp_address_province` WHERE ( province_id = 0 ) LIMIT 1   [ RunTime:0.008899s ]
SQL: SHOW COLUMNS FROM `tp_address_city` [ RunTime:0.008974s ]
SQL: SELECT `city_name` FROM `tp_address_city` WHERE ( city_id = 0 ) LIMIT 1   [ RunTime:0.008967s ]
SQL: SELECT `openid` FROM `tp_users` WHERE ( user_id = 62819 AND is_enable = 1 ) LIMIT 1   [ RunTime:0.008643s ]
SQL: SHOW COLUMNS FROM `tp_bank_card` [ RunTime:0.009424s ]
SQL: SELECT * FROM `tp_bank_card` WHERE ( bank_card_id='43' ) LIMIT 1   [ RunTime:0.009062s ]
SQL: SELECT `role_type`,`realname`,`mobile` FROM `tp_users` WHERE ( user_id = 62819 AND is_enable = 1 ) LIMIT 1   [ RunTime:0.015071s ]
SQL: SELECT `province_name` FROM `tp_address_province` WHERE ( province_id = 0 ) LIMIT 1   [ RunTime:0.013565s ]
SQL: SELECT `city_name` FROM `tp_address_city` WHERE ( city_id = 0 ) LIMIT 1   [ RunTime:0.009329s ]
SQL: SELECT `openid` FROM `tp_users` WHERE ( user_id = 62819 AND is_enable = 1 ) LIMIT 1   [ RunTime:0.009175s ]
SQL: SELECT * FROM `tp_bank_card` WHERE ( bank_card_id='43' ) LIMIT 1   [ RunTime:0.008417s ]
SQL: SELECT `role_type`,`realname`,`mobile` FROM `tp_users` WHERE ( user_id = 62819 AND is_enable = 1 ) LIMIT 1   [ RunTime:0.008720s ]
SQL: SELECT `province_name` FROM `tp_address_province` WHERE ( province_id = 0 ) LIMIT 1   [ RunTime:0.008462s ]
SQL: SELECT `city_name` FROM `tp_address_city` WHERE ( city_id = 0 ) LIMIT 1   [ RunTime:0.008445s ]
SQL: SELECT `openid` FROM `tp_users` WHERE ( user_id = 62819 AND is_enable = 1 ) LIMIT 1   [ RunTime:0.008498s ]
SQL: SELECT * FROM `tp_bank_card` WHERE ( bank_card_id='43' ) LIMIT 1   [ RunTime:0.010018s ]
SQL: SELECT `role_type`,`realname`,`mobile` FROM `tp_users` WHERE ( user_id = 62819 AND is_enable = 1 ) LIMIT 1   [ RunTime:0.008304s ]
SQL: SELECT `province_name` FROM `tp_address_province` WHERE ( province_id = 0 ) LIMIT 1   [ RunTime:0.010476s ]
SQL: SELECT `city_name` FROM `tp_address_city` WHERE ( city_id = 0 ) LIMIT 1   [ RunTime:0.008935s ]
SQL: SELECT `openid` FROM `tp_users` WHERE ( user_id = 62819 AND is_enable = 1 ) LIMIT 1   [ RunTime:0.008406s ]
SQL: SELECT * FROM `tp_bank_card` WHERE ( bank_card_id='43' ) LIMIT 1   [ RunTime:0.008578s ]
SQL: SELECT `role_type`,`realname`,`mobile` FROM `tp_users` WHERE ( user_id = 62819 AND is_enable = 1 ) LIMIT 1   [ RunTime:0.008802s ]
SQL: SELECT `province_name` FROM `tp_address_province` WHERE ( province_id = 0 ) LIMIT 1   [ RunTime:0.009030s ]
SQL: SELECT `city_name` FROM `tp_address_city` WHERE ( city_id = 0 ) LIMIT 1   [ RunTime:0.008431s ]
SQL: SELECT `openid` FROM `tp_users` WHERE ( user_id = 62819 AND is_enable = 1 ) LIMIT 1   [ RunTime:0.008391s ]
SQL: SELECT * FROM `tp_bank_card` WHERE ( bank_card_id='43' ) LIMIT 1   [ RunTime:0.008179s ]
SQL: SELECT `role_type`,`realname`,`mobile` FROM `tp_users` WHERE ( user_id = 62819 AND is_enable = 1 ) LIMIT 1   [ RunTime:0.008533s ]
SQL: SELECT `province_name` FROM `tp_address_province` WHERE ( province_id = 0 ) LIMIT 1   [ RunTime:0.019129s ]
SQL: SELECT `city_name` FROM `tp_address_city` WHERE ( city_id = 0 ) LIMIT 1   [ RunTime:0.010483s ]
SQL: SELECT `openid` FROM `tp_users` WHERE ( user_id = 62819 AND is_enable = 1 ) LIMIT 1   [ RunTime:0.008365s ]
SQL: SELECT * FROM `tp_bank_card` WHERE ( bank_card_id='43' ) LIMIT 1   [ RunTime:0.008615s ]
SQL: SELECT `role_type`,`realname`,`mobile` FROM `tp_users` WHERE ( user_id = 62819 AND is_enable = 1 ) LIMIT 1   [ RunTime:0.011595s ]
SQL: SELECT `province_name` FROM `tp_address_province` WHERE ( province_id = 0 ) LIMIT 1   [ RunTime:0.008310s ]
SQL: SELECT `city_name` FROM `tp_address_city` WHERE ( city_id = 0 ) LIMIT 1   [ RunTime:0.008833s ]
SQL: SELECT `openid` FROM `tp_users` WHERE ( user_id = 62819 AND is_enable = 1 ) LIMIT 1   [ RunTime:0.008374s ]
SQL: SELECT * FROM `tp_bank_card` WHERE ( bank_card_id='43' ) LIMIT 1   [ RunTime:0.008485s ]
SQL: SELECT `role_type`,`realname`,`mobile` FROM `tp_users` WHERE ( user_id = 62819 AND is_enable = 1 ) LIMIT 1   [ RunTime:0.013081s ]
SQL: SELECT `province_name` FROM `tp_address_province` WHERE ( province_id = 0 ) LIMIT 1   [ RunTime:0.008806s ]
SQL: SELECT `city_name` FROM `tp_address_city` WHERE ( city_id = 0 ) LIMIT 1   [ RunTime:0.008598s ]
SQL: SELECT `openid` FROM `tp_users` WHERE ( user_id = 62819 AND is_enable = 1 ) LIMIT 1   [ RunTime:0.008833s ]
SQL: SELECT * FROM `tp_bank_card` WHERE ( bank_card_id='43' ) LIMIT 1   [ RunTime:0.008498s ]
SQL: SELECT `role_type`,`realname`,`mobile` FROM `tp_users` WHERE ( user_id = 62813 AND is_enable = 1 ) LIMIT 1   [ RunTime:0.008431s ]
SQL: SELECT `province_name` FROM `tp_address_province` WHERE ( province_id = 0 ) LIMIT 1   [ RunTime:0.008094s ]
SQL: SELECT `city_name` FROM `tp_address_city` WHERE ( city_id = 0 ) LIMIT 1   [ RunTime:0.008052s ]
SQL: SELECT `openid` FROM `tp_users` WHERE ( user_id = 62813 AND is_enable = 1 ) LIMIT 1   [ RunTime:0.009279s ]
SQL: SELECT * FROM `tp_bank_card` WHERE ( bank_card_id='44' ) LIMIT 1   [ RunTime:0.008324s ]
SQL: SELECT `role_type`,`realname`,`mobile` FROM `tp_users` WHERE ( user_id = 62819 AND is_enable = 1 ) LIMIT 1   [ RunTime:0.008451s ]
SQL: SELECT `province_name` FROM `tp_address_province` WHERE ( province_id = 0 ) LIMIT 1   [ RunTime:0.015964s ]
SQL: SELECT `city_name` FROM `tp_address_city` WHERE ( city_id = 0 ) LIMIT 1   [ RunTime:0.008352s ]
SQL: SELECT `openid` FROM `tp_users` WHERE ( user_id = 62819 AND is_enable = 1 ) LIMIT 1   [ RunTime:0.009598s ]
SQL: SELECT * FROM `tp_bank_card` WHERE ( bank_card_id='43' ) LIMIT 1   [ RunTime:0.008527s ]
SQL: SELECT `nickname`,`openid` FROM `tp_users` WHERE ( user_id = 62819 AND is_enable = 1 ) LIMIT 1   [ RunTime:0.008563s ]
SQL: SELECT `nickname`,`openid` FROM `tp_users` WHERE ( user_id = 62819 AND is_enable = 1 ) LIMIT 1   [ RunTime:0.008438s ]
SQL: SELECT `nickname`,`openid` FROM `tp_users` WHERE ( user_id = 62819 AND is_enable = 1 ) LIMIT 1   [ RunTime:0.008281s ]
SQL: SELECT `nickname`,`openid` FROM `tp_users` WHERE ( user_id = 62819 AND is_enable = 1 ) LIMIT 1   [ RunTime:0.008074s ]
SQL: SELECT `nickname`,`openid` FROM `tp_users` WHERE ( user_id = 62819 AND is_enable = 1 ) LIMIT 1   [ RunTime:0.008454s ]
SQL: SELECT `nickname`,`openid` FROM `tp_users` WHERE ( user_id = 62819 AND is_enable = 1 ) LIMIT 1   [ RunTime:0.008183s ]
SQL: SELECT `nickname`,`openid` FROM `tp_users` WHERE ( user_id = 62819 AND is_enable = 1 ) LIMIT 1   [ RunTime:0.012107s ]
SQL: SELECT `nickname`,`openid` FROM `tp_users` WHERE ( user_id = 62819 AND is_enable = 1 ) LIMIT 1   [ RunTime:0.008700s ]
SQL: SELECT `nickname`,`openid` FROM `tp_users` WHERE ( user_id = 62813 AND is_enable = 1 ) LIMIT 1   [ RunTime:0.008773s ]
SQL: SELECT `nickname`,`openid` FROM `tp_users` WHERE ( user_id = 62819 AND is_enable = 1 ) LIMIT 1   [ RunTime:0.008364s ]

[ 2017-07-04T20:57:36+08:00 ] 127.0.0.1 /Public/Js/acp/acpcomm.js?version=201612002
DEBUG: ----REQUEST_METHOD----:GET

[ 2017-07-04T21:01:00+08:00 ] 127.0.0.1 /AcpUser/get_all_user_list/mod_id/1
DEBUG: ----REQUEST_METHOD----:GET
SQL: SHOW COLUMNS FROM `tp_config` [ RunTime:0.035677s ]
SQL: SELECT * FROM `tp_config`  [ RunTime:0.012135s ]
SQL: SHOW COLUMNS FROM `tp_users` [ RunTime:0.024308s ]
SQL: SELECT * FROM `tp_users` LEFT JOIN  tp_users_group on tp_users.group_id = tp_users_group.group_id WHERE ( tp_users.user_id = 1 )  [ RunTime:0.010730s ]
SQL: SELECT COUNT(*) AS tp_count FROM `tp_users` WHERE ( (role_type !=1) ) LIMIT 1   [ RunTime:0.009564s ]
SQL: SELECT * FROM `tp_users` WHERE ( (role_type !=1) ) ORDER BY  reg_time DESC LIMIT 0, 10   [ RunTime:0.010698s ]
SQL: SHOW COLUMNS FROM `tp_address_province` [ RunTime:0.010330s ]
SQL: SELECT `province_name` FROM `tp_address_province` WHERE ( province_id = 440000 ) LIMIT 1   [ RunTime:0.008633s ]
SQL: SHOW COLUMNS FROM `tp_address_city` [ RunTime:0.009479s ]
SQL: SELECT `city_name` FROM `tp_address_city` WHERE ( city_id = 445200 ) LIMIT 1   [ RunTime:0.009898s ]
SQL: SHOW COLUMNS FROM `tp_user_rank` [ RunTime:0.010835s ]
SQL: SELECT `rank_name` FROM `tp_user_rank` WHERE ( user_rank_id = 1 ) LIMIT 1   [ RunTime:0.011392s ]
SQL: SHOW COLUMNS FROM `tp_users` [ RunTime:0.011458s ]
SQL: SELECT `nickname` FROM `tp_users` WHERE ( user_id =62816 ) LIMIT 1   [ RunTime:0.014682s ]
SQL: SELECT COUNT(*) AS tp_count FROM `tp_users` WHERE ( first_agent_id =62900 ) LIMIT 1   [ RunTime:0.012842s ]
SQL: SELECT COUNT(*) AS tp_count FROM `tp_users` WHERE ( is_merchant = 1 AND second_agent_id =62900 ) LIMIT 1   [ RunTime:0.015722s ]
SQL: SELECT `province_name` FROM `tp_address_province` WHERE ( province_id = 110000 ) LIMIT 1   [ RunTime:0.009667s ]
SQL: SELECT `city_name` FROM `tp_address_city` WHERE ( city_id = 110000 ) LIMIT 1   [ RunTime:0.014859s ]
SQL: SHOW COLUMNS FROM `tp_user_rank` [ RunTime:0.009457s ]
SQL: SELECT `rank_name` FROM `tp_user_rank` WHERE ( user_rank_id = 1 ) LIMIT 1   [ RunTime:0.015807s ]
SQL: SELECT `nickname` FROM `tp_users` WHERE ( user_id =62816 ) LIMIT 1   [ RunTime:0.015968s ]
SQL: SELECT COUNT(*) AS tp_count FROM `tp_users` WHERE ( first_agent_id =62899 ) LIMIT 1   [ RunTime:0.012441s ]
SQL: SELECT COUNT(*) AS tp_count FROM `tp_users` WHERE ( is_merchant = 1 AND second_agent_id =62899 ) LIMIT 1   [ RunTime:0.010595s ]
SQL: SELECT `province_name` FROM `tp_address_province` WHERE ( province_id = 110000 ) LIMIT 1   [ RunTime:0.008855s ]
SQL: SELECT `city_name` FROM `tp_address_city` WHERE ( city_id = 110000 ) LIMIT 1   [ RunTime:0.015269s ]
SQL: SHOW COLUMNS FROM `tp_user_rank` [ RunTime:0.010481s ]
SQL: SELECT `rank_name` FROM `tp_user_rank` WHERE ( user_rank_id = 1 ) LIMIT 1   [ RunTime:0.009241s ]
SQL: SELECT `nickname` FROM `tp_users` WHERE ( user_id =0 ) LIMIT 1   [ RunTime:0.012264s ]
SQL: SELECT COUNT(*) AS tp_count FROM `tp_users` WHERE ( first_agent_id =62898 ) LIMIT 1   [ RunTime:0.023464s ]
SQL: SELECT COUNT(*) AS tp_count FROM `tp_users` WHERE ( is_merchant = 1 AND second_agent_id =62898 ) LIMIT 1   [ RunTime:0.017473s ]
SQL: SELECT `province_name` FROM `tp_address_province` WHERE ( province_id = 320000 ) LIMIT 1   [ RunTime:0.009275s ]
SQL: SELECT `city_name` FROM `tp_address_city` WHERE ( city_id = 321000 ) LIMIT 1   [ RunTime:0.009766s ]
SQL: SHOW COLUMNS FROM `tp_user_rank` [ RunTime:0.009277s ]
SQL: SELECT `rank_name` FROM `tp_user_rank` WHERE ( user_rank_id = 1 ) LIMIT 1   [ RunTime:0.009826s ]
SQL: SELECT `nickname` FROM `tp_users` WHERE ( user_id =62816 ) LIMIT 1   [ RunTime:0.008320s ]
SQL: SELECT COUNT(*) AS tp_count FROM `tp_users` WHERE ( first_agent_id =62897 ) LIMIT 1   [ RunTime:0.018445s ]
SQL: SELECT COUNT(*) AS tp_count FROM `tp_users` WHERE ( is_merchant = 1 AND second_agent_id =62897 ) LIMIT 1   [ RunTime:0.009084s ]
SQL: SELECT `province_name` FROM `tp_address_province` WHERE ( province_id = 330000 ) LIMIT 1   [ RunTime:0.008287s ]
SQL: SELECT `city_name` FROM `tp_address_city` WHERE ( city_id = 330300 ) LIMIT 1   [ RunTime:0.010802s ]
SQL: SHOW COLUMNS FROM `tp_user_rank` [ RunTime:0.008816s ]
SQL: SELECT `rank_name` FROM `tp_user_rank` WHERE ( user_rank_id = 1 ) LIMIT 1   [ RunTime:0.008336s ]
SQL: SELECT `nickname` FROM `tp_users` WHERE ( user_id =0 ) LIMIT 1   [ RunTime:0.011324s ]
SQL: SELECT COUNT(*) AS tp_count FROM `tp_users` WHERE ( first_agent_id =62896 ) LIMIT 1   [ RunTime:0.009140s ]
SQL: SELECT COUNT(*) AS tp_count FROM `tp_users` WHERE ( is_merchant = 1 AND second_agent_id =62896 ) LIMIT 1   [ RunTime:0.008632s ]
SQL: SELECT `province_name` FROM `tp_address_province` WHERE ( province_id = 110000 ) LIMIT 1   [ RunTime:0.008941s ]
SQL: SELECT `city_name` FROM `tp_address_city` WHERE ( city_id = 110000 ) LIMIT 1   [ RunTime:0.015965s ]
SQL: SHOW COLUMNS FROM `tp_user_rank` [ RunTime:0.010381s ]
SQL: SELECT `rank_name` FROM `tp_user_rank` WHERE ( user_rank_id = 1 ) LIMIT 1   [ RunTime:0.008402s ]
SQL: SELECT `nickname` FROM `tp_users` WHERE ( user_id =0 ) LIMIT 1   [ RunTime:0.008824s ]
SQL: SELECT COUNT(*) AS tp_count FROM `tp_users` WHERE ( first_agent_id =62895 ) LIMIT 1   [ RunTime:0.009780s ]
SQL: SELECT COUNT(*) AS tp_count FROM `tp_users` WHERE ( is_merchant = 1 AND second_agent_id =62895 ) LIMIT 1   [ RunTime:0.012052s ]
SQL: SELECT `province_name` FROM `tp_address_province` WHERE ( province_id = 320000 ) LIMIT 1   [ RunTime:0.008768s ]
SQL: SELECT `city_name` FROM `tp_address_city` WHERE ( city_id = 320500 ) LIMIT 1   [ RunTime:0.016146s ]
SQL: SHOW COLUMNS FROM `tp_user_rank` [ RunTime:0.010217s ]
SQL: SELECT `rank_name` FROM `tp_user_rank` WHERE ( user_rank_id = 1 ) LIMIT 1   [ RunTime:0.009200s ]
SQL: SELECT `nickname` FROM `tp_users` WHERE ( user_id =0 ) LIMIT 1   [ RunTime:0.009459s ]
SQL: SELECT COUNT(*) AS tp_count FROM `tp_users` WHERE ( first_agent_id =62894 ) LIMIT 1   [ RunTime:0.009521s ]
SQL: SELECT COUNT(*) AS tp_count FROM `tp_users` WHERE ( is_merchant = 1 AND second_agent_id =62894 ) LIMIT 1   [ RunTime:0.010457s ]
SQL: SELECT `province_name` FROM `tp_address_province` WHERE ( province_id = 0 ) LIMIT 1   [ RunTime:0.009203s ]
SQL: SELECT `city_name` FROM `tp_address_city` WHERE ( city_id = 0 ) LIMIT 1   [ RunTime:0.010313s ]
SQL: SHOW COLUMNS FROM `tp_user_rank` [ RunTime:0.009684s ]
SQL: SELECT `rank_name` FROM `tp_user_rank` WHERE ( user_rank_id = 1 ) LIMIT 1   [ RunTime:0.008824s ]
SQL: SELECT `nickname` FROM `tp_users` WHERE ( user_id =0 ) LIMIT 1   [ RunTime:0.012263s ]
SQL: SELECT COUNT(*) AS tp_count FROM `tp_users` WHERE ( first_agent_id =62893 ) LIMIT 1   [ RunTime:0.009271s ]
SQL: SELECT COUNT(*) AS tp_count FROM `tp_users` WHERE ( is_merchant = 1 AND second_agent_id =62893 ) LIMIT 1   [ RunTime:0.009216s ]
SQL: SELECT `province_name` FROM `tp_address_province` WHERE ( province_id = 520000 ) LIMIT 1   [ RunTime:0.010419s ]
SQL: SELECT `city_name` FROM `tp_address_city` WHERE ( city_id = 522700 ) LIMIT 1   [ RunTime:0.009023s ]
SQL: SHOW COLUMNS FROM `tp_user_rank` [ RunTime:0.009593s ]
SQL: SELECT `rank_name` FROM `tp_user_rank` WHERE ( user_rank_id = 1 ) LIMIT 1   [ RunTime:0.008274s ]
SQL: SELECT `nickname` FROM `tp_users` WHERE ( user_id =0 ) LIMIT 1   [ RunTime:0.010694s ]
SQL: SELECT COUNT(*) AS tp_count FROM `tp_users` WHERE ( first_agent_id =62892 ) LIMIT 1   [ RunTime:0.009324s ]
SQL: SELECT COUNT(*) AS tp_count FROM `tp_users` WHERE ( is_merchant = 1 AND second_agent_id =62892 ) LIMIT 1   [ RunTime:0.014178s ]
SQL: SELECT `province_name` FROM `tp_address_province` WHERE ( province_id = 340000 ) LIMIT 1   [ RunTime:0.010557s ]
SQL: SELECT `city_name` FROM `tp_address_city` WHERE ( city_id = 340100 ) LIMIT 1   [ RunTime:0.008177s ]
SQL: SHOW COLUMNS FROM `tp_user_rank` [ RunTime:0.012661s ]
SQL: SELECT `rank_name` FROM `tp_user_rank` WHERE ( user_rank_id = 1 ) LIMIT 1   [ RunTime:0.008402s ]
SQL: SELECT `nickname` FROM `tp_users` WHERE ( user_id =0 ) LIMIT 1   [ RunTime:0.008493s ]
SQL: SELECT COUNT(*) AS tp_count FROM `tp_users` WHERE ( first_agent_id =62891 ) LIMIT 1   [ RunTime:0.009364s ]
SQL: SELECT COUNT(*) AS tp_count FROM `tp_users` WHERE ( is_merchant = 1 AND second_agent_id =62891 ) LIMIT 1   [ RunTime:0.009089s ]
SQL: SHOW COLUMNS FROM `tp_user_rank` [ RunTime:0.009938s ]
SQL: SELECT * FROM `tp_user_rank`  [ RunTime:0.019717s ]
SQL: SHOW COLUMNS FROM `tp_big_area` [ RunTime:0.010464s ]
SQL: SELECT `big_area_id`,`area_name` FROM `tp_big_area`  [ RunTime:0.015866s ]

[ 2017-07-04T21:01:00+08:00 ] 127.0.0.1 /Public/Js/acp/acpcomm.js?version=201612002
DEBUG: ----REQUEST_METHOD----:GET

