2017-07-03 13:53:09
null
2017-07-03 13:53:09
access_token = , result = {"errcode":41001,"errmsg":"access_token missing hint: [BUIULa0189vr65!]"}
2017-07-03 13:53:59
null
2017-07-03 13:53:59
access_token = , result = {"errcode":41001,"errmsg":"access_token missing hint: [2fOKHa0239vr50!]"}
2017-07-03 13:54:38
null
2017-07-03 13:54:38
access_token = , result = {"errcode":41001,"errmsg":"access_token missing hint: [x7LPDA0278vr61!]"}
2017-07-03 13:55:19
null
2017-07-03 13:55:19
access_token = , result = {"errcode":41001,"errmsg":"access_token missing hint: [ljeiQA0319vr55!]"}
2017-07-03 13:56:07
null
2017-07-03 13:56:07
access_token = , result = {"errcode":41001,"errmsg":"access_token missing hint: [a7VIKa0367vr60!]"}
2017-07-03 14:19:54
null
2017-07-03 14:19:54
access_token = , result = {"errcode":41001,"errmsg":"access_token missing hint: [7g_Bza0794vr30!]"}
2017-07-03 14:22:34
null
2017-07-03 14:22:34
access_token = , result = {"errcode":41001,"errmsg":"access_token missing hint: [EXJr0954vr66!]"}
2017-07-03 14:24:07
null
2017-07-03 14:24:07
access_token = , result = {"errcode":41001,"errmsg":"access_token missing hint: [x2Qm9a0047vr31!]"}
2017-07-03 14:27:32
null
2017-07-03 14:27:32
access_token = , result = {"errcode":41001,"errmsg":"access_token missing hint: [0oxirA0252vr62!]"}
2017-07-03 14:28:02
null
2017-07-03 14:28:02
access_token = , result = {"errcode":41001,"errmsg":"access_token missing hint: [_Tksca0282vr47!]"}
2017-07-03 14:56:07
null
2017-07-03 14:56:07
access_token = , result = {"errcode":41001,"errmsg":"access_token missing hint: [ZU8TJA0967vr29!]"}
2017-07-03 15:02:08
null
2017-07-03 15:02:09
access_token = , result = {"errcode":41001,"errmsg":"access_token missing hint: [_bQ6za0329vr50!]"}
2017-07-03 15:05:47
null
2017-07-03 15:05:47
access_token = , result = {"errcode":41001,"errmsg":"access_token missing hint: [en.n40547vr53!]"}
2017-07-03 15:21:01
null
2017-07-03 15:21:01
access_token = , result = {"errcode":41001,"errmsg":"access_token missing hint: [94Whra0461vr54!]"}
2017-07-03 15:21:34
null
2017-07-03 15:21:34
access_token = , result = {"errcode":41001,"errmsg":"access_token missing hint: [7hTPna0494vr44!]"}
2017-07-03 15:25:07
null
2017-07-03 15:25:07
access_token = , result = {"errcode":41001,"errmsg":"access_token missing hint: [b1cFBA0707vr54!]"}
2017-07-03 15:28:01
null
2017-07-03 15:28:01
access_token = , result = {"errcode":41001,"errmsg":"access_token missing hint: [Jrjrja0881vr53!]"}
2017-07-03 15:29:22
null
2017-07-03 15:29:22
access_token = , result = {"errcode":41001,"errmsg":"access_token missing hint: [.Hx1nA0962vr46!]"}
2017-07-03 15:29:55
null
2017-07-03 15:29:55
access_token = , result = {"errcode":41001,"errmsg":"access_token missing hint: [vWu5aA0995vr32!]"}
2017-07-03 15:30:46
null
2017-07-03 15:30:46
access_token = , result = {"errcode":41001,"errmsg":"access_token missing hint: [552yMA0046vr62!]"}
2017-07-03 16:26:09
null
2017-07-03 16:26:09
access_token = , result = {"errcode":41001,"errmsg":"access_token missing hint: [4s1kuA0369vr64!]"}
2017-07-03 16:27:10
null
2017-07-03 16:27:10
access_token = , result = {"errcode":41001,"errmsg":"access_token missing hint: [vFpoQA0430vr57!]"}
2017-07-03 16:28:30
null
2017-07-03 16:28:30
access_token = , result = {"errcode":41001,"errmsg":"access_token missing hint: [JREm80510vr31!]"}
2017-07-03 16:32:03
null
2017-07-03 16:32:03
access_token = , result = {"errcode":41001,"errmsg":"access_token missing hint: [oChfoA0723vr53!]"}
2017-07-03 16:32:50
null
2017-07-03 16:32:50
access_token = , result = {"errcode":41001,"errmsg":"access_token missing hint: [TFypTa0770vr68!]"}
2017-07-03 17:28:56
null
2017-07-03 17:28:56
access_token = , result = {"errcode":41001,"errmsg":"access_token missing hint: [ISTpoa0136vr32!]"}
2017-07-21 16:30:03
null
2017-07-21 16:30:03
access_token = , result = {"errcode":41001,"errmsg":"access_token missing hint: [c_.mTA0792vr45!]"}
2017-07-21 16:30:03
null
2017-07-21 16:30:03
access_token = , result = {"errcode":41001,"errmsg":"access_token missing hint: [SwZ9La0793vr66!]"}
2017-07-21 16:38:13
null
2017-07-21 16:38:14
access_token = , result = {"errcode":41001,"errmsg":"access_token missing hint: [HMwxGA0283vr44!]"}
2017-07-21 16:38:15
null
2017-07-21 16:38:15
access_token = , result = {"errcode":41001,"errmsg":"access_token missing hint: [YJ16KA0284vr55!]"}
2017-07-21 16:46:09
null
2017-07-21 16:46:09
access_token = , result = {"errcode":41001,"errmsg":"access_token missing hint: [PEvp60759vr69!]"}
2017-07-21 16:46:09
null
2017-07-21 16:46:09
access_token = , result = {"errcode":41001,"errmsg":"access_token missing hint: [SngvDa0759vr62!]"}
2017-07-21 16:48:02
null
2017-07-21 16:48:02
access_token = , result = {"errcode":41001,"errmsg":"access_token missing hint: [6y_zLa0872vr54!]"}
2017-07-21 16:48:02
null
2017-07-21 16:48:02
access_token = , result = {"errcode":41001,"errmsg":"access_token missing hint: [dNJnwa0872vr68!]"}
2017-07-21 17:02:54
null
2017-07-21 17:02:55
access_token = , result = {"errcode":41001,"errmsg":"access_token missing hint: [69SOIA0764vr50!]"}
2017-07-21 17:02:55
null
2017-07-21 17:02:55
access_token = , result = {"errcode":41001,"errmsg":"access_token missing hint: [x6i4DA0765vr29!]"}
2017-07-21 17:09:29
null
2017-07-21 17:09:29
access_token = , result = {"errcode":41001,"errmsg":"access_token missing hint: [8BDDga0158vr58!]"}
2017-07-21 17:09:29
null
2017-07-21 17:09:29
access_token = , result = {"errcode":41001,"errmsg":"access_token missing hint: [KNhwPA0159vr55!]"}
2017-07-21 17:11:14
null
2017-07-21 17:11:14
access_token = , result = {"errcode":41001,"errmsg":"access_token missing hint: [iIX3ra0264vr49!]"}
2017-07-21 17:11:14
null
2017-07-21 17:11:14
access_token = , result = {"errcode":41001,"errmsg":"access_token missing hint: [iALQcA0264vr64!]"}
2017-07-21 17:13:28
null
2017-07-21 17:13:28
access_token = , result = {"errcode":41001,"errmsg":"access_token missing hint: [WE78Ja0398vr62!]"}
2017-07-21 17:13:28
null
2017-07-21 17:13:29
access_token = , result = {"errcode":41001,"errmsg":"access_token missing hint: [43vzqa0398vr46!]"}
2017-07-21 17:18:54
null
2017-07-21 17:18:54
access_token = , result = {"errcode":41001,"errmsg":"access_token missing hint: [2N8S9a0723vr56!]"}
2017-07-21 17:18:54
null
2017-07-21 17:18:54
access_token = , result = {"errcode":41001,"errmsg":"access_token missing hint: [wMLnVa0724vr52!]"}
