2017-07-07 09:04:13
UPDATE `tp_users` SET `ticket`=null,`qr_code`='/Uploads/2017-07/2017-07-07/62819.jpg',`qr_code_expire_time`=1499994253 WHERE ( user_id = 62819 )
2017-07-07 09:04:13
C:\wamp\www\diandu\Lib\Model\UserModel.class.php on line 201
show_debug_info

C:\wamp\www\diandu\frame\Common\functions.php on line 1091
saveUserInfo

C:\wamp\www\diandu\Lib\Action\FrontAction.class.php on line 392
get_qr_code

C:\wamp\www\diandu\Lib\Action\IndexAction.class.php on line 12
_initialize

C:\wamp\www\diandu\frame\Lib\Core\Action.class.php on line 58
_initialize

C:\wamp\www\diandu\frame\Common\common.php on line 309
__construct

C:\wamp\www\diandu\frame\Lib\Core\App.class.php on line 110
A

C:\wamp\www\diandu\frame\Lib\Core\App.class.php on line 214
exec

C:\wamp\www\diandu\frame\Lib\Core\Think.class.php on line 39
run

C:\wamp\www\diandu\frame\Common\runtime.php on line 243
start

C:\wamp\www\diandu\frame\entrance.php on line 35
require

C:\wamp\www\diandu\index.php on line 26
require


2017-07-07 09:04:14
UPDATE `tp_users` SET `ticket`=null,`qr_code`='/Uploads/2017-07/2017-07-07/62819.jpg',`qr_code_expire_time`=1499994254 WHERE ( user_id = 62819 )
2017-07-07 09:04:14
C:\wamp\www\diandu\Lib\Model\UserModel.class.php on line 201
show_debug_info

C:\wamp\www\diandu\frame\Common\functions.php on line 1091
saveUserInfo

C:\wamp\www\diandu\Lib\Action\FrontAction.class.php on line 392
get_qr_code

C:\wamp\www\diandu\Lib\Action\IndexAction.class.php on line 12
_initialize

C:\wamp\www\diandu\frame\Lib\Core\Action.class.php on line 58
_initialize

C:\wamp\www\diandu\frame\Common\common.php on line 309
__construct

C:\wamp\www\diandu\frame\Lib\Core\App.class.php on line 110
A

C:\wamp\www\diandu\frame\Lib\Core\App.class.php on line 214
exec

C:\wamp\www\diandu\frame\Lib\Core\Think.class.php on line 39
run

C:\wamp\www\diandu\frame\Common\runtime.php on line 243
start

C:\wamp\www\diandu\frame\entrance.php on line 35
require

C:\wamp\www\diandu\index.php on line 26
require


2017-07-07 09:04:21
UPDATE `tp_users` SET `ticket`=null,`qr_code`='/Uploads/2017-07/2017-07-07/62819.jpg',`qr_code_expire_time`=1499994261 WHERE ( user_id = 62819 )
2017-07-07 09:04:21
C:\wamp\www\diandu\Lib\Model\UserModel.class.php on line 201
show_debug_info

C:\wamp\www\diandu\frame\Common\functions.php on line 1091
saveUserInfo

C:\wamp\www\diandu\Lib\Action\FrontAction.class.php on line 392
get_qr_code

C:\wamp\www\diandu\Lib\Action\EmptyAction.class.php on line 5
_initialize

C:\wamp\www\diandu\frame\Lib\Core\Action.class.php on line 58
_initialize

C:\wamp\www\diandu\frame\Common\common.php on line 309
__construct

C:\wamp\www\diandu\frame\Lib\Core\App.class.php on line 127
A

C:\wamp\www\diandu\frame\Lib\Core\App.class.php on line 214
exec

C:\wamp\www\diandu\frame\Lib\Core\Think.class.php on line 39
run

C:\wamp\www\diandu\frame\Common\runtime.php on line 243
start

C:\wamp\www\diandu\frame\entrance.php on line 35
require

C:\wamp\www\diandu\index.php on line 26
require


2017-07-07 09:04:22
UPDATE `tp_users` SET `ticket`=null,`qr_code`='/Uploads/2017-07/2017-07-07/62819.jpg',`qr_code_expire_time`=1499994262 WHERE ( user_id = 62819 )
2017-07-07 09:04:22
C:\wamp\www\diandu\Lib\Model\UserModel.class.php on line 201
show_debug_info

C:\wamp\www\diandu\frame\Common\functions.php on line 1091
saveUserInfo

C:\wamp\www\diandu\Lib\Action\FrontAction.class.php on line 392
get_qr_code

C:\wamp\www\diandu\Lib\Action\IndexAction.class.php on line 12
_initialize

C:\wamp\www\diandu\frame\Lib\Core\Action.class.php on line 58
_initialize

C:\wamp\www\diandu\frame\Common\common.php on line 309
__construct

C:\wamp\www\diandu\frame\Lib\Core\App.class.php on line 110
A

C:\wamp\www\diandu\frame\Lib\Core\App.class.php on line 214
exec

C:\wamp\www\diandu\frame\Lib\Core\Think.class.php on line 39
run

C:\wamp\www\diandu\frame\Common\runtime.php on line 243
start

C:\wamp\www\diandu\frame\entrance.php on line 35
require

C:\wamp\www\diandu\index.php on line 26
require


2017-07-07 09:04:24
UPDATE `tp_users` SET `ticket`=null,`qr_code`='/Uploads/2017-07/2017-07-07/62819.jpg',`qr_code_expire_time`=1499994264 WHERE ( user_id = 62819 )
2017-07-07 09:04:24
C:\wamp\www\diandu\Lib\Model\UserModel.class.php on line 201
show_debug_info

C:\wamp\www\diandu\frame\Common\functions.php on line 1091
saveUserInfo

C:\wamp\www\diandu\Lib\Action\FrontAction.class.php on line 392
get_qr_code

C:\wamp\www\diandu\Lib\Action\IndexAction.class.php on line 12
_initialize

C:\wamp\www\diandu\frame\Lib\Core\Action.class.php on line 58
_initialize

C:\wamp\www\diandu\frame\Common\common.php on line 309
__construct

C:\wamp\www\diandu\frame\Lib\Core\App.class.php on line 110
A

C:\wamp\www\diandu\frame\Lib\Core\App.class.php on line 214
exec

C:\wamp\www\diandu\frame\Lib\Core\Think.class.php on line 39
run

C:\wamp\www\diandu\frame\Common\runtime.php on line 243
start

C:\wamp\www\diandu\frame\entrance.php on line 35
require

C:\wamp\www\diandu\index.php on line 26
require


2017-07-07 09:04:30
UPDATE `tp_users` SET `ticket`=null,`qr_code`='/Uploads/2017-07/2017-07-07/62819.jpg',`qr_code_expire_time`=1499994270 WHERE ( user_id = 62819 )
2017-07-07 09:04:30
C:\wamp\www\diandu\Lib\Model\UserModel.class.php on line 201
show_debug_info

C:\wamp\www\diandu\frame\Common\functions.php on line 1091
saveUserInfo

C:\wamp\www\diandu\Lib\Action\FrontAction.class.php on line 392
get_qr_code

C:\wamp\www\diandu\Lib\Action\IndexAction.class.php on line 12
_initialize

C:\wamp\www\diandu\frame\Lib\Core\Action.class.php on line 58
_initialize

C:\wamp\www\diandu\frame\Common\common.php on line 309
__construct

C:\wamp\www\diandu\frame\Lib\Core\App.class.php on line 110
A

C:\wamp\www\diandu\frame\Lib\Core\App.class.php on line 214
exec

C:\wamp\www\diandu\frame\Lib\Core\Think.class.php on line 39
run

C:\wamp\www\diandu\frame\Common\runtime.php on line 243
start

C:\wamp\www\diandu\frame\entrance.php on line 35
require

C:\wamp\www\diandu\index.php on line 26
require


2017-07-07 09:04:38
UPDATE `tp_users` SET `ticket`=null,`qr_code`='/Uploads/2017-07/2017-07-07/62819.jpg',`qr_code_expire_time`=1499994278 WHERE ( user_id = 62819 )
2017-07-07 09:04:38
C:\wamp\www\diandu\Lib\Model\UserModel.class.php on line 201
show_debug_info

C:\wamp\www\diandu\frame\Common\functions.php on line 1091
saveUserInfo

C:\wamp\www\diandu\Lib\Action\FrontAction.class.php on line 392
get_qr_code

C:\wamp\www\diandu\Lib\Action\IndexAction.class.php on line 12
_initialize

C:\wamp\www\diandu\frame\Lib\Core\Action.class.php on line 58
_initialize

C:\wamp\www\diandu\frame\Common\common.php on line 309
__construct

C:\wamp\www\diandu\frame\Lib\Core\App.class.php on line 110
A

C:\wamp\www\diandu\frame\Lib\Core\App.class.php on line 214
exec

C:\wamp\www\diandu\frame\Lib\Core\Think.class.php on line 39
run

C:\wamp\www\diandu\frame\Common\runtime.php on line 243
start

C:\wamp\www\diandu\frame\entrance.php on line 35
require

C:\wamp\www\diandu\index.php on line 26
require


2017-07-07 09:04:41
UPDATE `tp_users` SET `ticket`=null,`qr_code`='/Uploads/2017-07/2017-07-07/62819.jpg',`qr_code_expire_time`=1499994281 WHERE ( user_id = 62819 )
2017-07-07 09:04:41
C:\wamp\www\diandu\Lib\Model\UserModel.class.php on line 201
show_debug_info

C:\wamp\www\diandu\frame\Common\functions.php on line 1091
saveUserInfo

C:\wamp\www\diandu\Lib\Action\FrontAction.class.php on line 392
get_qr_code

C:\wamp\www\diandu\Lib\Action\IndexAction.class.php on line 12
_initialize

C:\wamp\www\diandu\frame\Lib\Core\Action.class.php on line 58
_initialize

C:\wamp\www\diandu\frame\Common\common.php on line 309
__construct

C:\wamp\www\diandu\frame\Lib\Core\App.class.php on line 110
A

C:\wamp\www\diandu\frame\Lib\Core\App.class.php on line 214
exec

C:\wamp\www\diandu\frame\Lib\Core\Think.class.php on line 39
run

C:\wamp\www\diandu\frame\Common\runtime.php on line 243
start

C:\wamp\www\diandu\frame\entrance.php on line 35
require

C:\wamp\www\diandu\index.php on line 26
require


2017-07-07 09:04:43
UPDATE `tp_users` SET `ticket`=null,`qr_code`='/Uploads/2017-07/2017-07-07/62819.jpg',`qr_code_expire_time`=1499994283 WHERE ( user_id = 62819 )
2017-07-07 09:04:43
C:\wamp\www\diandu\Lib\Model\UserModel.class.php on line 201
show_debug_info

C:\wamp\www\diandu\frame\Common\functions.php on line 1091
saveUserInfo

C:\wamp\www\diandu\Lib\Action\FrontAction.class.php on line 392
get_qr_code

C:\wamp\www\diandu\Lib\Action\EmptyAction.class.php on line 5
_initialize

C:\wamp\www\diandu\frame\Lib\Core\Action.class.php on line 58
_initialize

C:\wamp\www\diandu\frame\Common\common.php on line 309
__construct

C:\wamp\www\diandu\frame\Lib\Core\App.class.php on line 127
A

C:\wamp\www\diandu\frame\Lib\Core\App.class.php on line 214
exec

C:\wamp\www\diandu\frame\Lib\Core\Think.class.php on line 39
run

C:\wamp\www\diandu\frame\Common\runtime.php on line 243
start

C:\wamp\www\diandu\frame\entrance.php on line 35
require

C:\wamp\www\diandu\index.php on line 26
require


2017-07-07 09:04:44
UPDATE `tp_users` SET `ticket`=null,`qr_code`='/Uploads/2017-07/2017-07-07/62819.jpg',`qr_code_expire_time`=1499994284 WHERE ( user_id = 62819 )
2017-07-07 09:04:44
C:\wamp\www\diandu\Lib\Model\UserModel.class.php on line 201
show_debug_info

C:\wamp\www\diandu\frame\Common\functions.php on line 1091
saveUserInfo

C:\wamp\www\diandu\Lib\Action\FrontAction.class.php on line 392
get_qr_code

C:\wamp\www\diandu\Lib\Action\IndexAction.class.php on line 12
_initialize

C:\wamp\www\diandu\frame\Lib\Core\Action.class.php on line 58
_initialize

C:\wamp\www\diandu\frame\Common\common.php on line 309
__construct

C:\wamp\www\diandu\frame\Lib\Core\App.class.php on line 110
A

C:\wamp\www\diandu\frame\Lib\Core\App.class.php on line 214
exec

C:\wamp\www\diandu\frame\Lib\Core\Think.class.php on line 39
run

C:\wamp\www\diandu\frame\Common\runtime.php on line 243
start

C:\wamp\www\diandu\frame\entrance.php on line 35
require

C:\wamp\www\diandu\index.php on line 26
require


2017-07-07 09:04:45
UPDATE `tp_users` SET `ticket`=null,`qr_code`='/Uploads/2017-07/2017-07-07/62819.jpg',`qr_code_expire_time`=1499994285 WHERE ( user_id = 62819 )
2017-07-07 09:04:45
C:\wamp\www\diandu\Lib\Model\UserModel.class.php on line 201
show_debug_info

C:\wamp\www\diandu\frame\Common\functions.php on line 1091
saveUserInfo

C:\wamp\www\diandu\Lib\Action\FrontAction.class.php on line 392
get_qr_code

C:\wamp\www\diandu\Lib\Action\IndexAction.class.php on line 12
_initialize

C:\wamp\www\diandu\frame\Lib\Core\Action.class.php on line 58
_initialize

C:\wamp\www\diandu\frame\Common\common.php on line 309
__construct

C:\wamp\www\diandu\frame\Lib\Core\App.class.php on line 110
A

C:\wamp\www\diandu\frame\Lib\Core\App.class.php on line 214
exec

C:\wamp\www\diandu\frame\Lib\Core\Think.class.php on line 39
run

C:\wamp\www\diandu\frame\Common\runtime.php on line 243
start

C:\wamp\www\diandu\frame\entrance.php on line 35
require

C:\wamp\www\diandu\index.php on line 26
require


2017-07-07 09:04:46
UPDATE `tp_users` SET `ticket`=null,`qr_code`='/Uploads/2017-07/2017-07-07/62819.jpg',`qr_code_expire_time`=1499994286 WHERE ( user_id = 62819 )
2017-07-07 09:04:46
C:\wamp\www\diandu\Lib\Model\UserModel.class.php on line 201
show_debug_info

C:\wamp\www\diandu\frame\Common\functions.php on line 1091
saveUserInfo

C:\wamp\www\diandu\Lib\Action\FrontAction.class.php on line 392
get_qr_code

C:\wamp\www\diandu\Lib\Action\IndexAction.class.php on line 12
_initialize

C:\wamp\www\diandu\frame\Lib\Core\Action.class.php on line 58
_initialize

C:\wamp\www\diandu\frame\Common\common.php on line 309
__construct

C:\wamp\www\diandu\frame\Lib\Core\App.class.php on line 110
A

C:\wamp\www\diandu\frame\Lib\Core\App.class.php on line 214
exec

C:\wamp\www\diandu\frame\Lib\Core\Think.class.php on line 39
run

C:\wamp\www\diandu\frame\Common\runtime.php on line 243
start

C:\wamp\www\diandu\frame\entrance.php on line 35
require

C:\wamp\www\diandu\index.php on line 26
require


2017-07-07 09:04:47
UPDATE `tp_users` SET `ticket`=null,`qr_code`='/Uploads/2017-07/2017-07-07/62819.jpg',`qr_code_expire_time`=1499994287 WHERE ( user_id = 62819 )
2017-07-07 09:04:47
C:\wamp\www\diandu\Lib\Model\UserModel.class.php on line 201
show_debug_info

C:\wamp\www\diandu\frame\Common\functions.php on line 1091
saveUserInfo

C:\wamp\www\diandu\Lib\Action\FrontAction.class.php on line 392
get_qr_code

C:\wamp\www\diandu\Lib\Action\IndexAction.class.php on line 12
_initialize

C:\wamp\www\diandu\frame\Lib\Core\Action.class.php on line 58
_initialize

C:\wamp\www\diandu\frame\Common\common.php on line 309
__construct

C:\wamp\www\diandu\frame\Lib\Core\App.class.php on line 110
A

C:\wamp\www\diandu\frame\Lib\Core\App.class.php on line 214
exec

C:\wamp\www\diandu\frame\Lib\Core\Think.class.php on line 39
run

C:\wamp\www\diandu\frame\Common\runtime.php on line 243
start

C:\wamp\www\diandu\frame\entrance.php on line 35
require

C:\wamp\www\diandu\index.php on line 26
require


2017-07-07 09:05:08
UPDATE `tp_users` SET `ticket`=null,`qr_code`='/Uploads/2017-07/2017-07-07/62819.jpg',`qr_code_expire_time`=1499994308 WHERE ( user_id = 62819 )
2017-07-07 09:05:08
C:\wamp\www\diandu\Lib\Model\UserModel.class.php on line 201
show_debug_info

C:\wamp\www\diandu\frame\Common\functions.php on line 1091
saveUserInfo

C:\wamp\www\diandu\Lib\Action\FrontAction.class.php on line 392
get_qr_code

C:\wamp\www\diandu\Lib\Action\FrontUserCenterAction.class.php on line 8
_initialize

C:\wamp\www\diandu\frame\Lib\Core\Action.class.php on line 58
_initialize

C:\wamp\www\diandu\frame\Common\common.php on line 309
__construct

C:\wamp\www\diandu\frame\Lib\Core\App.class.php on line 110
A

C:\wamp\www\diandu\frame\Lib\Core\App.class.php on line 214
exec

C:\wamp\www\diandu\frame\Lib\Core\Think.class.php on line 39
run

C:\wamp\www\diandu\frame\Common\runtime.php on line 243
start

C:\wamp\www\diandu\frame\entrance.php on line 35
require

C:\wamp\www\diandu\index.php on line 26
require


2017-07-07 09:05:09
UPDATE `tp_users` SET `ticket`=null,`qr_code`='/Uploads/2017-07/2017-07-07/62819.jpg',`qr_code_expire_time`=1499994309 WHERE ( user_id = 62819 )
2017-07-07 09:05:09
C:\wamp\www\diandu\Lib\Model\UserModel.class.php on line 201
show_debug_info

C:\wamp\www\diandu\frame\Common\functions.php on line 1091
saveUserInfo

C:\wamp\www\diandu\Lib\Action\FrontAction.class.php on line 392
get_qr_code

C:\wamp\www\diandu\Lib\Action\EmptyAction.class.php on line 5
_initialize

C:\wamp\www\diandu\frame\Lib\Core\Action.class.php on line 58
_initialize

C:\wamp\www\diandu\frame\Common\common.php on line 309
__construct

C:\wamp\www\diandu\frame\Lib\Core\App.class.php on line 127
A

C:\wamp\www\diandu\frame\Lib\Core\App.class.php on line 214
exec

C:\wamp\www\diandu\frame\Lib\Core\Think.class.php on line 39
run

C:\wamp\www\diandu\frame\Common\runtime.php on line 243
start

C:\wamp\www\diandu\frame\entrance.php on line 35
require

C:\wamp\www\diandu\index.php on line 26
require


2017-07-07 09:05:10
UPDATE `tp_users` SET `ticket`=null,`qr_code`='/Uploads/2017-07/2017-07-07/62819.jpg',`qr_code_expire_time`=1499994310 WHERE ( user_id = 62819 )
2017-07-07 09:05:10
C:\wamp\www\diandu\Lib\Model\UserModel.class.php on line 201
show_debug_info

C:\wamp\www\diandu\frame\Common\functions.php on line 1091
saveUserInfo

C:\wamp\www\diandu\Lib\Action\FrontAction.class.php on line 392
get_qr_code

C:\wamp\www\diandu\Lib\Action\IndexAction.class.php on line 12
_initialize

C:\wamp\www\diandu\frame\Lib\Core\Action.class.php on line 58
_initialize

C:\wamp\www\diandu\frame\Common\common.php on line 309
__construct

C:\wamp\www\diandu\frame\Lib\Core\App.class.php on line 110
A

C:\wamp\www\diandu\frame\Lib\Core\App.class.php on line 214
exec

C:\wamp\www\diandu\frame\Lib\Core\Think.class.php on line 39
run

C:\wamp\www\diandu\frame\Common\runtime.php on line 243
start

C:\wamp\www\diandu\frame\entrance.php on line 35
require

C:\wamp\www\diandu\index.php on line 26
require


2017-07-07 09:05:11
UPDATE `tp_users` SET `ticket`=null,`qr_code`='/Uploads/2017-07/2017-07-07/62819.jpg',`qr_code_expire_time`=1499994311 WHERE ( user_id = 62819 )
2017-07-07 09:05:11
C:\wamp\www\diandu\Lib\Model\UserModel.class.php on line 201
show_debug_info

C:\wamp\www\diandu\frame\Common\functions.php on line 1091
saveUserInfo

C:\wamp\www\diandu\Lib\Action\FrontAction.class.php on line 392
get_qr_code

C:\wamp\www\diandu\Lib\Action\IndexAction.class.php on line 12
_initialize

C:\wamp\www\diandu\frame\Lib\Core\Action.class.php on line 58
_initialize

C:\wamp\www\diandu\frame\Common\common.php on line 309
__construct

C:\wamp\www\diandu\frame\Lib\Core\App.class.php on line 110
A

C:\wamp\www\diandu\frame\Lib\Core\App.class.php on line 214
exec

C:\wamp\www\diandu\frame\Lib\Core\Think.class.php on line 39
run

C:\wamp\www\diandu\frame\Common\runtime.php on line 243
start

C:\wamp\www\diandu\frame\entrance.php on line 35
require

C:\wamp\www\diandu\index.php on line 26
require


2017-07-07 09:05:24
UPDATE `tp_users` SET `ticket`=null,`qr_code`='/Uploads/2017-07/2017-07-07/62819.jpg',`qr_code_expire_time`=1499994324 WHERE ( user_id = 62819 )
2017-07-07 09:05:24
C:\wamp\www\diandu\Lib\Model\UserModel.class.php on line 201
show_debug_info

C:\wamp\www\diandu\frame\Common\functions.php on line 1091
saveUserInfo

C:\wamp\www\diandu\Lib\Action\FrontAction.class.php on line 392
get_qr_code

C:\wamp\www\diandu\frame\Lib\Core\Action.class.php on line 58
_initialize

C:\wamp\www\diandu\frame\Common\common.php on line 309
__construct

C:\wamp\www\diandu\frame\Lib\Core\App.class.php on line 110
A

C:\wamp\www\diandu\frame\Lib\Core\App.class.php on line 214
exec

C:\wamp\www\diandu\frame\Lib\Core\Think.class.php on line 39
run

C:\wamp\www\diandu\frame\Common\runtime.php on line 243
start

C:\wamp\www\diandu\frame\entrance.php on line 35
require

C:\wamp\www\diandu\index.php on line 26
require


2017-07-07 09:05:25
UPDATE `tp_users` SET `ticket`=null,`qr_code`='/Uploads/2017-07/2017-07-07/62819.jpg',`qr_code_expire_time`=1499994325 WHERE ( user_id = 62819 )
2017-07-07 09:05:25
C:\wamp\www\diandu\Lib\Model\UserModel.class.php on line 201
show_debug_info

C:\wamp\www\diandu\frame\Common\functions.php on line 1091
saveUserInfo

C:\wamp\www\diandu\Lib\Action\FrontAction.class.php on line 392
get_qr_code

C:\wamp\www\diandu\Lib\Action\EmptyAction.class.php on line 5
_initialize

C:\wamp\www\diandu\frame\Lib\Core\Action.class.php on line 58
_initialize

C:\wamp\www\diandu\frame\Common\common.php on line 309
__construct

C:\wamp\www\diandu\frame\Lib\Core\App.class.php on line 127
A

C:\wamp\www\diandu\frame\Lib\Core\App.class.php on line 214
exec

C:\wamp\www\diandu\frame\Lib\Core\Think.class.php on line 39
run

C:\wamp\www\diandu\frame\Common\runtime.php on line 243
start

C:\wamp\www\diandu\frame\entrance.php on line 35
require

C:\wamp\www\diandu\index.php on line 26
require


2017-07-07 09:05:26
UPDATE `tp_users` SET `ticket`=null,`qr_code`='/Uploads/2017-07/2017-07-07/62819.jpg',`qr_code_expire_time`=1499994326 WHERE ( user_id = 62819 )
2017-07-07 09:05:26
C:\wamp\www\diandu\Lib\Model\UserModel.class.php on line 201
show_debug_info

C:\wamp\www\diandu\frame\Common\functions.php on line 1091
saveUserInfo

C:\wamp\www\diandu\Lib\Action\FrontAction.class.php on line 392
get_qr_code

C:\wamp\www\diandu\Lib\Action\IndexAction.class.php on line 12
_initialize

C:\wamp\www\diandu\frame\Lib\Core\Action.class.php on line 58
_initialize

C:\wamp\www\diandu\frame\Common\common.php on line 309
__construct

C:\wamp\www\diandu\frame\Lib\Core\App.class.php on line 110
A

C:\wamp\www\diandu\frame\Lib\Core\App.class.php on line 214
exec

C:\wamp\www\diandu\frame\Lib\Core\Think.class.php on line 39
run

C:\wamp\www\diandu\frame\Common\runtime.php on line 243
start

C:\wamp\www\diandu\frame\entrance.php on line 35
require

C:\wamp\www\diandu\index.php on line 26
require


2017-07-07 09:05:27
UPDATE `tp_users` SET `ticket`=null,`qr_code`='/Uploads/2017-07/2017-07-07/62819.jpg',`qr_code_expire_time`=1499994327 WHERE ( user_id = 62819 )
2017-07-07 09:05:27
C:\wamp\www\diandu\Lib\Model\UserModel.class.php on line 201
show_debug_info

C:\wamp\www\diandu\frame\Common\functions.php on line 1091
saveUserInfo

C:\wamp\www\diandu\Lib\Action\FrontAction.class.php on line 392
get_qr_code

C:\wamp\www\diandu\Lib\Action\IndexAction.class.php on line 12
_initialize

C:\wamp\www\diandu\frame\Lib\Core\Action.class.php on line 58
_initialize

C:\wamp\www\diandu\frame\Common\common.php on line 309
__construct

C:\wamp\www\diandu\frame\Lib\Core\App.class.php on line 110
A

C:\wamp\www\diandu\frame\Lib\Core\App.class.php on line 214
exec

C:\wamp\www\diandu\frame\Lib\Core\Think.class.php on line 39
run

C:\wamp\www\diandu\frame\Common\runtime.php on line 243
start

C:\wamp\www\diandu\frame\entrance.php on line 35
require

C:\wamp\www\diandu\index.php on line 26
require


2017-07-07 09:05:30
UPDATE `tp_users` SET `ticket`=null,`qr_code`='/Uploads/2017-07/2017-07-07/62819.jpg',`qr_code_expire_time`=1499994330 WHERE ( user_id = 62819 )
2017-07-07 09:05:30
C:\wamp\www\diandu\Lib\Model\UserModel.class.php on line 201
show_debug_info

C:\wamp\www\diandu\frame\Common\functions.php on line 1091
saveUserInfo

C:\wamp\www\diandu\Lib\Action\FrontAction.class.php on line 392
get_qr_code

C:\wamp\www\diandu\Lib\Action\FrontUserCenterAction.class.php on line 8
_initialize

C:\wamp\www\diandu\frame\Lib\Core\Action.class.php on line 58
_initialize

C:\wamp\www\diandu\frame\Common\common.php on line 309
__construct

C:\wamp\www\diandu\frame\Lib\Core\App.class.php on line 110
A

C:\wamp\www\diandu\frame\Lib\Core\App.class.php on line 214
exec

C:\wamp\www\diandu\frame\Lib\Core\Think.class.php on line 39
run

C:\wamp\www\diandu\frame\Common\runtime.php on line 243
start

C:\wamp\www\diandu\frame\entrance.php on line 35
require

C:\wamp\www\diandu\index.php on line 26
require


2017-07-07 09:05:31
UPDATE `tp_users` SET `ticket`=null,`qr_code`='/Uploads/2017-07/2017-07-07/62819.jpg',`qr_code_expire_time`=1499994331 WHERE ( user_id = 62819 )
2017-07-07 09:05:31
C:\wamp\www\diandu\Lib\Model\UserModel.class.php on line 201
show_debug_info

C:\wamp\www\diandu\frame\Common\functions.php on line 1091
saveUserInfo

C:\wamp\www\diandu\Lib\Action\FrontAction.class.php on line 392
get_qr_code

C:\wamp\www\diandu\Lib\Action\EmptyAction.class.php on line 5
_initialize

C:\wamp\www\diandu\frame\Lib\Core\Action.class.php on line 58
_initialize

C:\wamp\www\diandu\frame\Common\common.php on line 309
__construct

C:\wamp\www\diandu\frame\Lib\Core\App.class.php on line 127
A

C:\wamp\www\diandu\frame\Lib\Core\App.class.php on line 214
exec

C:\wamp\www\diandu\frame\Lib\Core\Think.class.php on line 39
run

C:\wamp\www\diandu\frame\Common\runtime.php on line 243
start

C:\wamp\www\diandu\frame\entrance.php on line 35
require

C:\wamp\www\diandu\index.php on line 26
require


2017-07-07 09:05:31
UPDATE `tp_users` SET `ticket`=null,`qr_code`='/Uploads/2017-07/2017-07-07/62819.jpg',`qr_code_expire_time`=1499994331 WHERE ( user_id = 62819 )
2017-07-07 09:05:31
C:\wamp\www\diandu\Lib\Model\UserModel.class.php on line 201
show_debug_info

C:\wamp\www\diandu\frame\Common\functions.php on line 1091
saveUserInfo

C:\wamp\www\diandu\Lib\Action\FrontAction.class.php on line 392
get_qr_code

C:\wamp\www\diandu\Lib\Action\IndexAction.class.php on line 12
_initialize

C:\wamp\www\diandu\frame\Lib\Core\Action.class.php on line 58
_initialize

C:\wamp\www\diandu\frame\Common\common.php on line 309
__construct

C:\wamp\www\diandu\frame\Lib\Core\App.class.php on line 110
A

C:\wamp\www\diandu\frame\Lib\Core\App.class.php on line 214
exec

C:\wamp\www\diandu\frame\Lib\Core\Think.class.php on line 39
run

C:\wamp\www\diandu\frame\Common\runtime.php on line 243
start

C:\wamp\www\diandu\frame\entrance.php on line 35
require

C:\wamp\www\diandu\index.php on line 26
require


2017-07-07 09:05:32
UPDATE `tp_users` SET `ticket`=null,`qr_code`='/Uploads/2017-07/2017-07-07/62819.jpg',`qr_code_expire_time`=1499994332 WHERE ( user_id = 62819 )
2017-07-07 09:05:32
C:\wamp\www\diandu\Lib\Model\UserModel.class.php on line 201
show_debug_info

C:\wamp\www\diandu\frame\Common\functions.php on line 1091
saveUserInfo

C:\wamp\www\diandu\Lib\Action\FrontAction.class.php on line 392
get_qr_code

C:\wamp\www\diandu\Lib\Action\IndexAction.class.php on line 12
_initialize

C:\wamp\www\diandu\frame\Lib\Core\Action.class.php on line 58
_initialize

C:\wamp\www\diandu\frame\Common\common.php on line 309
__construct

C:\wamp\www\diandu\frame\Lib\Core\App.class.php on line 110
A

C:\wamp\www\diandu\frame\Lib\Core\App.class.php on line 214
exec

C:\wamp\www\diandu\frame\Lib\Core\Think.class.php on line 39
run

C:\wamp\www\diandu\frame\Common\runtime.php on line 243
start

C:\wamp\www\diandu\frame\entrance.php on line 35
require

C:\wamp\www\diandu\index.php on line 26
require


2017-07-07 09:05:35
UPDATE `tp_users` SET `ticket`=null,`qr_code`='/Uploads/2017-07/2017-07-07/62819.jpg',`qr_code_expire_time`=1499994335 WHERE ( user_id = 62819 )
2017-07-07 09:05:35
C:\wamp\www\diandu\Lib\Model\UserModel.class.php on line 201
show_debug_info

C:\wamp\www\diandu\frame\Common\functions.php on line 1091
saveUserInfo

C:\wamp\www\diandu\Lib\Action\FrontAction.class.php on line 392
get_qr_code

C:\wamp\www\diandu\Lib\Action\FrontUserCenterAction.class.php on line 8
_initialize

C:\wamp\www\diandu\frame\Lib\Core\Action.class.php on line 58
_initialize

C:\wamp\www\diandu\frame\Common\common.php on line 309
__construct

C:\wamp\www\diandu\frame\Lib\Core\App.class.php on line 110
A

C:\wamp\www\diandu\frame\Lib\Core\App.class.php on line 214
exec

C:\wamp\www\diandu\frame\Lib\Core\Think.class.php on line 39
run

C:\wamp\www\diandu\frame\Common\runtime.php on line 243
start

C:\wamp\www\diandu\frame\entrance.php on line 35
require

C:\wamp\www\diandu\index.php on line 26
require


2017-07-07 09:05:36
UPDATE `tp_users` SET `ticket`=null,`qr_code`='/Uploads/2017-07/2017-07-07/62819.jpg',`qr_code_expire_time`=1499994336 WHERE ( user_id = 62819 )
2017-07-07 09:05:36
C:\wamp\www\diandu\Lib\Model\UserModel.class.php on line 201
show_debug_info

C:\wamp\www\diandu\frame\Common\functions.php on line 1091
saveUserInfo

C:\wamp\www\diandu\Lib\Action\FrontAction.class.php on line 392
get_qr_code

C:\wamp\www\diandu\Lib\Action\EmptyAction.class.php on line 5
_initialize

C:\wamp\www\diandu\frame\Lib\Core\Action.class.php on line 58
_initialize

C:\wamp\www\diandu\frame\Common\common.php on line 309
__construct

C:\wamp\www\diandu\frame\Lib\Core\App.class.php on line 127
A

C:\wamp\www\diandu\frame\Lib\Core\App.class.php on line 214
exec

C:\wamp\www\diandu\frame\Lib\Core\Think.class.php on line 39
run

C:\wamp\www\diandu\frame\Common\runtime.php on line 243
start

C:\wamp\www\diandu\frame\entrance.php on line 35
require

C:\wamp\www\diandu\index.php on line 26
require


2017-07-07 09:05:37
UPDATE `tp_users` SET `ticket`=null,`qr_code`='/Uploads/2017-07/2017-07-07/62819.jpg',`qr_code_expire_time`=1499994337 WHERE ( user_id = 62819 )
2017-07-07 09:05:37
C:\wamp\www\diandu\Lib\Model\UserModel.class.php on line 201
show_debug_info

C:\wamp\www\diandu\frame\Common\functions.php on line 1091
saveUserInfo

C:\wamp\www\diandu\Lib\Action\FrontAction.class.php on line 392
get_qr_code

C:\wamp\www\diandu\Lib\Action\IndexAction.class.php on line 12
_initialize

C:\wamp\www\diandu\frame\Lib\Core\Action.class.php on line 58
_initialize

C:\wamp\www\diandu\frame\Common\common.php on line 309
__construct

C:\wamp\www\diandu\frame\Lib\Core\App.class.php on line 110
A

C:\wamp\www\diandu\frame\Lib\Core\App.class.php on line 214
exec

C:\wamp\www\diandu\frame\Lib\Core\Think.class.php on line 39
run

C:\wamp\www\diandu\frame\Common\runtime.php on line 243
start

C:\wamp\www\diandu\frame\entrance.php on line 35
require

C:\wamp\www\diandu\index.php on line 26
require


2017-07-07 09:05:37
UPDATE `tp_users` SET `ticket`=null,`qr_code`='/Uploads/2017-07/2017-07-07/62819.jpg',`qr_code_expire_time`=1499994337 WHERE ( user_id = 62819 )
2017-07-07 09:05:37
C:\wamp\www\diandu\Lib\Model\UserModel.class.php on line 201
show_debug_info

C:\wamp\www\diandu\frame\Common\functions.php on line 1091
saveUserInfo

C:\wamp\www\diandu\Lib\Action\FrontAction.class.php on line 392
get_qr_code

C:\wamp\www\diandu\Lib\Action\IndexAction.class.php on line 12
_initialize

C:\wamp\www\diandu\frame\Lib\Core\Action.class.php on line 58
_initialize

C:\wamp\www\diandu\frame\Common\common.php on line 309
__construct

C:\wamp\www\diandu\frame\Lib\Core\App.class.php on line 110
A

C:\wamp\www\diandu\frame\Lib\Core\App.class.php on line 214
exec

C:\wamp\www\diandu\frame\Lib\Core\Think.class.php on line 39
run

C:\wamp\www\diandu\frame\Common\runtime.php on line 243
start

C:\wamp\www\diandu\frame\entrance.php on line 35
require

C:\wamp\www\diandu\index.php on line 26
require


2017-07-07 09:14:34
UPDATE `tp_users` SET `ticket`=null,`qr_code`='/Uploads/2017-07/2017-07-07/62819.jpg',`qr_code_expire_time`=1499994874 WHERE ( user_id = 62819 )
2017-07-07 09:14:34
C:\wamp\www\diandu\Lib\Model\UserModel.class.php on line 201
show_debug_info

C:\wamp\www\diandu\frame\Common\functions.php on line 1091
saveUserInfo

C:\wamp\www\diandu\Lib\Action\FrontAction.class.php on line 392
get_qr_code

C:\wamp\www\diandu\Lib\Action\FrontUserCenterAction.class.php on line 8
_initialize

C:\wamp\www\diandu\frame\Lib\Core\Action.class.php on line 58
_initialize

C:\wamp\www\diandu\frame\Common\common.php on line 309
__construct

C:\wamp\www\diandu\frame\Lib\Core\App.class.php on line 110
A

C:\wamp\www\diandu\frame\Lib\Core\App.class.php on line 214
exec

C:\wamp\www\diandu\frame\Lib\Core\Think.class.php on line 39
run

C:\wamp\www\diandu\frame\Common\runtime.php on line 243
start

C:\wamp\www\diandu\frame\entrance.php on line 35
require

C:\wamp\www\diandu\index.php on line 26
require


2017-07-07 09:14:35
UPDATE `tp_users` SET `ticket`=null,`qr_code`='/Uploads/2017-07/2017-07-07/62819.jpg',`qr_code_expire_time`=1499994875 WHERE ( user_id = 62819 )
2017-07-07 09:14:35
C:\wamp\www\diandu\Lib\Model\UserModel.class.php on line 201
show_debug_info

C:\wamp\www\diandu\frame\Common\functions.php on line 1091
saveUserInfo

C:\wamp\www\diandu\Lib\Action\FrontAction.class.php on line 392
get_qr_code

C:\wamp\www\diandu\Lib\Action\EmptyAction.class.php on line 5
_initialize

C:\wamp\www\diandu\frame\Lib\Core\Action.class.php on line 58
_initialize

C:\wamp\www\diandu\frame\Common\common.php on line 309
__construct

C:\wamp\www\diandu\frame\Lib\Core\App.class.php on line 127
A

C:\wamp\www\diandu\frame\Lib\Core\App.class.php on line 214
exec

C:\wamp\www\diandu\frame\Lib\Core\Think.class.php on line 39
run

C:\wamp\www\diandu\frame\Common\runtime.php on line 243
start

C:\wamp\www\diandu\frame\entrance.php on line 35
require

C:\wamp\www\diandu\index.php on line 26
require


2017-07-07 09:14:36
UPDATE `tp_users` SET `ticket`=null,`qr_code`='/Uploads/2017-07/2017-07-07/62819.jpg',`qr_code_expire_time`=1499994876 WHERE ( user_id = 62819 )
2017-07-07 09:14:36
C:\wamp\www\diandu\Lib\Model\UserModel.class.php on line 201
show_debug_info

C:\wamp\www\diandu\frame\Common\functions.php on line 1091
saveUserInfo

C:\wamp\www\diandu\Lib\Action\FrontAction.class.php on line 392
get_qr_code

C:\wamp\www\diandu\Lib\Action\IndexAction.class.php on line 12
_initialize

C:\wamp\www\diandu\frame\Lib\Core\Action.class.php on line 58
_initialize

C:\wamp\www\diandu\frame\Common\common.php on line 309
__construct

C:\wamp\www\diandu\frame\Lib\Core\App.class.php on line 110
A

C:\wamp\www\diandu\frame\Lib\Core\App.class.php on line 214
exec

C:\wamp\www\diandu\frame\Lib\Core\Think.class.php on line 39
run

C:\wamp\www\diandu\frame\Common\runtime.php on line 243
start

C:\wamp\www\diandu\frame\entrance.php on line 35
require

C:\wamp\www\diandu\index.php on line 26
require


2017-07-07 09:14:37
UPDATE `tp_users` SET `ticket`=null,`qr_code`='/Uploads/2017-07/2017-07-07/62819.jpg',`qr_code_expire_time`=1499994877 WHERE ( user_id = 62819 )
2017-07-07 09:14:37
C:\wamp\www\diandu\Lib\Model\UserModel.class.php on line 201
show_debug_info

C:\wamp\www\diandu\frame\Common\functions.php on line 1091
saveUserInfo

C:\wamp\www\diandu\Lib\Action\FrontAction.class.php on line 392
get_qr_code

C:\wamp\www\diandu\Lib\Action\IndexAction.class.php on line 12
_initialize

C:\wamp\www\diandu\frame\Lib\Core\Action.class.php on line 58
_initialize

C:\wamp\www\diandu\frame\Common\common.php on line 309
__construct

C:\wamp\www\diandu\frame\Lib\Core\App.class.php on line 110
A

C:\wamp\www\diandu\frame\Lib\Core\App.class.php on line 214
exec

C:\wamp\www\diandu\frame\Lib\Core\Think.class.php on line 39
run

C:\wamp\www\diandu\frame\Common\runtime.php on line 243
start

C:\wamp\www\diandu\frame\entrance.php on line 35
require

C:\wamp\www\diandu\index.php on line 26
require


2017-07-07 09:15:17
UPDATE `tp_users` SET `ticket`=null,`qr_code`='/Uploads/2017-07/2017-07-07/62819.jpg',`qr_code_expire_time`=1499994917 WHERE ( user_id = 62819 )
2017-07-07 09:15:17
C:\wamp\www\diandu\Lib\Model\UserModel.class.php on line 201
show_debug_info

C:\wamp\www\diandu\frame\Common\functions.php on line 1091
saveUserInfo

C:\wamp\www\diandu\Lib\Action\FrontAction.class.php on line 392
get_qr_code

C:\wamp\www\diandu\Lib\Action\FrontUserCenterAction.class.php on line 8
_initialize

C:\wamp\www\diandu\frame\Lib\Core\Action.class.php on line 58
_initialize

C:\wamp\www\diandu\frame\Common\common.php on line 309
__construct

C:\wamp\www\diandu\frame\Lib\Core\App.class.php on line 110
A

C:\wamp\www\diandu\frame\Lib\Core\App.class.php on line 214
exec

C:\wamp\www\diandu\frame\Lib\Core\Think.class.php on line 39
run

C:\wamp\www\diandu\frame\Common\runtime.php on line 243
start

C:\wamp\www\diandu\frame\entrance.php on line 35
require

C:\wamp\www\diandu\index.php on line 26
require


2017-07-07 09:15:18
UPDATE `tp_users` SET `ticket`=null,`qr_code`='/Uploads/2017-07/2017-07-07/62819.jpg',`qr_code_expire_time`=1499994918 WHERE ( user_id = 62819 )
2017-07-07 09:15:18
C:\wamp\www\diandu\Lib\Model\UserModel.class.php on line 201
show_debug_info

C:\wamp\www\diandu\frame\Common\functions.php on line 1091
saveUserInfo

C:\wamp\www\diandu\Lib\Action\FrontAction.class.php on line 392
get_qr_code

C:\wamp\www\diandu\Lib\Action\EmptyAction.class.php on line 5
_initialize

C:\wamp\www\diandu\frame\Lib\Core\Action.class.php on line 58
_initialize

C:\wamp\www\diandu\frame\Common\common.php on line 309
__construct

C:\wamp\www\diandu\frame\Lib\Core\App.class.php on line 127
A

C:\wamp\www\diandu\frame\Lib\Core\App.class.php on line 214
exec

C:\wamp\www\diandu\frame\Lib\Core\Think.class.php on line 39
run

C:\wamp\www\diandu\frame\Common\runtime.php on line 243
start

C:\wamp\www\diandu\frame\entrance.php on line 35
require

C:\wamp\www\diandu\index.php on line 26
require


2017-07-07 09:15:18
UPDATE `tp_users` SET `ticket`=null,`qr_code`='/Uploads/2017-07/2017-07-07/62819.jpg',`qr_code_expire_time`=1499994918 WHERE ( user_id = 62819 )
2017-07-07 09:15:18
C:\wamp\www\diandu\Lib\Model\UserModel.class.php on line 201
show_debug_info

C:\wamp\www\diandu\frame\Common\functions.php on line 1091
saveUserInfo

C:\wamp\www\diandu\Lib\Action\FrontAction.class.php on line 392
get_qr_code

C:\wamp\www\diandu\Lib\Action\IndexAction.class.php on line 12
_initialize

C:\wamp\www\diandu\frame\Lib\Core\Action.class.php on line 58
_initialize

C:\wamp\www\diandu\frame\Common\common.php on line 309
__construct

C:\wamp\www\diandu\frame\Lib\Core\App.class.php on line 110
A

C:\wamp\www\diandu\frame\Lib\Core\App.class.php on line 214
exec

C:\wamp\www\diandu\frame\Lib\Core\Think.class.php on line 39
run

C:\wamp\www\diandu\frame\Common\runtime.php on line 243
start

C:\wamp\www\diandu\frame\entrance.php on line 35
require

C:\wamp\www\diandu\index.php on line 26
require


2017-07-07 09:15:19
UPDATE `tp_users` SET `ticket`=null,`qr_code`='/Uploads/2017-07/2017-07-07/62819.jpg',`qr_code_expire_time`=1499994919 WHERE ( user_id = 62819 )
2017-07-07 09:15:19
C:\wamp\www\diandu\Lib\Model\UserModel.class.php on line 201
show_debug_info

C:\wamp\www\diandu\frame\Common\functions.php on line 1091
saveUserInfo

C:\wamp\www\diandu\Lib\Action\FrontAction.class.php on line 392
get_qr_code

C:\wamp\www\diandu\Lib\Action\IndexAction.class.php on line 12
_initialize

C:\wamp\www\diandu\frame\Lib\Core\Action.class.php on line 58
_initialize

C:\wamp\www\diandu\frame\Common\common.php on line 309
__construct

C:\wamp\www\diandu\frame\Lib\Core\App.class.php on line 110
A

C:\wamp\www\diandu\frame\Lib\Core\App.class.php on line 214
exec

C:\wamp\www\diandu\frame\Lib\Core\Think.class.php on line 39
run

C:\wamp\www\diandu\frame\Common\runtime.php on line 243
start

C:\wamp\www\diandu\frame\entrance.php on line 35
require

C:\wamp\www\diandu\index.php on line 26
require


2017-07-07 09:15:25
UPDATE `tp_users` SET `ticket`=null,`qr_code`='/Uploads/2017-07/2017-07-07/62819.jpg',`qr_code_expire_time`=1499994925 WHERE ( user_id = 62819 )
2017-07-07 09:15:25
C:\wamp\www\diandu\Lib\Model\UserModel.class.php on line 201
show_debug_info

C:\wamp\www\diandu\frame\Common\functions.php on line 1091
saveUserInfo

C:\wamp\www\diandu\Lib\Action\FrontAction.class.php on line 392
get_qr_code

C:\wamp\www\diandu\Lib\Action\FrontUserCenterAction.class.php on line 8
_initialize

C:\wamp\www\diandu\frame\Lib\Core\Action.class.php on line 58
_initialize

C:\wamp\www\diandu\frame\Common\common.php on line 309
__construct

C:\wamp\www\diandu\frame\Lib\Core\App.class.php on line 110
A

C:\wamp\www\diandu\frame\Lib\Core\App.class.php on line 214
exec

C:\wamp\www\diandu\frame\Lib\Core\Think.class.php on line 39
run

C:\wamp\www\diandu\frame\Common\runtime.php on line 243
start

C:\wamp\www\diandu\frame\entrance.php on line 35
require

C:\wamp\www\diandu\index.php on line 26
require


2017-07-07 09:15:26
UPDATE `tp_users` SET `ticket`=null,`qr_code`='/Uploads/2017-07/2017-07-07/62819.jpg',`qr_code_expire_time`=1499994926 WHERE ( user_id = 62819 )
2017-07-07 09:15:26
C:\wamp\www\diandu\Lib\Model\UserModel.class.php on line 201
show_debug_info

C:\wamp\www\diandu\frame\Common\functions.php on line 1091
saveUserInfo

C:\wamp\www\diandu\Lib\Action\FrontAction.class.php on line 392
get_qr_code

C:\wamp\www\diandu\Lib\Action\IndexAction.class.php on line 12
_initialize

C:\wamp\www\diandu\frame\Lib\Core\Action.class.php on line 58
_initialize

C:\wamp\www\diandu\frame\Common\common.php on line 309
__construct

C:\wamp\www\diandu\frame\Lib\Core\App.class.php on line 110
A

C:\wamp\www\diandu\frame\Lib\Core\App.class.php on line 214
exec

C:\wamp\www\diandu\frame\Lib\Core\Think.class.php on line 39
run

C:\wamp\www\diandu\frame\Common\runtime.php on line 243
start

C:\wamp\www\diandu\frame\entrance.php on line 35
require

C:\wamp\www\diandu\index.php on line 26
require


2017-07-07 09:15:27
UPDATE `tp_users` SET `ticket`=null,`qr_code`='/Uploads/2017-07/2017-07-07/62819.jpg',`qr_code_expire_time`=1499994927 WHERE ( user_id = 62819 )
2017-07-07 09:15:27
C:\wamp\www\diandu\Lib\Model\UserModel.class.php on line 201
show_debug_info

C:\wamp\www\diandu\frame\Common\functions.php on line 1091
saveUserInfo

C:\wamp\www\diandu\Lib\Action\FrontAction.class.php on line 392
get_qr_code

C:\wamp\www\diandu\Lib\Action\EmptyAction.class.php on line 5
_initialize

C:\wamp\www\diandu\frame\Lib\Core\Action.class.php on line 58
_initialize

C:\wamp\www\diandu\frame\Common\common.php on line 309
__construct

C:\wamp\www\diandu\frame\Lib\Core\App.class.php on line 127
A

C:\wamp\www\diandu\frame\Lib\Core\App.class.php on line 214
exec

C:\wamp\www\diandu\frame\Lib\Core\Think.class.php on line 39
run

C:\wamp\www\diandu\frame\Common\runtime.php on line 243
start

C:\wamp\www\diandu\frame\entrance.php on line 35
require

C:\wamp\www\diandu\index.php on line 26
require


2017-07-07 09:15:28
UPDATE `tp_users` SET `ticket`=null,`qr_code`='/Uploads/2017-07/2017-07-07/62819.jpg',`qr_code_expire_time`=1499994927 WHERE ( user_id = 62819 )
2017-07-07 09:15:28
C:\wamp\www\diandu\Lib\Model\UserModel.class.php on line 201
show_debug_info

C:\wamp\www\diandu\frame\Common\functions.php on line 1091
saveUserInfo

C:\wamp\www\diandu\Lib\Action\FrontAction.class.php on line 392
get_qr_code

C:\wamp\www\diandu\Lib\Action\IndexAction.class.php on line 12
_initialize

C:\wamp\www\diandu\frame\Lib\Core\Action.class.php on line 58
_initialize

C:\wamp\www\diandu\frame\Common\common.php on line 309
__construct

C:\wamp\www\diandu\frame\Lib\Core\App.class.php on line 110
A

C:\wamp\www\diandu\frame\Lib\Core\App.class.php on line 214
exec

C:\wamp\www\diandu\frame\Lib\Core\Think.class.php on line 39
run

C:\wamp\www\diandu\frame\Common\runtime.php on line 243
start

C:\wamp\www\diandu\frame\entrance.php on line 35
require

C:\wamp\www\diandu\index.php on line 26
require


2017-07-07 09:15:28
UPDATE `tp_users` SET `ticket`=null,`qr_code`='/Uploads/2017-07/2017-07-07/62819.jpg',`qr_code_expire_time`=1499994928 WHERE ( user_id = 62819 )
2017-07-07 09:15:28
C:\wamp\www\diandu\Lib\Model\UserModel.class.php on line 201
show_debug_info

C:\wamp\www\diandu\frame\Common\functions.php on line 1091
saveUserInfo

C:\wamp\www\diandu\Lib\Action\FrontAction.class.php on line 392
get_qr_code

C:\wamp\www\diandu\Lib\Action\IndexAction.class.php on line 12
_initialize

C:\wamp\www\diandu\frame\Lib\Core\Action.class.php on line 58
_initialize

C:\wamp\www\diandu\frame\Common\common.php on line 309
__construct

C:\wamp\www\diandu\frame\Lib\Core\App.class.php on line 110
A

C:\wamp\www\diandu\frame\Lib\Core\App.class.php on line 214
exec

C:\wamp\www\diandu\frame\Lib\Core\Think.class.php on line 39
run

C:\wamp\www\diandu\frame\Common\runtime.php on line 243
start

C:\wamp\www\diandu\frame\entrance.php on line 35
require

C:\wamp\www\diandu\index.php on line 26
require


2017-07-07 09:18:45
UPDATE `tp_users` SET `ticket`=null,`qr_code`='/Uploads/2017-07/2017-07-07/62819.jpg',`qr_code_expire_time`=1499995125 WHERE ( user_id = 62819 )
2017-07-07 09:18:45
C:\wamp\www\diandu\Lib\Model\UserModel.class.php on line 201
show_debug_info

C:\wamp\www\diandu\frame\Common\functions.php on line 1091
saveUserInfo

C:\wamp\www\diandu\Lib\Action\FrontAction.class.php on line 392
get_qr_code

C:\wamp\www\diandu\Lib\Action\FrontUserCenterAction.class.php on line 8
_initialize

C:\wamp\www\diandu\frame\Lib\Core\Action.class.php on line 58
_initialize

C:\wamp\www\diandu\frame\Common\common.php on line 309
__construct

C:\wamp\www\diandu\frame\Lib\Core\App.class.php on line 110
A

C:\wamp\www\diandu\frame\Lib\Core\App.class.php on line 214
exec

C:\wamp\www\diandu\frame\Lib\Core\Think.class.php on line 39
run

C:\wamp\www\diandu\frame\Common\runtime.php on line 243
start

C:\wamp\www\diandu\frame\entrance.php on line 35
require

C:\wamp\www\diandu\index.php on line 26
require


2017-07-07 09:18:46
UPDATE `tp_users` SET `ticket`=null,`qr_code`='/Uploads/2017-07/2017-07-07/62819.jpg',`qr_code_expire_time`=1499995126 WHERE ( user_id = 62819 )
2017-07-07 09:18:46
C:\wamp\www\diandu\Lib\Model\UserModel.class.php on line 201
show_debug_info

C:\wamp\www\diandu\frame\Common\functions.php on line 1091
saveUserInfo

C:\wamp\www\diandu\Lib\Action\FrontAction.class.php on line 392
get_qr_code

C:\wamp\www\diandu\Lib\Action\EmptyAction.class.php on line 5
_initialize

C:\wamp\www\diandu\frame\Lib\Core\Action.class.php on line 58
_initialize

C:\wamp\www\diandu\frame\Common\common.php on line 309
__construct

C:\wamp\www\diandu\frame\Lib\Core\App.class.php on line 127
A

C:\wamp\www\diandu\frame\Lib\Core\App.class.php on line 214
exec

C:\wamp\www\diandu\frame\Lib\Core\Think.class.php on line 39
run

C:\wamp\www\diandu\frame\Common\runtime.php on line 243
start

C:\wamp\www\diandu\frame\entrance.php on line 35
require

C:\wamp\www\diandu\index.php on line 26
require


2017-07-07 09:18:47
UPDATE `tp_users` SET `ticket`=null,`qr_code`='/Uploads/2017-07/2017-07-07/62819.jpg',`qr_code_expire_time`=1499995127 WHERE ( user_id = 62819 )
2017-07-07 09:18:47
C:\wamp\www\diandu\Lib\Model\UserModel.class.php on line 201
show_debug_info

C:\wamp\www\diandu\frame\Common\functions.php on line 1091
saveUserInfo

C:\wamp\www\diandu\Lib\Action\FrontAction.class.php on line 392
get_qr_code

C:\wamp\www\diandu\Lib\Action\IndexAction.class.php on line 12
_initialize

C:\wamp\www\diandu\frame\Lib\Core\Action.class.php on line 58
_initialize

C:\wamp\www\diandu\frame\Common\common.php on line 309
__construct

C:\wamp\www\diandu\frame\Lib\Core\App.class.php on line 110
A

C:\wamp\www\diandu\frame\Lib\Core\App.class.php on line 214
exec

C:\wamp\www\diandu\frame\Lib\Core\Think.class.php on line 39
run

C:\wamp\www\diandu\frame\Common\runtime.php on line 243
start

C:\wamp\www\diandu\frame\entrance.php on line 35
require

C:\wamp\www\diandu\index.php on line 26
require


2017-07-07 09:18:48
UPDATE `tp_users` SET `ticket`=null,`qr_code`='/Uploads/2017-07/2017-07-07/62819.jpg',`qr_code_expire_time`=1499995128 WHERE ( user_id = 62819 )
2017-07-07 09:18:48
C:\wamp\www\diandu\Lib\Model\UserModel.class.php on line 201
show_debug_info

C:\wamp\www\diandu\frame\Common\functions.php on line 1091
saveUserInfo

C:\wamp\www\diandu\Lib\Action\FrontAction.class.php on line 392
get_qr_code

C:\wamp\www\diandu\Lib\Action\IndexAction.class.php on line 12
_initialize

C:\wamp\www\diandu\frame\Lib\Core\Action.class.php on line 58
_initialize

C:\wamp\www\diandu\frame\Common\common.php on line 309
__construct

C:\wamp\www\diandu\frame\Lib\Core\App.class.php on line 110
A

C:\wamp\www\diandu\frame\Lib\Core\App.class.php on line 214
exec

C:\wamp\www\diandu\frame\Lib\Core\Think.class.php on line 39
run

C:\wamp\www\diandu\frame\Common\runtime.php on line 243
start

C:\wamp\www\diandu\frame\entrance.php on line 35
require

C:\wamp\www\diandu\index.php on line 26
require


2017-07-07 09:18:56
UPDATE `tp_users` SET `ticket`=null,`qr_code`='/Uploads/2017-07/2017-07-07/62819.jpg',`qr_code_expire_time`=1499995136 WHERE ( user_id = 62819 )
2017-07-07 09:18:56
C:\wamp\www\diandu\Lib\Model\UserModel.class.php on line 201
show_debug_info

C:\wamp\www\diandu\frame\Common\functions.php on line 1091
saveUserInfo

C:\wamp\www\diandu\Lib\Action\FrontAction.class.php on line 392
get_qr_code

C:\wamp\www\diandu\Lib\Action\FrontUserCenterAction.class.php on line 8
_initialize

C:\wamp\www\diandu\frame\Lib\Core\Action.class.php on line 58
_initialize

C:\wamp\www\diandu\frame\Common\common.php on line 309
__construct

C:\wamp\www\diandu\frame\Lib\Core\App.class.php on line 110
A

C:\wamp\www\diandu\frame\Lib\Core\App.class.php on line 214
exec

C:\wamp\www\diandu\frame\Lib\Core\Think.class.php on line 39
run

C:\wamp\www\diandu\frame\Common\runtime.php on line 243
start

C:\wamp\www\diandu\frame\entrance.php on line 35
require

C:\wamp\www\diandu\index.php on line 26
require


2017-07-07 09:18:57
UPDATE `tp_users` SET `ticket`=null,`qr_code`='/Uploads/2017-07/2017-07-07/62819.jpg',`qr_code_expire_time`=1499995137 WHERE ( user_id = 62819 )
2017-07-07 09:18:57
C:\wamp\www\diandu\Lib\Model\UserModel.class.php on line 201
show_debug_info

C:\wamp\www\diandu\frame\Common\functions.php on line 1091
saveUserInfo

C:\wamp\www\diandu\Lib\Action\FrontAction.class.php on line 392
get_qr_code

C:\wamp\www\diandu\Lib\Action\EmptyAction.class.php on line 5
_initialize

C:\wamp\www\diandu\frame\Lib\Core\Action.class.php on line 58
_initialize

C:\wamp\www\diandu\frame\Common\common.php on line 309
__construct

C:\wamp\www\diandu\frame\Lib\Core\App.class.php on line 127
A

C:\wamp\www\diandu\frame\Lib\Core\App.class.php on line 214
exec

C:\wamp\www\diandu\frame\Lib\Core\Think.class.php on line 39
run

C:\wamp\www\diandu\frame\Common\runtime.php on line 243
start

C:\wamp\www\diandu\frame\entrance.php on line 35
require

C:\wamp\www\diandu\index.php on line 26
require


2017-07-07 09:18:57
UPDATE `tp_users` SET `ticket`=null,`qr_code`='/Uploads/2017-07/2017-07-07/62819.jpg',`qr_code_expire_time`=1499995137 WHERE ( user_id = 62819 )
2017-07-07 09:18:57
C:\wamp\www\diandu\Lib\Model\UserModel.class.php on line 201
show_debug_info

C:\wamp\www\diandu\frame\Common\functions.php on line 1091
saveUserInfo

C:\wamp\www\diandu\Lib\Action\FrontAction.class.php on line 392
get_qr_code

C:\wamp\www\diandu\Lib\Action\IndexAction.class.php on line 12
_initialize

C:\wamp\www\diandu\frame\Lib\Core\Action.class.php on line 58
_initialize

C:\wamp\www\diandu\frame\Common\common.php on line 309
__construct

C:\wamp\www\diandu\frame\Lib\Core\App.class.php on line 110
A

C:\wamp\www\diandu\frame\Lib\Core\App.class.php on line 214
exec

C:\wamp\www\diandu\frame\Lib\Core\Think.class.php on line 39
run

C:\wamp\www\diandu\frame\Common\runtime.php on line 243
start

C:\wamp\www\diandu\frame\entrance.php on line 35
require

C:\wamp\www\diandu\index.php on line 26
require


2017-07-07 09:18:58
UPDATE `tp_users` SET `ticket`=null,`qr_code`='/Uploads/2017-07/2017-07-07/62819.jpg',`qr_code_expire_time`=1499995138 WHERE ( user_id = 62819 )
2017-07-07 09:18:58
C:\wamp\www\diandu\Lib\Model\UserModel.class.php on line 201
show_debug_info

C:\wamp\www\diandu\frame\Common\functions.php on line 1091
saveUserInfo

C:\wamp\www\diandu\Lib\Action\FrontAction.class.php on line 392
get_qr_code

C:\wamp\www\diandu\Lib\Action\IndexAction.class.php on line 12
_initialize

C:\wamp\www\diandu\frame\Lib\Core\Action.class.php on line 58
_initialize

C:\wamp\www\diandu\frame\Common\common.php on line 309
__construct

C:\wamp\www\diandu\frame\Lib\Core\App.class.php on line 110
A

C:\wamp\www\diandu\frame\Lib\Core\App.class.php on line 214
exec

C:\wamp\www\diandu\frame\Lib\Core\Think.class.php on line 39
run

C:\wamp\www\diandu\frame\Common\runtime.php on line 243
start

C:\wamp\www\diandu\frame\entrance.php on line 35
require

C:\wamp\www\diandu\index.php on line 26
require


2017-07-07 09:19:01
UPDATE `tp_users` SET `ticket`=null,`qr_code`='/Uploads/2017-07/2017-07-07/62819.jpg',`qr_code_expire_time`=1499995141 WHERE ( user_id = 62819 )
2017-07-07 09:19:01
C:\wamp\www\diandu\Lib\Model\UserModel.class.php on line 201
show_debug_info

C:\wamp\www\diandu\frame\Common\functions.php on line 1091
saveUserInfo

C:\wamp\www\diandu\Lib\Action\FrontAction.class.php on line 392
get_qr_code

C:\wamp\www\diandu\Lib\Action\FrontUserCenterAction.class.php on line 8
_initialize

C:\wamp\www\diandu\frame\Lib\Core\Action.class.php on line 58
_initialize

C:\wamp\www\diandu\frame\Common\common.php on line 309
__construct

C:\wamp\www\diandu\frame\Lib\Core\App.class.php on line 110
A

C:\wamp\www\diandu\frame\Lib\Core\App.class.php on line 214
exec

C:\wamp\www\diandu\frame\Lib\Core\Think.class.php on line 39
run

C:\wamp\www\diandu\frame\Common\runtime.php on line 243
start

C:\wamp\www\diandu\frame\entrance.php on line 35
require

C:\wamp\www\diandu\index.php on line 26
require


2017-07-07 09:19:05
UPDATE `tp_users` SET `ticket`=null,`qr_code`='/Uploads/2017-07/2017-07-07/62819.jpg',`qr_code_expire_time`=1499995145 WHERE ( user_id = 62819 )
2017-07-07 09:19:05
C:\wamp\www\diandu\Lib\Model\UserModel.class.php on line 201
show_debug_info

C:\wamp\www\diandu\frame\Common\functions.php on line 1091
saveUserInfo

C:\wamp\www\diandu\Lib\Action\FrontAction.class.php on line 392
get_qr_code

C:\wamp\www\diandu\Lib\Action\IndexAction.class.php on line 12
_initialize

C:\wamp\www\diandu\frame\Lib\Core\Action.class.php on line 58
_initialize

C:\wamp\www\diandu\frame\Common\common.php on line 309
__construct

C:\wamp\www\diandu\frame\Lib\Core\App.class.php on line 110
A

C:\wamp\www\diandu\frame\Lib\Core\App.class.php on line 214
exec

C:\wamp\www\diandu\frame\Lib\Core\Think.class.php on line 39
run

C:\wamp\www\diandu\frame\Common\runtime.php on line 243
start

C:\wamp\www\diandu\frame\entrance.php on line 35
require

C:\wamp\www\diandu\index.php on line 26
require


2017-07-07 09:19:06
UPDATE `tp_users` SET `ticket`=null,`qr_code`='/Uploads/2017-07/2017-07-07/62819.jpg',`qr_code_expire_time`=1499995146 WHERE ( user_id = 62819 )
2017-07-07 09:19:06
C:\wamp\www\diandu\Lib\Model\UserModel.class.php on line 201
show_debug_info

C:\wamp\www\diandu\frame\Common\functions.php on line 1091
saveUserInfo

C:\wamp\www\diandu\Lib\Action\FrontAction.class.php on line 392
get_qr_code

C:\wamp\www\diandu\Lib\Action\EmptyAction.class.php on line 5
_initialize

C:\wamp\www\diandu\frame\Lib\Core\Action.class.php on line 58
_initialize

C:\wamp\www\diandu\frame\Common\common.php on line 309
__construct

C:\wamp\www\diandu\frame\Lib\Core\App.class.php on line 127
A

C:\wamp\www\diandu\frame\Lib\Core\App.class.php on line 214
exec

C:\wamp\www\diandu\frame\Lib\Core\Think.class.php on line 39
run

C:\wamp\www\diandu\frame\Common\runtime.php on line 243
start

C:\wamp\www\diandu\frame\entrance.php on line 35
require

C:\wamp\www\diandu\index.php on line 26
require


2017-07-07 09:19:07
UPDATE `tp_users` SET `ticket`=null,`qr_code`='/Uploads/2017-07/2017-07-07/62819.jpg',`qr_code_expire_time`=1499995147 WHERE ( user_id = 62819 )
2017-07-07 09:19:07
C:\wamp\www\diandu\Lib\Model\UserModel.class.php on line 201
show_debug_info

C:\wamp\www\diandu\frame\Common\functions.php on line 1091
saveUserInfo

C:\wamp\www\diandu\Lib\Action\FrontAction.class.php on line 392
get_qr_code

C:\wamp\www\diandu\Lib\Action\IndexAction.class.php on line 12
_initialize

C:\wamp\www\diandu\frame\Lib\Core\Action.class.php on line 58
_initialize

C:\wamp\www\diandu\frame\Common\common.php on line 309
__construct

C:\wamp\www\diandu\frame\Lib\Core\App.class.php on line 110
A

C:\wamp\www\diandu\frame\Lib\Core\App.class.php on line 214
exec

C:\wamp\www\diandu\frame\Lib\Core\Think.class.php on line 39
run

C:\wamp\www\diandu\frame\Common\runtime.php on line 243
start

C:\wamp\www\diandu\frame\entrance.php on line 35
require

C:\wamp\www\diandu\index.php on line 26
require


2017-07-07 09:19:07
UPDATE `tp_users` SET `ticket`=null,`qr_code`='/Uploads/2017-07/2017-07-07/62819.jpg',`qr_code_expire_time`=1499995147 WHERE ( user_id = 62819 )
2017-07-07 09:19:07
C:\wamp\www\diandu\Lib\Model\UserModel.class.php on line 201
show_debug_info

C:\wamp\www\diandu\frame\Common\functions.php on line 1091
saveUserInfo

C:\wamp\www\diandu\Lib\Action\FrontAction.class.php on line 392
get_qr_code

C:\wamp\www\diandu\Lib\Action\IndexAction.class.php on line 12
_initialize

C:\wamp\www\diandu\frame\Lib\Core\Action.class.php on line 58
_initialize

C:\wamp\www\diandu\frame\Common\common.php on line 309
__construct

C:\wamp\www\diandu\frame\Lib\Core\App.class.php on line 110
A

C:\wamp\www\diandu\frame\Lib\Core\App.class.php on line 214
exec

C:\wamp\www\diandu\frame\Lib\Core\Think.class.php on line 39
run

C:\wamp\www\diandu\frame\Common\runtime.php on line 243
start

C:\wamp\www\diandu\frame\entrance.php on line 35
require

C:\wamp\www\diandu\index.php on line 26
require


2017-07-07 09:22:08
UPDATE `tp_users` SET `ticket`=null,`qr_code`='/Uploads/2017-07/2017-07-07/62819.jpg',`qr_code_expire_time`=1499995328 WHERE ( user_id = 62819 )
2017-07-07 09:22:08
C:\wamp\www\diandu\Lib\Model\UserModel.class.php on line 201
show_debug_info

C:\wamp\www\diandu\frame\Common\functions.php on line 1091
saveUserInfo

C:\wamp\www\diandu\Lib\Action\FrontAction.class.php on line 392
get_qr_code

C:\wamp\www\diandu\Lib\Action\EmptyAction.class.php on line 5
_initialize

C:\wamp\www\diandu\frame\Lib\Core\Action.class.php on line 58
_initialize

C:\wamp\www\diandu\frame\Common\common.php on line 309
__construct

C:\wamp\www\diandu\frame\Lib\Core\App.class.php on line 127
A

C:\wamp\www\diandu\frame\Lib\Core\App.class.php on line 214
exec

C:\wamp\www\diandu\frame\Lib\Core\Think.class.php on line 39
run

C:\wamp\www\diandu\frame\Common\runtime.php on line 243
start

C:\wamp\www\diandu\frame\entrance.php on line 35
require

C:\wamp\www\diandu\index.php on line 26
require


2017-07-07 09:22:08
UPDATE `tp_users` SET `ticket`=null,`qr_code`='/Uploads/2017-07/2017-07-07/62819.jpg',`qr_code_expire_time`=1499995328 WHERE ( user_id = 62819 )
2017-07-07 09:22:08
C:\wamp\www\diandu\Lib\Model\UserModel.class.php on line 201
show_debug_info

C:\wamp\www\diandu\frame\Common\functions.php on line 1091
saveUserInfo

C:\wamp\www\diandu\Lib\Action\FrontAction.class.php on line 392
get_qr_code

C:\wamp\www\diandu\Lib\Action\IndexAction.class.php on line 12
_initialize

C:\wamp\www\diandu\frame\Lib\Core\Action.class.php on line 58
_initialize

C:\wamp\www\diandu\frame\Common\common.php on line 309
__construct

C:\wamp\www\diandu\frame\Lib\Core\App.class.php on line 110
A

C:\wamp\www\diandu\frame\Lib\Core\App.class.php on line 214
exec

C:\wamp\www\diandu\frame\Lib\Core\Think.class.php on line 39
run

C:\wamp\www\diandu\frame\Common\runtime.php on line 243
start

C:\wamp\www\diandu\frame\entrance.php on line 35
require

C:\wamp\www\diandu\index.php on line 26
require


2017-07-07 09:22:11
UPDATE `tp_users` SET `ticket`=null,`qr_code`='/Uploads/2017-07/2017-07-07/62819.jpg',`qr_code_expire_time`=1499995331 WHERE ( user_id = 62819 )
2017-07-07 09:22:11
C:\wamp\www\diandu\Lib\Model\UserModel.class.php on line 201
show_debug_info

C:\wamp\www\diandu\frame\Common\functions.php on line 1091
saveUserInfo

C:\wamp\www\diandu\Lib\Action\FrontAction.class.php on line 392
get_qr_code

C:\wamp\www\diandu\Lib\Action\FrontUserCenterAction.class.php on line 8
_initialize

C:\wamp\www\diandu\frame\Lib\Core\Action.class.php on line 58
_initialize

C:\wamp\www\diandu\frame\Common\common.php on line 309
__construct

C:\wamp\www\diandu\frame\Lib\Core\App.class.php on line 110
A

C:\wamp\www\diandu\frame\Lib\Core\App.class.php on line 214
exec

C:\wamp\www\diandu\frame\Lib\Core\Think.class.php on line 39
run

C:\wamp\www\diandu\frame\Common\runtime.php on line 243
start

C:\wamp\www\diandu\frame\entrance.php on line 35
require

C:\wamp\www\diandu\index.php on line 26
require


2017-07-07 09:22:11
UPDATE `tp_users` SET `ticket`=null,`qr_code`='/Uploads/2017-07/2017-07-07/62819.jpg',`qr_code_expire_time`=1499995331 WHERE ( user_id = 62819 )
2017-07-07 09:22:11
C:\wamp\www\diandu\Lib\Model\UserModel.class.php on line 201
show_debug_info

C:\wamp\www\diandu\frame\Common\functions.php on line 1091
saveUserInfo

C:\wamp\www\diandu\Lib\Action\FrontAction.class.php on line 392
get_qr_code

C:\wamp\www\diandu\Lib\Action\EmptyAction.class.php on line 5
_initialize

C:\wamp\www\diandu\frame\Lib\Core\Action.class.php on line 58
_initialize

C:\wamp\www\diandu\frame\Common\common.php on line 309
__construct

C:\wamp\www\diandu\frame\Lib\Core\App.class.php on line 127
A

C:\wamp\www\diandu\frame\Lib\Core\App.class.php on line 214
exec

C:\wamp\www\diandu\frame\Lib\Core\Think.class.php on line 39
run

C:\wamp\www\diandu\frame\Common\runtime.php on line 243
start

C:\wamp\www\diandu\frame\entrance.php on line 35
require

C:\wamp\www\diandu\index.php on line 26
require


2017-07-07 09:22:13
UPDATE `tp_users` SET `ticket`=null,`qr_code`='/Uploads/2017-07/2017-07-07/62819.jpg',`qr_code_expire_time`=1499995333 WHERE ( user_id = 62819 )
2017-07-07 09:22:13
C:\wamp\www\diandu\Lib\Model\UserModel.class.php on line 201
show_debug_info

C:\wamp\www\diandu\frame\Common\functions.php on line 1091
saveUserInfo

C:\wamp\www\diandu\Lib\Action\FrontAction.class.php on line 392
get_qr_code

C:\wamp\www\diandu\Lib\Action\IndexAction.class.php on line 12
_initialize

C:\wamp\www\diandu\frame\Lib\Core\Action.class.php on line 58
_initialize

C:\wamp\www\diandu\frame\Common\common.php on line 309
__construct

C:\wamp\www\diandu\frame\Lib\Core\App.class.php on line 110
A

C:\wamp\www\diandu\frame\Lib\Core\App.class.php on line 214
exec

C:\wamp\www\diandu\frame\Lib\Core\Think.class.php on line 39
run

C:\wamp\www\diandu\frame\Common\runtime.php on line 243
start

C:\wamp\www\diandu\frame\entrance.php on line 35
require

C:\wamp\www\diandu\index.php on line 26
require


2017-07-07 09:22:14
UPDATE `tp_users` SET `ticket`=null,`qr_code`='/Uploads/2017-07/2017-07-07/62819.jpg',`qr_code_expire_time`=1499995334 WHERE ( user_id = 62819 )
2017-07-07 09:22:14
C:\wamp\www\diandu\Lib\Model\UserModel.class.php on line 201
show_debug_info

C:\wamp\www\diandu\frame\Common\functions.php on line 1091
saveUserInfo

C:\wamp\www\diandu\Lib\Action\FrontAction.class.php on line 392
get_qr_code

C:\wamp\www\diandu\Lib\Action\IndexAction.class.php on line 12
_initialize

C:\wamp\www\diandu\frame\Lib\Core\Action.class.php on line 58
_initialize

C:\wamp\www\diandu\frame\Common\common.php on line 309
__construct

C:\wamp\www\diandu\frame\Lib\Core\App.class.php on line 110
A

C:\wamp\www\diandu\frame\Lib\Core\App.class.php on line 214
exec

C:\wamp\www\diandu\frame\Lib\Core\Think.class.php on line 39
run

C:\wamp\www\diandu\frame\Common\runtime.php on line 243
start

C:\wamp\www\diandu\frame\entrance.php on line 35
require

C:\wamp\www\diandu\index.php on line 26
require


2017-07-07 09:22:31
UPDATE `tp_users` SET `ticket`=null,`qr_code`='/Uploads/2017-07/2017-07-07/62819.jpg',`qr_code_expire_time`=1499995351 WHERE ( user_id = 62819 )
2017-07-07 09:22:31
C:\wamp\www\diandu\Lib\Model\UserModel.class.php on line 201
show_debug_info

C:\wamp\www\diandu\frame\Common\functions.php on line 1091
saveUserInfo

C:\wamp\www\diandu\Lib\Action\FrontAction.class.php on line 392
get_qr_code

C:\wamp\www\diandu\Lib\Action\FrontUserCenterAction.class.php on line 8
_initialize

C:\wamp\www\diandu\frame\Lib\Core\Action.class.php on line 58
_initialize

C:\wamp\www\diandu\frame\Common\common.php on line 309
__construct

C:\wamp\www\diandu\frame\Lib\Core\App.class.php on line 110
A

C:\wamp\www\diandu\frame\Lib\Core\App.class.php on line 214
exec

C:\wamp\www\diandu\frame\Lib\Core\Think.class.php on line 39
run

C:\wamp\www\diandu\frame\Common\runtime.php on line 243
start

C:\wamp\www\diandu\frame\entrance.php on line 35
require

C:\wamp\www\diandu\index.php on line 26
require


2017-07-07 09:22:35
UPDATE `tp_users` SET `ticket`=null,`qr_code`='/Uploads/2017-07/2017-07-07/62819.jpg',`qr_code_expire_time`=1499995355 WHERE ( user_id = 62819 )
2017-07-07 09:22:35
C:\wamp\www\diandu\Lib\Model\UserModel.class.php on line 201
show_debug_info

C:\wamp\www\diandu\frame\Common\functions.php on line 1091
saveUserInfo

C:\wamp\www\diandu\Lib\Action\FrontAction.class.php on line 392
get_qr_code

C:\wamp\www\diandu\Lib\Action\IndexAction.class.php on line 12
_initialize

C:\wamp\www\diandu\frame\Lib\Core\Action.class.php on line 58
_initialize

C:\wamp\www\diandu\frame\Common\common.php on line 309
__construct

C:\wamp\www\diandu\frame\Lib\Core\App.class.php on line 110
A

C:\wamp\www\diandu\frame\Lib\Core\App.class.php on line 214
exec

C:\wamp\www\diandu\frame\Lib\Core\Think.class.php on line 39
run

C:\wamp\www\diandu\frame\Common\runtime.php on line 243
start

C:\wamp\www\diandu\frame\entrance.php on line 35
require

C:\wamp\www\diandu\index.php on line 26
require


2017-07-07 09:22:35
UPDATE `tp_users` SET `ticket`=null,`qr_code`='/Uploads/2017-07/2017-07-07/62819.jpg',`qr_code_expire_time`=1499995355 WHERE ( user_id = 62819 )
2017-07-07 09:22:35
C:\wamp\www\diandu\Lib\Model\UserModel.class.php on line 201
show_debug_info

C:\wamp\www\diandu\frame\Common\functions.php on line 1091
saveUserInfo

C:\wamp\www\diandu\Lib\Action\FrontAction.class.php on line 392
get_qr_code

C:\wamp\www\diandu\Lib\Action\EmptyAction.class.php on line 5
_initialize

C:\wamp\www\diandu\frame\Lib\Core\Action.class.php on line 58
_initialize

C:\wamp\www\diandu\frame\Common\common.php on line 309
__construct

C:\wamp\www\diandu\frame\Lib\Core\App.class.php on line 127
A

C:\wamp\www\diandu\frame\Lib\Core\App.class.php on line 214
exec

C:\wamp\www\diandu\frame\Lib\Core\Think.class.php on line 39
run

C:\wamp\www\diandu\frame\Common\runtime.php on line 243
start

C:\wamp\www\diandu\frame\entrance.php on line 35
require

C:\wamp\www\diandu\index.php on line 26
require


2017-07-07 09:22:36
UPDATE `tp_users` SET `ticket`=null,`qr_code`='/Uploads/2017-07/2017-07-07/62819.jpg',`qr_code_expire_time`=1499995356 WHERE ( user_id = 62819 )
2017-07-07 09:22:36
C:\wamp\www\diandu\Lib\Model\UserModel.class.php on line 201
show_debug_info

C:\wamp\www\diandu\frame\Common\functions.php on line 1091
saveUserInfo

C:\wamp\www\diandu\Lib\Action\FrontAction.class.php on line 392
get_qr_code

C:\wamp\www\diandu\Lib\Action\IndexAction.class.php on line 12
_initialize

C:\wamp\www\diandu\frame\Lib\Core\Action.class.php on line 58
_initialize

C:\wamp\www\diandu\frame\Common\common.php on line 309
__construct

C:\wamp\www\diandu\frame\Lib\Core\App.class.php on line 110
A

C:\wamp\www\diandu\frame\Lib\Core\App.class.php on line 214
exec

C:\wamp\www\diandu\frame\Lib\Core\Think.class.php on line 39
run

C:\wamp\www\diandu\frame\Common\runtime.php on line 243
start

C:\wamp\www\diandu\frame\entrance.php on line 35
require

C:\wamp\www\diandu\index.php on line 26
require


2017-07-07 09:22:37
UPDATE `tp_users` SET `ticket`=null,`qr_code`='/Uploads/2017-07/2017-07-07/62819.jpg',`qr_code_expire_time`=1499995357 WHERE ( user_id = 62819 )
2017-07-07 09:22:37
C:\wamp\www\diandu\Lib\Model\UserModel.class.php on line 201
show_debug_info

C:\wamp\www\diandu\frame\Common\functions.php on line 1091
saveUserInfo

C:\wamp\www\diandu\Lib\Action\FrontAction.class.php on line 392
get_qr_code

C:\wamp\www\diandu\Lib\Action\IndexAction.class.php on line 12
_initialize

C:\wamp\www\diandu\frame\Lib\Core\Action.class.php on line 58
_initialize

C:\wamp\www\diandu\frame\Common\common.php on line 309
__construct

C:\wamp\www\diandu\frame\Lib\Core\App.class.php on line 110
A

C:\wamp\www\diandu\frame\Lib\Core\App.class.php on line 214
exec

C:\wamp\www\diandu\frame\Lib\Core\Think.class.php on line 39
run

C:\wamp\www\diandu\frame\Common\runtime.php on line 243
start

C:\wamp\www\diandu\frame\entrance.php on line 35
require

C:\wamp\www\diandu\index.php on line 26
require


2017-07-07 09:32:16
UPDATE `tp_users` SET `ticket`=null,`qr_code`='/Uploads/2017-07/2017-07-07/62819.jpg',`qr_code_expire_time`=1499995936 WHERE ( user_id = 62819 )
2017-07-07 09:32:16
C:\wamp\www\diandu\Lib\Model\UserModel.class.php on line 201
show_debug_info

C:\wamp\www\diandu\frame\Common\functions.php on line 1091
saveUserInfo

C:\wamp\www\diandu\Lib\Action\FrontAction.class.php on line 392
get_qr_code

C:\wamp\www\diandu\Lib\Action\EmptyAction.class.php on line 5
_initialize

C:\wamp\www\diandu\frame\Lib\Core\Action.class.php on line 58
_initialize

C:\wamp\www\diandu\frame\Common\common.php on line 309
__construct

C:\wamp\www\diandu\frame\Lib\Core\App.class.php on line 127
A

C:\wamp\www\diandu\frame\Lib\Core\App.class.php on line 214
exec

C:\wamp\www\diandu\frame\Lib\Core\Think.class.php on line 39
run

C:\wamp\www\diandu\frame\Common\runtime.php on line 243
start

C:\wamp\www\diandu\frame\entrance.php on line 35
require

C:\wamp\www\diandu\index.php on line 26
require


2017-07-07 09:32:17
UPDATE `tp_users` SET `ticket`=null,`qr_code`='/Uploads/2017-07/2017-07-07/62819.jpg',`qr_code_expire_time`=1499995937 WHERE ( user_id = 62819 )
2017-07-07 09:32:17
C:\wamp\www\diandu\Lib\Model\UserModel.class.php on line 201
show_debug_info

C:\wamp\www\diandu\frame\Common\functions.php on line 1091
saveUserInfo

C:\wamp\www\diandu\Lib\Action\FrontAction.class.php on line 392
get_qr_code

C:\wamp\www\diandu\Lib\Action\IndexAction.class.php on line 12
_initialize

C:\wamp\www\diandu\frame\Lib\Core\Action.class.php on line 58
_initialize

C:\wamp\www\diandu\frame\Common\common.php on line 309
__construct

C:\wamp\www\diandu\frame\Lib\Core\App.class.php on line 110
A

C:\wamp\www\diandu\frame\Lib\Core\App.class.php on line 214
exec

C:\wamp\www\diandu\frame\Lib\Core\Think.class.php on line 39
run

C:\wamp\www\diandu\frame\Common\runtime.php on line 243
start

C:\wamp\www\diandu\frame\entrance.php on line 35
require

C:\wamp\www\diandu\index.php on line 26
require


2017-07-07 09:32:18
UPDATE `tp_users` SET `ticket`=null,`qr_code`='/Uploads/2017-07/2017-07-07/62819.jpg',`qr_code_expire_time`=1499995938 WHERE ( user_id = 62819 )
2017-07-07 09:32:18
C:\wamp\www\diandu\Lib\Model\UserModel.class.php on line 201
show_debug_info

C:\wamp\www\diandu\frame\Common\functions.php on line 1091
saveUserInfo

C:\wamp\www\diandu\Lib\Action\FrontAction.class.php on line 392
get_qr_code

C:\wamp\www\diandu\Lib\Action\FrontUserCenterAction.class.php on line 8
_initialize

C:\wamp\www\diandu\frame\Lib\Core\Action.class.php on line 58
_initialize

C:\wamp\www\diandu\frame\Common\common.php on line 309
__construct

C:\wamp\www\diandu\frame\Lib\Core\App.class.php on line 110
A

C:\wamp\www\diandu\frame\Lib\Core\App.class.php on line 214
exec

C:\wamp\www\diandu\frame\Lib\Core\Think.class.php on line 39
run

C:\wamp\www\diandu\frame\Common\runtime.php on line 243
start

C:\wamp\www\diandu\frame\entrance.php on line 35
require

C:\wamp\www\diandu\index.php on line 26
require


2017-07-07 09:32:19
UPDATE `tp_users` SET `ticket`=null,`qr_code`='/Uploads/2017-07/2017-07-07/62819.jpg',`qr_code_expire_time`=1499995939 WHERE ( user_id = 62819 )
2017-07-07 09:32:19
C:\wamp\www\diandu\Lib\Model\UserModel.class.php on line 201
show_debug_info

C:\wamp\www\diandu\frame\Common\functions.php on line 1091
saveUserInfo

C:\wamp\www\diandu\Lib\Action\FrontAction.class.php on line 392
get_qr_code

C:\wamp\www\diandu\Lib\Action\EmptyAction.class.php on line 5
_initialize

C:\wamp\www\diandu\frame\Lib\Core\Action.class.php on line 58
_initialize

C:\wamp\www\diandu\frame\Common\common.php on line 309
__construct

C:\wamp\www\diandu\frame\Lib\Core\App.class.php on line 127
A

C:\wamp\www\diandu\frame\Lib\Core\App.class.php on line 214
exec

C:\wamp\www\diandu\frame\Lib\Core\Think.class.php on line 39
run

C:\wamp\www\diandu\frame\Common\runtime.php on line 243
start

C:\wamp\www\diandu\frame\entrance.php on line 35
require

C:\wamp\www\diandu\index.php on line 26
require


2017-07-07 09:32:20
UPDATE `tp_users` SET `ticket`=null,`qr_code`='/Uploads/2017-07/2017-07-07/62819.jpg',`qr_code_expire_time`=1499995940 WHERE ( user_id = 62819 )
2017-07-07 09:32:20
C:\wamp\www\diandu\Lib\Model\UserModel.class.php on line 201
show_debug_info

C:\wamp\www\diandu\frame\Common\functions.php on line 1091
saveUserInfo

C:\wamp\www\diandu\Lib\Action\FrontAction.class.php on line 392
get_qr_code

C:\wamp\www\diandu\Lib\Action\IndexAction.class.php on line 12
_initialize

C:\wamp\www\diandu\frame\Lib\Core\Action.class.php on line 58
_initialize

C:\wamp\www\diandu\frame\Common\common.php on line 309
__construct

C:\wamp\www\diandu\frame\Lib\Core\App.class.php on line 110
A

C:\wamp\www\diandu\frame\Lib\Core\App.class.php on line 214
exec

C:\wamp\www\diandu\frame\Lib\Core\Think.class.php on line 39
run

C:\wamp\www\diandu\frame\Common\runtime.php on line 243
start

C:\wamp\www\diandu\frame\entrance.php on line 35
require

C:\wamp\www\diandu\index.php on line 26
require


2017-07-07 09:32:21
UPDATE `tp_users` SET `ticket`=null,`qr_code`='/Uploads/2017-07/2017-07-07/62819.jpg',`qr_code_expire_time`=1499995941 WHERE ( user_id = 62819 )
2017-07-07 09:32:21
C:\wamp\www\diandu\Lib\Model\UserModel.class.php on line 201
show_debug_info

C:\wamp\www\diandu\frame\Common\functions.php on line 1091
saveUserInfo

C:\wamp\www\diandu\Lib\Action\FrontAction.class.php on line 392
get_qr_code

C:\wamp\www\diandu\Lib\Action\IndexAction.class.php on line 12
_initialize

C:\wamp\www\diandu\frame\Lib\Core\Action.class.php on line 58
_initialize

C:\wamp\www\diandu\frame\Common\common.php on line 309
__construct

C:\wamp\www\diandu\frame\Lib\Core\App.class.php on line 110
A

C:\wamp\www\diandu\frame\Lib\Core\App.class.php on line 214
exec

C:\wamp\www\diandu\frame\Lib\Core\Think.class.php on line 39
run

C:\wamp\www\diandu\frame\Common\runtime.php on line 243
start

C:\wamp\www\diandu\frame\entrance.php on line 35
require

C:\wamp\www\diandu\index.php on line 26
require


2017-07-07 09:32:26
UPDATE `tp_users` SET `ticket`=null,`qr_code`='/Uploads/2017-07/2017-07-07/62819.jpg',`qr_code_expire_time`=1499995946 WHERE ( user_id = 62819 )
2017-07-07 09:32:26
C:\wamp\www\diandu\Lib\Model\UserModel.class.php on line 201
show_debug_info

C:\wamp\www\diandu\frame\Common\functions.php on line 1091
saveUserInfo

C:\wamp\www\diandu\Lib\Action\FrontAction.class.php on line 392
get_qr_code

C:\wamp\www\diandu\Lib\Action\FrontUserCenterAction.class.php on line 8
_initialize

C:\wamp\www\diandu\frame\Lib\Core\Action.class.php on line 58
_initialize

C:\wamp\www\diandu\frame\Common\common.php on line 309
__construct

C:\wamp\www\diandu\frame\Lib\Core\App.class.php on line 110
A

C:\wamp\www\diandu\frame\Lib\Core\App.class.php on line 214
exec

C:\wamp\www\diandu\frame\Lib\Core\Think.class.php on line 39
run

C:\wamp\www\diandu\frame\Common\runtime.php on line 243
start

C:\wamp\www\diandu\frame\entrance.php on line 35
require

C:\wamp\www\diandu\index.php on line 26
require


2017-07-07 09:32:30
UPDATE `tp_users` SET `ticket`=null,`qr_code`='/Uploads/2017-07/2017-07-07/62819.jpg',`qr_code_expire_time`=1499995950 WHERE ( user_id = 62819 )
2017-07-07 09:32:30
C:\wamp\www\diandu\Lib\Model\UserModel.class.php on line 201
show_debug_info

C:\wamp\www\diandu\frame\Common\functions.php on line 1091
saveUserInfo

C:\wamp\www\diandu\Lib\Action\FrontAction.class.php on line 392
get_qr_code

C:\wamp\www\diandu\Lib\Action\IndexAction.class.php on line 12
_initialize

C:\wamp\www\diandu\frame\Lib\Core\Action.class.php on line 58
_initialize

C:\wamp\www\diandu\frame\Common\common.php on line 309
__construct

C:\wamp\www\diandu\frame\Lib\Core\App.class.php on line 110
A

C:\wamp\www\diandu\frame\Lib\Core\App.class.php on line 214
exec

C:\wamp\www\diandu\frame\Lib\Core\Think.class.php on line 39
run

C:\wamp\www\diandu\frame\Common\runtime.php on line 243
start

C:\wamp\www\diandu\frame\entrance.php on line 35
require

C:\wamp\www\diandu\index.php on line 26
require


2017-07-07 09:32:31
UPDATE `tp_users` SET `ticket`=null,`qr_code`='/Uploads/2017-07/2017-07-07/62819.jpg',`qr_code_expire_time`=1499995951 WHERE ( user_id = 62819 )
2017-07-07 09:32:31
C:\wamp\www\diandu\Lib\Model\UserModel.class.php on line 201
show_debug_info

C:\wamp\www\diandu\frame\Common\functions.php on line 1091
saveUserInfo

C:\wamp\www\diandu\Lib\Action\FrontAction.class.php on line 392
get_qr_code

C:\wamp\www\diandu\Lib\Action\EmptyAction.class.php on line 5
_initialize

C:\wamp\www\diandu\frame\Lib\Core\Action.class.php on line 58
_initialize

C:\wamp\www\diandu\frame\Common\common.php on line 309
__construct

C:\wamp\www\diandu\frame\Lib\Core\App.class.php on line 127
A

C:\wamp\www\diandu\frame\Lib\Core\App.class.php on line 214
exec

C:\wamp\www\diandu\frame\Lib\Core\Think.class.php on line 39
run

C:\wamp\www\diandu\frame\Common\runtime.php on line 243
start

C:\wamp\www\diandu\frame\entrance.php on line 35
require

C:\wamp\www\diandu\index.php on line 26
require


2017-07-07 09:32:31
UPDATE `tp_users` SET `ticket`=null,`qr_code`='/Uploads/2017-07/2017-07-07/62819.jpg',`qr_code_expire_time`=1499995951 WHERE ( user_id = 62819 )
2017-07-07 09:32:31
C:\wamp\www\diandu\Lib\Model\UserModel.class.php on line 201
show_debug_info

C:\wamp\www\diandu\frame\Common\functions.php on line 1091
saveUserInfo

C:\wamp\www\diandu\Lib\Action\FrontAction.class.php on line 392
get_qr_code

C:\wamp\www\diandu\Lib\Action\IndexAction.class.php on line 12
_initialize

C:\wamp\www\diandu\frame\Lib\Core\Action.class.php on line 58
_initialize

C:\wamp\www\diandu\frame\Common\common.php on line 309
__construct

C:\wamp\www\diandu\frame\Lib\Core\App.class.php on line 110
A

C:\wamp\www\diandu\frame\Lib\Core\App.class.php on line 214
exec

C:\wamp\www\diandu\frame\Lib\Core\Think.class.php on line 39
run

C:\wamp\www\diandu\frame\Common\runtime.php on line 243
start

C:\wamp\www\diandu\frame\entrance.php on line 35
require

C:\wamp\www\diandu\index.php on line 26
require


2017-07-07 09:32:32
UPDATE `tp_users` SET `ticket`=null,`qr_code`='/Uploads/2017-07/2017-07-07/62819.jpg',`qr_code_expire_time`=1499995952 WHERE ( user_id = 62819 )
2017-07-07 09:32:32
C:\wamp\www\diandu\Lib\Model\UserModel.class.php on line 201
show_debug_info

C:\wamp\www\diandu\frame\Common\functions.php on line 1091
saveUserInfo

C:\wamp\www\diandu\Lib\Action\FrontAction.class.php on line 392
get_qr_code

C:\wamp\www\diandu\Lib\Action\IndexAction.class.php on line 12
_initialize

C:\wamp\www\diandu\frame\Lib\Core\Action.class.php on line 58
_initialize

C:\wamp\www\diandu\frame\Common\common.php on line 309
__construct

C:\wamp\www\diandu\frame\Lib\Core\App.class.php on line 110
A

C:\wamp\www\diandu\frame\Lib\Core\App.class.php on line 214
exec

C:\wamp\www\diandu\frame\Lib\Core\Think.class.php on line 39
run

C:\wamp\www\diandu\frame\Common\runtime.php on line 243
start

C:\wamp\www\diandu\frame\entrance.php on line 35
require

C:\wamp\www\diandu\index.php on line 26
require


2017-07-07 09:42:25
UPDATE `tp_users` SET `ticket`=null,`qr_code`='/Uploads/2017-07/2017-07-07/62819.jpg',`qr_code_expire_time`=1499996545 WHERE ( user_id = 62819 )
2017-07-07 09:42:25
C:\wamp\www\diandu\Lib\Model\UserModel.class.php on line 201
show_debug_info

C:\wamp\www\diandu\frame\Common\functions.php on line 1091
saveUserInfo

C:\wamp\www\diandu\Lib\Action\FrontAction.class.php on line 392
get_qr_code

C:\wamp\www\diandu\Lib\Action\FrontUserCenterAction.class.php on line 8
_initialize

C:\wamp\www\diandu\frame\Lib\Core\Action.class.php on line 58
_initialize

C:\wamp\www\diandu\frame\Common\common.php on line 309
__construct

C:\wamp\www\diandu\frame\Lib\Core\App.class.php on line 110
A

C:\wamp\www\diandu\frame\Lib\Core\App.class.php on line 214
exec

C:\wamp\www\diandu\frame\Lib\Core\Think.class.php on line 39
run

C:\wamp\www\diandu\frame\Common\runtime.php on line 243
start

C:\wamp\www\diandu\frame\entrance.php on line 35
require

C:\wamp\www\diandu\index.php on line 26
require


2017-07-07 09:42:26
UPDATE `tp_users` SET `ticket`=null,`qr_code`='/Uploads/2017-07/2017-07-07/62819.jpg',`qr_code_expire_time`=1499996546 WHERE ( user_id = 62819 )
2017-07-07 09:42:26
C:\wamp\www\diandu\Lib\Model\UserModel.class.php on line 201
show_debug_info

C:\wamp\www\diandu\frame\Common\functions.php on line 1091
saveUserInfo

C:\wamp\www\diandu\Lib\Action\FrontAction.class.php on line 392
get_qr_code

C:\wamp\www\diandu\Lib\Action\EmptyAction.class.php on line 5
_initialize

C:\wamp\www\diandu\frame\Lib\Core\Action.class.php on line 58
_initialize

C:\wamp\www\diandu\frame\Common\common.php on line 309
__construct

C:\wamp\www\diandu\frame\Lib\Core\App.class.php on line 127
A

C:\wamp\www\diandu\frame\Lib\Core\App.class.php on line 214
exec

C:\wamp\www\diandu\frame\Lib\Core\Think.class.php on line 39
run

C:\wamp\www\diandu\frame\Common\runtime.php on line 243
start

C:\wamp\www\diandu\frame\entrance.php on line 35
require

C:\wamp\www\diandu\index.php on line 26
require


2017-07-07 09:42:27
UPDATE `tp_users` SET `ticket`=null,`qr_code`='/Uploads/2017-07/2017-07-07/62819.jpg',`qr_code_expire_time`=1499996547 WHERE ( user_id = 62819 )
2017-07-07 09:42:27
C:\wamp\www\diandu\Lib\Model\UserModel.class.php on line 201
show_debug_info

C:\wamp\www\diandu\frame\Common\functions.php on line 1091
saveUserInfo

C:\wamp\www\diandu\Lib\Action\FrontAction.class.php on line 392
get_qr_code

C:\wamp\www\diandu\Lib\Action\IndexAction.class.php on line 12
_initialize

C:\wamp\www\diandu\frame\Lib\Core\Action.class.php on line 58
_initialize

C:\wamp\www\diandu\frame\Common\common.php on line 309
__construct

C:\wamp\www\diandu\frame\Lib\Core\App.class.php on line 110
A

C:\wamp\www\diandu\frame\Lib\Core\App.class.php on line 214
exec

C:\wamp\www\diandu\frame\Lib\Core\Think.class.php on line 39
run

C:\wamp\www\diandu\frame\Common\runtime.php on line 243
start

C:\wamp\www\diandu\frame\entrance.php on line 35
require

C:\wamp\www\diandu\index.php on line 26
require


2017-07-07 09:42:28
UPDATE `tp_users` SET `ticket`=null,`qr_code`='/Uploads/2017-07/2017-07-07/62819.jpg',`qr_code_expire_time`=1499996548 WHERE ( user_id = 62819 )
2017-07-07 09:42:28
C:\wamp\www\diandu\Lib\Model\UserModel.class.php on line 201
show_debug_info

C:\wamp\www\diandu\frame\Common\functions.php on line 1091
saveUserInfo

C:\wamp\www\diandu\Lib\Action\FrontAction.class.php on line 392
get_qr_code

C:\wamp\www\diandu\Lib\Action\IndexAction.class.php on line 12
_initialize

C:\wamp\www\diandu\frame\Lib\Core\Action.class.php on line 58
_initialize

C:\wamp\www\diandu\frame\Common\common.php on line 309
__construct

C:\wamp\www\diandu\frame\Lib\Core\App.class.php on line 110
A

C:\wamp\www\diandu\frame\Lib\Core\App.class.php on line 214
exec

C:\wamp\www\diandu\frame\Lib\Core\Think.class.php on line 39
run

C:\wamp\www\diandu\frame\Common\runtime.php on line 243
start

C:\wamp\www\diandu\frame\entrance.php on line 35
require

C:\wamp\www\diandu\index.php on line 26
require


2017-07-07 09:42:45
UPDATE `tp_users` SET `ticket`=null,`qr_code`='/Uploads/2017-07/2017-07-07/62819.jpg',`qr_code_expire_time`=1499996565 WHERE ( user_id = 62819 )
2017-07-07 09:42:45
C:\wamp\www\diandu\Lib\Model\UserModel.class.php on line 201
show_debug_info

C:\wamp\www\diandu\frame\Common\functions.php on line 1091
saveUserInfo

C:\wamp\www\diandu\Lib\Action\FrontAction.class.php on line 392
get_qr_code

C:\wamp\www\diandu\Lib\Action\FrontUserCenterAction.class.php on line 8
_initialize

C:\wamp\www\diandu\frame\Lib\Core\Action.class.php on line 58
_initialize

C:\wamp\www\diandu\frame\Common\common.php on line 309
__construct

C:\wamp\www\diandu\frame\Lib\Core\App.class.php on line 110
A

C:\wamp\www\diandu\frame\Lib\Core\App.class.php on line 214
exec

C:\wamp\www\diandu\frame\Lib\Core\Think.class.php on line 39
run

C:\wamp\www\diandu\frame\Common\runtime.php on line 243
start

C:\wamp\www\diandu\frame\entrance.php on line 35
require

C:\wamp\www\diandu\index.php on line 26
require


2017-07-07 09:43:04
UPDATE `tp_users` SET `ticket`=null,`qr_code`='/Uploads/2017-07/2017-07-07/62819.jpg',`qr_code_expire_time`=1499996584 WHERE ( user_id = 62819 )
2017-07-07 09:43:04
C:\wamp\www\diandu\Lib\Model\UserModel.class.php on line 201
show_debug_info

C:\wamp\www\diandu\frame\Common\functions.php on line 1091
saveUserInfo

C:\wamp\www\diandu\Lib\Action\FrontAction.class.php on line 392
get_qr_code

C:\wamp\www\diandu\Lib\Action\FrontUserCenterAction.class.php on line 8
_initialize

C:\wamp\www\diandu\frame\Lib\Core\Action.class.php on line 58
_initialize

C:\wamp\www\diandu\frame\Common\common.php on line 309
__construct

C:\wamp\www\diandu\frame\Lib\Core\App.class.php on line 110
A

C:\wamp\www\diandu\frame\Lib\Core\App.class.php on line 214
exec

C:\wamp\www\diandu\frame\Lib\Core\Think.class.php on line 39
run

C:\wamp\www\diandu\frame\Common\runtime.php on line 243
start

C:\wamp\www\diandu\frame\entrance.php on line 35
require

C:\wamp\www\diandu\index.php on line 26
require


2017-07-07 09:43:06
UPDATE `tp_users` SET `ticket`=null,`qr_code`='/Uploads/2017-07/2017-07-07/62819.jpg',`qr_code_expire_time`=1499996586 WHERE ( user_id = 62819 )
2017-07-07 09:43:06
C:\wamp\www\diandu\Lib\Model\UserModel.class.php on line 201
show_debug_info

C:\wamp\www\diandu\frame\Common\functions.php on line 1091
saveUserInfo

C:\wamp\www\diandu\Lib\Action\FrontAction.class.php on line 392
get_qr_code

C:\wamp\www\diandu\Lib\Action\IndexAction.class.php on line 12
_initialize

C:\wamp\www\diandu\frame\Lib\Core\Action.class.php on line 58
_initialize

C:\wamp\www\diandu\frame\Common\common.php on line 309
__construct

C:\wamp\www\diandu\frame\Lib\Core\App.class.php on line 110
A

C:\wamp\www\diandu\frame\Lib\Core\App.class.php on line 214
exec

C:\wamp\www\diandu\frame\Lib\Core\Think.class.php on line 39
run

C:\wamp\www\diandu\frame\Common\runtime.php on line 243
start

C:\wamp\www\diandu\frame\entrance.php on line 35
require

C:\wamp\www\diandu\index.php on line 26
require


2017-07-07 09:43:07
UPDATE `tp_users` SET `ticket`=null,`qr_code`='/Uploads/2017-07/2017-07-07/62819.jpg',`qr_code_expire_time`=1499996587 WHERE ( user_id = 62819 )
2017-07-07 09:43:07
C:\wamp\www\diandu\Lib\Model\UserModel.class.php on line 201
show_debug_info

C:\wamp\www\diandu\frame\Common\functions.php on line 1091
saveUserInfo

C:\wamp\www\diandu\Lib\Action\FrontAction.class.php on line 392
get_qr_code

C:\wamp\www\diandu\Lib\Action\EmptyAction.class.php on line 5
_initialize

C:\wamp\www\diandu\frame\Lib\Core\Action.class.php on line 58
_initialize

C:\wamp\www\diandu\frame\Common\common.php on line 309
__construct

C:\wamp\www\diandu\frame\Lib\Core\App.class.php on line 127
A

C:\wamp\www\diandu\frame\Lib\Core\App.class.php on line 214
exec

C:\wamp\www\diandu\frame\Lib\Core\Think.class.php on line 39
run

C:\wamp\www\diandu\frame\Common\runtime.php on line 243
start

C:\wamp\www\diandu\frame\entrance.php on line 35
require

C:\wamp\www\diandu\index.php on line 26
require


2017-07-07 09:43:07
UPDATE `tp_users` SET `ticket`=null,`qr_code`='/Uploads/2017-07/2017-07-07/62819.jpg',`qr_code_expire_time`=1499996587 WHERE ( user_id = 62819 )
2017-07-07 09:43:07
C:\wamp\www\diandu\Lib\Model\UserModel.class.php on line 201
show_debug_info

C:\wamp\www\diandu\frame\Common\functions.php on line 1091
saveUserInfo

C:\wamp\www\diandu\Lib\Action\FrontAction.class.php on line 392
get_qr_code

C:\wamp\www\diandu\Lib\Action\IndexAction.class.php on line 12
_initialize

C:\wamp\www\diandu\frame\Lib\Core\Action.class.php on line 58
_initialize

C:\wamp\www\diandu\frame\Common\common.php on line 309
__construct

C:\wamp\www\diandu\frame\Lib\Core\App.class.php on line 110
A

C:\wamp\www\diandu\frame\Lib\Core\App.class.php on line 214
exec

C:\wamp\www\diandu\frame\Lib\Core\Think.class.php on line 39
run

C:\wamp\www\diandu\frame\Common\runtime.php on line 243
start

C:\wamp\www\diandu\frame\entrance.php on line 35
require

C:\wamp\www\diandu\index.php on line 26
require


2017-07-07 09:43:08
UPDATE `tp_users` SET `ticket`=null,`qr_code`='/Uploads/2017-07/2017-07-07/62819.jpg',`qr_code_expire_time`=1499996588 WHERE ( user_id = 62819 )
2017-07-07 09:43:08
C:\wamp\www\diandu\Lib\Model\UserModel.class.php on line 201
show_debug_info

C:\wamp\www\diandu\frame\Common\functions.php on line 1091
saveUserInfo

C:\wamp\www\diandu\Lib\Action\FrontAction.class.php on line 392
get_qr_code

C:\wamp\www\diandu\Lib\Action\IndexAction.class.php on line 12
_initialize

C:\wamp\www\diandu\frame\Lib\Core\Action.class.php on line 58
_initialize

C:\wamp\www\diandu\frame\Common\common.php on line 309
__construct

C:\wamp\www\diandu\frame\Lib\Core\App.class.php on line 110
A

C:\wamp\www\diandu\frame\Lib\Core\App.class.php on line 214
exec

C:\wamp\www\diandu\frame\Lib\Core\Think.class.php on line 39
run

C:\wamp\www\diandu\frame\Common\runtime.php on line 243
start

C:\wamp\www\diandu\frame\entrance.php on line 35
require

C:\wamp\www\diandu\index.php on line 26
require


2017-07-07 09:45:03
UPDATE `tp_users` SET `ticket`=null,`qr_code`='/Uploads/2017-07/2017-07-07/62819.jpg',`qr_code_expire_time`=1499996703 WHERE ( user_id = 62819 )
2017-07-07 09:45:03
C:\wamp\www\diandu\Lib\Model\UserModel.class.php on line 201
show_debug_info

C:\wamp\www\diandu\frame\Common\functions.php on line 1091
saveUserInfo

C:\wamp\www\diandu\Lib\Action\FrontAction.class.php on line 392
get_qr_code

C:\wamp\www\diandu\Lib\Action\IndexAction.class.php on line 12
_initialize

C:\wamp\www\diandu\frame\Lib\Core\Action.class.php on line 58
_initialize

C:\wamp\www\diandu\frame\Common\common.php on line 309
__construct

C:\wamp\www\diandu\frame\Lib\Core\App.class.php on line 110
A

C:\wamp\www\diandu\frame\Lib\Core\App.class.php on line 214
exec

C:\wamp\www\diandu\frame\Lib\Core\Think.class.php on line 39
run

C:\wamp\www\diandu\frame\Common\runtime.php on line 243
start

C:\wamp\www\diandu\frame\entrance.php on line 35
require

C:\wamp\www\diandu\index.php on line 26
require


2017-07-07 09:45:04
UPDATE `tp_users` SET `ticket`=null,`qr_code`='/Uploads/2017-07/2017-07-07/62819.jpg',`qr_code_expire_time`=1499996704 WHERE ( user_id = 62819 )
2017-07-07 09:45:04
C:\wamp\www\diandu\Lib\Model\UserModel.class.php on line 201
show_debug_info

C:\wamp\www\diandu\frame\Common\functions.php on line 1091
saveUserInfo

C:\wamp\www\diandu\Lib\Action\FrontAction.class.php on line 392
get_qr_code

C:\wamp\www\diandu\Lib\Action\EmptyAction.class.php on line 5
_initialize

C:\wamp\www\diandu\frame\Lib\Core\Action.class.php on line 58
_initialize

C:\wamp\www\diandu\frame\Common\common.php on line 309
__construct

C:\wamp\www\diandu\frame\Lib\Core\App.class.php on line 127
A

C:\wamp\www\diandu\frame\Lib\Core\App.class.php on line 214
exec

C:\wamp\www\diandu\frame\Lib\Core\Think.class.php on line 39
run

C:\wamp\www\diandu\frame\Common\runtime.php on line 243
start

C:\wamp\www\diandu\frame\entrance.php on line 35
require

C:\wamp\www\diandu\index.php on line 26
require


2017-07-07 09:45:05
UPDATE `tp_users` SET `ticket`=null,`qr_code`='/Uploads/2017-07/2017-07-07/62819.jpg',`qr_code_expire_time`=1499996705 WHERE ( user_id = 62819 )
2017-07-07 09:45:05
C:\wamp\www\diandu\Lib\Model\UserModel.class.php on line 201
show_debug_info

C:\wamp\www\diandu\frame\Common\functions.php on line 1091
saveUserInfo

C:\wamp\www\diandu\Lib\Action\FrontAction.class.php on line 392
get_qr_code

C:\wamp\www\diandu\Lib\Action\EmptyAction.class.php on line 5
_initialize

C:\wamp\www\diandu\frame\Lib\Core\Action.class.php on line 58
_initialize

C:\wamp\www\diandu\frame\Common\common.php on line 309
__construct

C:\wamp\www\diandu\frame\Lib\Core\App.class.php on line 127
A

C:\wamp\www\diandu\frame\Lib\Core\App.class.php on line 214
exec

C:\wamp\www\diandu\frame\Lib\Core\Think.class.php on line 39
run

C:\wamp\www\diandu\frame\Common\runtime.php on line 243
start

C:\wamp\www\diandu\frame\entrance.php on line 35
require

C:\wamp\www\diandu\index.php on line 26
require


2017-07-07 09:45:07
UPDATE `tp_users` SET `ticket`=null,`qr_code`='/Uploads/2017-07/2017-07-07/62819.jpg',`qr_code_expire_time`=1499996706 WHERE ( user_id = 62819 )
2017-07-07 09:45:07
C:\wamp\www\diandu\Lib\Model\UserModel.class.php on line 201
show_debug_info

C:\wamp\www\diandu\frame\Common\functions.php on line 1091
saveUserInfo

C:\wamp\www\diandu\Lib\Action\FrontAction.class.php on line 392
get_qr_code

C:\wamp\www\diandu\Lib\Action\FrontUserCenterAction.class.php on line 8
_initialize

C:\wamp\www\diandu\frame\Lib\Core\Action.class.php on line 58
_initialize

C:\wamp\www\diandu\frame\Common\common.php on line 309
__construct

C:\wamp\www\diandu\frame\Lib\Core\App.class.php on line 110
A

C:\wamp\www\diandu\frame\Lib\Core\App.class.php on line 214
exec

C:\wamp\www\diandu\frame\Lib\Core\Think.class.php on line 39
run

C:\wamp\www\diandu\frame\Common\runtime.php on line 243
start

C:\wamp\www\diandu\frame\entrance.php on line 35
require

C:\wamp\www\diandu\index.php on line 26
require


2017-07-07 09:45:08
UPDATE `tp_users` SET `ticket`=null,`qr_code`='/Uploads/2017-07/2017-07-07/62819.jpg',`qr_code_expire_time`=1499996708 WHERE ( user_id = 62819 )
2017-07-07 09:45:08
C:\wamp\www\diandu\Lib\Model\UserModel.class.php on line 201
show_debug_info

C:\wamp\www\diandu\frame\Common\functions.php on line 1091
saveUserInfo

C:\wamp\www\diandu\Lib\Action\FrontAction.class.php on line 392
get_qr_code

C:\wamp\www\diandu\Lib\Action\IndexAction.class.php on line 12
_initialize

C:\wamp\www\diandu\frame\Lib\Core\Action.class.php on line 58
_initialize

C:\wamp\www\diandu\frame\Common\common.php on line 309
__construct

C:\wamp\www\diandu\frame\Lib\Core\App.class.php on line 110
A

C:\wamp\www\diandu\frame\Lib\Core\App.class.php on line 214
exec

C:\wamp\www\diandu\frame\Lib\Core\Think.class.php on line 39
run

C:\wamp\www\diandu\frame\Common\runtime.php on line 243
start

C:\wamp\www\diandu\frame\entrance.php on line 35
require

C:\wamp\www\diandu\index.php on line 26
require


2017-07-07 09:45:09
UPDATE `tp_users` SET `ticket`=null,`qr_code`='/Uploads/2017-07/2017-07-07/62819.jpg',`qr_code_expire_time`=1499996709 WHERE ( user_id = 62819 )
2017-07-07 09:45:09
C:\wamp\www\diandu\Lib\Model\UserModel.class.php on line 201
show_debug_info

C:\wamp\www\diandu\frame\Common\functions.php on line 1091
saveUserInfo

C:\wamp\www\diandu\Lib\Action\FrontAction.class.php on line 392
get_qr_code

C:\wamp\www\diandu\Lib\Action\EmptyAction.class.php on line 5
_initialize

C:\wamp\www\diandu\frame\Lib\Core\Action.class.php on line 58
_initialize

C:\wamp\www\diandu\frame\Common\common.php on line 309
__construct

C:\wamp\www\diandu\frame\Lib\Core\App.class.php on line 127
A

C:\wamp\www\diandu\frame\Lib\Core\App.class.php on line 214
exec

C:\wamp\www\diandu\frame\Lib\Core\Think.class.php on line 39
run

C:\wamp\www\diandu\frame\Common\runtime.php on line 243
start

C:\wamp\www\diandu\frame\entrance.php on line 35
require

C:\wamp\www\diandu\index.php on line 26
require


2017-07-07 09:45:09
UPDATE `tp_users` SET `ticket`=null,`qr_code`='/Uploads/2017-07/2017-07-07/62819.jpg',`qr_code_expire_time`=1499996709 WHERE ( user_id = 62819 )
2017-07-07 09:45:09
C:\wamp\www\diandu\Lib\Model\UserModel.class.php on line 201
show_debug_info

C:\wamp\www\diandu\frame\Common\functions.php on line 1091
saveUserInfo

C:\wamp\www\diandu\Lib\Action\FrontAction.class.php on line 392
get_qr_code

C:\wamp\www\diandu\Lib\Action\IndexAction.class.php on line 12
_initialize

C:\wamp\www\diandu\frame\Lib\Core\Action.class.php on line 58
_initialize

C:\wamp\www\diandu\frame\Common\common.php on line 309
__construct

C:\wamp\www\diandu\frame\Lib\Core\App.class.php on line 110
A

C:\wamp\www\diandu\frame\Lib\Core\App.class.php on line 214
exec

C:\wamp\www\diandu\frame\Lib\Core\Think.class.php on line 39
run

C:\wamp\www\diandu\frame\Common\runtime.php on line 243
start

C:\wamp\www\diandu\frame\entrance.php on line 35
require

C:\wamp\www\diandu\index.php on line 26
require


2017-07-07 09:45:10
UPDATE `tp_users` SET `ticket`=null,`qr_code`='/Uploads/2017-07/2017-07-07/62819.jpg',`qr_code_expire_time`=1499996710 WHERE ( user_id = 62819 )
2017-07-07 09:45:10
C:\wamp\www\diandu\Lib\Model\UserModel.class.php on line 201
show_debug_info

C:\wamp\www\diandu\frame\Common\functions.php on line 1091
saveUserInfo

C:\wamp\www\diandu\Lib\Action\FrontAction.class.php on line 392
get_qr_code

C:\wamp\www\diandu\Lib\Action\IndexAction.class.php on line 12
_initialize

C:\wamp\www\diandu\frame\Lib\Core\Action.class.php on line 58
_initialize

C:\wamp\www\diandu\frame\Common\common.php on line 309
__construct

C:\wamp\www\diandu\frame\Lib\Core\App.class.php on line 110
A

C:\wamp\www\diandu\frame\Lib\Core\App.class.php on line 214
exec

C:\wamp\www\diandu\frame\Lib\Core\Think.class.php on line 39
run

C:\wamp\www\diandu\frame\Common\runtime.php on line 243
start

C:\wamp\www\diandu\frame\entrance.php on line 35
require

C:\wamp\www\diandu\index.php on line 26
require


2017-07-07 09:45:32
UPDATE `tp_users` SET `ticket`=null,`qr_code`='/Uploads/2017-07/2017-07-07/62819.jpg',`qr_code_expire_time`=1499996732 WHERE ( user_id = 62819 )
2017-07-07 09:45:32
C:\wamp\www\diandu\Lib\Model\UserModel.class.php on line 201
show_debug_info

C:\wamp\www\diandu\frame\Common\functions.php on line 1091
saveUserInfo

C:\wamp\www\diandu\Lib\Action\FrontAction.class.php on line 392
get_qr_code

C:\wamp\www\diandu\Lib\Action\FrontUserCenterAction.class.php on line 8
_initialize

C:\wamp\www\diandu\frame\Lib\Core\Action.class.php on line 58
_initialize

C:\wamp\www\diandu\frame\Common\common.php on line 309
__construct

C:\wamp\www\diandu\frame\Lib\Core\App.class.php on line 110
A

C:\wamp\www\diandu\frame\Lib\Core\App.class.php on line 214
exec

C:\wamp\www\diandu\frame\Lib\Core\Think.class.php on line 39
run

C:\wamp\www\diandu\frame\Common\runtime.php on line 243
start

C:\wamp\www\diandu\frame\entrance.php on line 35
require

C:\wamp\www\diandu\index.php on line 26
require


2017-07-07 09:45:33
UPDATE `tp_users` SET `ticket`=null,`qr_code`='/Uploads/2017-07/2017-07-07/62819.jpg',`qr_code_expire_time`=1499996733 WHERE ( user_id = 62819 )
2017-07-07 09:45:33
C:\wamp\www\diandu\Lib\Model\UserModel.class.php on line 201
show_debug_info

C:\wamp\www\diandu\frame\Common\functions.php on line 1091
saveUserInfo

C:\wamp\www\diandu\Lib\Action\FrontAction.class.php on line 392
get_qr_code

C:\wamp\www\diandu\Lib\Action\EmptyAction.class.php on line 5
_initialize

C:\wamp\www\diandu\frame\Lib\Core\Action.class.php on line 58
_initialize

C:\wamp\www\diandu\frame\Common\common.php on line 309
__construct

C:\wamp\www\diandu\frame\Lib\Core\App.class.php on line 127
A

C:\wamp\www\diandu\frame\Lib\Core\App.class.php on line 214
exec

C:\wamp\www\diandu\frame\Lib\Core\Think.class.php on line 39
run

C:\wamp\www\diandu\frame\Common\runtime.php on line 243
start

C:\wamp\www\diandu\frame\entrance.php on line 35
require

C:\wamp\www\diandu\index.php on line 26
require


2017-07-07 09:45:34
UPDATE `tp_users` SET `ticket`=null,`qr_code`='/Uploads/2017-07/2017-07-07/62819.jpg',`qr_code_expire_time`=1499996734 WHERE ( user_id = 62819 )
2017-07-07 09:45:34
C:\wamp\www\diandu\Lib\Model\UserModel.class.php on line 201
show_debug_info

C:\wamp\www\diandu\frame\Common\functions.php on line 1091
saveUserInfo

C:\wamp\www\diandu\Lib\Action\FrontAction.class.php on line 392
get_qr_code

C:\wamp\www\diandu\Lib\Action\IndexAction.class.php on line 12
_initialize

C:\wamp\www\diandu\frame\Lib\Core\Action.class.php on line 58
_initialize

C:\wamp\www\diandu\frame\Common\common.php on line 309
__construct

C:\wamp\www\diandu\frame\Lib\Core\App.class.php on line 110
A

C:\wamp\www\diandu\frame\Lib\Core\App.class.php on line 214
exec

C:\wamp\www\diandu\frame\Lib\Core\Think.class.php on line 39
run

C:\wamp\www\diandu\frame\Common\runtime.php on line 243
start

C:\wamp\www\diandu\frame\entrance.php on line 35
require

C:\wamp\www\diandu\index.php on line 26
require


2017-07-07 09:45:35
UPDATE `tp_users` SET `ticket`=null,`qr_code`='/Uploads/2017-07/2017-07-07/62819.jpg',`qr_code_expire_time`=1499996735 WHERE ( user_id = 62819 )
2017-07-07 09:45:35
C:\wamp\www\diandu\Lib\Model\UserModel.class.php on line 201
show_debug_info

C:\wamp\www\diandu\frame\Common\functions.php on line 1091
saveUserInfo

C:\wamp\www\diandu\Lib\Action\FrontAction.class.php on line 392
get_qr_code

C:\wamp\www\diandu\Lib\Action\IndexAction.class.php on line 12
_initialize

C:\wamp\www\diandu\frame\Lib\Core\Action.class.php on line 58
_initialize

C:\wamp\www\diandu\frame\Common\common.php on line 309
__construct

C:\wamp\www\diandu\frame\Lib\Core\App.class.php on line 110
A

C:\wamp\www\diandu\frame\Lib\Core\App.class.php on line 214
exec

C:\wamp\www\diandu\frame\Lib\Core\Think.class.php on line 39
run

C:\wamp\www\diandu\frame\Common\runtime.php on line 243
start

C:\wamp\www\diandu\frame\entrance.php on line 35
require

C:\wamp\www\diandu\index.php on line 26
require


2017-07-07 09:45:40
UPDATE `tp_users` SET `ticket`=null,`qr_code`='/Uploads/2017-07/2017-07-07/62819.jpg',`qr_code_expire_time`=1499996740 WHERE ( user_id = 62819 )
2017-07-07 09:45:40
C:\wamp\www\diandu\Lib\Model\UserModel.class.php on line 201
show_debug_info

C:\wamp\www\diandu\frame\Common\functions.php on line 1091
saveUserInfo

C:\wamp\www\diandu\Lib\Action\FrontAction.class.php on line 392
get_qr_code

C:\wamp\www\diandu\Lib\Action\FrontUserCenterAction.class.php on line 8
_initialize

C:\wamp\www\diandu\frame\Lib\Core\Action.class.php on line 58
_initialize

C:\wamp\www\diandu\frame\Common\common.php on line 309
__construct

C:\wamp\www\diandu\frame\Lib\Core\App.class.php on line 110
A

C:\wamp\www\diandu\frame\Lib\Core\App.class.php on line 214
exec

C:\wamp\www\diandu\frame\Lib\Core\Think.class.php on line 39
run

C:\wamp\www\diandu\frame\Common\runtime.php on line 243
start

C:\wamp\www\diandu\frame\entrance.php on line 35
require

C:\wamp\www\diandu\index.php on line 26
require


