2017-07-11 11:32:57
UPDATE `tp_users` SET `ticket`=null,`qr_code`='/Uploads/2017-07/2017-07-11/62819.jpg',`qr_code_expire_time`=1500348777 WHERE ( user_id = 62819 )
2017-07-11 11:32:57
C:\wamp\www\diandu\Lib\Model\UserModel.class.php on line 201
show_debug_info

C:\wamp\www\diandu\frame\Common\functions.php on line 1091
saveUserInfo

C:\wamp\www\diandu\Lib\Action\FrontAction.class.php on line 392
get_qr_code

C:\wamp\www\diandu\Lib\Action\IndexAction.class.php on line 12
_initialize

C:\wamp\www\diandu\frame\Lib\Core\Action.class.php on line 58
_initialize

C:\wamp\www\diandu\frame\Common\common.php on line 309
__construct

C:\wamp\www\diandu\frame\Lib\Core\App.class.php on line 110
A

C:\wamp\www\diandu\frame\Lib\Core\App.class.php on line 214
exec

C:\wamp\www\diandu\frame\Lib\Core\Think.class.php on line 39
run

C:\wamp\www\diandu\frame\Common\runtime.php on line 243
start

C:\wamp\www\diandu\frame\entrance.php on line 35
require

C:\wamp\www\diandu\index.php on line 26
require


2017-07-11 11:32:58
UPDATE `tp_users` SET `ticket`=null,`qr_code`='/Uploads/2017-07/2017-07-11/62819.jpg',`qr_code_expire_time`=1500348778 WHERE ( user_id = 62819 )
2017-07-11 11:32:58
C:\wamp\www\diandu\Lib\Model\UserModel.class.php on line 201
show_debug_info

C:\wamp\www\diandu\frame\Common\functions.php on line 1091
saveUserInfo

C:\wamp\www\diandu\Lib\Action\FrontAction.class.php on line 392
get_qr_code

C:\wamp\www\diandu\Lib\Action\IndexAction.class.php on line 12
_initialize

C:\wamp\www\diandu\frame\Lib\Core\Action.class.php on line 58
_initialize

C:\wamp\www\diandu\frame\Common\common.php on line 309
__construct

C:\wamp\www\diandu\frame\Lib\Core\App.class.php on line 110
A

C:\wamp\www\diandu\frame\Lib\Core\App.class.php on line 214
exec

C:\wamp\www\diandu\frame\Lib\Core\Think.class.php on line 39
run

C:\wamp\www\diandu\frame\Common\runtime.php on line 243
start

C:\wamp\www\diandu\frame\entrance.php on line 35
require

C:\wamp\www\diandu\index.php on line 26
require


2017-07-11 11:33:01
UPDATE `tp_users` SET `ticket`=null,`qr_code`='/Uploads/2017-07/2017-07-11/62819.jpg',`qr_code_expire_time`=1500348781 WHERE ( user_id = 62819 )
2017-07-11 11:33:01
C:\wamp\www\diandu\Lib\Model\UserModel.class.php on line 201
show_debug_info

C:\wamp\www\diandu\frame\Common\functions.php on line 1091
saveUserInfo

C:\wamp\www\diandu\Lib\Action\FrontAction.class.php on line 392
get_qr_code

C:\wamp\www\diandu\Lib\Action\EmptyAction.class.php on line 5
_initialize

C:\wamp\www\diandu\frame\Lib\Core\Action.class.php on line 58
_initialize

C:\wamp\www\diandu\frame\Common\common.php on line 309
__construct

C:\wamp\www\diandu\frame\Lib\Core\App.class.php on line 127
A

C:\wamp\www\diandu\frame\Lib\Core\App.class.php on line 214
exec

C:\wamp\www\diandu\frame\Lib\Core\Think.class.php on line 39
run

C:\wamp\www\diandu\frame\Common\runtime.php on line 243
start

C:\wamp\www\diandu\frame\entrance.php on line 35
require

C:\wamp\www\diandu\index.php on line 26
require


2017-07-11 11:33:01
UPDATE `tp_users` SET `ticket`=null,`qr_code`='/Uploads/2017-07/2017-07-11/62819.jpg',`qr_code_expire_time`=1500348781 WHERE ( user_id = 62819 )
2017-07-11 11:33:01
C:\wamp\www\diandu\Lib\Model\UserModel.class.php on line 201
show_debug_info

C:\wamp\www\diandu\frame\Common\functions.php on line 1091
saveUserInfo

C:\wamp\www\diandu\Lib\Action\FrontAction.class.php on line 392
get_qr_code

C:\wamp\www\diandu\Lib\Action\IndexAction.class.php on line 12
_initialize

C:\wamp\www\diandu\frame\Lib\Core\Action.class.php on line 58
_initialize

C:\wamp\www\diandu\frame\Common\common.php on line 309
__construct

C:\wamp\www\diandu\frame\Lib\Core\App.class.php on line 110
A

C:\wamp\www\diandu\frame\Lib\Core\App.class.php on line 214
exec

C:\wamp\www\diandu\frame\Lib\Core\Think.class.php on line 39
run

C:\wamp\www\diandu\frame\Common\runtime.php on line 243
start

C:\wamp\www\diandu\frame\entrance.php on line 35
require

C:\wamp\www\diandu\index.php on line 26
require


