2017-08-02 09:16:59
UPDATE `tp_users` SET `ticket`=null,`qr_code`='/Uploads/2017-08/2017-08-02/62813.jpg',`qr_code_expire_time`=1502241419 WHERE ( user_id = 62813 )
2017-08-02 09:16:59
C:\wamp\www\diandu\Lib\Model\UserModel.class.php on line 201
show_debug_info

C:\wamp\www\diandu\frame\Common\functions.php on line 1091
saveUserInfo

C:\wamp\www\diandu\Lib\Action\FrontAction.class.php on line 396
get_qr_code

C:\wamp\www\diandu\Lib\Action\IndexAction.class.php on line 12
_initialize

C:\wamp\www\diandu\frame\Lib\Core\Action.class.php on line 58
_initialize

C:\wamp\www\diandu\frame\Common\common.php on line 309
__construct

C:\wamp\www\diandu\frame\Lib\Core\App.class.php on line 110
A

C:\wamp\www\diandu\frame\Lib\Core\App.class.php on line 214
exec

C:\wamp\www\diandu\frame\Lib\Core\Think.class.php on line 39
run

C:\wamp\www\diandu\frame\Common\runtime.php on line 243
start

C:\wamp\www\diandu\frame\entrance.php on line 35
require

C:\wamp\www\diandu\index.php on line 26
require


2017-08-02 09:17:03
UPDATE `tp_users` SET `ticket`=null,`qr_code`='/Uploads/2017-08/2017-08-02/62813.jpg',`qr_code_expire_time`=1502241423 WHERE ( user_id = 62813 )
2017-08-02 09:17:03
C:\wamp\www\diandu\Lib\Model\UserModel.class.php on line 201
show_debug_info

C:\wamp\www\diandu\frame\Common\functions.php on line 1091
saveUserInfo

C:\wamp\www\diandu\Lib\Action\FrontAction.class.php on line 396
get_qr_code

C:\wamp\www\diandu\Lib\Action\IndexAction.class.php on line 12
_initialize

C:\wamp\www\diandu\frame\Lib\Core\Action.class.php on line 58
_initialize

C:\wamp\www\diandu\frame\Common\common.php on line 309
__construct

C:\wamp\www\diandu\frame\Lib\Core\App.class.php on line 110
A

C:\wamp\www\diandu\frame\Lib\Core\App.class.php on line 214
exec

C:\wamp\www\diandu\frame\Lib\Core\Think.class.php on line 39
run

C:\wamp\www\diandu\frame\Common\runtime.php on line 243
start

C:\wamp\www\diandu\frame\entrance.php on line 35
require

C:\wamp\www\diandu\index.php on line 26
require


2017-08-02 09:17:08
UPDATE `tp_users` SET `ticket`=null,`qr_code`='/Uploads/2017-08/2017-08-02/62813.jpg',`qr_code_expire_time`=1502241428 WHERE ( user_id = 62813 )
2017-08-02 09:17:08
C:\wamp\www\diandu\Lib\Model\UserModel.class.php on line 201
show_debug_info

C:\wamp\www\diandu\frame\Common\functions.php on line 1091
saveUserInfo

C:\wamp\www\diandu\Lib\Action\FrontAction.class.php on line 396
get_qr_code

C:\wamp\www\diandu\Lib\Action\EmptyAction.class.php on line 5
_initialize

C:\wamp\www\diandu\frame\Lib\Core\Action.class.php on line 58
_initialize

C:\wamp\www\diandu\frame\Common\common.php on line 309
__construct

C:\wamp\www\diandu\frame\Lib\Core\App.class.php on line 127
A

C:\wamp\www\diandu\frame\Lib\Core\App.class.php on line 214
exec

C:\wamp\www\diandu\frame\Lib\Core\Think.class.php on line 39
run

C:\wamp\www\diandu\frame\Common\runtime.php on line 243
start

C:\wamp\www\diandu\frame\entrance.php on line 35
require

C:\wamp\www\diandu\index.php on line 26
require


2017-08-02 16:31:15
UPDATE `tp_users` SET `ticket`=null,`qr_code`='/Uploads/2017-08/2017-08-02/62813.jpg',`qr_code_expire_time`=1502267475 WHERE ( user_id = 62813 )
2017-08-02 16:31:15
C:\wamp\www\diandu\Lib\Model\UserModel.class.php on line 201
show_debug_info

C:\wamp\www\diandu\frame\Common\functions.php on line 1091
saveUserInfo

C:\wamp\www\diandu\Lib\Action\FrontAction.class.php on line 396
get_qr_code

C:\wamp\www\diandu\Lib\Action\IndexAction.class.php on line 12
_initialize

C:\wamp\www\diandu\frame\Lib\Core\Action.class.php on line 58
_initialize

C:\wamp\www\diandu\frame\Common\common.php on line 309
__construct

C:\wamp\www\diandu\frame\Lib\Core\App.class.php on line 110
A

C:\wamp\www\diandu\frame\Lib\Core\App.class.php on line 214
exec

C:\wamp\www\diandu\frame\Lib\Core\Think.class.php on line 39
run

C:\wamp\www\diandu\frame\Common\runtime.php on line 243
start

C:\wamp\www\diandu\frame\entrance.php on line 35
require

C:\wamp\www\diandu\index.php on line 26
require


2017-08-02 16:31:15
UPDATE `tp_users` SET `ticket`=null,`qr_code`='/Uploads/2017-08/2017-08-02/62813.jpg',`qr_code_expire_time`=1502267475 WHERE ( user_id = 62813 )
2017-08-02 16:31:15
C:\wamp\www\diandu\Lib\Model\UserModel.class.php on line 201
show_debug_info

C:\wamp\www\diandu\frame\Common\functions.php on line 1091
saveUserInfo

C:\wamp\www\diandu\Lib\Action\FrontAction.class.php on line 396
get_qr_code

C:\wamp\www\diandu\Lib\Action\IndexAction.class.php on line 12
_initialize

C:\wamp\www\diandu\frame\Lib\Core\Action.class.php on line 58
_initialize

C:\wamp\www\diandu\frame\Common\common.php on line 309
__construct

C:\wamp\www\diandu\frame\Lib\Core\App.class.php on line 110
A

C:\wamp\www\diandu\frame\Lib\Core\App.class.php on line 214
exec

C:\wamp\www\diandu\frame\Lib\Core\Think.class.php on line 39
run

C:\wamp\www\diandu\frame\Common\runtime.php on line 243
start

C:\wamp\www\diandu\frame\entrance.php on line 35
require

C:\wamp\www\diandu\index.php on line 26
require


2017-08-02 16:31:19
UPDATE `tp_users` SET `ticket`=null,`qr_code`='/Uploads/2017-08/2017-08-02/62813.jpg',`qr_code_expire_time`=1502267479 WHERE ( user_id = 62813 )
2017-08-02 16:31:19
C:\wamp\www\diandu\Lib\Model\UserModel.class.php on line 201
show_debug_info

C:\wamp\www\diandu\frame\Common\functions.php on line 1091
saveUserInfo

C:\wamp\www\diandu\Lib\Action\FrontAction.class.php on line 396
get_qr_code

C:\wamp\www\diandu\Lib\Action\EmptyAction.class.php on line 5
_initialize

C:\wamp\www\diandu\frame\Lib\Core\Action.class.php on line 58
_initialize

C:\wamp\www\diandu\frame\Common\common.php on line 309
__construct

C:\wamp\www\diandu\frame\Lib\Core\App.class.php on line 127
A

C:\wamp\www\diandu\frame\Lib\Core\App.class.php on line 214
exec

C:\wamp\www\diandu\frame\Lib\Core\Think.class.php on line 39
run

C:\wamp\www\diandu\frame\Common\runtime.php on line 243
start

C:\wamp\www\diandu\frame\entrance.php on line 35
require

C:\wamp\www\diandu\index.php on line 26
require


2017-08-02 16:31:20
UPDATE `tp_users` SET `ticket`=null,`qr_code`='/Uploads/2017-08/2017-08-02/62813.jpg',`qr_code_expire_time`=1502267480 WHERE ( user_id = 62813 )
2017-08-02 16:31:20
C:\wamp\www\diandu\Lib\Model\UserModel.class.php on line 201
show_debug_info

C:\wamp\www\diandu\frame\Common\functions.php on line 1091
saveUserInfo

C:\wamp\www\diandu\Lib\Action\FrontAction.class.php on line 396
get_qr_code

C:\wamp\www\diandu\Lib\Action\IndexAction.class.php on line 12
_initialize

C:\wamp\www\diandu\frame\Lib\Core\Action.class.php on line 58
_initialize

C:\wamp\www\diandu\frame\Common\common.php on line 309
__construct

C:\wamp\www\diandu\frame\Lib\Core\App.class.php on line 110
A

C:\wamp\www\diandu\frame\Lib\Core\App.class.php on line 214
exec

C:\wamp\www\diandu\frame\Lib\Core\Think.class.php on line 39
run

C:\wamp\www\diandu\frame\Common\runtime.php on line 243
start

C:\wamp\www\diandu\frame\entrance.php on line 35
require

C:\wamp\www\diandu\index.php on line 26
require


2017-08-02 16:31:20
UPDATE `tp_users` SET `ticket`=null,`qr_code`='/Uploads/2017-08/2017-08-02/62813.jpg',`qr_code_expire_time`=1502267480 WHERE ( user_id = 62813 )
2017-08-02 16:31:20
C:\wamp\www\diandu\Lib\Model\UserModel.class.php on line 201
show_debug_info

C:\wamp\www\diandu\frame\Common\functions.php on line 1091
saveUserInfo

C:\wamp\www\diandu\Lib\Action\FrontAction.class.php on line 396
get_qr_code

C:\wamp\www\diandu\Lib\Action\IndexAction.class.php on line 12
_initialize

C:\wamp\www\diandu\frame\Lib\Core\Action.class.php on line 58
_initialize

C:\wamp\www\diandu\frame\Common\common.php on line 309
__construct

C:\wamp\www\diandu\frame\Lib\Core\App.class.php on line 110
A

C:\wamp\www\diandu\frame\Lib\Core\App.class.php on line 214
exec

C:\wamp\www\diandu\frame\Lib\Core\Think.class.php on line 39
run

C:\wamp\www\diandu\frame\Common\runtime.php on line 243
start

C:\wamp\www\diandu\frame\entrance.php on line 35
require

C:\wamp\www\diandu\index.php on line 26
require


2017-08-02 16:31:24
UPDATE `tp_users` SET `ticket`=null,`qr_code`='/Uploads/2017-08/2017-08-02/62813.jpg',`qr_code_expire_time`=1502267484 WHERE ( user_id = 62813 )
2017-08-02 16:31:24
C:\wamp\www\diandu\Lib\Model\UserModel.class.php on line 201
show_debug_info

C:\wamp\www\diandu\frame\Common\functions.php on line 1091
saveUserInfo

C:\wamp\www\diandu\Lib\Action\FrontAction.class.php on line 396
get_qr_code

C:\wamp\www\diandu\Lib\Action\IndexAction.class.php on line 12
_initialize

C:\wamp\www\diandu\frame\Lib\Core\Action.class.php on line 58
_initialize

C:\wamp\www\diandu\frame\Common\common.php on line 309
__construct

C:\wamp\www\diandu\frame\Lib\Core\App.class.php on line 110
A

C:\wamp\www\diandu\frame\Lib\Core\App.class.php on line 214
exec

C:\wamp\www\diandu\frame\Lib\Core\Think.class.php on line 39
run

C:\wamp\www\diandu\frame\Common\runtime.php on line 243
start

C:\wamp\www\diandu\frame\entrance.php on line 35
require

C:\wamp\www\diandu\index.php on line 26
require


2017-08-02 16:31:28
UPDATE `tp_users` SET `ticket`=null,`qr_code`='/Uploads/2017-08/2017-08-02/62813.jpg',`qr_code_expire_time`=1502267488 WHERE ( user_id = 62813 )
2017-08-02 16:31:28
C:\wamp\www\diandu\Lib\Model\UserModel.class.php on line 201
show_debug_info

C:\wamp\www\diandu\frame\Common\functions.php on line 1091
saveUserInfo

C:\wamp\www\diandu\Lib\Action\FrontAction.class.php on line 396
get_qr_code

C:\wamp\www\diandu\Lib\Action\IndexAction.class.php on line 12
_initialize

C:\wamp\www\diandu\frame\Lib\Core\Action.class.php on line 58
_initialize

C:\wamp\www\diandu\frame\Common\common.php on line 309
__construct

C:\wamp\www\diandu\frame\Lib\Core\App.class.php on line 110
A

C:\wamp\www\diandu\frame\Lib\Core\App.class.php on line 214
exec

C:\wamp\www\diandu\frame\Lib\Core\Think.class.php on line 39
run

C:\wamp\www\diandu\frame\Common\runtime.php on line 243
start

C:\wamp\www\diandu\frame\entrance.php on line 35
require

C:\wamp\www\diandu\index.php on line 26
require


2017-08-02 16:31:32
UPDATE `tp_users` SET `ticket`=null,`qr_code`='/Uploads/2017-08/2017-08-02/62813.jpg',`qr_code_expire_time`=1502267492 WHERE ( user_id = 62813 )
2017-08-02 16:31:32
C:\wamp\www\diandu\Lib\Model\UserModel.class.php on line 201
show_debug_info

C:\wamp\www\diandu\frame\Common\functions.php on line 1091
saveUserInfo

C:\wamp\www\diandu\Lib\Action\FrontAction.class.php on line 396
get_qr_code

C:\wamp\www\diandu\Lib\Action\IndexAction.class.php on line 12
_initialize

C:\wamp\www\diandu\frame\Lib\Core\Action.class.php on line 58
_initialize

C:\wamp\www\diandu\frame\Common\common.php on line 309
__construct

C:\wamp\www\diandu\frame\Lib\Core\App.class.php on line 110
A

C:\wamp\www\diandu\frame\Lib\Core\App.class.php on line 214
exec

C:\wamp\www\diandu\frame\Lib\Core\Think.class.php on line 39
run

C:\wamp\www\diandu\frame\Common\runtime.php on line 243
start

C:\wamp\www\diandu\frame\entrance.php on line 35
require

C:\wamp\www\diandu\index.php on line 26
require


2017-08-02 16:31:35
UPDATE `tp_users` SET `ticket`=null,`qr_code`='/Uploads/2017-08/2017-08-02/62813.jpg',`qr_code_expire_time`=1502267495 WHERE ( user_id = 62813 )
2017-08-02 16:31:35
C:\wamp\www\diandu\Lib\Model\UserModel.class.php on line 201
show_debug_info

C:\wamp\www\diandu\frame\Common\functions.php on line 1091
saveUserInfo

C:\wamp\www\diandu\Lib\Action\FrontAction.class.php on line 396
get_qr_code

C:\wamp\www\diandu\Lib\Action\EmptyAction.class.php on line 5
_initialize

C:\wamp\www\diandu\frame\Lib\Core\Action.class.php on line 58
_initialize

C:\wamp\www\diandu\frame\Common\common.php on line 309
__construct

C:\wamp\www\diandu\frame\Lib\Core\App.class.php on line 127
A

C:\wamp\www\diandu\frame\Lib\Core\App.class.php on line 214
exec

C:\wamp\www\diandu\frame\Lib\Core\Think.class.php on line 39
run

C:\wamp\www\diandu\frame\Common\runtime.php on line 243
start

C:\wamp\www\diandu\frame\entrance.php on line 35
require

C:\wamp\www\diandu\index.php on line 26
require


2017-08-02 16:31:36
UPDATE `tp_users` SET `ticket`=null,`qr_code`='/Uploads/2017-08/2017-08-02/62813.jpg',`qr_code_expire_time`=1502267496 WHERE ( user_id = 62813 )
2017-08-02 16:31:36
C:\wamp\www\diandu\Lib\Model\UserModel.class.php on line 201
show_debug_info

C:\wamp\www\diandu\frame\Common\functions.php on line 1091
saveUserInfo

C:\wamp\www\diandu\Lib\Action\FrontAction.class.php on line 396
get_qr_code

C:\wamp\www\diandu\Lib\Action\IndexAction.class.php on line 12
_initialize

C:\wamp\www\diandu\frame\Lib\Core\Action.class.php on line 58
_initialize

C:\wamp\www\diandu\frame\Common\common.php on line 309
__construct

C:\wamp\www\diandu\frame\Lib\Core\App.class.php on line 110
A

C:\wamp\www\diandu\frame\Lib\Core\App.class.php on line 214
exec

C:\wamp\www\diandu\frame\Lib\Core\Think.class.php on line 39
run

C:\wamp\www\diandu\frame\Common\runtime.php on line 243
start

C:\wamp\www\diandu\frame\entrance.php on line 35
require

C:\wamp\www\diandu\index.php on line 26
require


2017-08-02 16:31:37
UPDATE `tp_users` SET `ticket`=null,`qr_code`='/Uploads/2017-08/2017-08-02/62813.jpg',`qr_code_expire_time`=1502267497 WHERE ( user_id = 62813 )
2017-08-02 16:31:37
C:\wamp\www\diandu\Lib\Model\UserModel.class.php on line 201
show_debug_info

C:\wamp\www\diandu\frame\Common\functions.php on line 1091
saveUserInfo

C:\wamp\www\diandu\Lib\Action\FrontAction.class.php on line 396
get_qr_code

C:\wamp\www\diandu\Lib\Action\IndexAction.class.php on line 12
_initialize

C:\wamp\www\diandu\frame\Lib\Core\Action.class.php on line 58
_initialize

C:\wamp\www\diandu\frame\Common\common.php on line 309
__construct

C:\wamp\www\diandu\frame\Lib\Core\App.class.php on line 110
A

C:\wamp\www\diandu\frame\Lib\Core\App.class.php on line 214
exec

C:\wamp\www\diandu\frame\Lib\Core\Think.class.php on line 39
run

C:\wamp\www\diandu\frame\Common\runtime.php on line 243
start

C:\wamp\www\diandu\frame\entrance.php on line 35
require

C:\wamp\www\diandu\index.php on line 26
require


2017-08-02 16:33:50
UPDATE `tp_users` SET `ticket`=null,`qr_code`='/Uploads/2017-08/2017-08-02/62813.jpg',`qr_code_expire_time`=1502267630 WHERE ( user_id = 62813 )
2017-08-02 16:33:50
C:\wamp\www\diandu\Lib\Model\UserModel.class.php on line 201
show_debug_info

C:\wamp\www\diandu\frame\Common\functions.php on line 1091
saveUserInfo

C:\wamp\www\diandu\Lib\Action\FrontAction.class.php on line 396
get_qr_code

C:\wamp\www\diandu\Lib\Action\IndexAction.class.php on line 12
_initialize

C:\wamp\www\diandu\frame\Lib\Core\Action.class.php on line 58
_initialize

C:\wamp\www\diandu\frame\Common\common.php on line 309
__construct

C:\wamp\www\diandu\frame\Lib\Core\App.class.php on line 110
A

C:\wamp\www\diandu\frame\Lib\Core\App.class.php on line 214
exec

C:\wamp\www\diandu\frame\Lib\Core\Think.class.php on line 39
run

C:\wamp\www\diandu\frame\Common\runtime.php on line 243
start

C:\wamp\www\diandu\frame\entrance.php on line 35
require

C:\wamp\www\diandu\index.php on line 26
require


2017-08-02 16:33:52
UPDATE `tp_users` SET `ticket`=null,`qr_code`='/Uploads/2017-08/2017-08-02/62813.jpg',`qr_code_expire_time`=1502267632 WHERE ( user_id = 62813 )
2017-08-02 16:33:52
C:\wamp\www\diandu\Lib\Model\UserModel.class.php on line 201
show_debug_info

C:\wamp\www\diandu\frame\Common\functions.php on line 1091
saveUserInfo

C:\wamp\www\diandu\Lib\Action\FrontAction.class.php on line 396
get_qr_code

C:\wamp\www\diandu\Lib\Action\EmptyAction.class.php on line 5
_initialize

C:\wamp\www\diandu\frame\Lib\Core\Action.class.php on line 58
_initialize

C:\wamp\www\diandu\frame\Common\common.php on line 309
__construct

C:\wamp\www\diandu\frame\Lib\Core\App.class.php on line 127
A

C:\wamp\www\diandu\frame\Lib\Core\App.class.php on line 214
exec

C:\wamp\www\diandu\frame\Lib\Core\Think.class.php on line 39
run

C:\wamp\www\diandu\frame\Common\runtime.php on line 243
start

C:\wamp\www\diandu\frame\entrance.php on line 35
require

C:\wamp\www\diandu\index.php on line 26
require


2017-08-02 16:33:55
UPDATE `tp_users` SET `ticket`=null,`qr_code`='/Uploads/2017-08/2017-08-02/62813.jpg',`qr_code_expire_time`=1502267635 WHERE ( user_id = 62813 )
2017-08-02 16:33:55
C:\wamp\www\diandu\Lib\Model\UserModel.class.php on line 201
show_debug_info

C:\wamp\www\diandu\frame\Common\functions.php on line 1091
saveUserInfo

C:\wamp\www\diandu\Lib\Action\FrontAction.class.php on line 396
get_qr_code

C:\wamp\www\diandu\Lib\Action\IndexAction.class.php on line 12
_initialize

C:\wamp\www\diandu\frame\Lib\Core\Action.class.php on line 58
_initialize

C:\wamp\www\diandu\frame\Common\common.php on line 309
__construct

C:\wamp\www\diandu\frame\Lib\Core\App.class.php on line 110
A

C:\wamp\www\diandu\frame\Lib\Core\App.class.php on line 214
exec

C:\wamp\www\diandu\frame\Lib\Core\Think.class.php on line 39
run

C:\wamp\www\diandu\frame\Common\runtime.php on line 243
start

C:\wamp\www\diandu\frame\entrance.php on line 35
require

C:\wamp\www\diandu\index.php on line 26
require


2017-08-02 16:33:56
UPDATE `tp_users` SET `ticket`=null,`qr_code`='/Uploads/2017-08/2017-08-02/62813.jpg',`qr_code_expire_time`=1502267636 WHERE ( user_id = 62813 )
2017-08-02 16:33:56
C:\wamp\www\diandu\Lib\Model\UserModel.class.php on line 201
show_debug_info

C:\wamp\www\diandu\frame\Common\functions.php on line 1091
saveUserInfo

C:\wamp\www\diandu\Lib\Action\FrontAction.class.php on line 396
get_qr_code

C:\wamp\www\diandu\Lib\Action\IndexAction.class.php on line 12
_initialize

C:\wamp\www\diandu\frame\Lib\Core\Action.class.php on line 58
_initialize

C:\wamp\www\diandu\frame\Common\common.php on line 309
__construct

C:\wamp\www\diandu\frame\Lib\Core\App.class.php on line 110
A

C:\wamp\www\diandu\frame\Lib\Core\App.class.php on line 214
exec

C:\wamp\www\diandu\frame\Lib\Core\Think.class.php on line 39
run

C:\wamp\www\diandu\frame\Common\runtime.php on line 243
start

C:\wamp\www\diandu\frame\entrance.php on line 35
require

C:\wamp\www\diandu\index.php on line 26
require


2017-08-02 16:35:07
UPDATE `tp_users` SET `ticket`=null,`qr_code`='/Uploads/2017-08/2017-08-02/62813.jpg',`qr_code_expire_time`=1502267707 WHERE ( user_id = 62813 )
2017-08-02 16:35:07
C:\wamp\www\diandu\Lib\Model\UserModel.class.php on line 201
show_debug_info

C:\wamp\www\diandu\frame\Common\functions.php on line 1091
saveUserInfo

C:\wamp\www\diandu\Lib\Action\FrontAction.class.php on line 396
get_qr_code

C:\wamp\www\diandu\Lib\Action\IndexAction.class.php on line 12
_initialize

C:\wamp\www\diandu\frame\Lib\Core\Action.class.php on line 58
_initialize

C:\wamp\www\diandu\frame\Common\common.php on line 309
__construct

C:\wamp\www\diandu\frame\Lib\Core\App.class.php on line 110
A

C:\wamp\www\diandu\frame\Lib\Core\App.class.php on line 214
exec

C:\wamp\www\diandu\frame\Lib\Core\Think.class.php on line 39
run

C:\wamp\www\diandu\frame\Common\runtime.php on line 243
start

C:\wamp\www\diandu\frame\entrance.php on line 35
require

C:\wamp\www\diandu\index.php on line 26
require


2017-08-02 16:35:08
UPDATE `tp_users` SET `ticket`=null,`qr_code`='/Uploads/2017-08/2017-08-02/62813.jpg',`qr_code_expire_time`=1502267708 WHERE ( user_id = 62813 )
2017-08-02 16:35:08
C:\wamp\www\diandu\Lib\Model\UserModel.class.php on line 201
show_debug_info

C:\wamp\www\diandu\frame\Common\functions.php on line 1091
saveUserInfo

C:\wamp\www\diandu\Lib\Action\FrontAction.class.php on line 396
get_qr_code

C:\wamp\www\diandu\Lib\Action\EmptyAction.class.php on line 5
_initialize

C:\wamp\www\diandu\frame\Lib\Core\Action.class.php on line 58
_initialize

C:\wamp\www\diandu\frame\Common\common.php on line 309
__construct

C:\wamp\www\diandu\frame\Lib\Core\App.class.php on line 127
A

C:\wamp\www\diandu\frame\Lib\Core\App.class.php on line 214
exec

C:\wamp\www\diandu\frame\Lib\Core\Think.class.php on line 39
run

C:\wamp\www\diandu\frame\Common\runtime.php on line 243
start

C:\wamp\www\diandu\frame\entrance.php on line 35
require

C:\wamp\www\diandu\index.php on line 26
require


2017-08-02 16:35:10
UPDATE `tp_users` SET `ticket`=null,`qr_code`='/Uploads/2017-08/2017-08-02/62813.jpg',`qr_code_expire_time`=1502267709 WHERE ( user_id = 62813 )
2017-08-02 16:35:10
C:\wamp\www\diandu\Lib\Model\UserModel.class.php on line 201
show_debug_info

C:\wamp\www\diandu\frame\Common\functions.php on line 1091
saveUserInfo

C:\wamp\www\diandu\Lib\Action\FrontAction.class.php on line 396
get_qr_code

C:\wamp\www\diandu\Lib\Action\IndexAction.class.php on line 12
_initialize

C:\wamp\www\diandu\frame\Lib\Core\Action.class.php on line 58
_initialize

C:\wamp\www\diandu\frame\Common\common.php on line 309
__construct

C:\wamp\www\diandu\frame\Lib\Core\App.class.php on line 110
A

C:\wamp\www\diandu\frame\Lib\Core\App.class.php on line 214
exec

C:\wamp\www\diandu\frame\Lib\Core\Think.class.php on line 39
run

C:\wamp\www\diandu\frame\Common\runtime.php on line 243
start

C:\wamp\www\diandu\frame\entrance.php on line 35
require

C:\wamp\www\diandu\index.php on line 26
require


2017-08-02 16:35:10
UPDATE `tp_users` SET `ticket`=null,`qr_code`='/Uploads/2017-08/2017-08-02/62813.jpg',`qr_code_expire_time`=1502267710 WHERE ( user_id = 62813 )
2017-08-02 16:35:10
C:\wamp\www\diandu\Lib\Model\UserModel.class.php on line 201
show_debug_info

C:\wamp\www\diandu\frame\Common\functions.php on line 1091
saveUserInfo

C:\wamp\www\diandu\Lib\Action\FrontAction.class.php on line 396
get_qr_code

C:\wamp\www\diandu\Lib\Action\IndexAction.class.php on line 12
_initialize

C:\wamp\www\diandu\frame\Lib\Core\Action.class.php on line 58
_initialize

C:\wamp\www\diandu\frame\Common\common.php on line 309
__construct

C:\wamp\www\diandu\frame\Lib\Core\App.class.php on line 110
A

C:\wamp\www\diandu\frame\Lib\Core\App.class.php on line 214
exec

C:\wamp\www\diandu\frame\Lib\Core\Think.class.php on line 39
run

C:\wamp\www\diandu\frame\Common\runtime.php on line 243
start

C:\wamp\www\diandu\frame\entrance.php on line 35
require

C:\wamp\www\diandu\index.php on line 26
require


2017-08-02 16:35:15
UPDATE `tp_users` SET `ticket`=null,`qr_code`='/Uploads/2017-08/2017-08-02/62813.jpg',`qr_code_expire_time`=1502267715 WHERE ( user_id = 62813 )
2017-08-02 16:35:15
C:\wamp\www\diandu\Lib\Model\UserModel.class.php on line 201
show_debug_info

C:\wamp\www\diandu\frame\Common\functions.php on line 1091
saveUserInfo

C:\wamp\www\diandu\Lib\Action\FrontAction.class.php on line 396
get_qr_code

C:\wamp\www\diandu\Lib\Action\IndexAction.class.php on line 12
_initialize

C:\wamp\www\diandu\frame\Lib\Core\Action.class.php on line 58
_initialize

C:\wamp\www\diandu\frame\Common\common.php on line 309
__construct

C:\wamp\www\diandu\frame\Lib\Core\App.class.php on line 110
A

C:\wamp\www\diandu\frame\Lib\Core\App.class.php on line 214
exec

C:\wamp\www\diandu\frame\Lib\Core\Think.class.php on line 39
run

C:\wamp\www\diandu\frame\Common\runtime.php on line 243
start

C:\wamp\www\diandu\frame\entrance.php on line 35
require

C:\wamp\www\diandu\index.php on line 26
require


2017-08-02 16:35:16
UPDATE `tp_users` SET `ticket`=null,`qr_code`='/Uploads/2017-08/2017-08-02/62813.jpg',`qr_code_expire_time`=1502267716 WHERE ( user_id = 62813 )
2017-08-02 16:35:16
C:\wamp\www\diandu\Lib\Model\UserModel.class.php on line 201
show_debug_info

C:\wamp\www\diandu\frame\Common\functions.php on line 1091
saveUserInfo

C:\wamp\www\diandu\Lib\Action\FrontAction.class.php on line 396
get_qr_code

C:\wamp\www\diandu\Lib\Action\IndexAction.class.php on line 12
_initialize

C:\wamp\www\diandu\frame\Lib\Core\Action.class.php on line 58
_initialize

C:\wamp\www\diandu\frame\Common\common.php on line 309
__construct

C:\wamp\www\diandu\frame\Lib\Core\App.class.php on line 110
A

C:\wamp\www\diandu\frame\Lib\Core\App.class.php on line 214
exec

C:\wamp\www\diandu\frame\Lib\Core\Think.class.php on line 39
run

C:\wamp\www\diandu\frame\Common\runtime.php on line 243
start

C:\wamp\www\diandu\frame\entrance.php on line 35
require

C:\wamp\www\diandu\index.php on line 26
require


2017-08-02 16:35:17
UPDATE `tp_users` SET `ticket`=null,`qr_code`='/Uploads/2017-08/2017-08-02/62813.jpg',`qr_code_expire_time`=1502267717 WHERE ( user_id = 62813 )
2017-08-02 16:35:17
C:\wamp\www\diandu\Lib\Model\UserModel.class.php on line 201
show_debug_info

C:\wamp\www\diandu\frame\Common\functions.php on line 1091
saveUserInfo

C:\wamp\www\diandu\Lib\Action\FrontAction.class.php on line 396
get_qr_code

C:\wamp\www\diandu\Lib\Action\IndexAction.class.php on line 12
_initialize

C:\wamp\www\diandu\frame\Lib\Core\Action.class.php on line 58
_initialize

C:\wamp\www\diandu\frame\Common\common.php on line 309
__construct

C:\wamp\www\diandu\frame\Lib\Core\App.class.php on line 110
A

C:\wamp\www\diandu\frame\Lib\Core\App.class.php on line 214
exec

C:\wamp\www\diandu\frame\Lib\Core\Think.class.php on line 39
run

C:\wamp\www\diandu\frame\Common\runtime.php on line 243
start

C:\wamp\www\diandu\frame\entrance.php on line 35
require

C:\wamp\www\diandu\index.php on line 26
require


2017-08-02 16:35:19
UPDATE `tp_users` SET `ticket`=null,`qr_code`='/Uploads/2017-08/2017-08-02/62813.jpg',`qr_code_expire_time`=1502267719 WHERE ( user_id = 62813 )
2017-08-02 16:35:19
C:\wamp\www\diandu\Lib\Model\UserModel.class.php on line 201
show_debug_info

C:\wamp\www\diandu\frame\Common\functions.php on line 1091
saveUserInfo

C:\wamp\www\diandu\Lib\Action\FrontAction.class.php on line 396
get_qr_code

C:\wamp\www\diandu\Lib\Action\IndexAction.class.php on line 12
_initialize

C:\wamp\www\diandu\frame\Lib\Core\Action.class.php on line 58
_initialize

C:\wamp\www\diandu\frame\Common\common.php on line 309
__construct

C:\wamp\www\diandu\frame\Lib\Core\App.class.php on line 110
A

C:\wamp\www\diandu\frame\Lib\Core\App.class.php on line 214
exec

C:\wamp\www\diandu\frame\Lib\Core\Think.class.php on line 39
run

C:\wamp\www\diandu\frame\Common\runtime.php on line 243
start

C:\wamp\www\diandu\frame\entrance.php on line 35
require

C:\wamp\www\diandu\index.php on line 26
require


2017-08-02 16:35:21
UPDATE `tp_users` SET `ticket`=null,`qr_code`='/Uploads/2017-08/2017-08-02/62813.jpg',`qr_code_expire_time`=1502267721 WHERE ( user_id = 62813 )
2017-08-02 16:35:21
C:\wamp\www\diandu\Lib\Model\UserModel.class.php on line 201
show_debug_info

C:\wamp\www\diandu\frame\Common\functions.php on line 1091
saveUserInfo

C:\wamp\www\diandu\Lib\Action\FrontAction.class.php on line 396
get_qr_code

C:\wamp\www\diandu\Lib\Action\EmptyAction.class.php on line 5
_initialize

C:\wamp\www\diandu\frame\Lib\Core\Action.class.php on line 58
_initialize

C:\wamp\www\diandu\frame\Common\common.php on line 309
__construct

C:\wamp\www\diandu\frame\Lib\Core\App.class.php on line 127
A

C:\wamp\www\diandu\frame\Lib\Core\App.class.php on line 214
exec

C:\wamp\www\diandu\frame\Lib\Core\Think.class.php on line 39
run

C:\wamp\www\diandu\frame\Common\runtime.php on line 243
start

C:\wamp\www\diandu\frame\entrance.php on line 35
require

C:\wamp\www\diandu\index.php on line 26
require


2017-08-02 16:35:22
UPDATE `tp_users` SET `ticket`=null,`qr_code`='/Uploads/2017-08/2017-08-02/62813.jpg',`qr_code_expire_time`=1502267722 WHERE ( user_id = 62813 )
2017-08-02 16:35:22
C:\wamp\www\diandu\Lib\Model\UserModel.class.php on line 201
show_debug_info

C:\wamp\www\diandu\frame\Common\functions.php on line 1091
saveUserInfo

C:\wamp\www\diandu\Lib\Action\FrontAction.class.php on line 396
get_qr_code

C:\wamp\www\diandu\Lib\Action\IndexAction.class.php on line 12
_initialize

C:\wamp\www\diandu\frame\Lib\Core\Action.class.php on line 58
_initialize

C:\wamp\www\diandu\frame\Common\common.php on line 309
__construct

C:\wamp\www\diandu\frame\Lib\Core\App.class.php on line 110
A

C:\wamp\www\diandu\frame\Lib\Core\App.class.php on line 214
exec

C:\wamp\www\diandu\frame\Lib\Core\Think.class.php on line 39
run

C:\wamp\www\diandu\frame\Common\runtime.php on line 243
start

C:\wamp\www\diandu\frame\entrance.php on line 35
require

C:\wamp\www\diandu\index.php on line 26
require


