2017-07-10 09:49:05
UPDATE `tp_users` SET `ticket`=null,`qr_code`='/Uploads/2017-07/2017-07-10/62819.jpg',`qr_code_expire_time`=1500256145 WHERE ( user_id = 62819 )
2017-07-10 09:49:05
C:\wamp\www\diandu\Lib\Model\UserModel.class.php on line 201
show_debug_info

C:\wamp\www\diandu\frame\Common\functions.php on line 1091
saveUserInfo

C:\wamp\www\diandu\Lib\Action\FrontAction.class.php on line 392
get_qr_code

C:\wamp\www\diandu\Lib\Action\IndexAction.class.php on line 12
_initialize

C:\wamp\www\diandu\frame\Lib\Core\Action.class.php on line 58
_initialize

C:\wamp\www\diandu\frame\Common\common.php on line 309
__construct

C:\wamp\www\diandu\frame\Lib\Core\App.class.php on line 110
A

C:\wamp\www\diandu\frame\Lib\Core\App.class.php on line 214
exec

C:\wamp\www\diandu\frame\Lib\Core\Think.class.php on line 39
run

C:\wamp\www\diandu\frame\Common\runtime.php on line 243
start

C:\wamp\www\diandu\frame\entrance.php on line 35
require

C:\wamp\www\diandu\index.php on line 26
require


2017-07-10 09:49:07
UPDATE `tp_users` SET `ticket`=null,`qr_code`='/Uploads/2017-07/2017-07-10/62819.jpg',`qr_code_expire_time`=1500256147 WHERE ( user_id = 62819 )
2017-07-10 09:49:07
C:\wamp\www\diandu\Lib\Model\UserModel.class.php on line 201
show_debug_info

C:\wamp\www\diandu\frame\Common\functions.php on line 1091
saveUserInfo

C:\wamp\www\diandu\Lib\Action\FrontAction.class.php on line 392
get_qr_code

C:\wamp\www\diandu\Lib\Action\IndexAction.class.php on line 12
_initialize

C:\wamp\www\diandu\frame\Lib\Core\Action.class.php on line 58
_initialize

C:\wamp\www\diandu\frame\Common\common.php on line 309
__construct

C:\wamp\www\diandu\frame\Lib\Core\App.class.php on line 110
A

C:\wamp\www\diandu\frame\Lib\Core\App.class.php on line 214
exec

C:\wamp\www\diandu\frame\Lib\Core\Think.class.php on line 39
run

C:\wamp\www\diandu\frame\Common\runtime.php on line 243
start

C:\wamp\www\diandu\frame\entrance.php on line 35
require

C:\wamp\www\diandu\index.php on line 26
require


2017-07-10 09:49:10
UPDATE `tp_users` SET `ticket`=null,`qr_code`='/Uploads/2017-07/2017-07-10/62819.jpg',`qr_code_expire_time`=1500256150 WHERE ( user_id = 62819 )
2017-07-10 09:49:10
C:\wamp\www\diandu\Lib\Model\UserModel.class.php on line 201
show_debug_info

C:\wamp\www\diandu\frame\Common\functions.php on line 1091
saveUserInfo

C:\wamp\www\diandu\Lib\Action\FrontAction.class.php on line 392
get_qr_code

C:\wamp\www\diandu\Lib\Action\EmptyAction.class.php on line 5
_initialize

C:\wamp\www\diandu\frame\Lib\Core\Action.class.php on line 58
_initialize

C:\wamp\www\diandu\frame\Common\common.php on line 309
__construct

C:\wamp\www\diandu\frame\Lib\Core\App.class.php on line 127
A

C:\wamp\www\diandu\frame\Lib\Core\App.class.php on line 214
exec

C:\wamp\www\diandu\frame\Lib\Core\Think.class.php on line 39
run

C:\wamp\www\diandu\frame\Common\runtime.php on line 243
start

C:\wamp\www\diandu\frame\entrance.php on line 35
require

C:\wamp\www\diandu\index.php on line 26
require


2017-07-10 09:49:11
UPDATE `tp_users` SET `ticket`=null,`qr_code`='/Uploads/2017-07/2017-07-10/62819.jpg',`qr_code_expire_time`=1500256151 WHERE ( user_id = 62819 )
2017-07-10 09:49:11
C:\wamp\www\diandu\Lib\Model\UserModel.class.php on line 201
show_debug_info

C:\wamp\www\diandu\frame\Common\functions.php on line 1091
saveUserInfo

C:\wamp\www\diandu\Lib\Action\FrontAction.class.php on line 392
get_qr_code

C:\wamp\www\diandu\Lib\Action\IndexAction.class.php on line 12
_initialize

C:\wamp\www\diandu\frame\Lib\Core\Action.class.php on line 58
_initialize

C:\wamp\www\diandu\frame\Common\common.php on line 309
__construct

C:\wamp\www\diandu\frame\Lib\Core\App.class.php on line 110
A

C:\wamp\www\diandu\frame\Lib\Core\App.class.php on line 214
exec

C:\wamp\www\diandu\frame\Lib\Core\Think.class.php on line 39
run

C:\wamp\www\diandu\frame\Common\runtime.php on line 243
start

C:\wamp\www\diandu\frame\entrance.php on line 35
require

C:\wamp\www\diandu\index.php on line 26
require


2017-07-10 09:49:14
UPDATE `tp_users` SET `ticket`=null,`qr_code`='/Uploads/2017-07/2017-07-10/62819.jpg',`qr_code_expire_time`=1500256154 WHERE ( user_id = 62819 )
2017-07-10 09:49:14
C:\wamp\www\diandu\Lib\Model\UserModel.class.php on line 201
show_debug_info

C:\wamp\www\diandu\frame\Common\functions.php on line 1091
saveUserInfo

C:\wamp\www\diandu\Lib\Action\FrontAction.class.php on line 392
get_qr_code

C:\wamp\www\diandu\Lib\Action\IndexAction.class.php on line 12
_initialize

C:\wamp\www\diandu\frame\Lib\Core\Action.class.php on line 58
_initialize

C:\wamp\www\diandu\frame\Common\common.php on line 309
__construct

C:\wamp\www\diandu\frame\Lib\Core\App.class.php on line 110
A

C:\wamp\www\diandu\frame\Lib\Core\App.class.php on line 214
exec

C:\wamp\www\diandu\frame\Lib\Core\Think.class.php on line 39
run

C:\wamp\www\diandu\frame\Common\runtime.php on line 243
start

C:\wamp\www\diandu\frame\entrance.php on line 35
require

C:\wamp\www\diandu\index.php on line 26
require


2017-07-10 09:49:19
UPDATE `tp_users` SET `ticket`=null,`qr_code`='/Uploads/2017-07/2017-07-10/62819.jpg',`qr_code_expire_time`=1500256159 WHERE ( user_id = 62819 )
2017-07-10 09:49:19
C:\wamp\www\diandu\Lib\Model\UserModel.class.php on line 201
show_debug_info

C:\wamp\www\diandu\frame\Common\functions.php on line 1091
saveUserInfo

C:\wamp\www\diandu\Lib\Action\FrontAction.class.php on line 392
get_qr_code

C:\wamp\www\diandu\Lib\Action\IndexAction.class.php on line 12
_initialize

C:\wamp\www\diandu\frame\Lib\Core\Action.class.php on line 58
_initialize

C:\wamp\www\diandu\frame\Common\common.php on line 309
__construct

C:\wamp\www\diandu\frame\Lib\Core\App.class.php on line 110
A

C:\wamp\www\diandu\frame\Lib\Core\App.class.php on line 214
exec

C:\wamp\www\diandu\frame\Lib\Core\Think.class.php on line 39
run

C:\wamp\www\diandu\frame\Common\runtime.php on line 243
start

C:\wamp\www\diandu\frame\entrance.php on line 35
require

C:\wamp\www\diandu\index.php on line 26
require


2017-07-10 09:49:21
UPDATE `tp_users` SET `ticket`=null,`qr_code`='/Uploads/2017-07/2017-07-10/62819.jpg',`qr_code_expire_time`=1500256161 WHERE ( user_id = 62819 )
2017-07-10 09:49:21
C:\wamp\www\diandu\Lib\Model\UserModel.class.php on line 201
show_debug_info

C:\wamp\www\diandu\frame\Common\functions.php on line 1091
saveUserInfo

C:\wamp\www\diandu\Lib\Action\FrontAction.class.php on line 392
get_qr_code

C:\wamp\www\diandu\Lib\Action\EmptyAction.class.php on line 5
_initialize

C:\wamp\www\diandu\frame\Lib\Core\Action.class.php on line 58
_initialize

C:\wamp\www\diandu\frame\Common\common.php on line 309
__construct

C:\wamp\www\diandu\frame\Lib\Core\App.class.php on line 127
A

C:\wamp\www\diandu\frame\Lib\Core\App.class.php on line 214
exec

C:\wamp\www\diandu\frame\Lib\Core\Think.class.php on line 39
run

C:\wamp\www\diandu\frame\Common\runtime.php on line 243
start

C:\wamp\www\diandu\frame\entrance.php on line 35
require

C:\wamp\www\diandu\index.php on line 26
require


2017-07-10 09:49:22
UPDATE `tp_users` SET `ticket`=null,`qr_code`='/Uploads/2017-07/2017-07-10/62819.jpg',`qr_code_expire_time`=1500256162 WHERE ( user_id = 62819 )
2017-07-10 09:49:22
C:\wamp\www\diandu\Lib\Model\UserModel.class.php on line 201
show_debug_info

C:\wamp\www\diandu\frame\Common\functions.php on line 1091
saveUserInfo

C:\wamp\www\diandu\Lib\Action\FrontAction.class.php on line 392
get_qr_code

C:\wamp\www\diandu\Lib\Action\IndexAction.class.php on line 12
_initialize

C:\wamp\www\diandu\frame\Lib\Core\Action.class.php on line 58
_initialize

C:\wamp\www\diandu\frame\Common\common.php on line 309
__construct

C:\wamp\www\diandu\frame\Lib\Core\App.class.php on line 110
A

C:\wamp\www\diandu\frame\Lib\Core\App.class.php on line 214
exec

C:\wamp\www\diandu\frame\Lib\Core\Think.class.php on line 39
run

C:\wamp\www\diandu\frame\Common\runtime.php on line 243
start

C:\wamp\www\diandu\frame\entrance.php on line 35
require

C:\wamp\www\diandu\index.php on line 26
require


2017-07-10 09:49:23
UPDATE `tp_users` SET `ticket`=null,`qr_code`='/Uploads/2017-07/2017-07-10/62819.jpg',`qr_code_expire_time`=1500256163 WHERE ( user_id = 62819 )
2017-07-10 09:49:23
C:\wamp\www\diandu\Lib\Model\UserModel.class.php on line 201
show_debug_info

C:\wamp\www\diandu\frame\Common\functions.php on line 1091
saveUserInfo

C:\wamp\www\diandu\Lib\Action\FrontAction.class.php on line 392
get_qr_code

C:\wamp\www\diandu\Lib\Action\IndexAction.class.php on line 12
_initialize

C:\wamp\www\diandu\frame\Lib\Core\Action.class.php on line 58
_initialize

C:\wamp\www\diandu\frame\Common\common.php on line 309
__construct

C:\wamp\www\diandu\frame\Lib\Core\App.class.php on line 110
A

C:\wamp\www\diandu\frame\Lib\Core\App.class.php on line 214
exec

C:\wamp\www\diandu\frame\Lib\Core\Think.class.php on line 39
run

C:\wamp\www\diandu\frame\Common\runtime.php on line 243
start

C:\wamp\www\diandu\frame\entrance.php on line 35
require

C:\wamp\www\diandu\index.php on line 26
require


2017-07-10 09:49:27
UPDATE `tp_users` SET `ticket`=null,`qr_code`='/Uploads/2017-07/2017-07-10/62819.jpg',`qr_code_expire_time`=1500256167 WHERE ( user_id = 62819 )
2017-07-10 09:49:27
C:\wamp\www\diandu\Lib\Model\UserModel.class.php on line 201
show_debug_info

C:\wamp\www\diandu\frame\Common\functions.php on line 1091
saveUserInfo

C:\wamp\www\diandu\Lib\Action\FrontAction.class.php on line 392
get_qr_code

C:\wamp\www\diandu\frame\Lib\Core\Action.class.php on line 58
_initialize

C:\wamp\www\diandu\frame\Common\common.php on line 309
__construct

C:\wamp\www\diandu\frame\Lib\Core\App.class.php on line 110
A

C:\wamp\www\diandu\frame\Lib\Core\App.class.php on line 214
exec

C:\wamp\www\diandu\frame\Lib\Core\Think.class.php on line 39
run

C:\wamp\www\diandu\frame\Common\runtime.php on line 243
start

C:\wamp\www\diandu\frame\entrance.php on line 35
require

C:\wamp\www\diandu\index.php on line 26
require


2017-07-10 09:49:29
UPDATE `tp_users` SET `ticket`=null,`qr_code`='/Uploads/2017-07/2017-07-10/62819.jpg',`qr_code_expire_time`=1500256168 WHERE ( user_id = 62819 )
2017-07-10 09:49:29
C:\wamp\www\diandu\Lib\Model\UserModel.class.php on line 201
show_debug_info

C:\wamp\www\diandu\frame\Common\functions.php on line 1091
saveUserInfo

C:\wamp\www\diandu\Lib\Action\FrontAction.class.php on line 392
get_qr_code

C:\wamp\www\diandu\Lib\Action\EmptyAction.class.php on line 5
_initialize

C:\wamp\www\diandu\frame\Lib\Core\Action.class.php on line 58
_initialize

C:\wamp\www\diandu\frame\Common\common.php on line 309
__construct

C:\wamp\www\diandu\frame\Lib\Core\App.class.php on line 127
A

C:\wamp\www\diandu\frame\Lib\Core\App.class.php on line 214
exec

C:\wamp\www\diandu\frame\Lib\Core\Think.class.php on line 39
run

C:\wamp\www\diandu\frame\Common\runtime.php on line 243
start

C:\wamp\www\diandu\frame\entrance.php on line 35
require

C:\wamp\www\diandu\index.php on line 26
require


2017-07-10 09:49:31
UPDATE `tp_users` SET `ticket`=null,`qr_code`='/Uploads/2017-07/2017-07-10/62819.jpg',`qr_code_expire_time`=1500256171 WHERE ( user_id = 62819 )
2017-07-10 09:49:31
C:\wamp\www\diandu\Lib\Model\UserModel.class.php on line 201
show_debug_info

C:\wamp\www\diandu\frame\Common\functions.php on line 1091
saveUserInfo

C:\wamp\www\diandu\Lib\Action\FrontAction.class.php on line 392
get_qr_code

C:\wamp\www\diandu\Lib\Action\IndexAction.class.php on line 12
_initialize

C:\wamp\www\diandu\frame\Lib\Core\Action.class.php on line 58
_initialize

C:\wamp\www\diandu\frame\Common\common.php on line 309
__construct

C:\wamp\www\diandu\frame\Lib\Core\App.class.php on line 110
A

C:\wamp\www\diandu\frame\Lib\Core\App.class.php on line 214
exec

C:\wamp\www\diandu\frame\Lib\Core\Think.class.php on line 39
run

C:\wamp\www\diandu\frame\Common\runtime.php on line 243
start

C:\wamp\www\diandu\frame\entrance.php on line 35
require

C:\wamp\www\diandu\index.php on line 26
require


2017-07-10 09:49:33
UPDATE `tp_users` SET `ticket`=null,`qr_code`='/Uploads/2017-07/2017-07-10/62819.jpg',`qr_code_expire_time`=1500256173 WHERE ( user_id = 62819 )
2017-07-10 09:49:33
C:\wamp\www\diandu\Lib\Model\UserModel.class.php on line 201
show_debug_info

C:\wamp\www\diandu\frame\Common\functions.php on line 1091
saveUserInfo

C:\wamp\www\diandu\Lib\Action\FrontAction.class.php on line 392
get_qr_code

C:\wamp\www\diandu\Lib\Action\IndexAction.class.php on line 12
_initialize

C:\wamp\www\diandu\frame\Lib\Core\Action.class.php on line 58
_initialize

C:\wamp\www\diandu\frame\Common\common.php on line 309
__construct

C:\wamp\www\diandu\frame\Lib\Core\App.class.php on line 110
A

C:\wamp\www\diandu\frame\Lib\Core\App.class.php on line 214
exec

C:\wamp\www\diandu\frame\Lib\Core\Think.class.php on line 39
run

C:\wamp\www\diandu\frame\Common\runtime.php on line 243
start

C:\wamp\www\diandu\frame\entrance.php on line 35
require

C:\wamp\www\diandu\index.php on line 26
require


2017-07-10 13:56:27
UPDATE `tp_users` SET `ticket`=null,`qr_code`='/Uploads/2017-07/2017-07-10/62819.jpg',`qr_code_expire_time`=1500270987 WHERE ( user_id = 62819 )
2017-07-10 13:56:27
C:\wamp\www\diandu\Lib\Model\UserModel.class.php on line 201
show_debug_info

C:\wamp\www\diandu\frame\Common\functions.php on line 1091
saveUserInfo

C:\wamp\www\diandu\Lib\Action\FrontAction.class.php on line 392
get_qr_code

C:\wamp\www\diandu\Lib\Action\IndexAction.class.php on line 12
_initialize

C:\wamp\www\diandu\frame\Lib\Core\Action.class.php on line 58
_initialize

C:\wamp\www\diandu\frame\Common\common.php on line 309
__construct

C:\wamp\www\diandu\frame\Lib\Core\App.class.php on line 110
A

C:\wamp\www\diandu\frame\Lib\Core\App.class.php on line 214
exec

C:\wamp\www\diandu\frame\Lib\Core\Think.class.php on line 39
run

C:\wamp\www\diandu\frame\Common\runtime.php on line 243
start

C:\wamp\www\diandu\frame\entrance.php on line 35
require

C:\wamp\www\diandu\index.php on line 26
require


2017-07-10 13:56:27
UPDATE `tp_users` SET `ticket`=null,`qr_code`='/Uploads/2017-07/2017-07-10/62819.jpg',`qr_code_expire_time`=1500270987 WHERE ( user_id = 62819 )
2017-07-10 13:56:27
C:\wamp\www\diandu\Lib\Model\UserModel.class.php on line 201
show_debug_info

C:\wamp\www\diandu\frame\Common\functions.php on line 1091
saveUserInfo

C:\wamp\www\diandu\Lib\Action\FrontAction.class.php on line 392
get_qr_code

C:\wamp\www\diandu\Lib\Action\IndexAction.class.php on line 12
_initialize

C:\wamp\www\diandu\frame\Lib\Core\Action.class.php on line 58
_initialize

C:\wamp\www\diandu\frame\Common\common.php on line 309
__construct

C:\wamp\www\diandu\frame\Lib\Core\App.class.php on line 110
A

C:\wamp\www\diandu\frame\Lib\Core\App.class.php on line 214
exec

C:\wamp\www\diandu\frame\Lib\Core\Think.class.php on line 39
run

C:\wamp\www\diandu\frame\Common\runtime.php on line 243
start

C:\wamp\www\diandu\frame\entrance.php on line 35
require

C:\wamp\www\diandu\index.php on line 26
require


2017-07-10 13:56:29
UPDATE `tp_users` SET `ticket`=null,`qr_code`='/Uploads/2017-07/2017-07-10/62819.jpg',`qr_code_expire_time`=1500270989 WHERE ( user_id = 62819 )
2017-07-10 13:56:29
C:\wamp\www\diandu\Lib\Model\UserModel.class.php on line 201
show_debug_info

C:\wamp\www\diandu\frame\Common\functions.php on line 1091
saveUserInfo

C:\wamp\www\diandu\Lib\Action\FrontAction.class.php on line 392
get_qr_code

C:\wamp\www\diandu\Lib\Action\EmptyAction.class.php on line 5
_initialize

C:\wamp\www\diandu\frame\Lib\Core\Action.class.php on line 58
_initialize

C:\wamp\www\diandu\frame\Common\common.php on line 309
__construct

C:\wamp\www\diandu\frame\Lib\Core\App.class.php on line 127
A

C:\wamp\www\diandu\frame\Lib\Core\App.class.php on line 214
exec

C:\wamp\www\diandu\frame\Lib\Core\Think.class.php on line 39
run

C:\wamp\www\diandu\frame\Common\runtime.php on line 243
start

C:\wamp\www\diandu\frame\entrance.php on line 35
require

C:\wamp\www\diandu\index.php on line 26
require


2017-07-10 13:56:30
UPDATE `tp_users` SET `ticket`=null,`qr_code`='/Uploads/2017-07/2017-07-10/62819.jpg',`qr_code_expire_time`=1500270990 WHERE ( user_id = 62819 )
2017-07-10 13:56:30
C:\wamp\www\diandu\Lib\Model\UserModel.class.php on line 201
show_debug_info

C:\wamp\www\diandu\frame\Common\functions.php on line 1091
saveUserInfo

C:\wamp\www\diandu\Lib\Action\FrontAction.class.php on line 392
get_qr_code

C:\wamp\www\diandu\Lib\Action\IndexAction.class.php on line 12
_initialize

C:\wamp\www\diandu\frame\Lib\Core\Action.class.php on line 58
_initialize

C:\wamp\www\diandu\frame\Common\common.php on line 309
__construct

C:\wamp\www\diandu\frame\Lib\Core\App.class.php on line 110
A

C:\wamp\www\diandu\frame\Lib\Core\App.class.php on line 214
exec

C:\wamp\www\diandu\frame\Lib\Core\Think.class.php on line 39
run

C:\wamp\www\diandu\frame\Common\runtime.php on line 243
start

C:\wamp\www\diandu\frame\entrance.php on line 35
require

C:\wamp\www\diandu\index.php on line 26
require


2017-07-10 13:56:31
UPDATE `tp_users` SET `ticket`=null,`qr_code`='/Uploads/2017-07/2017-07-10/62819.jpg',`qr_code_expire_time`=1500270991 WHERE ( user_id = 62819 )
2017-07-10 13:56:31
C:\wamp\www\diandu\Lib\Model\UserModel.class.php on line 201
show_debug_info

C:\wamp\www\diandu\frame\Common\functions.php on line 1091
saveUserInfo

C:\wamp\www\diandu\Lib\Action\FrontAction.class.php on line 392
get_qr_code

C:\wamp\www\diandu\Lib\Action\IndexAction.class.php on line 12
_initialize

C:\wamp\www\diandu\frame\Lib\Core\Action.class.php on line 58
_initialize

C:\wamp\www\diandu\frame\Common\common.php on line 309
__construct

C:\wamp\www\diandu\frame\Lib\Core\App.class.php on line 110
A

C:\wamp\www\diandu\frame\Lib\Core\App.class.php on line 214
exec

C:\wamp\www\diandu\frame\Lib\Core\Think.class.php on line 39
run

C:\wamp\www\diandu\frame\Common\runtime.php on line 243
start

C:\wamp\www\diandu\frame\entrance.php on line 35
require

C:\wamp\www\diandu\index.php on line 26
require


2017-07-10 13:56:33
UPDATE `tp_users` SET `ticket`=null,`qr_code`='/Uploads/2017-07/2017-07-10/62819.jpg',`qr_code_expire_time`=1500270993 WHERE ( user_id = 62819 )
2017-07-10 13:56:33
C:\wamp\www\diandu\Lib\Model\UserModel.class.php on line 201
show_debug_info

C:\wamp\www\diandu\frame\Common\functions.php on line 1091
saveUserInfo

C:\wamp\www\diandu\Lib\Action\FrontAction.class.php on line 392
get_qr_code

C:\wamp\www\diandu\Lib\Action\IndexAction.class.php on line 12
_initialize

C:\wamp\www\diandu\frame\Lib\Core\Action.class.php on line 58
_initialize

C:\wamp\www\diandu\frame\Common\common.php on line 309
__construct

C:\wamp\www\diandu\frame\Lib\Core\App.class.php on line 110
A

C:\wamp\www\diandu\frame\Lib\Core\App.class.php on line 214
exec

C:\wamp\www\diandu\frame\Lib\Core\Think.class.php on line 39
run

C:\wamp\www\diandu\frame\Common\runtime.php on line 243
start

C:\wamp\www\diandu\frame\entrance.php on line 35
require

C:\wamp\www\diandu\index.php on line 26
require


2017-07-10 13:56:35
UPDATE `tp_users` SET `ticket`=null,`qr_code`='/Uploads/2017-07/2017-07-10/62819.jpg',`qr_code_expire_time`=1500270995 WHERE ( user_id = 62819 )
2017-07-10 13:56:35
C:\wamp\www\diandu\Lib\Model\UserModel.class.php on line 201
show_debug_info

C:\wamp\www\diandu\frame\Common\functions.php on line 1091
saveUserInfo

C:\wamp\www\diandu\Lib\Action\FrontAction.class.php on line 392
get_qr_code

C:\wamp\www\diandu\Lib\Action\FrontUserCenterAction.class.php on line 8
_initialize

C:\wamp\www\diandu\frame\Lib\Core\Action.class.php on line 58
_initialize

C:\wamp\www\diandu\frame\Common\common.php on line 309
__construct

C:\wamp\www\diandu\frame\Lib\Core\App.class.php on line 110
A

C:\wamp\www\diandu\frame\Lib\Core\App.class.php on line 214
exec

C:\wamp\www\diandu\frame\Lib\Core\Think.class.php on line 39
run

C:\wamp\www\diandu\frame\Common\runtime.php on line 243
start

C:\wamp\www\diandu\frame\entrance.php on line 35
require

C:\wamp\www\diandu\index.php on line 26
require


2017-07-10 13:56:36
UPDATE `tp_users` SET `ticket`=null,`qr_code`='/Uploads/2017-07/2017-07-10/62819.jpg',`qr_code_expire_time`=1500270996 WHERE ( user_id = 62819 )
2017-07-10 13:56:36
C:\wamp\www\diandu\Lib\Model\UserModel.class.php on line 201
show_debug_info

C:\wamp\www\diandu\frame\Common\functions.php on line 1091
saveUserInfo

C:\wamp\www\diandu\Lib\Action\FrontAction.class.php on line 392
get_qr_code

C:\wamp\www\diandu\Lib\Action\EmptyAction.class.php on line 5
_initialize

C:\wamp\www\diandu\frame\Lib\Core\Action.class.php on line 58
_initialize

C:\wamp\www\diandu\frame\Common\common.php on line 309
__construct

C:\wamp\www\diandu\frame\Lib\Core\App.class.php on line 127
A

C:\wamp\www\diandu\frame\Lib\Core\App.class.php on line 214
exec

C:\wamp\www\diandu\frame\Lib\Core\Think.class.php on line 39
run

C:\wamp\www\diandu\frame\Common\runtime.php on line 243
start

C:\wamp\www\diandu\frame\entrance.php on line 35
require

C:\wamp\www\diandu\index.php on line 26
require


2017-07-10 13:56:36
UPDATE `tp_users` SET `ticket`=null,`qr_code`='/Uploads/2017-07/2017-07-10/62819.jpg',`qr_code_expire_time`=1500270996 WHERE ( user_id = 62819 )
2017-07-10 13:56:36
C:\wamp\www\diandu\Lib\Model\UserModel.class.php on line 201
show_debug_info

C:\wamp\www\diandu\frame\Common\functions.php on line 1091
saveUserInfo

C:\wamp\www\diandu\Lib\Action\FrontAction.class.php on line 392
get_qr_code

C:\wamp\www\diandu\Lib\Action\IndexAction.class.php on line 12
_initialize

C:\wamp\www\diandu\frame\Lib\Core\Action.class.php on line 58
_initialize

C:\wamp\www\diandu\frame\Common\common.php on line 309
__construct

C:\wamp\www\diandu\frame\Lib\Core\App.class.php on line 110
A

C:\wamp\www\diandu\frame\Lib\Core\App.class.php on line 214
exec

C:\wamp\www\diandu\frame\Lib\Core\Think.class.php on line 39
run

C:\wamp\www\diandu\frame\Common\runtime.php on line 243
start

C:\wamp\www\diandu\frame\entrance.php on line 35
require

C:\wamp\www\diandu\index.php on line 26
require


2017-07-10 13:56:37
UPDATE `tp_users` SET `ticket`=null,`qr_code`='/Uploads/2017-07/2017-07-10/62819.jpg',`qr_code_expire_time`=1500270997 WHERE ( user_id = 62819 )
2017-07-10 13:56:37
C:\wamp\www\diandu\Lib\Model\UserModel.class.php on line 201
show_debug_info

C:\wamp\www\diandu\frame\Common\functions.php on line 1091
saveUserInfo

C:\wamp\www\diandu\Lib\Action\FrontAction.class.php on line 392
get_qr_code

C:\wamp\www\diandu\Lib\Action\IndexAction.class.php on line 12
_initialize

C:\wamp\www\diandu\frame\Lib\Core\Action.class.php on line 58
_initialize

C:\wamp\www\diandu\frame\Common\common.php on line 309
__construct

C:\wamp\www\diandu\frame\Lib\Core\App.class.php on line 110
A

C:\wamp\www\diandu\frame\Lib\Core\App.class.php on line 214
exec

C:\wamp\www\diandu\frame\Lib\Core\Think.class.php on line 39
run

C:\wamp\www\diandu\frame\Common\runtime.php on line 243
start

C:\wamp\www\diandu\frame\entrance.php on line 35
require

C:\wamp\www\diandu\index.php on line 26
require


2017-07-10 13:56:40
UPDATE `tp_users` SET `ticket`=null,`qr_code`='/Uploads/2017-07/2017-07-10/62819.jpg',`qr_code_expire_time`=1500271000 WHERE ( user_id = 62819 )
2017-07-10 13:56:40
C:\wamp\www\diandu\Lib\Model\UserModel.class.php on line 201
show_debug_info

C:\wamp\www\diandu\frame\Common\functions.php on line 1091
saveUserInfo

C:\wamp\www\diandu\Lib\Action\FrontAction.class.php on line 392
get_qr_code

C:\wamp\www\diandu\frame\Lib\Core\Action.class.php on line 58
_initialize

C:\wamp\www\diandu\frame\Common\common.php on line 309
__construct

C:\wamp\www\diandu\frame\Lib\Core\App.class.php on line 110
A

C:\wamp\www\diandu\frame\Lib\Core\App.class.php on line 214
exec

C:\wamp\www\diandu\frame\Lib\Core\Think.class.php on line 39
run

C:\wamp\www\diandu\frame\Common\runtime.php on line 243
start

C:\wamp\www\diandu\frame\entrance.php on line 35
require

C:\wamp\www\diandu\index.php on line 26
require


2017-07-10 13:56:40
UPDATE `tp_users` SET `ticket`=null,`qr_code`='/Uploads/2017-07/2017-07-10/62819.jpg',`qr_code_expire_time`=1500271000 WHERE ( user_id = 62819 )
2017-07-10 13:56:40
C:\wamp\www\diandu\Lib\Model\UserModel.class.php on line 201
show_debug_info

C:\wamp\www\diandu\frame\Common\functions.php on line 1091
saveUserInfo

C:\wamp\www\diandu\Lib\Action\FrontAction.class.php on line 392
get_qr_code

C:\wamp\www\diandu\Lib\Action\EmptyAction.class.php on line 5
_initialize

C:\wamp\www\diandu\frame\Lib\Core\Action.class.php on line 58
_initialize

C:\wamp\www\diandu\frame\Common\common.php on line 309
__construct

C:\wamp\www\diandu\frame\Lib\Core\App.class.php on line 127
A

C:\wamp\www\diandu\frame\Lib\Core\App.class.php on line 214
exec

C:\wamp\www\diandu\frame\Lib\Core\Think.class.php on line 39
run

C:\wamp\www\diandu\frame\Common\runtime.php on line 243
start

C:\wamp\www\diandu\frame\entrance.php on line 35
require

C:\wamp\www\diandu\index.php on line 26
require


2017-07-10 13:56:41
UPDATE `tp_users` SET `ticket`=null,`qr_code`='/Uploads/2017-07/2017-07-10/62819.jpg',`qr_code_expire_time`=1500271001 WHERE ( user_id = 62819 )
2017-07-10 13:56:41
C:\wamp\www\diandu\Lib\Model\UserModel.class.php on line 201
show_debug_info

C:\wamp\www\diandu\frame\Common\functions.php on line 1091
saveUserInfo

C:\wamp\www\diandu\Lib\Action\FrontAction.class.php on line 392
get_qr_code

C:\wamp\www\diandu\Lib\Action\IndexAction.class.php on line 12
_initialize

C:\wamp\www\diandu\frame\Lib\Core\Action.class.php on line 58
_initialize

C:\wamp\www\diandu\frame\Common\common.php on line 309
__construct

C:\wamp\www\diandu\frame\Lib\Core\App.class.php on line 110
A

C:\wamp\www\diandu\frame\Lib\Core\App.class.php on line 214
exec

C:\wamp\www\diandu\frame\Lib\Core\Think.class.php on line 39
run

C:\wamp\www\diandu\frame\Common\runtime.php on line 243
start

C:\wamp\www\diandu\frame\entrance.php on line 35
require

C:\wamp\www\diandu\index.php on line 26
require


2017-07-10 13:56:42
UPDATE `tp_users` SET `ticket`=null,`qr_code`='/Uploads/2017-07/2017-07-10/62819.jpg',`qr_code_expire_time`=1500271002 WHERE ( user_id = 62819 )
2017-07-10 13:56:42
C:\wamp\www\diandu\Lib\Model\UserModel.class.php on line 201
show_debug_info

C:\wamp\www\diandu\frame\Common\functions.php on line 1091
saveUserInfo

C:\wamp\www\diandu\Lib\Action\FrontAction.class.php on line 392
get_qr_code

C:\wamp\www\diandu\Lib\Action\IndexAction.class.php on line 12
_initialize

C:\wamp\www\diandu\frame\Lib\Core\Action.class.php on line 58
_initialize

C:\wamp\www\diandu\frame\Common\common.php on line 309
__construct

C:\wamp\www\diandu\frame\Lib\Core\App.class.php on line 110
A

C:\wamp\www\diandu\frame\Lib\Core\App.class.php on line 214
exec

C:\wamp\www\diandu\frame\Lib\Core\Think.class.php on line 39
run

C:\wamp\www\diandu\frame\Common\runtime.php on line 243
start

C:\wamp\www\diandu\frame\entrance.php on line 35
require

C:\wamp\www\diandu\index.php on line 26
require


2017-07-10 13:56:47
UPDATE `tp_users` SET `ticket`=null,`qr_code`='/Uploads/2017-07/2017-07-10/62819.jpg',`qr_code_expire_time`=1500271007 WHERE ( user_id = 62819 )
2017-07-10 13:56:47
C:\wamp\www\diandu\Lib\Model\UserModel.class.php on line 201
show_debug_info

C:\wamp\www\diandu\frame\Common\functions.php on line 1091
saveUserInfo

C:\wamp\www\diandu\Lib\Action\FrontAction.class.php on line 392
get_qr_code

C:\wamp\www\diandu\frame\Lib\Core\Action.class.php on line 58
_initialize

C:\wamp\www\diandu\frame\Common\common.php on line 309
__construct

C:\wamp\www\diandu\frame\Lib\Core\App.class.php on line 110
A

C:\wamp\www\diandu\frame\Lib\Core\App.class.php on line 214
exec

C:\wamp\www\diandu\frame\Lib\Core\Think.class.php on line 39
run

C:\wamp\www\diandu\frame\Common\runtime.php on line 243
start

C:\wamp\www\diandu\frame\entrance.php on line 35
require

C:\wamp\www\diandu\index.php on line 26
require


2017-07-10 13:56:48
UPDATE `tp_users` SET `ticket`=null,`qr_code`='/Uploads/2017-07/2017-07-10/62819.jpg',`qr_code_expire_time`=1500271008 WHERE ( user_id = 62819 )
2017-07-10 13:56:48
C:\wamp\www\diandu\Lib\Model\UserModel.class.php on line 201
show_debug_info

C:\wamp\www\diandu\frame\Common\functions.php on line 1091
saveUserInfo

C:\wamp\www\diandu\Lib\Action\FrontAction.class.php on line 392
get_qr_code

C:\wamp\www\diandu\Lib\Action\EmptyAction.class.php on line 5
_initialize

C:\wamp\www\diandu\frame\Lib\Core\Action.class.php on line 58
_initialize

C:\wamp\www\diandu\frame\Common\common.php on line 309
__construct

C:\wamp\www\diandu\frame\Lib\Core\App.class.php on line 127
A

C:\wamp\www\diandu\frame\Lib\Core\App.class.php on line 214
exec

C:\wamp\www\diandu\frame\Lib\Core\Think.class.php on line 39
run

C:\wamp\www\diandu\frame\Common\runtime.php on line 243
start

C:\wamp\www\diandu\frame\entrance.php on line 35
require

C:\wamp\www\diandu\index.php on line 26
require


2017-07-10 13:56:49
UPDATE `tp_users` SET `ticket`=null,`qr_code`='/Uploads/2017-07/2017-07-10/62819.jpg',`qr_code_expire_time`=1500271009 WHERE ( user_id = 62819 )
2017-07-10 13:56:49
C:\wamp\www\diandu\Lib\Model\UserModel.class.php on line 201
show_debug_info

C:\wamp\www\diandu\frame\Common\functions.php on line 1091
saveUserInfo

C:\wamp\www\diandu\Lib\Action\FrontAction.class.php on line 392
get_qr_code

C:\wamp\www\diandu\Lib\Action\IndexAction.class.php on line 12
_initialize

C:\wamp\www\diandu\frame\Lib\Core\Action.class.php on line 58
_initialize

C:\wamp\www\diandu\frame\Common\common.php on line 309
__construct

C:\wamp\www\diandu\frame\Lib\Core\App.class.php on line 110
A

C:\wamp\www\diandu\frame\Lib\Core\App.class.php on line 214
exec

C:\wamp\www\diandu\frame\Lib\Core\Think.class.php on line 39
run

C:\wamp\www\diandu\frame\Common\runtime.php on line 243
start

C:\wamp\www\diandu\frame\entrance.php on line 35
require

C:\wamp\www\diandu\index.php on line 26
require


2017-07-10 13:56:50
UPDATE `tp_users` SET `ticket`=null,`qr_code`='/Uploads/2017-07/2017-07-10/62819.jpg',`qr_code_expire_time`=1500271010 WHERE ( user_id = 62819 )
2017-07-10 13:56:50
C:\wamp\www\diandu\Lib\Model\UserModel.class.php on line 201
show_debug_info

C:\wamp\www\diandu\frame\Common\functions.php on line 1091
saveUserInfo

C:\wamp\www\diandu\Lib\Action\FrontAction.class.php on line 392
get_qr_code

C:\wamp\www\diandu\Lib\Action\IndexAction.class.php on line 12
_initialize

C:\wamp\www\diandu\frame\Lib\Core\Action.class.php on line 58
_initialize

C:\wamp\www\diandu\frame\Common\common.php on line 309
__construct

C:\wamp\www\diandu\frame\Lib\Core\App.class.php on line 110
A

C:\wamp\www\diandu\frame\Lib\Core\App.class.php on line 214
exec

C:\wamp\www\diandu\frame\Lib\Core\Think.class.php on line 39
run

C:\wamp\www\diandu\frame\Common\runtime.php on line 243
start

C:\wamp\www\diandu\frame\entrance.php on line 35
require

C:\wamp\www\diandu\index.php on line 26
require


2017-07-10 13:57:11
UPDATE `tp_users` SET `ticket`=null,`qr_code`='/Uploads/2017-07/2017-07-10/62819.jpg',`qr_code_expire_time`=1500271031 WHERE ( user_id = 62819 )
2017-07-10 13:57:11
C:\wamp\www\diandu\Lib\Model\UserModel.class.php on line 201
show_debug_info

C:\wamp\www\diandu\frame\Common\functions.php on line 1091
saveUserInfo

C:\wamp\www\diandu\Lib\Action\FrontAction.class.php on line 392
get_qr_code

C:\wamp\www\diandu\frame\Lib\Core\Action.class.php on line 58
_initialize

C:\wamp\www\diandu\frame\Common\common.php on line 309
__construct

C:\wamp\www\diandu\frame\Lib\Core\App.class.php on line 110
A

C:\wamp\www\diandu\frame\Lib\Core\App.class.php on line 214
exec

C:\wamp\www\diandu\frame\Lib\Core\Think.class.php on line 39
run

C:\wamp\www\diandu\frame\Common\runtime.php on line 243
start

C:\wamp\www\diandu\frame\entrance.php on line 35
require

C:\wamp\www\diandu\index.php on line 26
require


2017-07-10 13:57:12
UPDATE `tp_users` SET `ticket`=null,`qr_code`='/Uploads/2017-07/2017-07-10/62819.jpg',`qr_code_expire_time`=1500271032 WHERE ( user_id = 62819 )
2017-07-10 13:57:12
C:\wamp\www\diandu\Lib\Model\UserModel.class.php on line 201
show_debug_info

C:\wamp\www\diandu\frame\Common\functions.php on line 1091
saveUserInfo

C:\wamp\www\diandu\Lib\Action\FrontAction.class.php on line 392
get_qr_code

C:\wamp\www\diandu\Lib\Action\EmptyAction.class.php on line 5
_initialize

C:\wamp\www\diandu\frame\Lib\Core\Action.class.php on line 58
_initialize

C:\wamp\www\diandu\frame\Common\common.php on line 309
__construct

C:\wamp\www\diandu\frame\Lib\Core\App.class.php on line 127
A

C:\wamp\www\diandu\frame\Lib\Core\App.class.php on line 214
exec

C:\wamp\www\diandu\frame\Lib\Core\Think.class.php on line 39
run

C:\wamp\www\diandu\frame\Common\runtime.php on line 243
start

C:\wamp\www\diandu\frame\entrance.php on line 35
require

C:\wamp\www\diandu\index.php on line 26
require


2017-07-10 13:57:12
UPDATE `tp_users` SET `ticket`=null,`qr_code`='/Uploads/2017-07/2017-07-10/62819.jpg',`qr_code_expire_time`=1500271032 WHERE ( user_id = 62819 )
2017-07-10 13:57:12
C:\wamp\www\diandu\Lib\Model\UserModel.class.php on line 201
show_debug_info

C:\wamp\www\diandu\frame\Common\functions.php on line 1091
saveUserInfo

C:\wamp\www\diandu\Lib\Action\FrontAction.class.php on line 392
get_qr_code

C:\wamp\www\diandu\Lib\Action\IndexAction.class.php on line 12
_initialize

C:\wamp\www\diandu\frame\Lib\Core\Action.class.php on line 58
_initialize

C:\wamp\www\diandu\frame\Common\common.php on line 309
__construct

C:\wamp\www\diandu\frame\Lib\Core\App.class.php on line 110
A

C:\wamp\www\diandu\frame\Lib\Core\App.class.php on line 214
exec

C:\wamp\www\diandu\frame\Lib\Core\Think.class.php on line 39
run

C:\wamp\www\diandu\frame\Common\runtime.php on line 243
start

C:\wamp\www\diandu\frame\entrance.php on line 35
require

C:\wamp\www\diandu\index.php on line 26
require


2017-07-10 13:57:13
UPDATE `tp_users` SET `ticket`=null,`qr_code`='/Uploads/2017-07/2017-07-10/62819.jpg',`qr_code_expire_time`=1500271033 WHERE ( user_id = 62819 )
2017-07-10 13:57:13
C:\wamp\www\diandu\Lib\Model\UserModel.class.php on line 201
show_debug_info

C:\wamp\www\diandu\frame\Common\functions.php on line 1091
saveUserInfo

C:\wamp\www\diandu\Lib\Action\FrontAction.class.php on line 392
get_qr_code

C:\wamp\www\diandu\Lib\Action\IndexAction.class.php on line 12
_initialize

C:\wamp\www\diandu\frame\Lib\Core\Action.class.php on line 58
_initialize

C:\wamp\www\diandu\frame\Common\common.php on line 309
__construct

C:\wamp\www\diandu\frame\Lib\Core\App.class.php on line 110
A

C:\wamp\www\diandu\frame\Lib\Core\App.class.php on line 214
exec

C:\wamp\www\diandu\frame\Lib\Core\Think.class.php on line 39
run

C:\wamp\www\diandu\frame\Common\runtime.php on line 243
start

C:\wamp\www\diandu\frame\entrance.php on line 35
require

C:\wamp\www\diandu\index.php on line 26
require


2017-07-10 16:13:34
UPDATE `tp_users` SET `ticket`=null,`qr_code`='/Uploads/2017-07/2017-07-10/62819.jpg',`qr_code_expire_time`=1500279214 WHERE ( user_id = 62819 )
2017-07-10 16:13:34
C:\wamp\www\diandu\Lib\Model\UserModel.class.php on line 201
show_debug_info

C:\wamp\www\diandu\frame\Common\functions.php on line 1091
saveUserInfo

C:\wamp\www\diandu\Lib\Action\FrontAction.class.php on line 392
get_qr_code

C:\wamp\www\diandu\Lib\Action\IndexAction.class.php on line 12
_initialize

C:\wamp\www\diandu\frame\Lib\Core\Action.class.php on line 58
_initialize

C:\wamp\www\diandu\frame\Common\common.php on line 309
__construct

C:\wamp\www\diandu\frame\Lib\Core\App.class.php on line 110
A

C:\wamp\www\diandu\frame\Lib\Core\App.class.php on line 214
exec

C:\wamp\www\diandu\frame\Lib\Core\Think.class.php on line 39
run

C:\wamp\www\diandu\frame\Common\runtime.php on line 243
start

C:\wamp\www\diandu\frame\entrance.php on line 35
require

C:\wamp\www\diandu\index.php on line 26
require


2017-07-10 16:13:37
UPDATE `tp_users` SET `ticket`=null,`qr_code`='/Uploads/2017-07/2017-07-10/62819.jpg',`qr_code_expire_time`=1500279216 WHERE ( user_id = 62819 )
2017-07-10 16:13:37
C:\wamp\www\diandu\Lib\Model\UserModel.class.php on line 201
show_debug_info

C:\wamp\www\diandu\frame\Common\functions.php on line 1091
saveUserInfo

C:\wamp\www\diandu\Lib\Action\FrontAction.class.php on line 392
get_qr_code

C:\wamp\www\diandu\Lib\Action\IndexAction.class.php on line 12
_initialize

C:\wamp\www\diandu\frame\Lib\Core\Action.class.php on line 58
_initialize

C:\wamp\www\diandu\frame\Common\common.php on line 309
__construct

C:\wamp\www\diandu\frame\Lib\Core\App.class.php on line 110
A

C:\wamp\www\diandu\frame\Lib\Core\App.class.php on line 214
exec

C:\wamp\www\diandu\frame\Lib\Core\Think.class.php on line 39
run

C:\wamp\www\diandu\frame\Common\runtime.php on line 243
start

C:\wamp\www\diandu\frame\entrance.php on line 35
require

C:\wamp\www\diandu\index.php on line 26
require


2017-07-10 16:13:39
UPDATE `tp_users` SET `ticket`=null,`qr_code`='/Uploads/2017-07/2017-07-10/62819.jpg',`qr_code_expire_time`=1500279219 WHERE ( user_id = 62819 )
2017-07-10 16:13:39
C:\wamp\www\diandu\Lib\Model\UserModel.class.php on line 201
show_debug_info

C:\wamp\www\diandu\frame\Common\functions.php on line 1091
saveUserInfo

C:\wamp\www\diandu\Lib\Action\FrontAction.class.php on line 392
get_qr_code

C:\wamp\www\diandu\Lib\Action\EmptyAction.class.php on line 5
_initialize

C:\wamp\www\diandu\frame\Lib\Core\Action.class.php on line 58
_initialize

C:\wamp\www\diandu\frame\Common\common.php on line 309
__construct

C:\wamp\www\diandu\frame\Lib\Core\App.class.php on line 127
A

C:\wamp\www\diandu\frame\Lib\Core\App.class.php on line 214
exec

C:\wamp\www\diandu\frame\Lib\Core\Think.class.php on line 39
run

C:\wamp\www\diandu\frame\Common\runtime.php on line 243
start

C:\wamp\www\diandu\frame\entrance.php on line 35
require

C:\wamp\www\diandu\index.php on line 26
require


