2017-07-04 19:38:33
结果:{"status":1000,"msg":"仅可提现到本人银行卡！"}
2017-07-04 20:03:02
结果:{"status":0,"msg":"操作成功！","data":{"mch_id":24,"billno":"2017070410000000129384915351","receipt_fee":149}}
2017-07-04 20:24:29
结果:{"status":1000,"msg":"仅可提现到本人银行卡！"}
2017-07-04 20:25:34
结果:{"status":1000,"msg":"仅可提现到本人银行卡！"}
2017-07-04 20:25:56
结果:{"status":0,"msg":"操作成功！","data":{"mch_id":37,"billno":"2017070410000000129133764003","receipt_fee":149}}
2017-07-07 09:15:25
结果:{"status":1000,"msg":"金额参数错误！"}
2017-07-07 09:19:05
结果:{"status":0,"msg":"操作成功！","data":{"mch_id":37,"billno":"2017070710000000121283147505","receipt_fee":50}}
2017-07-07 09:22:34
结果:{"status":0,"msg":"操作成功！","data":{"mch_id":37,"billno":"2017070710000000121083393996","receipt_fee":50}}
2017-07-07 09:32:29
结果:{"status":0,"msg":"操作成功！","data":{"mch_id":37,"billno":"2017070710000000124855745745","receipt_fee":50}}
2017-07-07 09:43:05
结果:{"status":1000,"msg":"余额不足！"}
2017-07-07 09:45:40
结果:{"status":1000,"msg":"余额不足！"}
2017-07-07 09:46:49
结果:{"status":1000,"msg":"余额不足！"}
2017-07-07 09:47:11
结果:{"status":1000,"msg":"请稍后再操作！！"}
2017-07-21 16:22:15
结果:{"status":1000,"msg":"请稍后再操作！！"}
2017-07-24 10:53:50
结果:{"status":1000,"msg":"当前时间段不可提现！"}
2017-07-25 09:05:42
结果:{"status":0,"msg":"操作成功！","data":{"mch_id":24,"billno":"2017072510000000129682876981","receipt_fee":50}}
2017-07-25 09:12:03
结果:{"status":0,"msg":"操作成功！","data":{"mch_id":24,"billno":"2017072510000000125505769360","receipt_fee":50}}
2017-07-25 09:20:02
结果:{"status":0,"msg":"操作成功！","data":{"mch_id":37,"billno":"2017072510000000128123548026","receipt_fee":50}}
2017-08-01 10:45:14
结果:{"status":1000,"msg":"余额不足！"}
2017-08-01 10:51:52
结果:{"status":1000,"msg":"余额不足！"}
2017-08-01 10:52:09
结果:{"status":1000,"msg":"请稍后再操作！！"}
2017-08-01 10:52:14
结果:{"status":1000,"msg":"请稍后再操作！！"}
2017-08-01 10:52:46
结果:{"status":1000,"msg":"余额不足！"}
2017-08-01 10:57:40
结果:{"status":1000,"msg":"余额不足！"}
2017-08-03 09:46:23
结果:{"status":1000,"msg":"余额不足！"}
2017-08-03 10:22:42
结果:{"status":1000,"msg":"余额不足！"}
