2017-07-03 15:29:55
店铺信息:{"business_id":"78","business_name":"\u67cf\u6797\u5927\u996d\u5e97","contacts":"\u5b59\u9510","contact_number":"18949840976","business_classify_id":"13","industry_id":"0","rate":"0.0045","consumption":"100","province_id":"340000","city_id":"340100","area_id":"340111","address":"\u5b89\u5fbd\u7701\u5408\u80a5\u5e02\u5305\u6cb3\u533a\u829c\u6e56\u8def29\u53f7-\u5305\u6cb3\u533a\u829c\u6e56\u8def29\u53f7","desc":"111","sign_pic":"http:\/\/img.pannationalarts.com\/FsrY1QonMI4Edif0eBdWyPj6sL7L","evn_pic":"\/Public\/Images\/front\/front_img\/logo3x.png","license_pic":"http:\/\/img.pannationalarts.com\/FhYSkze6G6QBh4HgAwZ_Wds5Rgjw","addtime":"1499063070","status":"1","user_id":"62891","longitude":"117.309538","latitude":"31.864064","cost":"0","reg_time":"0","is_tpl":"0","range":"0","is_out":"0","is_open":"0","star":"5","delivery_time":"0","delivery_fee":"0","start_delivery_fee":"0","sumscore":"0","out_status":"0","box_fee":"0","mch_id":"41","mch_status":"3","mail":"376142715@qq.com","business_license":"","business_license_type":"","full_name":"\u67cf\u6797\u5927\u996d\u5e97","category_id":"2015050700000000","delivery_fee_free":"0","business_left_money":"11.95","freeze_money":"0.00"}
2017-07-03 15:29:55
amount_before_pay:11.95
2017-07-03 15:29:55
amount_after_pay:11.95
2017-07-03 15:29:55
变动金额:0.00
2017-07-03 15:29:55
sql语句：UPDATE `tp_business` SET `business_left_money`=11.95,`freeze_money`=0 WHERE ( business_id = 78 )
2017-07-03 15:29:55
account:sql语句：INSERT INTO `tp_account` (`user_id`,`change_type`,`amount_in`,`amount_out`,`amount_before_pay`,`amount_after_pay`,`order_id`,`operater`,`addtime`,`remark`,`proof`,`ip`,`role_type`) VALUES ('62891',16,'0.00',0,'11.95',11.95,'',1,1499066995,'拒绝提现申请：冻结池余额不足，无法提现(算上平台减免费用)','','127.0.0.1',2)
2017-07-03 15:29:55
sql语句1：UPDATE `tp_deposit_apply` SET `state`=2,`admin_remark`='冻结池余额不足，无法提现' WHERE ( deposit_apply_id = 144 )
2017-07-03 15:29:55
sql结果：1
2017-07-03 15:29:55
拒绝sql:UPDATE `tp_deposit_apply` SET `admin_remark`='余额不足，无法提现' WHERE ( deposit_apply_id = 144 )
2017-07-03 15:30:46
店铺信息:{"business_id":"78","business_name":"\u67cf\u6797\u5927\u996d\u5e97","contacts":"\u5b59\u9510","contact_number":"18949840976","business_classify_id":"13","industry_id":"0","rate":"0.0045","consumption":"100","province_id":"340000","city_id":"340100","area_id":"340111","address":"\u5b89\u5fbd\u7701\u5408\u80a5\u5e02\u5305\u6cb3\u533a\u829c\u6e56\u8def29\u53f7-\u5305\u6cb3\u533a\u829c\u6e56\u8def29\u53f7","desc":"111","sign_pic":"http:\/\/img.pannationalarts.com\/FsrY1QonMI4Edif0eBdWyPj6sL7L","evn_pic":"\/Public\/Images\/front\/front_img\/logo3x.png","license_pic":"http:\/\/img.pannationalarts.com\/FhYSkze6G6QBh4HgAwZ_Wds5Rgjw","addtime":"1499063070","status":"1","user_id":"62891","longitude":"117.309538","latitude":"31.864064","cost":"0","reg_time":"0","is_tpl":"0","range":"0","is_out":"0","is_open":"0","star":"5","delivery_time":"0","delivery_fee":"0","start_delivery_fee":"0","sumscore":"0","out_status":"0","box_fee":"0","mch_id":"41","mch_status":"3","mail":"376142715@qq.com","business_license":"","business_license_type":"","full_name":"\u67cf\u6797\u5927\u996d\u5e97","category_id":"2015050700000000","delivery_fee_free":"0","business_left_money":"11.95","freeze_money":"10.00"}
2017-07-03 15:30:46
amount_before_pay:11.95
2017-07-03 15:30:46
amount_after_pay:21.95
2017-07-03 15:30:46
变动金额:10.00
2017-07-03 15:30:46
sql语句：UPDATE `tp_business` SET `business_left_money`=21.95,`freeze_money`=0 WHERE ( business_id = 78 )
2017-07-03 15:30:46
account:sql语句：INSERT INTO `tp_account` (`user_id`,`change_type`,`amount_in`,`amount_out`,`amount_before_pay`,`amount_after_pay`,`order_id`,`operater`,`addtime`,`remark`,`proof`,`ip`,`role_type`) VALUES ('62891',16,'10.00',0,'11.95',21.95,'',1,1499067046,'拒绝提现申请：冻结池余额不足，无法提现(算上平台减免费用)','','127.0.0.1',2)
2017-07-03 15:30:46
sql语句1：UPDATE `tp_deposit_apply` SET `state`=2,`admin_remark`='冻结池余额不足，无法提现' WHERE ( deposit_apply_id = 144 )
2017-07-03 15:30:46
sql结果：1
2017-07-03 15:30:46
拒绝sql:UPDATE `tp_deposit_apply` SET `admin_remark`='余额不足，无法提现' WHERE ( deposit_apply_id = 144 )
2017-07-03 16:26:09
店铺信息:{"business_id":"61","business_name":"\u6c99\u53bf\u5c0f\u5403","contacts":"\u5f90\u6c38","contact_number":"13164986229","business_classify_id":"17","industry_id":"0","rate":"0.008","consumption":"10","province_id":"330000","city_id":"330100","area_id":"330110","address":"\u6d59\u6c5f\u7701\u676d\u5dde\u5e02\u4f59\u676d\u533a\u6d77\u66d9\u8def-\u6843\u82b1\u6e2f88\u53f7","desc":"\u597d","sign_pic":"http:\/\/img.pannationalarts.com\/FmuUXe3YrXVcqASIouesN_k00c-F","evn_pic":"\/Public\/Images\/front\/front_img\/logo3x.png","license_pic":"http:\/\/img.pannationalarts.com\/FuP50eddSlNAG-p-gxBUCEuGnVcI","addtime":"1498124872","status":"1","user_id":"62819","longitude":"120.015619","latitude":"30.293123","cost":"0","reg_time":"1498537411","is_tpl":"0","range":"2","is_out":"1","is_open":"0","star":"5","delivery_time":"30","delivery_fee":"2","start_delivery_fee":"0","sumscore":"0","out_status":"1","box_fee":"2","mch_id":"37","mch_status":"1","mail":"782043356@qq.com","business_license":"13164988229","business_license_type":"NATIONAL_LEGAL_MERGE","full_name":"\u6c99\u53bf\u5c0f\u5403","category_id":"2015050700000000","delivery_fee_free":"1","business_left_money":"75.00","freeze_money":"10.00"}
2017-07-03 16:26:09
amount_before_pay:75.00
2017-07-03 16:26:09
amount_after_pay:85
2017-07-03 16:26:09
变动金额:10.00
2017-07-03 16:26:09
sql语句：UPDATE `tp_business` SET `business_left_money`=85,`freeze_money`=0 WHERE ( business_id = 61 )
2017-07-03 16:26:09
account:sql语句：INSERT INTO `tp_account` (`user_id`,`change_type`,`amount_in`,`amount_out`,`amount_before_pay`,`amount_after_pay`,`order_id`,`operater`,`addtime`,`remark`,`proof`,`ip`,`role_type`) VALUES ('62819',16,'10.00',0,'75.00',85,'',1,1499070369,'拒绝提现申请：(算上平台减免费用)','','127.0.0.1',2)
2017-07-03 16:26:09
sql语句1：UPDATE `tp_deposit_apply` SET `state`=2 WHERE ( deposit_apply_id = 147 )
2017-07-03 16:26:09
sql结果：1
2017-07-03 16:26:09
拒绝sql:UPDATE `tp_deposit_apply` SET `admin_remark`='拒绝' WHERE ( deposit_apply_id = 147 )
2017-07-03 16:27:10
店铺信息:{"business_id":"61","business_name":"\u6c99\u53bf\u5c0f\u5403","contacts":"\u5f90\u6c38","contact_number":"13164986229","business_classify_id":"17","industry_id":"0","rate":"0.008","consumption":"10","province_id":"330000","city_id":"330100","area_id":"330110","address":"\u6d59\u6c5f\u7701\u676d\u5dde\u5e02\u4f59\u676d\u533a\u6d77\u66d9\u8def-\u6843\u82b1\u6e2f88\u53f7","desc":"\u597d","sign_pic":"http:\/\/img.pannationalarts.com\/FmuUXe3YrXVcqASIouesN_k00c-F","evn_pic":"\/Public\/Images\/front\/front_img\/logo3x.png","license_pic":"http:\/\/img.pannationalarts.com\/FuP50eddSlNAG-p-gxBUCEuGnVcI","addtime":"1498124872","status":"1","user_id":"62819","longitude":"120.015619","latitude":"30.293123","cost":"0","reg_time":"1498537411","is_tpl":"0","range":"2","is_out":"1","is_open":"0","star":"5","delivery_time":"30","delivery_fee":"2","start_delivery_fee":"0","sumscore":"0","out_status":"1","box_fee":"2","mch_id":"37","mch_status":"1","mail":"782043356@qq.com","business_license":"13164988229","business_license_type":"NATIONAL_LEGAL_MERGE","full_name":"\u6c99\u53bf\u5c0f\u5403","category_id":"2015050700000000","delivery_fee_free":"1","business_left_money":"0.78","freeze_money":"10.00"}
2017-07-03 16:27:10
amount_before_pay:0.78
2017-07-03 16:27:10
amount_after_pay:10.78
2017-07-03 16:27:10
变动金额:10.00
2017-07-03 16:27:10
sql语句：UPDATE `tp_business` SET `business_left_money`=10.78,`freeze_money`=0 WHERE ( business_id = 61 )
2017-07-03 16:27:10
account:sql语句：INSERT INTO `tp_account` (`user_id`,`change_type`,`amount_in`,`amount_out`,`amount_before_pay`,`amount_after_pay`,`order_id`,`operater`,`addtime`,`remark`,`proof`,`ip`,`role_type`) VALUES ('62819',16,'10.00',0,'0.78',10.78,'',1,1499070430,'拒绝提现申请：(算上平台减免费用)','','127.0.0.1',2)
2017-07-03 16:27:10
sql语句1：UPDATE `tp_deposit_apply` SET `state`=2 WHERE ( deposit_apply_id = 148 )
2017-07-03 16:27:10
sql结果：1
2017-07-03 16:27:10
拒绝sql:UPDATE `tp_deposit_apply` SET `admin_remark`='拒绝' WHERE ( deposit_apply_id = 148 )
2017-07-03 16:28:30
店铺信息:{"business_id":"61","business_name":"\u6c99\u53bf\u5c0f\u5403","contacts":"\u5f90\u6c38","contact_number":"13164986229","business_classify_id":"17","industry_id":"0","rate":"0.008","consumption":"10","province_id":"330000","city_id":"330100","area_id":"330110","address":"\u6d59\u6c5f\u7701\u676d\u5dde\u5e02\u4f59\u676d\u533a\u6d77\u66d9\u8def-\u6843\u82b1\u6e2f88\u53f7","desc":"\u597d","sign_pic":"http:\/\/img.pannationalarts.com\/FmuUXe3YrXVcqASIouesN_k00c-F","evn_pic":"\/Public\/Images\/front\/front_img\/logo3x.png","license_pic":"http:\/\/img.pannationalarts.com\/FuP50eddSlNAG-p-gxBUCEuGnVcI","addtime":"1498124872","status":"1","user_id":"62819","longitude":"120.015619","latitude":"30.293123","cost":"0","reg_time":"1498537411","is_tpl":"0","range":"2","is_out":"1","is_open":"0","star":"5","delivery_time":"30","delivery_fee":"2","start_delivery_fee":"0","sumscore":"0","out_status":"1","box_fee":"2","mch_id":"37","mch_status":"1","mail":"782043356@qq.com","business_license":"13164988229","business_license_type":"NATIONAL_LEGAL_MERGE","full_name":"\u6c99\u53bf\u5c0f\u5403","category_id":"2015050700000000","delivery_fee_free":"1","business_left_money":"0.78","freeze_money":"10.00"}
2017-07-03 16:28:30
amount_before_pay:0.78
2017-07-03 16:28:30
amount_after_pay:10.78
2017-07-03 16:28:30
变动金额:10.00
2017-07-03 16:28:30
sql语句：UPDATE `tp_business` SET `business_left_money`=10.78,`freeze_money`=0 WHERE ( business_id = 61 )
2017-07-03 16:28:30
account:sql语句：INSERT INTO `tp_account` (`user_id`,`change_type`,`amount_in`,`amount_out`,`amount_before_pay`,`amount_after_pay`,`order_id`,`operater`,`addtime`,`remark`,`proof`,`ip`,`role_type`) VALUES ('62819',16,'10.00',0,'0.78',10.78,'',1,1499070510,'拒绝提现申请：(算上平台减免费用)','','127.0.0.1',2)
2017-07-03 16:28:30
sql语句1：UPDATE `tp_deposit_apply` SET `state`=2 WHERE ( deposit_apply_id = 149 )
2017-07-03 16:28:30
sql结果：1
2017-07-03 16:28:30
拒绝sql:UPDATE `tp_deposit_apply` SET `admin_remark`='拒绝' WHERE ( deposit_apply_id = 149 )
2017-07-03 16:32:03
店铺信息:{"business_id":"61","business_name":"\u6c99\u53bf\u5c0f\u5403","contacts":"\u5f90\u6c38","contact_number":"13164986229","business_classify_id":"17","industry_id":"0","rate":"0.008","consumption":"10","province_id":"330000","city_id":"330100","area_id":"330110","address":"\u6d59\u6c5f\u7701\u676d\u5dde\u5e02\u4f59\u676d\u533a\u6d77\u66d9\u8def-\u6843\u82b1\u6e2f88\u53f7","desc":"\u597d","sign_pic":"http:\/\/img.pannationalarts.com\/FmuUXe3YrXVcqASIouesN_k00c-F","evn_pic":"\/Public\/Images\/front\/front_img\/logo3x.png","license_pic":"http:\/\/img.pannationalarts.com\/FuP50eddSlNAG-p-gxBUCEuGnVcI","addtime":"1498124872","status":"1","user_id":"62819","longitude":"120.015619","latitude":"30.293123","cost":"0","reg_time":"1498537411","is_tpl":"0","range":"2","is_out":"1","is_open":"0","star":"5","delivery_time":"30","delivery_fee":"2","start_delivery_fee":"0","sumscore":"0","out_status":"1","box_fee":"2","mch_id":"37","mch_status":"1","mail":"782043356@qq.com","business_license":"13164988229","business_license_type":"NATIONAL_LEGAL_MERGE","full_name":"\u6c99\u53bf\u5c0f\u5403","category_id":"2015050700000000","delivery_fee_free":"1","business_left_money":"10.78","freeze_money":"0.50"}
2017-07-03 16:32:03
amount_before_pay:10.78
2017-07-03 16:32:03
amount_after_pay:11.28
2017-07-03 16:32:03
变动金额:0.50
2017-07-03 16:32:03
sql语句：UPDATE `tp_business` SET `business_left_money`=11.28,`freeze_money`=0 WHERE ( business_id = 61 )
2017-07-03 16:32:03
account:sql语句：INSERT INTO `tp_account` (`user_id`,`change_type`,`amount_in`,`amount_out`,`amount_before_pay`,`amount_after_pay`,`order_id`,`operater`,`addtime`,`remark`,`proof`,`ip`,`role_type`) VALUES ('62819',16,'0.50',0,'10.78',11.28,'',1,1499070723,'拒绝提现申请：冻结池余额不足，无法提现(算上平台减免费用)','','127.0.0.1',2)
2017-07-03 16:32:03
sql语句1：UPDATE `tp_deposit_apply` SET `state`=2,`admin_remark`='冻结池余额不足，无法提现' WHERE ( deposit_apply_id = 149 )
2017-07-03 16:32:03
sql结果：1
2017-07-03 16:32:03
拒绝sql:UPDATE `tp_deposit_apply` SET `admin_remark`='拒绝' WHERE ( deposit_apply_id = 149 )
2017-07-03 16:32:50
店铺信息:{"business_id":"61","business_name":"\u6c99\u53bf\u5c0f\u5403","contacts":"\u5f90\u6c38","contact_number":"13164986229","business_classify_id":"17","industry_id":"0","rate":"0.008","consumption":"10","province_id":"330000","city_id":"330100","area_id":"330110","address":"\u6d59\u6c5f\u7701\u676d\u5dde\u5e02\u4f59\u676d\u533a\u6d77\u66d9\u8def-\u6843\u82b1\u6e2f88\u53f7","desc":"\u597d","sign_pic":"http:\/\/img.pannationalarts.com\/FmuUXe3YrXVcqASIouesN_k00c-F","evn_pic":"\/Public\/Images\/front\/front_img\/logo3x.png","license_pic":"http:\/\/img.pannationalarts.com\/FuP50eddSlNAG-p-gxBUCEuGnVcI","addtime":"1498124872","status":"1","user_id":"62819","longitude":"120.015619","latitude":"30.293123","cost":"0","reg_time":"1498537411","is_tpl":"0","range":"2","is_out":"1","is_open":"0","star":"5","delivery_time":"30","delivery_fee":"2","start_delivery_fee":"0","sumscore":"0","out_status":"1","box_fee":"2","mch_id":"37","mch_status":"1","mail":"782043356@qq.com","business_license":"13164988229","business_license_type":"NATIONAL_LEGAL_MERGE","full_name":"\u6c99\u53bf\u5c0f\u5403","category_id":"2015050700000000","delivery_fee_free":"1","business_left_money":"0.78","freeze_money":"0.05"}
2017-07-03 16:32:50
amount_before_pay:0.78
2017-07-03 16:32:50
amount_after_pay:0.83
2017-07-03 16:32:50
变动金额:0.05
2017-07-03 16:32:50
sql语句：UPDATE `tp_business` SET `business_left_money`=0.83,`freeze_money`=0 WHERE ( business_id = 61 )
2017-07-03 16:32:50
account:sql语句：INSERT INTO `tp_account` (`user_id`,`change_type`,`amount_in`,`amount_out`,`amount_before_pay`,`amount_after_pay`,`order_id`,`operater`,`addtime`,`remark`,`proof`,`ip`,`role_type`) VALUES ('62819',16,'0.05',0,'0.78',0.83,'',1,1499070770,'拒绝提现申请：冻结池余额不足，无法提现(算上平台减免费用)','','127.0.0.1',2)
2017-07-03 16:32:50
sql语句1：UPDATE `tp_deposit_apply` SET `state`=2,`admin_remark`='冻结池余额不足，无法提现' WHERE ( deposit_apply_id = 149 )
2017-07-03 16:32:50
sql结果：1
2017-07-03 16:32:50
拒绝sql:UPDATE `tp_deposit_apply` SET `admin_remark`='拒绝' WHERE ( deposit_apply_id = 149 )
2017-07-07 09:15:25
amount_before_pay:5.00
2017-07-07 09:15:25
amount_after_pay:4
2017-07-07 09:15:25
变动金额:-1
2017-07-07 09:15:25
变动前冻结池金额4.00
2017-07-07 09:15:25
冻结池:：3
2017-07-07 09:15:25
sql语句：UPDATE `tp_business` SET `business_left_money`=4,`freeze_money`=3 WHERE ( business_id = 61 )
2017-07-07 09:15:25
account:sql语句：INSERT INTO `tp_account` (`user_id`,`change_type`,`amount_in`,`amount_out`,`amount_before_pay`,`amount_after_pay`,`order_id`,`operater`,`addtime`,`remark`,`proof`,`ip`,`role_type`) VALUES (62819,15,-1,0,'5.00',4,'',62819,1499390125,'提现申请(商家营业额)(算上平台减免费用)','','127.0.0.1',2)
2017-07-07 09:19:05
amount_before_pay:4.00
2017-07-07 09:19:05
amount_after_pay:3
2017-07-07 09:19:05
变动金额:-1
2017-07-07 09:19:05
变动前冻结池金额0.00
2017-07-07 09:19:05
冻结池:：-1
2017-07-07 09:19:05
sql语句：UPDATE `tp_business` SET `business_left_money`=3,`freeze_money`=-1 WHERE ( business_id = 61 )
2017-07-07 09:19:05
account:sql语句：INSERT INTO `tp_account` (`user_id`,`change_type`,`amount_in`,`amount_out`,`amount_before_pay`,`amount_after_pay`,`order_id`,`operater`,`addtime`,`remark`,`proof`,`ip`,`role_type`) VALUES (62819,15,-1,0,'4.00',3,'',62819,1499390345,'提现申请(商家营业额)(算上平台减免费用)','','127.0.0.1',2)
2017-07-07 09:22:34
amount_before_pay:5.00
2017-07-07 09:22:34
amount_after_pay:4
2017-07-07 09:22:34
变动金额:-1
2017-07-07 09:22:34
变动前冻结池金额0.00
2017-07-07 09:22:34
冻结池:：-1
2017-07-07 09:22:34
sql语句：UPDATE `tp_business` SET `business_left_money`=4,`freeze_money`=-1 WHERE ( business_id = 61 )
2017-07-07 09:22:34
account:sql语句：INSERT INTO `tp_account` (`user_id`,`change_type`,`amount_in`,`amount_out`,`amount_before_pay`,`amount_after_pay`,`order_id`,`operater`,`addtime`,`remark`,`proof`,`ip`,`role_type`) VALUES (62819,15,-1,0,'5.00',4,'',62819,1499390554,'提现申请(商家营业额)(算上平台减免费用)','','127.0.0.1',2)
2017-07-07 09:32:29
amount_before_pay:4.00
2017-07-07 09:32:29
amount_after_pay:3
2017-07-07 09:32:29
变动金额:-1
2017-07-07 09:32:29
变动前冻结池金额1.00
2017-07-07 09:32:29
冻结池:：0
2017-07-07 09:32:29
sql语句：UPDATE `tp_business` SET `business_left_money`=3,`freeze_money`=0 WHERE ( business_id = 61 )
2017-07-07 09:32:29
account:sql语句：INSERT INTO `tp_account` (`user_id`,`change_type`,`amount_in`,`amount_out`,`amount_before_pay`,`amount_after_pay`,`order_id`,`operater`,`addtime`,`remark`,`proof`,`ip`,`role_type`) VALUES (62819,15,-1,0,'4.00',3,'',62819,1499391149,'提现申请(商家营业额)(算上平台减免费用)','','127.0.0.1',2)
2017-07-25 09:05:42
amount_before_pay:19.08
2017-07-25 09:05:42
amount_after_pay:18.08
2017-07-25 09:05:42
变动金额:-1
2017-07-25 09:05:42
变动前冻结池金额4690.00
2017-07-25 09:05:42
冻结池:：4689
2017-07-25 09:05:42
sql语句：UPDATE `tp_business` SET `business_left_money`=18.08,`freeze_money`=4689 WHERE ( business_id = 62 )
2017-07-25 09:05:42
account:sql语句：INSERT INTO `tp_account` (`user_id`,`change_type`,`amount_in`,`amount_out`,`amount_before_pay`,`amount_after_pay`,`order_id`,`operater`,`addtime`,`remark`,`proof`,`ip`,`role_type`) VALUES (62813,15,-1,0,'19.08',18.08,'',62813,1500944742,'提现申请(商家营业额)(算上平台减免费用)','','127.0.0.1',2)
2017-07-25 09:12:03
amount_before_pay:18.08
2017-07-25 09:12:03
amount_after_pay:17.08
2017-07-25 09:12:03
变动金额:-1
2017-07-25 09:12:03
变动前冻结池金额4690.00
2017-07-25 09:12:03
冻结池:：4689
2017-07-25 09:12:03
sql语句：UPDATE `tp_business` SET `business_left_money`=17.08,`freeze_money`=4689 WHERE ( business_id = 62 )
2017-07-25 09:12:03
account:sql语句：INSERT INTO `tp_account` (`user_id`,`change_type`,`amount_in`,`amount_out`,`amount_before_pay`,`amount_after_pay`,`order_id`,`operater`,`addtime`,`remark`,`proof`,`ip`,`role_type`) VALUES (62813,15,-1,0,'18.08',17.08,'',62813,1500945123,'提现申请(商家营业额)(算上平台减免费用)','','127.0.0.1',2)
