2017-07-03 13:36:52
account: INSERT INTO `tp_account` (`user_id`,`change_type`,`amount_in`,`amount_out`,`amount_before_pay`,`amount_after_pay`,`order_id`,`operater`,`addtime`,`remark`,`proof`,`ip`,`role_type`) VALUES (62881,15,0,1,'973.00',972,'',62881,1499060212,'提现申请(余额)','','127.0.0.1',4)
2017-07-03 13:39:58
account: INSERT INTO `tp_account` (`user_id`,`change_type`,`amount_in`,`amount_out`,`amount_before_pay`,`amount_after_pay`,`order_id`,`operater`,`addtime`,`remark`,`proof`,`ip`,`role_type`) VALUES (62881,15,0,12,'972.00',960,'',62881,1499060398,'提现申请(余额)','','127.0.0.1',4)
2017-07-03 13:53:09
push_user: opt = deposit_refuse, data = {"touser":"owW85we5fp0JvR3rRYvatkJxevCc","template_id":null,"url":null,"topcolor":"#FF0000","data":{"first":{"value":"\u5c0a\u656c\u7684\u5ba2\u6237\uff0c\u60a8\u7684\u63d0\u73b0\u7533\u8bf7\u88ab\u62d2\u7edd","color":"#000000"},"keyword1":{"value":"5.00","color":"#FF0000"},"keyword2":{"value":"2017-07-03 13:53:09","color":"#FF0000"},"keyword3":{"value":"\u94f6\u884c\u63a5\u53e3\u5f02\u5e38\uff0c\u63a5\u53e3\u8fd4\u56de:\u4f59\u989d\u4e0d\u8db3\uff01","color":"#FF0000"},"remark":{"value":"\u5982\u6709\u7591\u95ee\uff0c\u8bf7\u8054\u7cfb\u5ba2\u670d","color":"#000000"}}}
2017-07-03 13:53:59
push_user: opt = deposit_refuse, data = {"touser":"owW85we5fp0JvR3rRYvatkJxevCc","template_id":null,"url":null,"topcolor":"#FF0000","data":{"first":{"value":"\u5c0a\u656c\u7684\u5ba2\u6237\uff0c\u60a8\u7684\u63d0\u73b0\u7533\u8bf7\u88ab\u62d2\u7edd","color":"#000000"},"keyword1":{"value":"5.00","color":"#FF0000"},"keyword2":{"value":"2017-07-03 13:53:59","color":"#FF0000"},"keyword3":{"value":"123","color":"#FF0000"},"remark":{"value":"\u5982\u6709\u7591\u95ee\uff0c\u8bf7\u8054\u7cfb\u5ba2\u670d","color":"#000000"}}}
2017-07-03 13:54:38
push_user: opt = deposit_refuse, data = {"touser":"owW85we5fp0JvR3rRYvatkJxevCc","template_id":null,"url":null,"topcolor":"#FF0000","data":{"first":{"value":"\u5c0a\u656c\u7684\u5ba2\u6237\uff0c\u60a8\u7684\u63d0\u73b0\u7533\u8bf7\u88ab\u62d2\u7edd","color":"#000000"},"keyword1":{"value":"5.00","color":"#FF0000"},"keyword2":{"value":"2017-07-03 13:54:38","color":"#FF0000"},"keyword3":{"value":"123","color":"#FF0000"},"remark":{"value":"\u5982\u6709\u7591\u95ee\uff0c\u8bf7\u8054\u7cfb\u5ba2\u670d","color":"#000000"}}}
2017-07-03 13:55:19
push_user: opt = deposit_refuse, data = {"touser":"owW85we5fp0JvR3rRYvatkJxevCc","template_id":null,"url":null,"topcolor":"#FF0000","data":{"first":{"value":"\u5c0a\u656c\u7684\u5ba2\u6237\uff0c\u60a8\u7684\u63d0\u73b0\u7533\u8bf7\u88ab\u62d2\u7edd","color":"#000000"},"keyword1":{"value":"5.00","color":"#FF0000"},"keyword2":{"value":"2017-07-03 13:55:19","color":"#FF0000"},"keyword3":{"value":"123","color":"#FF0000"},"remark":{"value":"\u5982\u6709\u7591\u95ee\uff0c\u8bf7\u8054\u7cfb\u5ba2\u670d","color":"#000000"}}}
2017-07-03 13:56:07
push_user: opt = deposit_refuse, data = {"touser":"owW85we5fp0JvR3rRYvatkJxevCc","template_id":null,"url":null,"topcolor":"#FF0000","data":{"first":{"value":"\u5c0a\u656c\u7684\u5ba2\u6237\uff0c\u60a8\u7684\u63d0\u73b0\u7533\u8bf7\u88ab\u62d2\u7edd","color":"#000000"},"keyword1":{"value":"5.00","color":"#FF0000"},"keyword2":{"value":"2017-07-03 13:56:07","color":"#FF0000"},"keyword3":{"value":"123","color":"#FF0000"},"remark":{"value":"\u5982\u6709\u7591\u95ee\uff0c\u8bf7\u8054\u7cfb\u5ba2\u670d","color":"#000000"}}}
2017-07-03 14:19:54
push_user: opt = deposit_refuse, data = {"touser":"owW85we5fp0JvR3rRYvatkJxevCc","template_id":null,"url":null,"topcolor":"#FF0000","data":{"first":{"value":"\u5c0a\u656c\u7684\u5ba2\u6237\uff0c\u60a8\u7684\u63d0\u73b0\u7533\u8bf7\u88ab\u62d2\u7edd","color":"#000000"},"keyword1":{"value":"5.00","color":"#FF0000"},"keyword2":{"value":"2017-07-03 14:19:54","color":"#FF0000"},"keyword3":{"value":"\u4e0d\u901a\u8fc7","color":"#FF0000"},"remark":{"value":"\u5982\u6709\u7591\u95ee\uff0c\u8bf7\u8054\u7cfb\u5ba2\u670d","color":"#000000"}}}
2017-07-03 14:22:34
push_user: opt = deposit_refuse, data = {"touser":"owW85we5fp0JvR3rRYvatkJxevCc","template_id":null,"url":null,"topcolor":"#FF0000","data":{"first":{"value":"\u5c0a\u656c\u7684\u5ba2\u6237\uff0c\u60a8\u7684\u63d0\u73b0\u7533\u8bf7\u88ab\u62d2\u7edd","color":"#000000"},"keyword1":{"value":"5.00","color":"#FF0000"},"keyword2":{"value":"2017-07-03 14:22:34","color":"#FF0000"},"keyword3":{"value":"\u4e0d\u901a\u8fc7","color":"#FF0000"},"remark":{"value":"\u5982\u6709\u7591\u95ee\uff0c\u8bf7\u8054\u7cfb\u5ba2\u670d","color":"#000000"}}}
2017-07-03 14:24:07
push_user: opt = deposit_refuse, data = {"touser":"owW85we5fp0JvR3rRYvatkJxevCc","template_id":null,"url":null,"topcolor":"#FF0000","data":{"first":{"value":"\u5c0a\u656c\u7684\u5ba2\u6237\uff0c\u60a8\u7684\u63d0\u73b0\u7533\u8bf7\u88ab\u62d2\u7edd","color":"#000000"},"keyword1":{"value":"5.00","color":"#FF0000"},"keyword2":{"value":"2017-07-03 14:24:07","color":"#FF0000"},"keyword3":{"value":"\u4e0d\u901a\u8fc7123","color":"#FF0000"},"remark":{"value":"\u5982\u6709\u7591\u95ee\uff0c\u8bf7\u8054\u7cfb\u5ba2\u670d","color":"#000000"}}}
2017-07-03 14:27:32
push_user: opt = deposit_refuse, data = {"touser":"owW85we5fp0JvR3rRYvatkJxevCc","template_id":null,"url":null,"topcolor":"#FF0000","data":{"first":{"value":"\u5c0a\u656c\u7684\u5ba2\u6237\uff0c\u60a8\u7684\u63d0\u73b0\u7533\u8bf7\u88ab\u62d2\u7edd","color":"#000000"},"keyword1":{"value":"5.00","color":"#FF0000"},"keyword2":{"value":"2017-07-03 14:27:32","color":"#FF0000"},"keyword3":{"value":"\u4e0d\u901a\u8fc7","color":"#FF0000"},"remark":{"value":"\u5982\u6709\u7591\u95ee\uff0c\u8bf7\u8054\u7cfb\u5ba2\u670d","color":"#000000"}}}
2017-07-03 14:28:02
push_user: opt = deposit_refuse, data = {"touser":"owW85we5fp0JvR3rRYvatkJxevCc","template_id":null,"url":null,"topcolor":"#FF0000","data":{"first":{"value":"\u5c0a\u656c\u7684\u5ba2\u6237\uff0c\u60a8\u7684\u63d0\u73b0\u7533\u8bf7\u88ab\u62d2\u7edd","color":"#000000"},"keyword1":{"value":"5.00","color":"#FF0000"},"keyword2":{"value":"2017-07-03 14:28:02","color":"#FF0000"},"keyword3":{"value":"\u4e0d\u901a\u8fc7123","color":"#FF0000"},"remark":{"value":"\u5982\u6709\u7591\u95ee\uff0c\u8bf7\u8054\u7cfb\u5ba2\u670d","color":"#000000"}}}
2017-07-03 14:56:07
push_user: opt = deposit_refuse, data = {"touser":"owW85wRV1i7xCW-QQYOXtN6LeIAo","template_id":null,"url":null,"topcolor":"#FF0000","data":{"first":{"value":"\u5c0a\u656c\u7684\u5ba2\u6237\uff0c\u60a8\u7684\u63d0\u73b0\u7533\u8bf7\u88ab\u62d2\u7edd","color":"#000000"},"keyword1":{"value":"11.00","color":"#FF0000"},"keyword2":{"value":"2017-07-03 14:56:07","color":"#FF0000"},"keyword3":{"value":"\u4f59\u989d\u4e0d\u8db3\uff0c\u65e0\u6cd5\u63d0\u73b0","color":"#FF0000"},"remark":{"value":"\u5982\u6709\u7591\u95ee\uff0c\u8bf7\u8054\u7cfb\u5ba2\u670d","color":"#000000"}}}
2017-07-03 15:02:08
push_user: opt = deposit_refuse, data = {"touser":"owW85wRV1i7xCW-QQYOXtN6LeIAo","template_id":null,"url":null,"topcolor":"#FF0000","data":{"first":{"value":"\u5c0a\u656c\u7684\u5ba2\u6237\uff0c\u60a8\u7684\u63d0\u73b0\u7533\u8bf7\u5931\u8d25","color":"#000000"},"keyword1":{"value":"11.00","color":"#FF0000"},"keyword2":{"value":"2017-07-03 15:02:08","color":"#FF0000"},"keyword3":{"value":"\u4f59\u989d\u4e0d\u8db3\uff0c\u65e0\u6cd5\u63d0\u73b0","color":"#FF0000"},"remark":{"value":"\u5982\u6709\u7591\u95ee\uff0c\u8bf7\u8054\u7cfb\u5ba2\u670d","color":"#000000"}}}
2017-07-03 15:05:47
push_user: opt = deposit_refuse, data = {"touser":"owW85wRV1i7xCW-QQYOXtN6LeIAo","template_id":null,"url":null,"topcolor":"#FF0000","data":{"first":{"value":"\u5c0a\u656c\u7684\u5ba2\u6237\uff0c\u60a8\u7684\u63d0\u73b0\u7533\u8bf7\u88ab\u62d2\u7edd","color":"#000000"},"keyword1":{"value":"11.00","color":"#FF0000"},"keyword2":{"value":"2017-07-03 15:05:47","color":"#FF0000"},"keyword3":{"value":"\u4f59\u989d\u4e0d\u8db3\uff0c\u65e0\u6cd5\u63d0\u73b0","color":"#FF0000"},"remark":{"value":"\u5982\u6709\u7591\u95ee\uff0c\u8bf7\u8054\u7cfb\u5ba2\u670d","color":"#000000"}}}
2017-07-03 15:21:01
push_user: opt = deposit_refuse, data = {"touser":"owW85wRV1i7xCW-QQYOXtN6LeIAo","template_id":null,"url":null,"topcolor":"#FF0000","data":{"first":{"value":"\u5c0a\u656c\u7684\u5ba2\u6237\uff0c\u60a8\u7684\u63d0\u73b0\u7533\u8bf7\u88ab\u62d2\u7edd","color":"#000000"},"keyword1":{"value":"11.00","color":"#FF0000"},"keyword2":{"value":"2017-07-03 15:21:00","color":"#FF0000"},"keyword3":{"value":"\u4f59\u989d\u4e0d\u8db3\uff0c\u65e0\u6cd5\u63d0\u73b0","color":"#FF0000"},"remark":{"value":"\u5982\u6709\u7591\u95ee\uff0c\u8bf7\u8054\u7cfb\u5ba2\u670d","color":"#000000"}}}
2017-07-03 15:21:34
push_user: opt = deposit_refuse, data = {"touser":"owW85wRV1i7xCW-QQYOXtN6LeIAo","template_id":null,"url":null,"topcolor":"#FF0000","data":{"first":{"value":"\u5c0a\u656c\u7684\u5ba2\u6237\uff0c\u60a8\u7684\u63d0\u73b0\u7533\u8bf7\u88ab\u62d2\u7edd","color":"#000000"},"keyword1":{"value":"11.00","color":"#FF0000"},"keyword2":{"value":"2017-07-03 15:21:34","color":"#FF0000"},"keyword3":{"value":"\u4f59\u989d\u4e0d\u8db3\uff0c\u65e0\u6cd5\u63d0\u73b0","color":"#FF0000"},"remark":{"value":"\u5982\u6709\u7591\u95ee\uff0c\u8bf7\u8054\u7cfb\u5ba2\u670d","color":"#000000"}}}
2017-07-03 15:25:07
push_user: opt = deposit_refuse, data = {"touser":"owW85wRV1i7xCW-QQYOXtN6LeIAo","template_id":null,"url":null,"topcolor":"#FF0000","data":{"first":{"value":"\u5c0a\u656c\u7684\u5ba2\u6237\uff0c\u60a8\u7684\u63d0\u73b0\u7533\u8bf7\u88ab\u62d2\u7edd","color":"#000000"},"keyword1":{"value":"11.00","color":"#FF0000"},"keyword2":{"value":"2017-07-03 15:25:07","color":"#FF0000"},"keyword3":{"value":"\u4f59\u989d\u4e0d\u8db3\uff0c\u65e0\u6cd5\u63d0\u73b0","color":"#FF0000"},"remark":{"value":"\u5982\u6709\u7591\u95ee\uff0c\u8bf7\u8054\u7cfb\u5ba2\u670d","color":"#000000"}}}
2017-07-03 15:28:01
push_user: opt = deposit_refuse, data = {"touser":"owW85wRV1i7xCW-QQYOXtN6LeIAo","template_id":null,"url":null,"topcolor":"#FF0000","data":{"first":{"value":"\u5c0a\u656c\u7684\u5ba2\u6237\uff0c\u60a8\u7684\u63d0\u73b0\u7533\u8bf7\u88ab\u62d2\u7edd","color":"#000000"},"keyword1":{"value":"11.00","color":"#FF0000"},"keyword2":{"value":"2017-07-03 15:28:01","color":"#FF0000"},"keyword3":{"value":"\u4f59\u989d\u4e0d\u8db3\uff0c\u65e0\u6cd5\u63d0\u73b0","color":"#FF0000"},"remark":{"value":"\u5982\u6709\u7591\u95ee\uff0c\u8bf7\u8054\u7cfb\u5ba2\u670d","color":"#000000"}}}
2017-07-03 15:29:22
push_user: opt = deposit_refuse, data = {"touser":"owW85wRV1i7xCW-QQYOXtN6LeIAo","template_id":null,"url":null,"topcolor":"#FF0000","data":{"first":{"value":"\u5c0a\u656c\u7684\u5ba2\u6237\uff0c\u60a8\u7684\u63d0\u73b0\u7533\u8bf7\u88ab\u62d2\u7edd","color":"#000000"},"keyword1":{"value":"11.00","color":"#FF0000"},"keyword2":{"value":"2017-07-03 15:29:22","color":"#FF0000"},"keyword3":{"value":"\u4f59\u989d\u4e0d\u8db3\uff0c\u65e0\u6cd5\u63d0\u73b0","color":"#FF0000"},"remark":{"value":"\u5982\u6709\u7591\u95ee\uff0c\u8bf7\u8054\u7cfb\u5ba2\u670d","color":"#000000"}}}
2017-07-03 15:29:55
push_user: opt = deposit_refuse, data = {"touser":"owW85wRV1i7xCW-QQYOXtN6LeIAo","template_id":null,"url":null,"topcolor":"#FF0000","data":{"first":{"value":"\u5c0a\u656c\u7684\u5ba2\u6237\uff0c\u60a8\u7684\u63d0\u73b0\u7533\u8bf7\u88ab\u62d2\u7edd","color":"#000000"},"keyword1":{"value":"11.00","color":"#FF0000"},"keyword2":{"value":"2017-07-03 15:29:55","color":"#FF0000"},"keyword3":{"value":"\u4f59\u989d\u4e0d\u8db3\uff0c\u65e0\u6cd5\u63d0\u73b0","color":"#FF0000"},"remark":{"value":"\u5982\u6709\u7591\u95ee\uff0c\u8bf7\u8054\u7cfb\u5ba2\u670d","color":"#000000"}}}
2017-07-03 15:30:46
push_user: opt = deposit_refuse, data = {"touser":"owW85wRV1i7xCW-QQYOXtN6LeIAo","template_id":null,"url":null,"topcolor":"#FF0000","data":{"first":{"value":"\u5c0a\u656c\u7684\u5ba2\u6237\uff0c\u60a8\u7684\u63d0\u73b0\u7533\u8bf7\u88ab\u62d2\u7edd","color":"#000000"},"keyword1":{"value":"11.00","color":"#FF0000"},"keyword2":{"value":"2017-07-03 15:30:46","color":"#FF0000"},"keyword3":{"value":"\u4f59\u989d\u4e0d\u8db3\uff0c\u65e0\u6cd5\u63d0\u73b0","color":"#FF0000"},"remark":{"value":"\u5982\u6709\u7591\u95ee\uff0c\u8bf7\u8054\u7cfb\u5ba2\u670d","color":"#000000"}}}
2017-07-03 16:26:09
push_user: opt = deposit_refuse, data = {"touser":"owW85we5fp0JvR3rRYvatkJxevCc","template_id":null,"url":null,"topcolor":"#FF0000","data":{"first":{"value":"\u5c0a\u656c\u7684\u5ba2\u6237\uff0c\u60a8\u7684\u63d0\u73b0\u7533\u8bf7\u88ab\u62d2\u7edd","color":"#000000"},"keyword1":{"value":"10.00","color":"#FF0000"},"keyword2":{"value":"2017-07-03 16:26:09","color":"#FF0000"},"keyword3":{"value":"\u62d2\u7edd","color":"#FF0000"},"remark":{"value":"\u5982\u6709\u7591\u95ee\uff0c\u8bf7\u8054\u7cfb\u5ba2\u670d","color":"#000000"}}}
2017-07-03 16:27:10
push_user: opt = deposit_refuse, data = {"touser":"owW85we5fp0JvR3rRYvatkJxevCc","template_id":null,"url":null,"topcolor":"#FF0000","data":{"first":{"value":"\u5c0a\u656c\u7684\u5ba2\u6237\uff0c\u60a8\u7684\u63d0\u73b0\u7533\u8bf7\u88ab\u62d2\u7edd","color":"#000000"},"keyword1":{"value":"10.00","color":"#FF0000"},"keyword2":{"value":"2017-07-03 16:27:10","color":"#FF0000"},"keyword3":{"value":"\u62d2\u7edd","color":"#FF0000"},"remark":{"value":"\u5982\u6709\u7591\u95ee\uff0c\u8bf7\u8054\u7cfb\u5ba2\u670d","color":"#000000"}}}
2017-07-03 16:28:30
push_user: opt = deposit_refuse, data = {"touser":"owW85we5fp0JvR3rRYvatkJxevCc","template_id":null,"url":null,"topcolor":"#FF0000","data":{"first":{"value":"\u5c0a\u656c\u7684\u5ba2\u6237\uff0c\u60a8\u7684\u63d0\u73b0\u7533\u8bf7\u88ab\u62d2\u7edd","color":"#000000"},"keyword1":{"value":"10.00","color":"#FF0000"},"keyword2":{"value":"2017-07-03 16:28:30","color":"#FF0000"},"keyword3":{"value":"\u62d2\u7edd","color":"#FF0000"},"remark":{"value":"\u5982\u6709\u7591\u95ee\uff0c\u8bf7\u8054\u7cfb\u5ba2\u670d","color":"#000000"}}}
2017-07-03 16:32:03
push_user: opt = deposit_refuse, data = {"touser":"owW85we5fp0JvR3rRYvatkJxevCc","template_id":null,"url":null,"topcolor":"#FF0000","data":{"first":{"value":"\u5c0a\u656c\u7684\u5ba2\u6237\uff0c\u60a8\u7684\u63d0\u73b0\u7533\u8bf7\u88ab\u62d2\u7edd","color":"#000000"},"keyword1":{"value":"10.00","color":"#FF0000"},"keyword2":{"value":"2017-07-03 16:32:03","color":"#FF0000"},"keyword3":{"value":"\u62d2\u7edd","color":"#FF0000"},"remark":{"value":"\u5982\u6709\u7591\u95ee\uff0c\u8bf7\u8054\u7cfb\u5ba2\u670d","color":"#000000"}}}
2017-07-03 16:32:50
push_user: opt = deposit_refuse, data = {"touser":"owW85we5fp0JvR3rRYvatkJxevCc","template_id":null,"url":null,"topcolor":"#FF0000","data":{"first":{"value":"\u5c0a\u656c\u7684\u5ba2\u6237\uff0c\u60a8\u7684\u63d0\u73b0\u7533\u8bf7\u88ab\u62d2\u7edd","color":"#000000"},"keyword1":{"value":"10.00","color":"#FF0000"},"keyword2":{"value":"2017-07-03 16:32:50","color":"#FF0000"},"keyword3":{"value":"\u62d2\u7edd","color":"#FF0000"},"remark":{"value":"\u5982\u6709\u7591\u95ee\uff0c\u8bf7\u8054\u7cfb\u5ba2\u670d","color":"#000000"}}}
2017-07-03 17:28:56
push_user: opt = deposit_pass, data = {"touser":"owW85we5fp0JvR3rRYvatkJxevCc","template_id":null,"url":null,"topcolor":"#FF0000","data":{"first":{"value":"\u5c0a\u656c\u7684\u5ba2\u6237\uff0c\u60a8\u7684\u63d0\u73b0\u7533\u8bf7\u5df2\u901a\u8fc7","color":"#000000"},"keyword1":{"value":"36.00","color":"#FF0000"},"keyword2":{"value":"2017-07-03 17:28:56","color":"#FF0000"},"remark":{"value":"\u5982\u6709\u7591\u95ee\uff0c\u8bf7\u8054\u7cfb\u5ba2\u670d","color":"#000000"}}}
