2017-07-21 16:30:03
UPDATE `tp_order` SET `order_sn`='201707210033',`pay_amount`='3.00',`type`='2',`business_id`='61',`user_id`='62819',`coupon_id`='0',`order_status`=5 WHERE ( order_id = 2320 )
2017-07-21 16:30:03
push_user: opt = apply_refund, data = {"touser":"owW85we5fp0JvR3rRYvatkJxevCc","template_id":null,"url":"dd.diandupt.com\/FrontOrder\/my_order_detail\/order_id\/2320","topcolor":"#FF0000","data":{"first":{"value":"\u5c0a\u656c\u7684\u5546\u6237\uff0c\u60a8\u7684\u5e97\u94fa\u7684\u4e00\u7b14\u8ba2\u5355\u63d0\u51fa\u53d6\u6d88\u5e76\u9000\u6b3e","color":"#FF0000"},"keyword1":{"value":"201707210033","color":"#FF0000"},"keyword2":{"value":"3.00","color":"#FF0000"},"keyword3":{"value":"\u5176\u4ed6","color":"#FF0000"},"keyword4":{"value":"2017-07-21 16:30:03","color":"#FF0000"},"remark":{"value":"\u611f\u8c22\u60a8\u7684\u4f7f\u7528","color":"#FF0000"}}}
2017-07-21 16:30:03
push_user: opt = apply_refund, data = {"touser":"owW85we5fp0JvR3rRYvatkJxevCc","template_id":null,"url":"dd.diandupt.com\/FrontUserCenter\/consumer_order_detail\/order_id\/2320","topcolor":"#FF0000","data":{"first":{"value":"\u5c0a\u656c\u7684\u5ba2\u6237\uff0c\u60a8\u7684\u4e00\u7b14\u8ba2\u5355\u5df2\u63d0\u51fa\u53d6\u6d88\u5e76\u9000\u6b3e","color":"#FF0000"},"keyword1":{"value":"201707210033","color":"#FF0000"},"keyword2":{"value":"3.00","color":"#FF0000"},"keyword3":{"value":"\u5176\u4ed6","color":"#FF0000"},"keyword4":{"value":"2017-07-21 16:30:03","color":"#FF0000"},"remark":{"value":"\u611f\u8c22\u60a8\u7684\u4f7f\u7528","color":"#FF0000"}}}
2017-07-21 16:38:13
UPDATE `tp_order` SET `order_sn`='201707210032',`pay_amount`='3.00',`type`='2',`business_id`='61',`user_id`='62819',`coupon_id`='0',`order_status`=5 WHERE ( order_id = 2319 )
2017-07-21 16:38:13
push_user: opt = apply_refund, data = {"touser":"owW85we5fp0JvR3rRYvatkJxevCc","template_id":null,"url":"dd.diandupt.com\/FrontOrder\/my_order_detail\/order_id\/2319","topcolor":"#FF0000","data":{"first":{"value":"\u5c0a\u656c\u7684\u5546\u6237\uff0c\u60a8\u7684\u5e97\u94fa\u7684\u4e00\u7b14\u8ba2\u5355\u63d0\u51fa\u53d6\u6d88\u5e76\u9000\u6b3e","color":"#FF0000"},"keyword1":{"value":"201707210032","color":"#FF0000"},"keyword2":{"value":"3.00","color":"#FF0000"},"keyword3":{"value":"\u5176\u4ed6","color":"#FF0000"},"keyword4":{"value":"2017-07-21 16:38:13","color":"#FF0000"},"remark":{"value":"\u611f\u8c22\u60a8\u7684\u4f7f\u7528","color":"#FF0000"}}}
2017-07-21 16:38:15
push_user: opt = apply_refund, data = {"touser":"owW85we5fp0JvR3rRYvatkJxevCc","template_id":null,"url":"dd.diandupt.com\/FrontUserCenter\/consumer_order_detail\/order_id\/2319","topcolor":"#FF0000","data":{"first":{"value":"\u5c0a\u656c\u7684\u5ba2\u6237\uff0c\u60a8\u7684\u4e00\u7b14\u8ba2\u5355\u5df2\u63d0\u51fa\u53d6\u6d88\u5e76\u9000\u6b3e","color":"#FF0000"},"keyword1":{"value":"201707210032","color":"#FF0000"},"keyword2":{"value":"3.00","color":"#FF0000"},"keyword3":{"value":"\u5176\u4ed6","color":"#FF0000"},"keyword4":{"value":"2017-07-21 16:38:13","color":"#FF0000"},"remark":{"value":"\u611f\u8c22\u60a8\u7684\u4f7f\u7528","color":"#FF0000"}}}
2017-07-21 16:46:09
UPDATE `tp_order` SET `order_sn`='201707210031',`pay_amount`='3.00',`type`='2',`business_id`='61',`user_id`='62819',`coupon_id`='0',`order_status`=5 WHERE ( order_id = 2318 )
2017-07-21 16:46:09
push_user: opt = apply_refund, data = {"touser":"owW85we5fp0JvR3rRYvatkJxevCc","template_id":null,"url":"dd.diandupt.com\/FrontOrder\/my_order_detail\/order_id\/2318","topcolor":"#FF0000","data":{"first":{"value":"\u5c0a\u656c\u7684\u5546\u6237\uff0c\u60a8\u7684\u5e97\u94fa\u7684\u4e00\u7b14\u8ba2\u5355\u63d0\u51fa\u53d6\u6d88\u5e76\u9000\u6b3e","color":"#FF0000"},"keyword1":{"value":"201707210031","color":"#FF0000"},"keyword2":{"value":"3.00","color":"#FF0000"},"keyword3":{"value":"\u4e0d\u60f3\u4e70\u4e86","color":"#FF0000"},"keyword4":{"value":"2017-07-21 16:46:09","color":"#FF0000"},"remark":{"value":"\u611f\u8c22\u60a8\u7684\u4f7f\u7528","color":"#FF0000"}}}
2017-07-21 16:46:09
push_user: opt = apply_refund, data = {"touser":"owW85we5fp0JvR3rRYvatkJxevCc","template_id":null,"url":"dd.diandupt.com\/FrontUserCenter\/consumer_order_detail\/order_id\/2318","topcolor":"#FF0000","data":{"first":{"value":"\u5c0a\u656c\u7684\u5ba2\u6237\uff0c\u60a8\u7684\u4e00\u7b14\u8ba2\u5355\u5df2\u63d0\u51fa\u53d6\u6d88\u5e76\u9000\u6b3e","color":"#FF0000"},"keyword1":{"value":"201707210031","color":"#FF0000"},"keyword2":{"value":"3.00","color":"#FF0000"},"keyword3":{"value":"\u4e0d\u60f3\u4e70\u4e86","color":"#FF0000"},"keyword4":{"value":"2017-07-21 16:46:09","color":"#FF0000"},"remark":{"value":"\u611f\u8c22\u60a8\u7684\u4f7f\u7528","color":"#FF0000"}}}
2017-07-21 16:48:02
UPDATE `tp_order` SET `order_sn`='201707210029',`pay_amount`='3.00',`type`='2',`business_id`='61',`user_id`='62819',`coupon_id`='0',`order_status`=5 WHERE ( order_id = 2316 )
2017-07-21 16:48:02
push_user: opt = apply_refund, data = {"touser":"owW85we5fp0JvR3rRYvatkJxevCc","template_id":null,"url":"dd.diandupt.com\/FrontOrder\/my_order_detail\/order_id\/2316","topcolor":"#FF0000","data":{"first":{"value":"\u5c0a\u656c\u7684\u5546\u6237\uff0c\u60a8\u7684\u5e97\u94fa\u7684\u4e00\u7b14\u8ba2\u5355\u63d0\u51fa\u53d6\u6d88\u5e76\u9000\u6b3e","color":"#FF0000"},"keyword1":{"value":"201707210029","color":"#FF0000"},"keyword2":{"value":"3.00","color":"#FF0000"},"keyword3":{"value":"\u4e0d\u60f3\u4e70\u4e86","color":"#FF0000"},"keyword4":{"value":"2017-07-21 16:48:02","color":"#FF0000"},"remark":{"value":"\u611f\u8c22\u60a8\u7684\u4f7f\u7528","color":"#FF0000"}}}
2017-07-21 16:48:02
push_user: opt = apply_refund, data = {"touser":"owW85we5fp0JvR3rRYvatkJxevCc","template_id":null,"url":"dd.diandupt.com\/FrontUserCenter\/consumer_order_detail\/order_id\/2316","topcolor":"#FF0000","data":{"first":{"value":"\u5c0a\u656c\u7684\u5ba2\u6237\uff0c\u60a8\u7684\u4e00\u7b14\u8ba2\u5355\u5df2\u63d0\u51fa\u53d6\u6d88\u5e76\u9000\u6b3e","color":"#FF0000"},"keyword1":{"value":"201707210029","color":"#FF0000"},"keyword2":{"value":"3.00","color":"#FF0000"},"keyword3":{"value":"\u4e0d\u60f3\u4e70\u4e86","color":"#FF0000"},"keyword4":{"value":"2017-07-21 16:48:02","color":"#FF0000"},"remark":{"value":"\u611f\u8c22\u60a8\u7684\u4f7f\u7528","color":"#FF0000"}}}
2017-07-21 17:02:54
UPDATE `tp_order` SET `order_sn`='201707210028',`pay_amount`='3.00',`type`='2',`business_id`='61',`user_id`='62819',`coupon_id`='0',`order_status`=5 WHERE ( order_id = 2315 )
2017-07-21 17:02:54
push_user: opt = apply_refund, data = {"touser":"owW85we5fp0JvR3rRYvatkJxevCc","template_id":null,"url":"dd.diandupt.com\/FrontOrder\/my_order_detail\/order_id\/2315","topcolor":"#FF0000","data":{"first":{"value":"\u5c0a\u656c\u7684\u5546\u6237\uff0c\u60a8\u7684\u5e97\u94fa\u7684\u4e00\u7b14\u8ba2\u5355\u63d0\u51fa\u53d6\u6d88\u5e76\u9000\u6b3e","color":"#FF0000"},"keyword1":{"value":"201707210028","color":"#FF0000"},"keyword2":{"value":"3.00","color":"#FF0000"},"keyword3":{"value":"\u665a\u70b9\u4e70","color":"#FF0000"},"keyword4":{"value":"2017-07-21 17:02:54","color":"#FF0000"},"remark":{"value":"\u611f\u8c22\u60a8\u7684\u4f7f\u7528","color":"#FF0000"}}}
2017-07-21 17:02:55
push_user: opt = apply_refund, data = {"touser":"owW85we5fp0JvR3rRYvatkJxevCc","template_id":null,"url":"dd.diandupt.com\/FrontUserCenter\/consumer_order_detail\/order_id\/2315","topcolor":"#FF0000","data":{"first":{"value":"\u5c0a\u656c\u7684\u5ba2\u6237\uff0c\u60a8\u7684\u4e00\u7b14\u8ba2\u5355\u5df2\u63d0\u51fa\u53d6\u6d88\u5e76\u9000\u6b3e","color":"#FF0000"},"keyword1":{"value":"201707210028","color":"#FF0000"},"keyword2":{"value":"3.00","color":"#FF0000"},"keyword3":{"value":"\u665a\u70b9\u4e70","color":"#FF0000"},"keyword4":{"value":"2017-07-21 17:02:54","color":"#FF0000"},"remark":{"value":"\u611f\u8c22\u60a8\u7684\u4f7f\u7528","color":"#FF0000"}}}
2017-07-21 17:09:28
UPDATE `tp_order` SET `order_sn`='201707210034',`pay_amount`='3.00',`type`='2',`business_id`='61',`user_id`='62819',`coupon_id`='0',`order_status`=5 WHERE ( order_id = 2321 )
2017-07-21 17:09:29
push_user: opt = apply_refund, data = {"touser":"owW85we5fp0JvR3rRYvatkJxevCc","template_id":null,"url":"dd.diandupt.com\/FrontOrder\/my_order_detail\/order_id\/2321","topcolor":"#FF0000","data":{"first":{"value":"\u5c0a\u656c\u7684\u5546\u6237\uff0c\u60a8\u7684\u5e97\u94fa\u7684\u4e00\u7b14\u8ba2\u5355\u63d0\u51fa\u53d6\u6d88\u5e76\u9000\u6b3e","color":"#FF0000"},"keyword1":{"value":"201707210034","color":"#FF0000"},"keyword2":{"value":"3.00","color":"#FF0000"},"keyword3":{"value":"\u4e0d\u60f3\u4e70\u4e86","color":"#FF0000"},"keyword4":{"value":"2017-07-21 17:09:29","color":"#FF0000"},"remark":{"value":"\u611f\u8c22\u60a8\u7684\u4f7f\u7528","color":"#FF0000"}}}
2017-07-21 17:09:29
push_user: opt = apply_refund, data = {"touser":"owW85we5fp0JvR3rRYvatkJxevCc","template_id":null,"url":"dd.diandupt.com\/FrontUserCenter\/consumer_order_detail\/order_id\/2321","topcolor":"#FF0000","data":{"first":{"value":"\u5c0a\u656c\u7684\u5ba2\u6237\uff0c\u60a8\u7684\u4e00\u7b14\u8ba2\u5355\u5df2\u63d0\u51fa\u53d6\u6d88\u5e76\u9000\u6b3e","color":"#FF0000"},"keyword1":{"value":"201707210034","color":"#FF0000"},"keyword2":{"value":"3.00","color":"#FF0000"},"keyword3":{"value":"\u4e0d\u60f3\u4e70\u4e86","color":"#FF0000"},"keyword4":{"value":"2017-07-21 17:09:29","color":"#FF0000"},"remark":{"value":"\u611f\u8c22\u60a8\u7684\u4f7f\u7528","color":"#FF0000"}}}
2017-07-21 17:11:14
UPDATE `tp_order` SET `order_sn`='201707210035',`pay_amount`='4.00',`type`='2',`business_id`='61',`user_id`='62819',`coupon_id`='0',`order_status`=5 WHERE ( order_id = 2322 )
2017-07-21 17:11:14
push_user: opt = apply_refund, data = {"touser":"owW85we5fp0JvR3rRYvatkJxevCc","template_id":null,"url":"dd.diandupt.com\/FrontOrder\/my_order_detail\/order_id\/2322","topcolor":"#FF0000","data":{"first":{"value":"\u5c0a\u656c\u7684\u5546\u6237\uff0c\u60a8\u7684\u5e97\u94fa\u7684\u4e00\u7b14\u8ba2\u5355\u63d0\u51fa\u53d6\u6d88\u5e76\u9000\u6b3e","color":"#FF0000"},"keyword1":{"value":"201707210035","color":"#FF0000"},"keyword2":{"value":"4.00","color":"#FF0000"},"keyword3":{"value":"\u4e0d\u60f3\u4e70\u4e86","color":"#FF0000"},"keyword4":{"value":"2017-07-21 17:11:14","color":"#FF0000"},"remark":{"value":"\u611f\u8c22\u60a8\u7684\u4f7f\u7528","color":"#FF0000"}}}
2017-07-21 17:11:14
push_user: opt = apply_refund, data = {"touser":"owW85we5fp0JvR3rRYvatkJxevCc","template_id":null,"url":"dd.diandupt.com\/FrontUserCenter\/consumer_order_detail\/order_id\/2322","topcolor":"#FF0000","data":{"first":{"value":"\u5c0a\u656c\u7684\u5ba2\u6237\uff0c\u60a8\u7684\u4e00\u7b14\u8ba2\u5355\u5df2\u63d0\u51fa\u53d6\u6d88\u5e76\u9000\u6b3e","color":"#FF0000"},"keyword1":{"value":"201707210035","color":"#FF0000"},"keyword2":{"value":"4.00","color":"#FF0000"},"keyword3":{"value":"\u4e0d\u60f3\u4e70\u4e86","color":"#FF0000"},"keyword4":{"value":"2017-07-21 17:11:14","color":"#FF0000"},"remark":{"value":"\u611f\u8c22\u60a8\u7684\u4f7f\u7528","color":"#FF0000"}}}
2017-07-21 17:13:28
UPDATE `tp_order` SET `order_sn`='201707210036',`pay_amount`='3.00',`type`='2',`business_id`='61',`user_id`='62819',`coupon_id`='0',`order_status`=5 WHERE ( order_id = 2323 )
2017-07-21 17:13:28
push_user: opt = apply_refund, data = {"touser":"owW85we5fp0JvR3rRYvatkJxevCc","template_id":null,"url":"dd.diandupt.com\/FrontOrder\/my_order_detail\/order_id\/2323","topcolor":"#FF0000","data":{"first":{"value":"\u5c0a\u656c\u7684\u5546\u6237\uff0c\u60a8\u7684\u5e97\u94fa\u7684\u4e00\u7b14\u8ba2\u5355\u63d0\u51fa\u53d6\u6d88\u5e76\u9000\u6b3e","color":"#FF0000"},"keyword1":{"value":"201707210036","color":"#FF0000"},"keyword2":{"value":"3.00","color":"#FF0000"},"keyword3":{"value":"\u4e0d\u60f3\u4e70\u4e86","color":"#FF0000"},"keyword4":{"value":"2017-07-21 17:13:28","color":"#FF0000"},"remark":{"value":"\u611f\u8c22\u60a8\u7684\u4f7f\u7528","color":"#FF0000"}}}
2017-07-21 17:13:28
push_user: opt = apply_refund, data = {"touser":"owW85we5fp0JvR3rRYvatkJxevCc","template_id":null,"url":"dd.diandupt.com\/FrontUserCenter\/consumer_order_detail\/order_id\/2323","topcolor":"#FF0000","data":{"first":{"value":"\u5c0a\u656c\u7684\u5ba2\u6237\uff0c\u60a8\u7684\u4e00\u7b14\u8ba2\u5355\u5df2\u63d0\u51fa\u53d6\u6d88\u5e76\u9000\u6b3e","color":"#FF0000"},"keyword1":{"value":"201707210036","color":"#FF0000"},"keyword2":{"value":"3.00","color":"#FF0000"},"keyword3":{"value":"\u4e0d\u60f3\u4e70\u4e86","color":"#FF0000"},"keyword4":{"value":"2017-07-21 17:13:28","color":"#FF0000"},"remark":{"value":"\u611f\u8c22\u60a8\u7684\u4f7f\u7528","color":"#FF0000"}}}
2017-07-21 17:18:54
push_user: opt = defuse_refund, data = {"touser":"owW85we5fp0JvR3rRYvatkJxevCc","template_id":null,"url":"dd.diandupt.com\/FrontOrder\/my_order_detail\/order_id\/2330","topcolor":"#FF0000","data":{"first":{"value":"\u5c0a\u656c\u7684\u5546\u6237\uff0c\u60a8\u7684\u5e97\u94fa\u7684\u4e00\u7b14\u8ba2\u5355\u5df2\u62d2\u7edd\u9000\u6b3e\uff0c\u603b\u540e\u53f0\u4ecb\u5165","color":"#FF0000"},"keyword1":{"value":null,"color":"#FF0000"},"keyword2":{"value":"3.00","color":"#FF0000"},"keyword3":{"value":"\u5546\u5bb6\u62d2\u7edd","color":"#FF0000"},"remark":{"value":"\u611f\u8c22\u60a8\u7684\u4f7f\u7528","color":"#FF0000"}}}
2017-07-21 17:18:54
push_user: opt = defuse_refund, data = {"touser":"owW85we5fp0JvR3rRYvatkJxevCc","template_id":null,"url":"dd.diandupt.com\/FrontUserCenter\/consumer_order_detail\/order_id\/2330","topcolor":"#FF0000","data":{"first":{"value":"\u5c0a\u656c\u7684\u5ba2\u6237\uff0c\u60a8\u7684\u4e00\u7b14\u8ba2\u5355\u88ab\u5546\u5bb6\u62d2\u7edd\u9000\u6b3e\uff0c\u603b\u540e\u53f0\u4ecb\u5165","color":"#FF0000"},"keyword1":{"value":null,"color":"#FF0000"},"keyword2":{"value":"3.00","color":"#FF0000"},"keyword3":{"value":"\u5546\u5bb6\u62d2\u7edd","color":"#FF0000"},"remark":{"value":"\u611f\u8c22\u60a8\u7684\u4f7f\u7528","color":"#FF0000"}}}
