2017-07-03 18:00:00
Array
2017-07-13 16:33:17
coin_num:1--user_id:62819
2017-07-13 16:33:17
{"appId":"wx59c8d2bbd5a5d646","timeStamp":"1499934797","nonceStr":"ix24si20dteb6uh7fmroin521gfurtbv","package":"prepay_id=wx20170713163310b67decbf2a0616429770","signType":"MD5","paySign":"9FD45B5E2B8E3CEFAC2302411E0E7572"}
2017-07-13 16:33:54
coin_num:1--user_id:62819
2017-07-13 16:33:54
{"appId":"wx59c8d2bbd5a5d646","timeStamp":"1499934834","nonceStr":"71ke08r0bvyxr7arfz5vhkdo8yn3rb81","package":"prepay_id=wx20170713163348f1526daf380973720234","signType":"MD5","paySign":"39F3CCC984911F225B57DDE805037079"}
2017-07-13 16:35:36
Array
2017-07-14 15:50:38
Array
2017-07-14 16:18:42
Array
2017-07-14 16:19:23
Array
2017-07-14 16:19:57
Array
2017-07-14 16:20:40
Array
2017-07-17 16:50:53
Array
2017-07-17 16:51:28
Array
2017-07-17 17:16:11
Array
