2017-07-05 09:09:26
getAccessToken={"errcode":40125,"errmsg":"invalid appsecret, view more at http:\/\/t.cn\/RAEkdVq hint: [9ROyWa0964e575]"}
2017-07-05 09:09:27
getAccessToken={"errcode":40125,"errmsg":"invalid appsecret, view more at http:\/\/t.cn\/RAEkdVq hint: [..z9ea0965e514]"}
2017-07-05 09:09:31
getAccessToken={"errcode":40125,"errmsg":"invalid appsecret, view more at http:\/\/t.cn\/RAEkdVq hint: [GH4iMa0970e578]"}
2017-07-05 09:09:32
getAccessToken={"errcode":40125,"errmsg":"invalid appsecret, view more at http:\/\/t.cn\/RAEkdVq hint: [G8sDrA0971e575]"}
2017-07-05 09:09:37
getAccessToken={"errcode":40125,"errmsg":"invalid appsecret, view more at http:\/\/t.cn\/RAEkdVq hint: [wcmR.a0976e578]"}
2017-07-05 09:09:38
getAccessToken={"errcode":40125,"errmsg":"invalid appsecret, view more at http:\/\/t.cn\/RAEkdVq hint: [25WiBA0977e575]"}
2017-07-05 09:09:43
getAccessToken={"errcode":40125,"errmsg":"invalid appsecret, view more at http:\/\/t.cn\/RAEkdVq hint: [jT.EQA0981e575]"}
2017-07-05 09:09:47
getAccessToken={"errcode":40125,"errmsg":"invalid appsecret, view more at http:\/\/t.cn\/RAEkdVq hint: [oWAR_0985e575]"}
2017-07-05 09:23:27
getAccessToken={"errcode":40125,"errmsg":"invalid appsecret, view more at http:\/\/t.cn\/RAEkdVq hint: [SDpUHa0805e544]"}
2017-07-05 09:23:29
getAccessToken={"errcode":40125,"errmsg":"invalid appsecret, view more at http:\/\/t.cn\/RAEkdVq hint: [wN4Fra0807e544]"}
2017-07-05 09:23:30
getAccessToken={"errcode":40125,"errmsg":"invalid appsecret, view more at http:\/\/t.cn\/RAEkdVq hint: [Ed2h7a0808e544]"}
2017-07-05 09:23:31
getAccessToken={"errcode":40125,"errmsg":"invalid appsecret, view more at http:\/\/t.cn\/RAEkdVq hint: [hBekza0809e578]"}
2017-07-05 09:23:32
getAccessToken={"errcode":40125,"errmsg":"invalid appsecret, view more at http:\/\/t.cn\/RAEkdVq hint: [TfIJ90811e514]"}
2017-07-05 09:23:34
getAccessToken={"errcode":40125,"errmsg":"invalid appsecret, view more at http:\/\/t.cn\/RAEkdVq hint: [jLdtDA0812e514]"}
2017-07-05 09:23:35
getAccessToken={"errcode":40125,"errmsg":"invalid appsecret, view more at http:\/\/t.cn\/RAEkdVq hint: [DaepbA0814e575]"}
2017-07-05 09:29:34
getAccessToken={"errcode":40125,"errmsg":"invalid appsecret, view more at http:\/\/t.cn\/RAEkdVq hint: [nVU.Fa0172e514]"}
2017-07-05 09:29:35
getAccessToken={"errcode":40125,"errmsg":"invalid appsecret, view more at http:\/\/t.cn\/RAEkdVq hint: [DASL2a0173e575]"}
2017-07-05 09:29:36
getAccessToken={"errcode":40125,"errmsg":"invalid appsecret, view more at http:\/\/t.cn\/RAEkdVq hint: [a_2_EA0175e514]"}
2017-07-05 09:29:37
getAccessToken={"errcode":40125,"errmsg":"invalid appsecret, view more at http:\/\/t.cn\/RAEkdVq hint: [p5lztA0176e578]"}
2017-07-05 09:29:38
getAccessToken={"errcode":40125,"errmsg":"invalid appsecret, view more at http:\/\/t.cn\/RAEkdVq hint: [KhSrFA0177e544]"}
2017-07-05 09:29:39
getAccessToken={"errcode":40125,"errmsg":"invalid appsecret, view more at http:\/\/t.cn\/RAEkdVq hint: [0177e544]"}
2017-07-05 09:31:44
getAccessToken={"errcode":40125,"errmsg":"invalid appsecret, view more at http:\/\/t.cn\/RAEkdVq hint: [E_KIla0302e514]"}
2017-07-05 09:31:45
getAccessToken={"errcode":40125,"errmsg":"invalid appsecret, view more at http:\/\/t.cn\/RAEkdVq hint: [EHHOlA0303e544]"}
2017-07-05 09:31:46
getAccessToken={"errcode":40125,"errmsg":"invalid appsecret, view more at http:\/\/t.cn\/RAEkdVq hint: [E_fLHa0304e578]"}
2017-07-05 09:31:47
getAccessToken={"errcode":40125,"errmsg":"invalid appsecret, view more at http:\/\/t.cn\/RAEkdVq hint: [tmF0305e578]"}
2017-07-05 09:34:24
getAccessToken={"errcode":40125,"errmsg":"invalid appsecret, view more at http:\/\/t.cn\/RAEkdVq hint: [XEqnna0462e544]"}
2017-07-05 09:34:25
getAccessToken={"errcode":40125,"errmsg":"invalid appsecret, view more at http:\/\/t.cn\/RAEkdVq hint: [nGl8uA0464e544]"}
2017-07-05 09:34:26
getAccessToken={"errcode":40125,"errmsg":"invalid appsecret, view more at http:\/\/t.cn\/RAEkdVq hint: [DdQ0_0465e578]"}
2017-07-05 09:34:27
getAccessToken={"errcode":40125,"errmsg":"invalid appsecret, view more at http:\/\/t.cn\/RAEkdVq hint: [t0466e575]"}
2017-07-05 09:34:33
getAccessToken={"errcode":40125,"errmsg":"invalid appsecret, view more at http:\/\/t.cn\/RAEkdVq hint: [VFr6Ha0472e544]"}
2017-07-05 09:34:34
getAccessToken={"errcode":40125,"errmsg":"invalid appsecret, view more at http:\/\/t.cn\/RAEkdVq hint: [UEUKGa0473e578]"}
2017-07-05 09:36:28
getAccessToken={"errcode":40125,"errmsg":"invalid appsecret, view more at http:\/\/t.cn\/RAEkdVq hint: [ADX3NA0586e514]"}
2017-07-05 09:36:29
getAccessToken={"errcode":40125,"errmsg":"invalid appsecret, view more at http:\/\/t.cn\/RAEkdVq hint: [sUf0588e544]"}
2017-07-05 09:36:30
getAccessToken={"errcode":40125,"errmsg":"invalid appsecret, view more at http:\/\/t.cn\/RAEkdVq hint: [ohrQhA0589e578]"}
2017-07-05 09:36:31
getAccessToken={"errcode":40125,"errmsg":"invalid appsecret, view more at http:\/\/t.cn\/RAEkdVq hint: [g7DsZa0589e544]"}
2017-07-05 09:36:44
getAccessToken={"errcode":40125,"errmsg":"invalid appsecret, view more at http:\/\/t.cn\/RAEkdVq hint: [61oaba0603e544]"}
2017-07-05 09:36:45
getAccessToken={"errcode":40125,"errmsg":"invalid appsecret, view more at http:\/\/t.cn\/RAEkdVq hint: [zvGVya0604e575]"}
2017-07-05 09:36:47
getAccessToken={"errcode":40125,"errmsg":"invalid appsecret, view more at http:\/\/t.cn\/RAEkdVq hint: [msAl_0605e575]"}
2017-07-05 09:36:48
getAccessToken={"errcode":40125,"errmsg":"invalid appsecret, view more at http:\/\/t.cn\/RAEkdVq hint: [GmHdGa0606e544]"}
2017-07-05 09:36:51
getAccessToken={"errcode":40125,"errmsg":"invalid appsecret, view more at http:\/\/t.cn\/RAEkdVq hint: [f70610e544]"}
2017-07-05 09:36:52
getAccessToken={"errcode":40125,"errmsg":"invalid appsecret, view more at http:\/\/t.cn\/RAEkdVq hint: [4hUqQa0611e544]"}
2017-07-05 09:36:53
getAccessToken={"errcode":40125,"errmsg":"invalid appsecret, view more at http:\/\/t.cn\/RAEkdVq hint: [ZdyA_0611e544]"}
2017-07-05 09:36:54
getAccessToken={"errcode":40125,"errmsg":"invalid appsecret, view more at http:\/\/t.cn\/RAEkdVq hint: [jj7zfa0613e514]"}
2017-07-05 09:38:54
getAccessToken={"errcode":40125,"errmsg":"invalid appsecret, view more at http:\/\/t.cn\/RAEkdVq hint: [0A0ZpA0732e578]"}
2017-07-05 09:38:55
getAccessToken={"errcode":40125,"errmsg":"invalid appsecret, view more at http:\/\/t.cn\/RAEkdVq hint: [bDTOza0734e514]"}
2017-07-05 09:38:56
getAccessToken={"errcode":40125,"errmsg":"invalid appsecret, view more at http:\/\/t.cn\/RAEkdVq hint: [TYrtua0735e514]"}
2017-07-05 09:38:58
getAccessToken={"errcode":40125,"errmsg":"invalid appsecret, view more at http:\/\/t.cn\/RAEkdVq hint: [5aQEWa0736e544]"}
2017-07-05 09:39:18
getAccessToken={"errcode":40125,"errmsg":"invalid appsecret, view more at http:\/\/t.cn\/RAEkdVq hint: [55WebA0756e578]"}
2017-07-05 09:39:20
getAccessToken={"errcode":40125,"errmsg":"invalid appsecret, view more at http:\/\/t.cn\/RAEkdVq hint: [numwra0758e544]"}
2017-07-05 09:39:21
getAccessToken={"errcode":40125,"errmsg":"invalid appsecret, view more at http:\/\/t.cn\/RAEkdVq hint: [o40jEA0759e578]"}
2017-07-05 09:39:22
getAccessToken={"errcode":40125,"errmsg":"invalid appsecret, view more at http:\/\/t.cn\/RAEkdVq hint: [iHN7gA0760e578]"}
2017-07-05 09:39:46
getAccessToken={"errcode":40125,"errmsg":"invalid appsecret, view more at http:\/\/t.cn\/RAEkdVq hint: [dF7Nya0785e578]"}
2017-07-05 09:39:48
getAccessToken={"errcode":40125,"errmsg":"invalid appsecret, view more at http:\/\/t.cn\/RAEkdVq hint: [kBZtFa0787e514]"}
2017-07-05 09:39:49
getAccessToken={"errcode":40125,"errmsg":"invalid appsecret, view more at http:\/\/t.cn\/RAEkdVq hint: [EpYekA0788e544]"}
2017-07-05 09:39:50
getAccessToken={"errcode":40125,"errmsg":"invalid appsecret, view more at http:\/\/t.cn\/RAEkdVq hint: [ywoSjA0789e544]"}
2017-07-05 09:40:17
getAccessToken={"errcode":40125,"errmsg":"invalid appsecret, view more at http:\/\/t.cn\/RAEkdVq hint: [NCpIqa0816e544]"}
2017-07-05 09:40:19
getAccessToken={"errcode":40125,"errmsg":"invalid appsecret, view more at http:\/\/t.cn\/RAEkdVq hint: [TEVGXa0817e514]"}
2017-07-05 09:40:20
getAccessToken={"errcode":40125,"errmsg":"invalid appsecret, view more at http:\/\/t.cn\/RAEkdVq hint: [iRDUYa0818e514]"}
2017-07-05 09:40:21
getAccessToken={"errcode":40125,"errmsg":"invalid appsecret, view more at http:\/\/t.cn\/RAEkdVq hint: [aGhGvA0819e544]"}
2017-07-10 09:49:05
getAccessToken={"errcode":40125,"errmsg":"invalid appsecret, view more at http:\/\/t.cn\/RAEkdVq hint: [WBCfgA0341e575]"}
2017-07-10 09:49:08
getAccessToken={"errcode":40125,"errmsg":"invalid appsecret, view more at http:\/\/t.cn\/RAEkdVq hint: [rTMVoA0343e575]"}
2017-07-10 09:49:10
getAccessToken={"errcode":40125,"errmsg":"invalid appsecret, view more at http:\/\/t.cn\/RAEkdVq hint: [.FPEba0346e578]"}
2017-07-10 09:49:12
getAccessToken={"errcode":40125,"errmsg":"invalid appsecret, view more at http:\/\/t.cn\/RAEkdVq hint: [2cogOa0348e514]"}
2017-07-10 09:49:14
getAccessToken={"errcode":40125,"errmsg":"invalid appsecret, view more at http:\/\/t.cn\/RAEkdVq hint: [H9yhwA0350e575]"}
2017-07-10 09:49:20
getAccessToken={"errcode":40125,"errmsg":"invalid appsecret, view more at http:\/\/t.cn\/RAEkdVq hint: [16m7Sa0355e578]"}
2017-07-10 09:49:21
getAccessToken={"errcode":40125,"errmsg":"invalid appsecret, view more at http:\/\/t.cn\/RAEkdVq hint: [4.tYva0356e514]"}
2017-07-10 09:49:22
getAccessToken={"errcode":40125,"errmsg":"invalid appsecret, view more at http:\/\/t.cn\/RAEkdVq hint: [cZe7vA0358e514]"}
2017-07-10 09:49:23
getAccessToken={"errcode":40125,"errmsg":"invalid appsecret, view more at http:\/\/t.cn\/RAEkdVq hint: [CGWu7a0359e544]"}
2017-07-10 09:49:27
getAccessToken={"errcode":40125,"errmsg":"invalid appsecret, view more at http:\/\/t.cn\/RAEkdVq hint: [pgaRkA0363e544]"}
2017-07-10 09:49:30
getAccessToken={"errcode":40125,"errmsg":"invalid appsecret, view more at http:\/\/t.cn\/RAEkdVq hint: [Dv6p8a0365e578]"}
2017-07-10 09:49:32
getAccessToken={"errcode":40125,"errmsg":"invalid appsecret, view more at http:\/\/t.cn\/RAEkdVq hint: [sVjhqA0367e575]"}
2017-07-10 09:49:33
getAccessToken={"errcode":40125,"errmsg":"invalid appsecret, view more at http:\/\/t.cn\/RAEkdVq hint: [SrpkbA0368e514]"}
2017-07-11 11:32:58
getAccessToken={"errcode":40125,"errmsg":"invalid appsecret, view more at http:\/\/t.cn\/RAEkdVq hint: [7beRQA0972e544]"}
2017-07-11 11:32:58
getAccessToken={"errcode":40125,"errmsg":"invalid appsecret, view more at http:\/\/t.cn\/RAEkdVq hint: [16ecLa0973e514]"}
2017-07-11 11:33:01
getAccessToken={"errcode":40125,"errmsg":"invalid appsecret, view more at http:\/\/t.cn\/RAEkdVq hint: [kmZRQa0976e514]"}
2017-07-11 11:33:02
getAccessToken={"errcode":40125,"errmsg":"invalid appsecret, view more at http:\/\/t.cn\/RAEkdVq hint: [LRc0aa0976e578]"}
2017-07-13 16:11:27
getAccessToken={"errcode":40125,"errmsg":"invalid appsecret, view more at http:\/\/t.cn\/RAEkdVq hint: [xjsDFA0481e514]"}
2017-07-13 16:11:28
getAccessToken={"errcode":40125,"errmsg":"invalid appsecret, view more at http:\/\/t.cn\/RAEkdVq hint: [bWC6Ta0482e544]"}
2017-07-13 16:11:30
getAccessToken={"errcode":40125,"errmsg":"invalid appsecret, view more at http:\/\/t.cn\/RAEkdVq hint: [0hxuMa0483e575]"}
2017-07-13 16:11:31
getAccessToken={"errcode":40125,"errmsg":"invalid appsecret, view more at http:\/\/t.cn\/RAEkdVq hint: [mmsPoA0484e578]"}
2017-07-13 16:11:33
getAccessToken={"errcode":40125,"errmsg":"invalid appsecret, view more at http:\/\/t.cn\/RAEkdVq hint: [RvGpmA0486e544]"}
2017-07-13 16:11:34
getAccessToken={"errcode":40125,"errmsg":"invalid appsecret, view more at http:\/\/t.cn\/RAEkdVq hint: [ybMcvA0487e544]"}
2017-07-13 16:11:34
getAccessToken={"errcode":40125,"errmsg":"invalid appsecret, view more at http:\/\/t.cn\/RAEkdVq hint: [FwbAea0488e578]"}
2017-07-13 16:11:47
getAccessToken={"errcode":40125,"errmsg":"invalid appsecret, view more at http:\/\/t.cn\/RAEkdVq hint: [SRgS4a0500e578]"}
2017-07-13 16:11:48
getAccessToken={"errcode":40125,"errmsg":"invalid appsecret, view more at http:\/\/t.cn\/RAEkdVq hint: [H70501e514]"}
2017-07-13 16:11:49
getAccessToken={"errcode":40125,"errmsg":"invalid appsecret, view more at http:\/\/t.cn\/RAEkdVq hint: [sWgHea0502e544]"}
2017-07-13 16:11:49
getAccessToken={"errcode":40125,"errmsg":"invalid appsecret, view more at http:\/\/t.cn\/RAEkdVq hint: [TN0503e544]"}
2017-07-13 16:11:50
getAccessToken={"errcode":40125,"errmsg":"invalid appsecret, view more at http:\/\/t.cn\/RAEkdVq hint: [wvJYLa0504e575]"}
2017-07-13 16:12:02
getAccessToken={"errcode":40125,"errmsg":"invalid appsecret, view more at http:\/\/t.cn\/RAEkdVq hint: [YwiEiA0516e514]"}
2017-07-13 16:12:03
getAccessToken={"errcode":40125,"errmsg":"invalid appsecret, view more at http:\/\/t.cn\/RAEkdVq hint: [Tz3h80517e514]"}
2017-07-13 16:12:04
getAccessToken={"errcode":40125,"errmsg":"invalid appsecret, view more at http:\/\/t.cn\/RAEkdVq hint: [Pt9ACA0518e514]"}
2017-07-13 16:12:05
getAccessToken={"errcode":40125,"errmsg":"invalid appsecret, view more at http:\/\/t.cn\/RAEkdVq hint: [WybLfA0519e544]"}
2017-07-13 16:12:11
getAccessToken={"errcode":40125,"errmsg":"invalid appsecret, view more at http:\/\/t.cn\/RAEkdVq hint: [9KravA0525e578]"}
2017-07-13 16:12:13
getAccessToken={"errcode":40125,"errmsg":"invalid appsecret, view more at http:\/\/t.cn\/RAEkdVq hint: [wHt930526e514]"}
2017-07-13 16:12:13
getAccessToken={"errcode":40125,"errmsg":"invalid appsecret, view more at http:\/\/t.cn\/RAEkdVq hint: [rOJXsa0527e544]"}
2017-07-13 16:12:15
getAccessToken={"errcode":40125,"errmsg":"invalid appsecret, view more at http:\/\/t.cn\/RAEkdVq hint: [XlF8DA0528e575]"}
2017-07-13 16:12:16
getAccessToken={"errcode":40125,"errmsg":"invalid appsecret, view more at http:\/\/t.cn\/RAEkdVq hint: [uwVyIA0529e575]"}
2017-07-13 16:12:20
getAccessToken={"errcode":40125,"errmsg":"invalid appsecret, view more at http:\/\/t.cn\/RAEkdVq hint: [0533e578]"}
2017-07-13 16:12:22
getAccessToken={"errcode":40125,"errmsg":"invalid appsecret, view more at http:\/\/t.cn\/RAEkdVq hint: [xUTXMA0535e544]"}
2017-07-13 16:12:23
getAccessToken={"errcode":40125,"errmsg":"invalid appsecret, view more at http:\/\/t.cn\/RAEkdVq hint: [1Q88Aa0536e514]"}
2017-07-13 16:12:24
getAccessToken={"errcode":40125,"errmsg":"invalid appsecret, view more at http:\/\/t.cn\/RAEkdVq hint: [d2EqKa0537e575]"}
2017-07-13 16:12:25
getAccessToken={"errcode":40125,"errmsg":"invalid appsecret, view more at http:\/\/t.cn\/RAEkdVq hint: [lho4ca0538e544]"}
2017-07-13 16:13:08
getAccessToken={"errcode":40125,"errmsg":"invalid appsecret, view more at http:\/\/t.cn\/RAEkdVq hint: [SD.D30581e514]"}
2017-07-13 16:13:10
getAccessToken={"errcode":40125,"errmsg":"invalid appsecret, view more at http:\/\/t.cn\/RAEkdVq hint: [vU6ZJA0583e578]"}
2017-07-13 16:13:11
getAccessToken={"errcode":40125,"errmsg":"invalid appsecret, view more at http:\/\/t.cn\/RAEkdVq hint: [RyjGra0584e578]"}
2017-07-13 16:13:12
getAccessToken={"errcode":40125,"errmsg":"invalid appsecret, view more at http:\/\/t.cn\/RAEkdVq hint: [c0585e578]"}
2017-07-13 16:13:18
getAccessToken={"errcode":40125,"errmsg":"invalid appsecret, view more at http:\/\/t.cn\/RAEkdVq hint: [g1LBOa0591e575]"}
2017-07-13 16:13:19
getAccessToken={"errcode":40125,"errmsg":"invalid appsecret, view more at http:\/\/t.cn\/RAEkdVq hint: [R1NFdA0592e514]"}
2017-07-13 16:13:20
getAccessToken={"errcode":40125,"errmsg":"invalid appsecret, view more at http:\/\/t.cn\/RAEkdVq hint: [uVDlvA0593e514]"}
2017-07-13 16:13:22
getAccessToken={"errcode":40125,"errmsg":"invalid appsecret, view more at http:\/\/t.cn\/RAEkdVq hint: [vdrFQa0595e544]"}
2017-07-13 16:13:23
getAccessToken={"errcode":40125,"errmsg":"invalid appsecret, view more at http:\/\/t.cn\/RAEkdVq hint: [ejlIaa0596e578]"}
2017-07-13 16:13:24
getAccessToken={"errcode":40125,"errmsg":"invalid appsecret, view more at http:\/\/t.cn\/RAEkdVq hint: [NUucQa0597e578]"}
2017-07-13 16:13:25
getAccessToken={"errcode":40125,"errmsg":"invalid appsecret, view more at http:\/\/t.cn\/RAEkdVq hint: [q6WzBa0598e544]"}
2017-07-13 16:13:25
getAccessToken={"errcode":40125,"errmsg":"invalid appsecret, view more at http:\/\/t.cn\/RAEkdVq hint: [uG9YnA0599e575]"}
2017-07-13 16:13:32
getAccessToken={"errcode":40125,"errmsg":"invalid appsecret, view more at http:\/\/t.cn\/RAEkdVq hint: [vc.lda0605e544]"}
2017-07-13 16:13:33
getAccessToken={"errcode":40125,"errmsg":"invalid appsecret, view more at http:\/\/t.cn\/RAEkdVq hint: [9m9TSA0607e514]"}
2017-07-13 16:13:34
getAccessToken={"errcode":40125,"errmsg":"invalid appsecret, view more at http:\/\/t.cn\/RAEkdVq hint: [rRc8Ka0607e575]"}
2017-07-13 16:13:35
getAccessToken={"errcode":40125,"errmsg":"invalid appsecret, view more at http:\/\/t.cn\/RAEkdVq hint: [xjobbA0608e575]"}
2017-07-13 16:13:37
getAccessToken={"errcode":40125,"errmsg":"invalid appsecret, view more at http:\/\/t.cn\/RAEkdVq hint: [0fV17a0611e514]"}
2017-07-13 16:13:39
getAccessToken={"errcode":40125,"errmsg":"invalid appsecret, view more at http:\/\/t.cn\/RAEkdVq hint: [9Rw0mA0612e578]"}
2017-07-13 16:13:41
getAccessToken={"errcode":40125,"errmsg":"invalid appsecret, view more at http:\/\/t.cn\/RAEkdVq hint: [H03r7a0614e544]"}
2017-07-13 16:13:43
getAccessToken={"errcode":40125,"errmsg":"invalid appsecret, view more at http:\/\/t.cn\/RAEkdVq hint: [3Qn_VA0616e514]"}
2017-07-13 16:13:45
getAccessToken={"errcode":40125,"errmsg":"invalid appsecret, view more at http:\/\/t.cn\/RAEkdVq hint: [7ZgLJa0618e578]"}
2017-07-13 16:13:50
getAccessToken={"errcode":40125,"errmsg":"invalid appsecret, view more at http:\/\/t.cn\/RAEkdVq hint: [FJZZxa0623e578]"}
2017-07-13 16:13:51
getAccessToken={"errcode":40125,"errmsg":"invalid appsecret, view more at http:\/\/t.cn\/RAEkdVq hint: [gwFOsa0624e578]"}
2017-07-13 16:13:52
getAccessToken={"errcode":40125,"errmsg":"invalid appsecret, view more at http:\/\/t.cn\/RAEkdVq hint: [OibNbA0626e578]"}
2017-07-13 16:13:53
getAccessToken={"errcode":40125,"errmsg":"invalid appsecret, view more at http:\/\/t.cn\/RAEkdVq hint: [P0Zyya0627e578]"}
2017-07-13 16:13:54
getAccessToken={"errcode":40125,"errmsg":"invalid appsecret, view more at http:\/\/t.cn\/RAEkdVq hint: [1tfXka0628e544]"}
2017-07-13 16:13:55
getAccessToken={"errcode":40125,"errmsg":"invalid appsecret, view more at http:\/\/t.cn\/RAEkdVq hint: [EA1AlA0628e544]"}
2017-07-17 09:03:03
getAccessToken={"errcode":40125,"errmsg":"invalid appsecret, view more at http:\/\/t.cn\/RAEkdVq hint: [i6NlbA0374e544]"}
2017-07-17 09:03:03
getAccessToken={"errcode":40125,"errmsg":"invalid appsecret, view more at http:\/\/t.cn\/RAEkdVq hint: [M07Z7a0374e575]"}
2017-07-24 13:18:20
getAccessToken={"errcode":40125,"errmsg":"invalid appsecret, view more at http:\/\/t.cn\/RAEkdVq hint: [GCTWVa0501e544]"}
2017-07-24 13:18:20
getAccessToken={"errcode":40125,"errmsg":"invalid appsecret, view more at http:\/\/t.cn\/RAEkdVq hint: [JMU0wa0502nfo1]"}
