2017-07-05 09:09:26
getJsApiTicket={"errcode":41001,"errmsg":"access_token missing hint: [khrR30964vr64!]"}
2017-07-05 09:09:27
getJsApiTicket={"errcode":41001,"errmsg":"access_token missing hint: [vQA_FA0965vr53!]"}
2017-07-05 09:09:31
getJsApiTicket={"errcode":41001,"errmsg":"access_token missing hint: [INRsOA0970vr60!]"}
2017-07-05 09:09:33
getJsApiTicket={"errcode":41001,"errmsg":"access_token missing hint: [Iui350971vr53!]"}
2017-07-05 09:09:38
getJsApiTicket={"errcode":41001,"errmsg":"access_token missing hint: [iTuakA0976vr67!]"}
2017-07-05 09:09:39
getJsApiTicket={"errcode":41001,"errmsg":"access_token missing hint: [iIi0xa0977vr48!]"}
2017-07-05 09:09:43
getJsApiTicket={"errcode":41001,"errmsg":"access_token missing hint: [QEJB7a0982vr52!]"}
2017-07-05 09:09:47
getJsApiTicket={"errcode":41001,"errmsg":"access_token missing hint: [aUCl7a0985vr65!]"}
2017-07-05 09:23:27
getJsApiTicket={"errcode":41001,"errmsg":"access_token missing hint: [xT07QA0805vr66!]"}
2017-07-05 09:23:29
getJsApiTicket={"errcode":41001,"errmsg":"access_token missing hint: [D9D2RA0807vr65!]"}
2017-07-05 09:23:30
getJsApiTicket={"errcode":41001,"errmsg":"access_token missing hint: [fypUPa0809vr67!]"}
2017-07-05 09:23:31
getJsApiTicket={"errcode":41001,"errmsg":"access_token missing hint: [QYJitA0809vr31!]"}
2017-07-05 09:23:32
getJsApiTicket={"errcode":41001,"errmsg":"access_token missing hint: [Y0811vr60!]"}
2017-07-05 09:23:34
getJsApiTicket={"errcode":41001,"errmsg":"access_token missing hint: [Rta8ua0812vr52!]"}
2017-07-05 09:23:35
getJsApiTicket={"errcode":41001,"errmsg":"access_token missing hint: [RdVmmA0814vr31!]"}
2017-07-05 09:29:34
getJsApiTicket={"errcode":41001,"errmsg":"access_token missing hint: [oB9oVA0172vr50!]"}
2017-07-05 09:29:35
getJsApiTicket={"errcode":41001,"errmsg":"access_token missing hint: [O2BZta0173vr43!]"}
2017-07-05 09:29:37
getJsApiTicket={"errcode":41001,"errmsg":"access_token missing hint: [N1RyBA0175vr57!]"}
2017-07-05 09:29:37
getJsApiTicket={"errcode":41001,"errmsg":"access_token missing hint: [CkBnra0176vr67!]"}
2017-07-05 09:29:38
getJsApiTicket={"errcode":41001,"errmsg":"access_token missing hint: [cKfJNA0177vr50!]"}
2017-07-05 09:29:39
getJsApiTicket={"errcode":41001,"errmsg":"access_token missing hint: [Au0Y_a0178vr61!]"}
2017-07-05 09:31:44
getJsApiTicket={"errcode":41001,"errmsg":"access_token missing hint: [d0302vr43!]"}
2017-07-05 09:31:45
getJsApiTicket={"errcode":41001,"errmsg":"access_token missing hint: [0NhGwa0303vr57!]"}
2017-07-05 09:31:46
getJsApiTicket={"errcode":41001,"errmsg":"access_token missing hint: [D6bvXa0304vr51!]"}
2017-07-05 09:31:47
getJsApiTicket={"errcode":41001,"errmsg":"access_token missing hint: [5d7SpA0305vr69!]"}
2017-07-05 09:34:24
getJsApiTicket={"errcode":41001,"errmsg":"access_token missing hint: [udvn0a0462vr61!]"}
2017-07-05 09:34:25
getJsApiTicket={"errcode":41001,"errmsg":"access_token missing hint: [uHlXEA0464vr58!]"}
2017-07-05 09:34:26
getJsApiTicket={"errcode":41001,"errmsg":"access_token missing hint: [b4cAsa0465vr58!]"}
2017-07-05 09:34:28
getJsApiTicket={"errcode":41001,"errmsg":"access_token missing hint: [63Orea0466vr54!]"}
2017-07-05 09:34:33
getJsApiTicket={"errcode":41001,"errmsg":"access_token missing hint: [c0472vr63!]"}
2017-07-05 09:34:34
getJsApiTicket={"errcode":41001,"errmsg":"access_token missing hint: [Jgk6ua0473vr52!]"}
2017-07-05 09:36:28
getJsApiTicket={"errcode":41001,"errmsg":"access_token missing hint: [wkSQja0587vr56!]"}
2017-07-05 09:36:29
getJsApiTicket={"errcode":41001,"errmsg":"access_token missing hint: [qDhEra0588vr67!]"}
2017-07-05 09:36:30
getJsApiTicket={"errcode":41001,"errmsg":"access_token missing hint: [ji9fbA0589vr30!]"}
2017-07-05 09:36:31
getJsApiTicket={"errcode":41001,"errmsg":"access_token missing hint: [FSuMIa0590vr47!]"}
2017-07-05 09:36:45
getJsApiTicket={"errcode":41001,"errmsg":"access_token missing hint: [mRDiDa0603vr53!]"}
2017-07-05 09:36:46
getJsApiTicket={"errcode":41001,"errmsg":"access_token missing hint: [w.9qeA0604vr52!]"}
2017-07-05 09:36:47
getJsApiTicket={"errcode":41001,"errmsg":"access_token missing hint: [orl2Xa0605vr65!]"}
2017-07-05 09:36:48
getJsApiTicket={"errcode":41001,"errmsg":"access_token missing hint: [p.iz.a0606vr43!]"}
2017-07-05 09:36:51
getJsApiTicket={"errcode":41001,"errmsg":"access_token missing hint: [PKHurA0610vr69!]"}
2017-07-05 09:36:52
getJsApiTicket={"errcode":41001,"errmsg":"access_token missing hint: [FDT4GA0611vr48!]"}
2017-07-05 09:36:53
getJsApiTicket={"errcode":41001,"errmsg":"access_token missing hint: [yAKCmA0612vr64!]"}
2017-07-05 09:36:54
getJsApiTicket={"errcode":41001,"errmsg":"access_token missing hint: [5UYhPA0613vr56!]"}
2017-07-05 09:38:54
getJsApiTicket={"errcode":41001,"errmsg":"access_token missing hint: [qkFaIa0732vr52!]"}
2017-07-05 09:38:56
getJsApiTicket={"errcode":41001,"errmsg":"access_token missing hint: [mYvUqa0734vr58!]"}
2017-07-05 09:38:57
getJsApiTicket={"errcode":41001,"errmsg":"access_token missing hint: [KI47pA0735vr45!]"}
2017-07-05 09:38:58
getJsApiTicket={"errcode":41001,"errmsg":"access_token missing hint: [yIbXRA0736vr47!]"}
2017-07-05 09:39:18
getJsApiTicket={"errcode":41001,"errmsg":"access_token missing hint: [EUq4VA0756vr43!]"}
2017-07-05 09:39:20
getJsApiTicket={"errcode":41001,"errmsg":"access_token missing hint: [6HviEa0758vr29!]"}
2017-07-05 09:39:21
getJsApiTicket={"errcode":41001,"errmsg":"access_token missing hint: [.ImxRa0759vr58!]"}
2017-07-05 09:39:22
getJsApiTicket={"errcode":41001,"errmsg":"access_token missing hint: [6eZQVa0760vr49!]"}
2017-07-05 09:39:47
getJsApiTicket={"errcode":41001,"errmsg":"access_token missing hint: [NW4bpA0785vr52!]"}
2017-07-05 09:39:48
getJsApiTicket={"errcode":41001,"errmsg":"access_token missing hint: [OCwYNa0787vr61!]"}
2017-07-05 09:39:49
getJsApiTicket={"errcode":41001,"errmsg":"access_token missing hint: [SCw3iA0788vr67!]"}
2017-07-05 09:39:51
getJsApiTicket={"errcode":41001,"errmsg":"access_token missing hint: [EV58Ba0789vr60!]"}
2017-07-05 09:40:17
getJsApiTicket={"errcode":41001,"errmsg":"access_token missing hint: [Nm9rIA0816vr60!]"}
2017-07-05 09:40:19
getJsApiTicket={"errcode":41001,"errmsg":"access_token missing hint: [2AXmJA0817vr51!]"}
2017-07-05 09:40:20
getJsApiTicket={"errcode":41001,"errmsg":"access_token missing hint: [SQz0OA0818vr60!]"}
2017-07-05 09:40:21
getJsApiTicket={"errcode":41001,"errmsg":"access_token missing hint: [ctB6ka0819vr49!]"}
2017-07-10 09:49:06
getJsApiTicket={"errcode":41001,"errmsg":"access_token missing hint: [zNp4lA0341vr30!]"}
2017-07-10 09:49:08
getJsApiTicket={"errcode":41001,"errmsg":"access_token missing hint: [RR6JgA0343vr68!]"}
2017-07-10 09:49:11
getJsApiTicket={"errcode":41001,"errmsg":"access_token missing hint: [T_V1Ka0346vr50!]"}
2017-07-10 09:49:12
getJsApiTicket={"errcode":41001,"errmsg":"access_token missing hint: [lu_1SA0348vr65!]"}
2017-07-10 09:49:14
getJsApiTicket={"errcode":41001,"errmsg":"access_token missing hint: [FZGGuA0350vr51!]"}
2017-07-10 09:49:20
getJsApiTicket={"errcode":41001,"errmsg":"access_token missing hint: [IHwLUa0355vr60!]"}
2017-07-10 09:49:21
getJsApiTicket={"errcode":41001,"errmsg":"access_token missing hint: [MLtB0356vr29!]"}
2017-07-10 09:49:22
getJsApiTicket={"errcode":41001,"errmsg":"access_token missing hint: [C7NvpA0358vr62!]"}
2017-07-10 09:49:24
getJsApiTicket={"errcode":41001,"errmsg":"access_token missing hint: [ELgxea0359vr55!]"}
2017-07-10 09:49:27
getJsApiTicket={"errcode":41001,"errmsg":"access_token missing hint: [WuyQ70363vr54!]"}
2017-07-10 09:49:30
getJsApiTicket={"errcode":41001,"errmsg":"access_token missing hint: [0365vr55!]"}
2017-07-10 09:49:32
getJsApiTicket={"errcode":41001,"errmsg":"access_token missing hint: [8KuOsA0367vr69!]"}
2017-07-10 09:49:33
getJsApiTicket={"errcode":41001,"errmsg":"access_token missing hint: [7ndgMa0369vr53!]"}
2017-07-11 11:32:58
getJsApiTicket={"errcode":41001,"errmsg":"access_token missing hint: [q8_pJa0972vr67!]"}
2017-07-11 11:32:59
getJsApiTicket={"errcode":41001,"errmsg":"access_token missing hint: [SmolAa0973vr68!]"}
2017-07-11 11:33:01
getJsApiTicket={"errcode":41001,"errmsg":"access_token missing hint: [XpRX7a0976vr52!]"}
2017-07-11 11:33:02
getJsApiTicket={"errcode":41001,"errmsg":"access_token missing hint: [t121SA0976vr69!]"}
2017-07-13 16:11:27
getJsApiTicket={"errcode":41001,"errmsg":"access_token missing hint: [1MF3va0481vr63!]"}
2017-07-13 16:11:28
getJsApiTicket={"errcode":41001,"errmsg":"access_token missing hint: [hKI1eA0482vr52!]"}
2017-07-13 16:11:30
getJsApiTicket={"errcode":41001,"errmsg":"access_token missing hint: [MoBQaA0483vr51!]"}
2017-07-13 16:11:31
getJsApiTicket={"errcode":41001,"errmsg":"access_token missing hint: [zarIHa0484vr50!]"}
2017-07-13 16:11:33
getJsApiTicket={"errcode":41001,"errmsg":"access_token missing hint: [l.TnWa0486vr65!]"}
2017-07-13 16:11:34
getJsApiTicket={"errcode":41001,"errmsg":"access_token missing hint: [chP0da0487vr30!]"}
2017-07-13 16:11:34
getJsApiTicket={"errcode":41001,"errmsg":"access_token missing hint: [5vkS9a0488vr49!]"}
2017-07-13 16:11:47
getJsApiTicket={"errcode":41001,"errmsg":"access_token missing hint: [EOstMa0500vr69!]"}
2017-07-13 16:11:48
getJsApiTicket={"errcode":41001,"errmsg":"access_token missing hint: [Dv.Jma0501vr29!]"}
2017-07-13 16:11:49
getJsApiTicket={"errcode":41001,"errmsg":"access_token missing hint: [02zUnA0502vr67!]"}
2017-07-13 16:11:50
getJsApiTicket={"errcode":41001,"errmsg":"access_token missing hint: [U9Z0503vr32!]"}
2017-07-13 16:11:50
getJsApiTicket={"errcode":41001,"errmsg":"access_token missing hint: [uOVHya0504vr67!]"}
2017-07-13 16:12:02
getJsApiTicket={"errcode":41001,"errmsg":"access_token missing hint: [Hm9sia0516vr47!]"}
2017-07-13 16:12:03
getJsApiTicket={"errcode":41001,"errmsg":"access_token missing hint: [ONAgtA0517vr45!]"}
2017-07-13 16:12:04
getJsApiTicket={"errcode":41001,"errmsg":"access_token missing hint: [tBNOpa0518vr57!]"}
2017-07-13 16:12:05
getJsApiTicket={"errcode":41001,"errmsg":"access_token missing hint: [hEsU9a0519vr61!]"}
2017-07-13 16:12:12
getJsApiTicket={"errcode":41001,"errmsg":"access_token missing hint: [ocZkea0525vr55!]"}
2017-07-13 16:12:13
getJsApiTicket={"errcode":41001,"errmsg":"access_token missing hint: [dSngUa0526vr30!]"}
2017-07-13 16:12:14
getJsApiTicket={"errcode":41001,"errmsg":"access_token missing hint: [uDrzta0527vr55!]"}
2017-07-13 16:12:15
getJsApiTicket={"errcode":41001,"errmsg":"access_token missing hint: [Ue1TIA0528vr54!]"}
2017-07-13 16:12:16
getJsApiTicket={"errcode":41001,"errmsg":"access_token missing hint: [Bji0529vr69!]"}
2017-07-13 16:12:20
getJsApiTicket={"errcode":41001,"errmsg":"access_token missing hint: [Xmh50a0533vr63!]"}
2017-07-13 16:12:22
getJsApiTicket={"errcode":41001,"errmsg":"access_token missing hint: [qqObRA0535vr30!]"}
2017-07-13 16:12:23
getJsApiTicket={"errcode":41001,"errmsg":"access_token missing hint: [yalnLa0536vr51!]"}
2017-07-13 16:12:24
getJsApiTicket={"errcode":41001,"errmsg":"access_token missing hint: [by1J1a0537vr58!]"}
2017-07-13 16:12:25
getJsApiTicket={"errcode":41001,"errmsg":"access_token missing hint: [cCqhPa0539vr50!]"}
2017-07-13 16:13:08
getJsApiTicket={"errcode":41001,"errmsg":"access_token missing hint: [0Ck.Ja0581vr47!]"}
2017-07-13 16:13:10
getJsApiTicket={"errcode":41001,"errmsg":"access_token missing hint: [zeIHlA0583vr64!]"}
2017-07-13 16:13:11
getJsApiTicket={"errcode":41001,"errmsg":"access_token missing hint: [D4G6.a0584vr47!]"}
2017-07-13 16:13:12
getJsApiTicket={"errcode":41001,"errmsg":"access_token missing hint: [S57itA0585vr65!]"}
2017-07-13 16:13:18
getJsApiTicket={"errcode":41001,"errmsg":"access_token missing hint: [kKdVPa0591vr60!]"}
2017-07-13 16:13:19
getJsApiTicket={"errcode":41001,"errmsg":"access_token missing hint: [RlH.ja0592vr43!]"}
2017-07-13 16:13:20
getJsApiTicket={"errcode":41001,"errmsg":"access_token missing hint: [_DBi0a0593vr54!]"}
2017-07-13 16:13:22
getJsApiTicket={"errcode":41001,"errmsg":"access_token missing hint: [kybMDa0595vr44!]"}
2017-07-13 16:13:23
getJsApiTicket={"errcode":41001,"errmsg":"access_token missing hint: [3fXn40596vr67!]"}
2017-07-13 16:13:24
getJsApiTicket={"errcode":41001,"errmsg":"access_token missing hint: [Fdzzwa0597vr44!]"}
2017-07-13 16:13:25
getJsApiTicket={"errcode":41001,"errmsg":"access_token missing hint: [E1Ni4a0598vr58!]"}
2017-07-13 16:13:25
getJsApiTicket={"errcode":41001,"errmsg":"access_token missing hint: [SF4bFA0599vr49!]"}
2017-07-13 16:13:32
getJsApiTicket={"errcode":41001,"errmsg":"access_token missing hint: [HrjvoA0605vr66!]"}
2017-07-13 16:13:33
getJsApiTicket={"errcode":41001,"errmsg":"access_token missing hint: [.5K4xa0607vr64!]"}
2017-07-13 16:13:34
getJsApiTicket={"errcode":41001,"errmsg":"access_token missing hint: [xJ2RHa0607vr44!]"}
2017-07-13 16:13:35
getJsApiTicket={"errcode":41001,"errmsg":"access_token missing hint: [nSusIA0608vr30!]"}
2017-07-13 16:13:37
getJsApiTicket={"errcode":41001,"errmsg":"access_token missing hint: [2j7scA0611vr50!]"}
2017-07-13 16:13:39
getJsApiTicket={"errcode":41001,"errmsg":"access_token missing hint: [1xy0612vr29!]"}
2017-07-13 16:13:41
getJsApiTicket={"errcode":41001,"errmsg":"access_token missing hint: [t37dQa0614vr32!]"}
2017-07-13 16:13:43
getJsApiTicket={"errcode":41001,"errmsg":"access_token missing hint: [LSOfda0617vr46!]"}
2017-07-13 16:13:45
getJsApiTicket={"errcode":41001,"errmsg":"access_token missing hint: [50618vr69!]"}
2017-07-13 16:13:50
getJsApiTicket={"errcode":41001,"errmsg":"access_token missing hint: [wiU1eA0623vr56!]"}
2017-07-13 16:13:51
getJsApiTicket={"errcode":41001,"errmsg":"access_token missing hint: [50624vr46!]"}
2017-07-13 16:13:52
getJsApiTicket={"errcode":41001,"errmsg":"access_token missing hint: [U1c1Wa0626vr44!]"}
2017-07-13 16:13:54
getJsApiTicket={"errcode":41001,"errmsg":"access_token missing hint: [Jb05SA0627vr65!]"}
2017-07-13 16:13:54
getJsApiTicket={"errcode":41001,"errmsg":"access_token missing hint: [XtWonA0628vr45!]"}
2017-07-13 16:13:55
getJsApiTicket={"errcode":41001,"errmsg":"access_token missing hint: [28uuVa0629vr68!]"}
2017-07-17 09:03:03
getJsApiTicket={"errcode":41001,"errmsg":"access_token missing hint: [ned6ea0374vr56!]"}
2017-07-17 09:03:04
getJsApiTicket={"errcode":41001,"errmsg":"access_token missing hint: [P6WH3a0375vr68!]"}
2017-07-24 13:18:20
getJsApiTicket={"errcode":41001,"errmsg":"access_token missing hint: [BH5hJA0502vr48!]"}
2017-07-24 13:18:21
getJsApiTicket={"errcode":41001,"errmsg":"access_token missing hint: [J2L3jA0502vr54!]"}
