2017-08-01 10:57:40
request_data:{"mch_id":1,"out_trade_no":"15015562601","total_fee":100,"trade_type":2,"account_type":0,"account_name":"\u4f59\u6d2a\u658c","account_no":"62178566100059970944"}
2017-08-01 10:57:40
商家名:--mch_id:1--提款金额:1
2017-08-01 10:57:40
result:"{\"status\":1000,\"msg\":\"\u4f59\u989d\u4e0d\u8db3\uff01\"}"
2017-08-03 09:46:23
request_data:{"mch_id":"37","out_trade_no":"150172478362819","total_fee":1000,"trade_type":2,"account_type":0,"account_name":"\u5f90\u6c38","account_no":"6228480329463853070"}
2017-08-03 09:46:23
商家名:沙县小吃--mch_id:37--提款金额:10
2017-08-03 09:46:23
result:"{\"status\":1000,\"msg\":\"\u4f59\u989d\u4e0d\u8db3\uff01\"}"
2017-08-03 09:46:23
提现方法返回:{"code":-1,"msg":"\u4f59\u989d\u4e0d\u8db3\uff01"}
2017-08-03 09:46:23
插入数据库的值:{"deposit_type":1,"bank_card_id":"43","money":"10","state":0,"admin_remark":"\u4f59\u989d\u4e0d\u8db3\uff01","user_id":62819,"role_type":2,"addtime":1501724783}
2017-08-03 09:46:23
返回前端json值:{"code":-1,"msg":"\u63d0\u73b0\u5931\u8d25\uff0c\u5df2\u79fb\u4ea4\u5de5\u4f5c\u4eba\u5458\u5904\u7406","from":""}
2017-08-03 10:22:42
request_data:{"mch_id":"37","out_trade_no":"150172696262819","total_fee":1000,"trade_type":2,"account_type":0,"account_name":"\u5f90\u6c38","account_no":"6228480329463853070"}
2017-08-03 10:22:42
商家名:沙县小吃--mch_id:37--提款金额:10
2017-08-03 10:22:42
result:"{\"status\":1000,\"msg\":\"\u4f59\u989d\u4e0d\u8db3\uff01\"}"
2017-08-03 10:22:42
提现方法返回:{"code":-1,"msg":"\u4f59\u989d\u4e0d\u8db3\uff01"}
2017-08-03 10:22:43
插入数据库的值:{"deposit_type":1,"bank_card_id":"43","money":"10","state":0,"admin_remark":"\u4f59\u989d\u4e0d\u8db3\uff01","user_id":"62819","role_type":2,"addtime":1501726963}
