2017-07-03 10:39:25
提现金额10
2017-07-03 10:39:25
变动前金额10.00
2017-07-03 10:39:25
-10
2017-07-03 10:39:25
sql:UPDATE `tp_business` SET `business_left_money`=0,`freeze_money`=20 WHERE ( business_id = 61 )
2017-07-03 10:41:30
提现金额10
2017-07-03 10:41:30
变动前金额10.00
2017-07-03 10:41:30
变动后金额0
2017-07-03 10:41:30
sql:UPDATE `tp_business` SET `business_left_money`=0,`freeze_money`=20 WHERE ( business_id = 61 )
2017-07-03 10:46:41
提现金额10
2017-07-03 10:46:41
变动前金额10.00
2017-07-03 10:46:41
变动后金额0
2017-07-03 10:46:41
sql:UPDATE `tp_business` SET `business_left_money`=0,`freeze_money`=30 WHERE ( business_id = 61 )
